#
# There is insufficient memory for the Java Runtime Environment to continue.
# Native memory allocation (malloc) failed to allocate 1048576 bytes for AllocateHeap
# Possible reasons:
#   The system is out of physical RAM or swap space
#   The process is running with CompressedOops enabled, and the Java Heap may be blocking the growth of the native heap
# Possible solutions:
#   Reduce memory load on the system
#   Increase physical memory or swap space
#   Check if swap backing store is full
#   Decrease Java heap size (-Xmx/-Xms)
#   Decrease number of Java threads
#   Decrease Java thread stack sizes (-Xss)
#   Set larger code cache with -XX:ReservedCodeCacheSize=
#   JVM is running with Zero Based Compressed Oops mode in which the Java heap is
#     placed in the first 32GB address space. The Java Heap base address is the
#     maximum limit for the native heap growth. Please use -XX:HeapBaseMinAddress
#     to set the Java Heap base and to place the Java Heap above 32GB virtual address.
# This output file may be truncated or incomplete.
#
#  Out of Memory Error (./open/src/hotspot/share/memory/allocation.cpp:46), pid=17424, tid=4152
#
# JRE version: Java(TM) SE Runtime Environment 18.9 (11.0.23+7) (build 11.0.23+7-LTS-222)
# Java VM: Java HotSpot(TM) 64-Bit Server VM 18.9 (11.0.23+7-LTS-222, mixed mode, tiered, compressed oops, g1 gc, windows-amd64)
# No core dump will be written. Minidumps are not enabled by default on client versions of Windows
#

---------------  S U M M A R Y ------------

Command Line: -javaagent:C:\Users\user\Desktop\course\intelij\ideaIC-2024.1.4.win\lib\idea_rt.jar=61818:C:\Users\user\Desktop\course\intelij\ideaIC-2024.1.4.win\bin -Dfile.encoding=UTF-8 com.example.jpa.BootJpaApplication

Host: 12th Gen Intel(R) Core(TM) i5-12400, 12 cores, 15G,  Windows 11 , 64 bit Build 22621 (10.0.22621.3672)
Time: Mon Aug 19 17:21:24 2024  Windows 11 , 64 bit Build 22621 (10.0.22621.3672) elapsed time: 0.513613 seconds (0d 0h 0m 0s)

---------------  T H R E A D  ---------------

Current thread (0x000001ecadded800):  VMThread "VM Thread" [stack: 0x0000000789400000,0x0000000789500000] [id=4152]

Stack: [0x0000000789400000,0x0000000789500000]
[error occurred during error reporting (printing stack bounds), id 0xc0000005, EXCEPTION_ACCESS_VIOLATION (0xc0000005) at pc=0x000001ec92560f2d]

Native frames: (J=compiled Java code, j=interpreted, Vv=VM code, C=native code)
V  [jvm.dll+0x65524a]
V  [jvm.dll+0x79646f]
V  [jvm.dll+0x797b39]
V  [jvm.dll+0x798145]
V  [jvm.dll+0x7980fb]
V  [jvm.dll+0x65475d]
V  [jvm.dll+0x654e48]
C  [ntdll.dll+0xa504f]
C  [ntdll.dll+0x1e866]
C  [ntdll.dll+0xa403e]
C  0x000001ec92560f2d

VM_Operation (0x000000078a7fc8e0): CollectForMetadataAllocation, mode: safepoint, requested by thread 0x000001ecaf68c800


---------------  P R O C E S S  ---------------

Threads class SMR info:
_java_thread_list=0x000001ecaeaf00f0, length=14, elements={
0x000001ec8ae81800, 0x000001ecae693000, 0x000001ecae69c800, 0x000001ecae703000,
0x000001ecae705000, 0x000001ecae706000, 0x000001ecae709800, 0x000001ecae70b000,
0x000001ecae71e000, 0x000001ecae670800, 0x000001ecae89f000, 0x000001ecaed49000,
0x000001ecaf18d800, 0x000001ecaf68c800
}

Java Threads: ( => current thread )
  0x000001ec8ae81800 JavaThread "main" [_thread_blocked, id=25288, stack(0x0000000788e00000,0x0000000788f00000)]
  0x000001ecae693000 JavaThread "Reference Handler" daemon [_thread_blocked, id=23008, stack(0x0000000789500000,0x0000000789600000)]
  0x000001ecae69c800 JavaThread "Finalizer" daemon [_thread_blocked, id=17224, stack(0x0000000789600000,0x0000000789700000)]
  0x000001ecae703000 JavaThread "Signal Dispatcher" daemon [_thread_blocked, id=8300, stack(0x0000000789700000,0x0000000789800000)]
  0x000001ecae705000 JavaThread "Attach Listener" daemon [_thread_blocked, id=24144, stack(0x0000000789800000,0x0000000789900000)]
  0x000001ecae706000 JavaThread "Service Thread" daemon [_thread_blocked, id=12948, stack(0x0000000789900000,0x0000000789a00000)]
  0x000001ecae709800 JavaThread "C2 CompilerThread0" daemon [_thread_blocked, id=1432, stack(0x0000000789a00000,0x0000000789b00000)]
  0x000001ecae70b000 JavaThread "C1 CompilerThread0" daemon [_thread_blocked, id=1908, stack(0x0000000789b00000,0x0000000789c00000)]
  0x000001ecae71e000 JavaThread "Sweeper thread" daemon [_thread_blocked, id=12744, stack(0x0000000789c00000,0x0000000789d00000)]
  0x000001ecae670800 JavaThread "Common-Cleaner" daemon [_thread_blocked, id=8968, stack(0x0000000789d00000,0x0000000789e00000)]
  0x000001ecae89f000 JavaThread "C2 CompilerThread1" daemon [_thread_blocked, id=3232, stack(0x0000000789e00000,0x0000000789f00000)]
  0x000001ecaed49000 JavaThread "Monitor Ctrl-Break" daemon [_thread_in_native, id=3624, stack(0x0000000789f00000,0x000000078a000000)]
  0x000001ecaf18d800 JavaThread "Thread-0" [_thread_blocked, id=23324, stack(0x000000078a600000,0x000000078a700000)]
  0x000001ecaf68c800 JavaThread "restartedMain" [_thread_blocked, id=25512, stack(0x000000078a700000,0x000000078a800000)]

Other Threads:
=>0x000001ecadded800 VMThread "VM Thread" [stack: 0x0000000789400000,0x0000000789500000] [id=4152]
  0x000001ecaed4a000 WatcherThread [stack: 0x000000078a000000,0x000000078a100000] [id=13632]
  0x000001ec8ae96800 GCTaskThread "GC Thread#0" [stack: 0x0000000788f00000,0x0000000789000000] [id=23680]
  0x000001ecaf0ef800 GCTaskThread "GC Thread#1" [stack: 0x000000078a100000,0x000000078a200000] [id=8240]
  0x000001ecaeeff000 GCTaskThread "GC Thread#2" [stack: 0x000000078a200000,0x000000078a300000] [id=5412]
  0x000001ecaf080800 GCTaskThread "GC Thread#3" [stack: 0x000000078a300000,0x000000078a400000] [id=18568]
  0x000001ecaf304800 GCTaskThread "GC Thread#4" [stack: 0x000000078a400000,0x000000078a500000] [id=15120]
  0x000001ecaedcb800 GCTaskThread "GC Thread#5" [stack: 0x000000078a500000,0x000000078a600000] [id=23296]
  0x000001ec8aef2800 ConcurrentGCThread "G1 Main Marker" [stack: 0x0000000789000000,0x0000000789100000] [id=8036]
  0x000001ec8aef5000 ConcurrentGCThread "G1 Conc#0" [stack: 0x0000000789100000,0x0000000789200000] [id=12416]
  0x000001ecaf623000 ConcurrentGCThread "G1 Conc#1" [stack: 0x000000078a800000,0x000000078a900000] [id=740]
  0x000001ecaf09c800 ConcurrentGCThread "G1 Conc#2" [stack: 0x000000078a900000,0x000000078aa00000] [id=19776]
  0x000001ecadcd0000 ConcurrentGCThread "G1 Refine#0" [stack: 0x0000000789200000,0x0000000789300000] [id=15748]
  0x000001ecadcd1000 ConcurrentGCThread "G1 Young RemSet Sampling" [stack: 0x0000000789300000,0x0000000789400000] [id=18632]

Threads with active compile tasks:

VM state:at safepoint (normal execution)

VM Mutex/Monitor currently owned by a thread:  ([mutex/lock_event])
[0x000001ec8ae7e3a0] Threads_lock - owner thread: 0x000001ecadded800
[0x000001ec8ae7e9d0] Heap_lock - owner thread: 0x000001ecaf68c800

Heap address: 0x00000004d8400000, size: 4026 MB, Compressed Oops mode: Zero based, Oop shift amount: 3
Narrow klass base: 0x0000000000000000, Narrow klass shift: 3
Compressed class space size: 1073741824 Address: 0x00000005d3e00000

Heap:
 garbage-first heap   total 258048K, used 7279K [0x00000004d8400000, 0x00000005d3e00000)
  region size 1024K, 1 young (1024K), 1 survivors (1024K)
 Metaspace       used 14025K, capacity 14306K, committed 14336K, reserved 1083392K
  class space    used 1402K, capacity 1517K, committed 1536K, reserved 1048576K
Heap Regions: E=young(eden), S=young(survivor), O=old, HS=humongous(starts), HC=humongous(continues), CS=collection set, F=free, A=archive, TAMS=top-at-mark-start (previous, next)
|   0|0x00000004d8400000, 0x00000004d8500000, 0x00000004d8500000|100%|HS|  |TAMS 0x00000004d8500000, 0x00000004d8500000| Complete 
|   1|0x00000004d8500000, 0x00000004d8600000, 0x00000004d8600000|100%| O|  |TAMS 0x00000004d8600000, 0x00000004d8600000| Untracked 
|   2|0x00000004d8600000, 0x00000004d8700000, 0x00000004d8700000|100%| O|  |TAMS 0x00000004d8700000, 0x00000004d8700000| Untracked 
|   3|0x00000004d8700000, 0x00000004d8800000, 0x00000004d8800000|100%| O|  |TAMS 0x00000004d878ce00, 0x00000004d8800000| Untracked 
|   4|0x00000004d8800000, 0x00000004d8900000, 0x00000004d8900000|100%| O|  |TAMS 0x00000004d8800000, 0x00000004d8900000| Untracked 
|   5|0x00000004d8900000, 0x00000004d8a00000, 0x00000004d8a00000|100%| O|  |TAMS 0x00000004d8900000, 0x00000004d8a00000| Untracked 
|   6|0x00000004d8a00000, 0x00000004d8a87400, 0x00000004d8b00000| 52%| O|  |TAMS 0x00000004d8a00000, 0x00000004d8a87400| Untracked 
|   7|0x00000004d8b00000, 0x00000004d8b00000, 0x00000004d8c00000|  0%| F|  |TAMS 0x00000004d8b00000, 0x00000004d8b00000| Untracked 
|   8|0x00000004d8c00000, 0x00000004d8c00000, 0x00000004d8d00000|  0%| F|  |TAMS 0x00000004d8c00000, 0x00000004d8c00000| Untracked 
|   9|0x00000004d8d00000, 0x00000004d8d00000, 0x00000004d8e00000|  0%| F|  |TAMS 0x00000004d8d00000, 0x00000004d8d00000| Untracked 
|  10|0x00000004d8e00000, 0x00000004d8e00000, 0x00000004d8f00000|  0%| F|  |TAMS 0x00000004d8e00000, 0x00000004d8e00000| Untracked 
|  11|0x00000004d8f00000, 0x00000004d8f00000, 0x00000004d9000000|  0%| F|  |TAMS 0x00000004d8f00000, 0x00000004d8f00000| Untracked 
|  12|0x00000004d9000000, 0x00000004d9000000, 0x00000004d9100000|  0%| F|  |TAMS 0x00000004d9000000, 0x00000004d9000000| Untracked 
|  13|0x00000004d9100000, 0x00000004d9100000, 0x00000004d9200000|  0%| F|  |TAMS 0x00000004d9100000, 0x00000004d9100000| Untracked 
|  14|0x00000004d9200000, 0x00000004d9200000, 0x00000004d9300000|  0%| F|  |TAMS 0x00000004d9200000, 0x00000004d9200000| Untracked 
|  15|0x00000004d9300000, 0x00000004d9300000, 0x00000004d9400000|  0%| F|  |TAMS 0x00000004d9300000, 0x00000004d9300000| Untracked 
|  16|0x00000004d9400000, 0x00000004d9400000, 0x00000004d9500000|  0%| F|  |TAMS 0x00000004d9400000, 0x00000004d9400000| Untracked 
|  17|0x00000004d9500000, 0x00000004d9500000, 0x00000004d9600000|  0%| F|  |TAMS 0x00000004d9500000, 0x00000004d9500000| Untracked 
|  18|0x00000004d9600000, 0x00000004d9600000, 0x00000004d9700000|  0%| F|  |TAMS 0x00000004d9600000, 0x00000004d9600000| Untracked 
|  19|0x00000004d9700000, 0x00000004d9700000, 0x00000004d9800000|  0%| F|  |TAMS 0x00000004d9700000, 0x00000004d9700000| Untracked 
|  20|0x00000004d9800000, 0x00000004d9800000, 0x00000004d9900000|  0%| F|  |TAMS 0x00000004d9800000, 0x00000004d9800000| Untracked 
|  21|0x00000004d9900000, 0x00000004d9900000, 0x00000004d9a00000|  0%| F|  |TAMS 0x00000004d9900000, 0x00000004d9900000| Untracked 
|  22|0x00000004d9a00000, 0x00000004d9a00000, 0x00000004d9b00000|  0%| F|  |TAMS 0x00000004d9a00000, 0x00000004d9a00000| Untracked 
|  23|0x00000004d9b00000, 0x00000004d9b00000, 0x00000004d9c00000|  0%| F|  |TAMS 0x00000004d9b00000, 0x00000004d9b00000| Untracked 
|  24|0x00000004d9c00000, 0x00000004d9c00000, 0x00000004d9d00000|  0%| F|  |TAMS 0x00000004d9c00000, 0x00000004d9c00000| Untracked 
|  25|0x00000004d9d00000, 0x00000004d9d00000, 0x00000004d9e00000|  0%| F|  |TAMS 0x00000004d9d00000, 0x00000004d9d00000| Untracked 
|  26|0x00000004d9e00000, 0x00000004d9e00000, 0x00000004d9f00000|  0%| F|  |TAMS 0x00000004d9e00000, 0x00000004d9e00000| Untracked 
|  27|0x00000004d9f00000, 0x00000004d9f00000, 0x00000004da000000|  0%| F|  |TAMS 0x00000004d9f00000, 0x00000004d9f00000| Untracked 
|  28|0x00000004da000000, 0x00000004da000000, 0x00000004da100000|  0%| F|  |TAMS 0x00000004da000000, 0x00000004da000000| Untracked 
|  29|0x00000004da100000, 0x00000004da100000, 0x00000004da200000|  0%| F|  |TAMS 0x00000004da100000, 0x00000004da100000| Untracked 
|  30|0x00000004da200000, 0x00000004da200000, 0x00000004da300000|  0%| F|  |TAMS 0x00000004da200000, 0x00000004da200000| Untracked 
|  31|0x00000004da300000, 0x00000004da300000, 0x00000004da400000|  0%| F|  |TAMS 0x00000004da300000, 0x00000004da300000| Untracked 
|  32|0x00000004da400000, 0x00000004da400000, 0x00000004da500000|  0%| F|  |TAMS 0x00000004da400000, 0x00000004da400000| Untracked 
|  33|0x00000004da500000, 0x00000004da500000, 0x00000004da600000|  0%| F|  |TAMS 0x00000004da500000, 0x00000004da500000| Untracked 
|  34|0x00000004da600000, 0x00000004da600000, 0x00000004da700000|  0%| F|  |TAMS 0x00000004da600000, 0x00000004da600000| Untracked 
|  35|0x00000004da700000, 0x00000004da700000, 0x00000004da800000|  0%| F|  |TAMS 0x00000004da700000, 0x00000004da700000| Untracked 
|  36|0x00000004da800000, 0x00000004da800000, 0x00000004da900000|  0%| F|  |TAMS 0x00000004da800000, 0x00000004da800000| Untracked 
|  37|0x00000004da900000, 0x00000004da900000, 0x00000004daa00000|  0%| F|  |TAMS 0x00000004da900000, 0x00000004da900000| Untracked 
|  38|0x00000004daa00000, 0x00000004daa00000, 0x00000004dab00000|  0%| F|  |TAMS 0x00000004daa00000, 0x00000004daa00000| Untracked 
|  39|0x00000004dab00000, 0x00000004dab00000, 0x00000004dac00000|  0%| F|  |TAMS 0x00000004dab00000, 0x00000004dab00000| Untracked 
|  40|0x00000004dac00000, 0x00000004dac00000, 0x00000004dad00000|  0%| F|  |TAMS 0x00000004dac00000, 0x00000004dac00000| Untracked 
|  41|0x00000004dad00000, 0x00000004dad00000, 0x00000004dae00000|  0%| F|  |TAMS 0x00000004dad00000, 0x00000004dad00000| Untracked 
|  42|0x00000004dae00000, 0x00000004dae00000, 0x00000004daf00000|  0%| F|  |TAMS 0x00000004dae00000, 0x00000004dae00000| Untracked 
|  43|0x00000004daf00000, 0x00000004daf00000, 0x00000004db000000|  0%| F|  |TAMS 0x00000004daf00000, 0x00000004daf00000| Untracked 
|  44|0x00000004db000000, 0x00000004db000000, 0x00000004db100000|  0%| F|  |TAMS 0x00000004db000000, 0x00000004db000000| Untracked 
|  45|0x00000004db100000, 0x00000004db100000, 0x00000004db200000|  0%| F|  |TAMS 0x00000004db100000, 0x00000004db100000| Untracked 
|  46|0x00000004db200000, 0x00000004db200000, 0x00000004db300000|  0%| F|  |TAMS 0x00000004db200000, 0x00000004db200000| Untracked 
|  47|0x00000004db300000, 0x00000004db300000, 0x00000004db400000|  0%| F|  |TAMS 0x00000004db300000, 0x00000004db300000| Untracked 
|  48|0x00000004db400000, 0x00000004db400000, 0x00000004db500000|  0%| F|  |TAMS 0x00000004db400000, 0x00000004db400000| Untracked 
|  49|0x00000004db500000, 0x00000004db500000, 0x00000004db600000|  0%| F|  |TAMS 0x00000004db500000, 0x00000004db500000| Untracked 
|  50|0x00000004db600000, 0x00000004db600000, 0x00000004db700000|  0%| F|  |TAMS 0x00000004db600000, 0x00000004db600000| Untracked 
|  51|0x00000004db700000, 0x00000004db700000, 0x00000004db800000|  0%| F|  |TAMS 0x00000004db700000, 0x00000004db700000| Untracked 
|  52|0x00000004db800000, 0x00000004db800000, 0x00000004db900000|  0%| F|  |TAMS 0x00000004db800000, 0x00000004db800000| Untracked 
|  53|0x00000004db900000, 0x00000004db900000, 0x00000004dba00000|  0%| F|  |TAMS 0x00000004db900000, 0x00000004db900000| Untracked 
|  54|0x00000004dba00000, 0x00000004dba00000, 0x00000004dbb00000|  0%| F|  |TAMS 0x00000004dba00000, 0x00000004dba00000| Untracked 
|  55|0x00000004dbb00000, 0x00000004dbb00000, 0x00000004dbc00000|  0%| F|  |TAMS 0x00000004dbb00000, 0x00000004dbb00000| Untracked 
|  56|0x00000004dbc00000, 0x00000004dbc00000, 0x00000004dbd00000|  0%| F|  |TAMS 0x00000004dbc00000, 0x00000004dbc00000| Untracked 
|  57|0x00000004dbd00000, 0x00000004dbd00000, 0x00000004dbe00000|  0%| F|  |TAMS 0x00000004dbd00000, 0x00000004dbd00000| Untracked 
|  58|0x00000004dbe00000, 0x00000004dbe00000, 0x00000004dbf00000|  0%| F|  |TAMS 0x00000004dbe00000, 0x00000004dbe00000| Untracked 
|  59|0x00000004dbf00000, 0x00000004dbf00000, 0x00000004dc000000|  0%| F|  |TAMS 0x00000004dbf00000, 0x00000004dbf00000| Untracked 
|  60|0x00000004dc000000, 0x00000004dc000000, 0x00000004dc100000|  0%| F|  |TAMS 0x00000004dc000000, 0x00000004dc000000| Untracked 
|  61|0x00000004dc100000, 0x00000004dc100000, 0x00000004dc200000|  0%| F|  |TAMS 0x00000004dc100000, 0x00000004dc100000| Untracked 
|  62|0x00000004dc200000, 0x00000004dc200000, 0x00000004dc300000|  0%| F|  |TAMS 0x00000004dc200000, 0x00000004dc200000| Untracked 
|  63|0x00000004dc300000, 0x00000004dc300000, 0x00000004dc400000|  0%| F|  |TAMS 0x00000004dc300000, 0x00000004dc300000| Untracked 
|  64|0x00000004dc400000, 0x00000004dc400000, 0x00000004dc500000|  0%| F|  |TAMS 0x00000004dc400000, 0x00000004dc400000| Untracked 
|  65|0x00000004dc500000, 0x00000004dc500000, 0x00000004dc600000|  0%| F|  |TAMS 0x00000004dc500000, 0x00000004dc500000| Untracked 
|  66|0x00000004dc600000, 0x00000004dc600000, 0x00000004dc700000|  0%| F|  |TAMS 0x00000004dc600000, 0x00000004dc600000| Untracked 
|  67|0x00000004dc700000, 0x00000004dc700000, 0x00000004dc800000|  0%| F|  |TAMS 0x00000004dc700000, 0x00000004dc700000| Untracked 
|  68|0x00000004dc800000, 0x00000004dc800000, 0x00000004dc900000|  0%| F|  |TAMS 0x00000004dc800000, 0x00000004dc800000| Untracked 
|  69|0x00000004dc900000, 0x00000004dc900000, 0x00000004dca00000|  0%| F|  |TAMS 0x00000004dc900000, 0x00000004dc900000| Untracked 
|  70|0x00000004dca00000, 0x00000004dca00000, 0x00000004dcb00000|  0%| F|  |TAMS 0x00000004dca00000, 0x00000004dca00000| Untracked 
|  71|0x00000004dcb00000, 0x00000004dcb00000, 0x00000004dcc00000|  0%| F|  |TAMS 0x00000004dcb00000, 0x00000004dcb00000| Untracked 
|  72|0x00000004dcc00000, 0x00000004dcc00000, 0x00000004dcd00000|  0%| F|  |TAMS 0x00000004dcc00000, 0x00000004dcc00000| Untracked 
|  73|0x00000004dcd00000, 0x00000004dcd00000, 0x00000004dce00000|  0%| F|  |TAMS 0x00000004dcd00000, 0x00000004dcd00000| Untracked 
|  74|0x00000004dce00000, 0x00000004dce00000, 0x00000004dcf00000|  0%| F|  |TAMS 0x00000004dce00000, 0x00000004dce00000| Untracked 
|  75|0x00000004dcf00000, 0x00000004dcf00000, 0x00000004dd000000|  0%| F|  |TAMS 0x00000004dcf00000, 0x00000004dcf00000| Untracked 
|  76|0x00000004dd000000, 0x00000004dd000000, 0x00000004dd100000|  0%| F|  |TAMS 0x00000004dd000000, 0x00000004dd000000| Untracked 
|  77|0x00000004dd100000, 0x00000004dd100000, 0x00000004dd200000|  0%| F|  |TAMS 0x00000004dd100000, 0x00000004dd100000| Untracked 
|  78|0x00000004dd200000, 0x00000004dd200000, 0x00000004dd300000|  0%| F|  |TAMS 0x00000004dd200000, 0x00000004dd200000| Untracked 
|  79|0x00000004dd300000, 0x00000004dd300000, 0x00000004dd400000|  0%| F|  |TAMS 0x00000004dd300000, 0x00000004dd300000| Untracked 
|  80|0x00000004dd400000, 0x00000004dd400000, 0x00000004dd500000|  0%| F|  |TAMS 0x00000004dd400000, 0x00000004dd400000| Untracked 
|  81|0x00000004dd500000, 0x00000004dd500000, 0x00000004dd600000|  0%| F|  |TAMS 0x00000004dd500000, 0x00000004dd500000| Untracked 
|  82|0x00000004dd600000, 0x00000004dd600000, 0x00000004dd700000|  0%| F|  |TAMS 0x00000004dd600000, 0x00000004dd600000| Untracked 
|  83|0x00000004dd700000, 0x00000004dd700000, 0x00000004dd800000|  0%| F|  |TAMS 0x00000004dd700000, 0x00000004dd700000| Untracked 
|  84|0x00000004dd800000, 0x00000004dd800000, 0x00000004dd900000|  0%| F|  |TAMS 0x00000004dd800000, 0x00000004dd800000| Untracked 
|  85|0x00000004dd900000, 0x00000004dd900000, 0x00000004dda00000|  0%| F|  |TAMS 0x00000004dd900000, 0x00000004dd900000| Untracked 
|  86|0x00000004dda00000, 0x00000004dda00000, 0x00000004ddb00000|  0%| F|  |TAMS 0x00000004dda00000, 0x00000004dda00000| Untracked 
|  87|0x00000004ddb00000, 0x00000004ddb00000, 0x00000004ddc00000|  0%| F|  |TAMS 0x00000004ddb00000, 0x00000004ddb00000| Untracked 
|  88|0x00000004ddc00000, 0x00000004ddc00000, 0x00000004ddd00000|  0%| F|  |TAMS 0x00000004ddc00000, 0x00000004ddc00000| Untracked 
|  89|0x00000004ddd00000, 0x00000004ddd00000, 0x00000004dde00000|  0%| F|  |TAMS 0x00000004ddd00000, 0x00000004ddd00000| Untracked 
|  90|0x00000004dde00000, 0x00000004dde00000, 0x00000004ddf00000|  0%| F|  |TAMS 0x00000004dde00000, 0x00000004dde00000| Untracked 
|  91|0x00000004ddf00000, 0x00000004ddf00000, 0x00000004de000000|  0%| F|  |TAMS 0x00000004ddf00000, 0x00000004ddf00000| Untracked 
|  92|0x00000004de000000, 0x00000004de000000, 0x00000004de100000|  0%| F|  |TAMS 0x00000004de000000, 0x00000004de000000| Untracked 
|  93|0x00000004de100000, 0x00000004de100000, 0x00000004de200000|  0%| F|  |TAMS 0x00000004de100000, 0x00000004de100000| Untracked 
|  94|0x00000004de200000, 0x00000004de200000, 0x00000004de300000|  0%| F|  |TAMS 0x00000004de200000, 0x00000004de200000| Untracked 
|  95|0x00000004de300000, 0x00000004de300000, 0x00000004de400000|  0%| F|  |TAMS 0x00000004de300000, 0x00000004de300000| Untracked 
|  96|0x00000004de400000, 0x00000004de400000, 0x00000004de500000|  0%| F|  |TAMS 0x00000004de400000, 0x00000004de400000| Untracked 
|  97|0x00000004de500000, 0x00000004de500000, 0x00000004de600000|  0%| F|  |TAMS 0x00000004de500000, 0x00000004de500000| Untracked 
|  98|0x00000004de600000, 0x00000004de600000, 0x00000004de700000|  0%| F|  |TAMS 0x00000004de600000, 0x00000004de600000| Untracked 
|  99|0x00000004de700000, 0x00000004de700000, 0x00000004de800000|  0%| F|  |TAMS 0x00000004de700000, 0x00000004de700000| Untracked 
| 100|0x00000004de800000, 0x00000004de800000, 0x00000004de900000|  0%| F|  |TAMS 0x00000004de800000, 0x00000004de800000| Untracked 
| 101|0x00000004de900000, 0x00000004de900000, 0x00000004dea00000|  0%| F|  |TAMS 0x00000004de900000, 0x00000004de900000| Untracked 
| 102|0x00000004dea00000, 0x00000004dea00000, 0x00000004deb00000|  0%| F|  |TAMS 0x00000004dea00000, 0x00000004dea00000| Untracked 
| 103|0x00000004deb00000, 0x00000004deb00000, 0x00000004dec00000|  0%| F|  |TAMS 0x00000004deb00000, 0x00000004deb00000| Untracked 
| 104|0x00000004dec00000, 0x00000004dec00000, 0x00000004ded00000|  0%| F|  |TAMS 0x00000004dec00000, 0x00000004dec00000| Untracked 
| 105|0x00000004ded00000, 0x00000004ded00000, 0x00000004dee00000|  0%| F|  |TAMS 0x00000004ded00000, 0x00000004ded00000| Untracked 
| 106|0x00000004dee00000, 0x00000004dee00000, 0x00000004def00000|  0%| F|  |TAMS 0x00000004dee00000, 0x00000004dee00000| Untracked 
| 107|0x00000004def00000, 0x00000004def00000, 0x00000004df000000|  0%| F|  |TAMS 0x00000004def00000, 0x00000004def00000| Untracked 
| 108|0x00000004df000000, 0x00000004df000000, 0x00000004df100000|  0%| F|  |TAMS 0x00000004df000000, 0x00000004df000000| Untracked 
| 109|0x00000004df100000, 0x00000004df100000, 0x00000004df200000|  0%| F|  |TAMS 0x00000004df100000, 0x00000004df100000| Untracked 
| 110|0x00000004df200000, 0x00000004df200000, 0x00000004df300000|  0%| F|  |TAMS 0x00000004df200000, 0x00000004df200000| Untracked 
| 111|0x00000004df300000, 0x00000004df300000, 0x00000004df400000|  0%| F|  |TAMS 0x00000004df300000, 0x00000004df300000| Untracked 
| 112|0x00000004df400000, 0x00000004df400000, 0x00000004df500000|  0%| F|  |TAMS 0x00000004df400000, 0x00000004df400000| Untracked 
| 113|0x00000004df500000, 0x00000004df500000, 0x00000004df600000|  0%| F|  |TAMS 0x00000004df500000, 0x00000004df500000| Untracked 
| 114|0x00000004df600000, 0x00000004df600000, 0x00000004df700000|  0%| F|  |TAMS 0x00000004df600000, 0x00000004df600000| Untracked 
| 115|0x00000004df700000, 0x00000004df700000, 0x00000004df800000|  0%| F|  |TAMS 0x00000004df700000, 0x00000004df700000| Untracked 
| 116|0x00000004df800000, 0x00000004df800000, 0x00000004df900000|  0%| F|  |TAMS 0x00000004df800000, 0x00000004df800000| Untracked 
| 117|0x00000004df900000, 0x00000004df900000, 0x00000004dfa00000|  0%| F|  |TAMS 0x00000004df900000, 0x00000004df900000| Untracked 
| 118|0x00000004dfa00000, 0x00000004dfa00000, 0x00000004dfb00000|  0%| F|  |TAMS 0x00000004dfa00000, 0x00000004dfa00000| Untracked 
| 119|0x00000004dfb00000, 0x00000004dfb00000, 0x00000004dfc00000|  0%| F|  |TAMS 0x00000004dfb00000, 0x00000004dfb00000| Untracked 
| 120|0x00000004dfc00000, 0x00000004dfc00000, 0x00000004dfd00000|  0%| F|  |TAMS 0x00000004dfc00000, 0x00000004dfc00000| Untracked 
| 121|0x00000004dfd00000, 0x00000004dfd00000, 0x00000004dfe00000|  0%| F|  |TAMS 0x00000004dfd00000, 0x00000004dfd00000| Untracked 
| 122|0x00000004dfe00000, 0x00000004dfe00000, 0x00000004dff00000|  0%| F|  |TAMS 0x00000004dfe00000, 0x00000004dfe00000| Untracked 
| 123|0x00000004dff00000, 0x00000004dff00000, 0x00000004e0000000|  0%| F|  |TAMS 0x00000004dff00000, 0x00000004dff00000| Untracked 
| 124|0x00000004e0000000, 0x00000004e0000000, 0x00000004e0100000|  0%| F|  |TAMS 0x00000004e0000000, 0x00000004e0000000| Untracked 
| 125|0x00000004e0100000, 0x00000004e0100000, 0x00000004e0200000|  0%| F|  |TAMS 0x00000004e0100000, 0x00000004e0100000| Untracked 
| 126|0x00000004e0200000, 0x00000004e0200000, 0x00000004e0300000|  0%| F|  |TAMS 0x00000004e0200000, 0x00000004e0200000| Untracked 
| 127|0x00000004e0300000, 0x00000004e0300000, 0x00000004e0400000|  0%| F|  |TAMS 0x00000004e0300000, 0x00000004e0300000| Untracked 
| 128|0x00000004e0400000, 0x00000004e0400000, 0x00000004e0500000|  0%| F|  |TAMS 0x00000004e0400000, 0x00000004e0400000| Untracked 
| 129|0x00000004e0500000, 0x00000004e0500000, 0x00000004e0600000|  0%| F|  |TAMS 0x00000004e0500000, 0x00000004e0500000| Untracked 
| 130|0x00000004e0600000, 0x00000004e0600000, 0x00000004e0700000|  0%| F|  |TAMS 0x00000004e0600000, 0x00000004e0600000| Untracked 
| 131|0x00000004e0700000, 0x00000004e0700000, 0x00000004e0800000|  0%| F|  |TAMS 0x00000004e0700000, 0x00000004e0700000| Untracked 
| 132|0x00000004e0800000, 0x00000004e0800000, 0x00000004e0900000|  0%| F|  |TAMS 0x00000004e0800000, 0x00000004e0800000| Untracked 
| 133|0x00000004e0900000, 0x00000004e0900000, 0x00000004e0a00000|  0%| F|  |TAMS 0x00000004e0900000, 0x00000004e0900000| Untracked 
| 134|0x00000004e0a00000, 0x00000004e0a00000, 0x00000004e0b00000|  0%| F|  |TAMS 0x00000004e0a00000, 0x00000004e0a00000| Untracked 
| 135|0x00000004e0b00000, 0x00000004e0b00000, 0x00000004e0c00000|  0%| F|  |TAMS 0x00000004e0b00000, 0x00000004e0b00000| Untracked 
| 136|0x00000004e0c00000, 0x00000004e0c00000, 0x00000004e0d00000|  0%| F|  |TAMS 0x00000004e0c00000, 0x00000004e0c00000| Untracked 
| 137|0x00000004e0d00000, 0x00000004e0d00000, 0x00000004e0e00000|  0%| F|  |TAMS 0x00000004e0d00000, 0x00000004e0d00000| Untracked 
| 138|0x00000004e0e00000, 0x00000004e0e00000, 0x00000004e0f00000|  0%| F|  |TAMS 0x00000004e0e00000, 0x00000004e0e00000| Untracked 
| 139|0x00000004e0f00000, 0x00000004e0f00000, 0x00000004e1000000|  0%| F|  |TAMS 0x00000004e0f00000, 0x00000004e0f00000| Untracked 
| 140|0x00000004e1000000, 0x00000004e1000000, 0x00000004e1100000|  0%| F|  |TAMS 0x00000004e1000000, 0x00000004e1000000| Untracked 
| 141|0x00000004e1100000, 0x00000004e1100000, 0x00000004e1200000|  0%| F|  |TAMS 0x00000004e1100000, 0x00000004e1100000| Untracked 
| 142|0x00000004e1200000, 0x00000004e1200000, 0x00000004e1300000|  0%| F|  |TAMS 0x00000004e1200000, 0x00000004e1200000| Untracked 
| 143|0x00000004e1300000, 0x00000004e1300000, 0x00000004e1400000|  0%| F|  |TAMS 0x00000004e1300000, 0x00000004e1300000| Untracked 
| 144|0x00000004e1400000, 0x00000004e1400000, 0x00000004e1500000|  0%| F|  |TAMS 0x00000004e1400000, 0x00000004e1400000| Untracked 
| 145|0x00000004e1500000, 0x00000004e1500000, 0x00000004e1600000|  0%| F|  |TAMS 0x00000004e1500000, 0x00000004e1500000| Untracked 
| 146|0x00000004e1600000, 0x00000004e1600000, 0x00000004e1700000|  0%| F|  |TAMS 0x00000004e1600000, 0x00000004e1600000| Untracked 
| 147|0x00000004e1700000, 0x00000004e1700000, 0x00000004e1800000|  0%| F|  |TAMS 0x00000004e1700000, 0x00000004e1700000| Untracked 
| 148|0x00000004e1800000, 0x00000004e1800000, 0x00000004e1900000|  0%| F|  |TAMS 0x00000004e1800000, 0x00000004e1800000| Untracked 
| 149|0x00000004e1900000, 0x00000004e1900000, 0x00000004e1a00000|  0%| F|  |TAMS 0x00000004e1900000, 0x00000004e1900000| Untracked 
| 150|0x00000004e1a00000, 0x00000004e1a00000, 0x00000004e1b00000|  0%| F|  |TAMS 0x00000004e1a00000, 0x00000004e1a00000| Untracked 
| 151|0x00000004e1b00000, 0x00000004e1b00000, 0x00000004e1c00000|  0%| F|  |TAMS 0x00000004e1b00000, 0x00000004e1b00000| Untracked 
| 152|0x00000004e1c00000, 0x00000004e1c00000, 0x00000004e1d00000|  0%| F|  |TAMS 0x00000004e1c00000, 0x00000004e1c00000| Untracked 
| 153|0x00000004e1d00000, 0x00000004e1d00000, 0x00000004e1e00000|  0%| F|  |TAMS 0x00000004e1d00000, 0x00000004e1d00000| Untracked 
| 154|0x00000004e1e00000, 0x00000004e1e00000, 0x00000004e1f00000|  0%| F|  |TAMS 0x00000004e1e00000, 0x00000004e1e00000| Untracked 
| 155|0x00000004e1f00000, 0x00000004e1f00000, 0x00000004e2000000|  0%| F|  |TAMS 0x00000004e1f00000, 0x00000004e1f00000| Untracked 
| 156|0x00000004e2000000, 0x00000004e2000000, 0x00000004e2100000|  0%| F|  |TAMS 0x00000004e2000000, 0x00000004e2000000| Untracked 
| 157|0x00000004e2100000, 0x00000004e2100000, 0x00000004e2200000|  0%| F|  |TAMS 0x00000004e2100000, 0x00000004e2100000| Untracked 
| 158|0x00000004e2200000, 0x00000004e2200000, 0x00000004e2300000|  0%| F|  |TAMS 0x00000004e2200000, 0x00000004e2200000| Untracked 
| 159|0x00000004e2300000, 0x00000004e2300000, 0x00000004e2400000|  0%| F|  |TAMS 0x00000004e2300000, 0x00000004e2300000| Untracked 
| 160|0x00000004e2400000, 0x00000004e2400000, 0x00000004e2500000|  0%| F|  |TAMS 0x00000004e2400000, 0x00000004e2400000| Untracked 
| 161|0x00000004e2500000, 0x00000004e2500000, 0x00000004e2600000|  0%| F|  |TAMS 0x00000004e2500000, 0x00000004e2500000| Untracked 
| 162|0x00000004e2600000, 0x00000004e2600000, 0x00000004e2700000|  0%| F|  |TAMS 0x00000004e2600000, 0x00000004e2600000| Untracked 
| 163|0x00000004e2700000, 0x00000004e2700000, 0x00000004e2800000|  0%| F|  |TAMS 0x00000004e2700000, 0x00000004e2700000| Untracked 
| 164|0x00000004e2800000, 0x00000004e2800000, 0x00000004e2900000|  0%| F|  |TAMS 0x00000004e2800000, 0x00000004e2800000| Untracked 
| 165|0x00000004e2900000, 0x00000004e2900000, 0x00000004e2a00000|  0%| F|  |TAMS 0x00000004e2900000, 0x00000004e2900000| Untracked 
| 166|0x00000004e2a00000, 0x00000004e2a00000, 0x00000004e2b00000|  0%| F|  |TAMS 0x00000004e2a00000, 0x00000004e2a00000| Untracked 
| 167|0x00000004e2b00000, 0x00000004e2b00000, 0x00000004e2c00000|  0%| F|  |TAMS 0x00000004e2b00000, 0x00000004e2b00000| Untracked 
| 168|0x00000004e2c00000, 0x00000004e2c00000, 0x00000004e2d00000|  0%| F|  |TAMS 0x00000004e2c00000, 0x00000004e2c00000| Untracked 
| 169|0x00000004e2d00000, 0x00000004e2d00000, 0x00000004e2e00000|  0%| F|  |TAMS 0x00000004e2d00000, 0x00000004e2d00000| Untracked 
| 170|0x00000004e2e00000, 0x00000004e2e00000, 0x00000004e2f00000|  0%| F|  |TAMS 0x00000004e2e00000, 0x00000004e2e00000| Untracked 
| 171|0x00000004e2f00000, 0x00000004e2f00000, 0x00000004e3000000|  0%| F|  |TAMS 0x00000004e2f00000, 0x00000004e2f00000| Untracked 
| 172|0x00000004e3000000, 0x00000004e3000000, 0x00000004e3100000|  0%| F|  |TAMS 0x00000004e3000000, 0x00000004e3000000| Untracked 
| 173|0x00000004e3100000, 0x00000004e3100000, 0x00000004e3200000|  0%| F|  |TAMS 0x00000004e3100000, 0x00000004e3100000| Untracked 
| 174|0x00000004e3200000, 0x00000004e3200000, 0x00000004e3300000|  0%| F|  |TAMS 0x00000004e3200000, 0x00000004e3200000| Untracked 
| 175|0x00000004e3300000, 0x00000004e3300000, 0x00000004e3400000|  0%| F|  |TAMS 0x00000004e3300000, 0x00000004e3300000| Untracked 
| 176|0x00000004e3400000, 0x00000004e3400000, 0x00000004e3500000|  0%| F|  |TAMS 0x00000004e3400000, 0x00000004e3400000| Untracked 
| 177|0x00000004e3500000, 0x00000004e3500000, 0x00000004e3600000|  0%| F|  |TAMS 0x00000004e3500000, 0x00000004e3500000| Untracked 
| 178|0x00000004e3600000, 0x00000004e3600000, 0x00000004e3700000|  0%| F|  |TAMS 0x00000004e3600000, 0x00000004e3600000| Untracked 
| 179|0x00000004e3700000, 0x00000004e3700000, 0x00000004e3800000|  0%| F|  |TAMS 0x00000004e3700000, 0x00000004e3700000| Untracked 
| 180|0x00000004e3800000, 0x00000004e3800000, 0x00000004e3900000|  0%| F|  |TAMS 0x00000004e3800000, 0x00000004e3800000| Untracked 
| 181|0x00000004e3900000, 0x00000004e3900000, 0x00000004e3a00000|  0%| F|  |TAMS 0x00000004e3900000, 0x00000004e3900000| Untracked 
| 182|0x00000004e3a00000, 0x00000004e3a00000, 0x00000004e3b00000|  0%| F|  |TAMS 0x00000004e3a00000, 0x00000004e3a00000| Untracked 
| 183|0x00000004e3b00000, 0x00000004e3b00000, 0x00000004e3c00000|  0%| F|  |TAMS 0x00000004e3b00000, 0x00000004e3b00000| Untracked 
| 184|0x00000004e3c00000, 0x00000004e3c00000, 0x00000004e3d00000|  0%| F|  |TAMS 0x00000004e3c00000, 0x00000004e3c00000| Untracked 
| 185|0x00000004e3d00000, 0x00000004e3d00000, 0x00000004e3e00000|  0%| F|  |TAMS 0x00000004e3d00000, 0x00000004e3d00000| Untracked 
| 186|0x00000004e3e00000, 0x00000004e3e00000, 0x00000004e3f00000|  0%| F|  |TAMS 0x00000004e3e00000, 0x00000004e3e00000| Untracked 
| 187|0x00000004e3f00000, 0x00000004e3f00000, 0x00000004e4000000|  0%| F|  |TAMS 0x00000004e3f00000, 0x00000004e3f00000| Untracked 
| 188|0x00000004e4000000, 0x00000004e4000000, 0x00000004e4100000|  0%| F|  |TAMS 0x00000004e4000000, 0x00000004e4000000| Untracked 
| 189|0x00000004e4100000, 0x00000004e4100000, 0x00000004e4200000|  0%| F|  |TAMS 0x00000004e4100000, 0x00000004e4100000| Untracked 
| 190|0x00000004e4200000, 0x00000004e4200000, 0x00000004e4300000|  0%| F|  |TAMS 0x00000004e4200000, 0x00000004e4200000| Untracked 
| 191|0x00000004e4300000, 0x00000004e4300000, 0x00000004e4400000|  0%| F|  |TAMS 0x00000004e4300000, 0x00000004e4300000| Untracked 
| 192|0x00000004e4400000, 0x00000004e4400000, 0x00000004e4500000|  0%| F|  |TAMS 0x00000004e4400000, 0x00000004e4400000| Untracked 
| 193|0x00000004e4500000, 0x00000004e4500000, 0x00000004e4600000|  0%| F|  |TAMS 0x00000004e4500000, 0x00000004e4500000| Untracked 
| 194|0x00000004e4600000, 0x00000004e4600000, 0x00000004e4700000|  0%| F|  |TAMS 0x00000004e4600000, 0x00000004e4600000| Untracked 
| 195|0x00000004e4700000, 0x00000004e4700000, 0x00000004e4800000|  0%| F|  |TAMS 0x00000004e4700000, 0x00000004e4700000| Untracked 
| 196|0x00000004e4800000, 0x00000004e4800000, 0x00000004e4900000|  0%| F|  |TAMS 0x00000004e4800000, 0x00000004e4800000| Untracked 
| 197|0x00000004e4900000, 0x00000004e4900000, 0x00000004e4a00000|  0%| F|  |TAMS 0x00000004e4900000, 0x00000004e4900000| Untracked 
| 198|0x00000004e4a00000, 0x00000004e4a00000, 0x00000004e4b00000|  0%| F|  |TAMS 0x00000004e4a00000, 0x00000004e4a00000| Untracked 
| 199|0x00000004e4b00000, 0x00000004e4b00000, 0x00000004e4c00000|  0%| F|  |TAMS 0x00000004e4b00000, 0x00000004e4b00000| Untracked 
| 200|0x00000004e4c00000, 0x00000004e4c00000, 0x00000004e4d00000|  0%| F|  |TAMS 0x00000004e4c00000, 0x00000004e4c00000| Untracked 
| 201|0x00000004e4d00000, 0x00000004e4d00000, 0x00000004e4e00000|  0%| F|  |TAMS 0x00000004e4d00000, 0x00000004e4d00000| Untracked 
| 202|0x00000004e4e00000, 0x00000004e4e00000, 0x00000004e4f00000|  0%| F|  |TAMS 0x00000004e4e00000, 0x00000004e4e00000| Untracked 
| 203|0x00000004e4f00000, 0x00000004e4f00000, 0x00000004e5000000|  0%| F|  |TAMS 0x00000004e4f00000, 0x00000004e4f00000| Untracked 
| 204|0x00000004e5000000, 0x00000004e5000000, 0x00000004e5100000|  0%| F|  |TAMS 0x00000004e5000000, 0x00000004e5000000| Untracked 
| 205|0x00000004e5100000, 0x00000004e5100000, 0x00000004e5200000|  0%| F|  |TAMS 0x00000004e5100000, 0x00000004e5100000| Untracked 
| 206|0x00000004e5200000, 0x00000004e5200000, 0x00000004e5300000|  0%| F|  |TAMS 0x00000004e5200000, 0x00000004e5200000| Untracked 
| 207|0x00000004e5300000, 0x00000004e5300000, 0x00000004e5400000|  0%| F|  |TAMS 0x00000004e5300000, 0x00000004e5300000| Untracked 
| 208|0x00000004e5400000, 0x00000004e5400000, 0x00000004e5500000|  0%| F|  |TAMS 0x00000004e5400000, 0x00000004e5400000| Untracked 
| 209|0x00000004e5500000, 0x00000004e5500000, 0x00000004e5600000|  0%| F|  |TAMS 0x00000004e5500000, 0x00000004e5500000| Untracked 
| 210|0x00000004e5600000, 0x00000004e5600000, 0x00000004e5700000|  0%| F|  |TAMS 0x00000004e5600000, 0x00000004e5600000| Untracked 
| 211|0x00000004e5700000, 0x00000004e5700000, 0x00000004e5800000|  0%| F|  |TAMS 0x00000004e5700000, 0x00000004e5700000| Untracked 
| 212|0x00000004e5800000, 0x00000004e5800000, 0x00000004e5900000|  0%| F|  |TAMS 0x00000004e5800000, 0x00000004e5800000| Untracked 
| 213|0x00000004e5900000, 0x00000004e5900000, 0x00000004e5a00000|  0%| F|  |TAMS 0x00000004e5900000, 0x00000004e5900000| Untracked 
| 214|0x00000004e5a00000, 0x00000004e5a00000, 0x00000004e5b00000|  0%| F|  |TAMS 0x00000004e5a00000, 0x00000004e5a00000| Untracked 
| 215|0x00000004e5b00000, 0x00000004e5b00000, 0x00000004e5c00000|  0%| F|  |TAMS 0x00000004e5b00000, 0x00000004e5b00000| Untracked 
| 216|0x00000004e5c00000, 0x00000004e5c00000, 0x00000004e5d00000|  0%| F|  |TAMS 0x00000004e5c00000, 0x00000004e5c00000| Untracked 
| 217|0x00000004e5d00000, 0x00000004e5d00000, 0x00000004e5e00000|  0%| F|  |TAMS 0x00000004e5d00000, 0x00000004e5d00000| Untracked 
| 218|0x00000004e5e00000, 0x00000004e5e00000, 0x00000004e5f00000|  0%| F|  |TAMS 0x00000004e5e00000, 0x00000004e5e00000| Untracked 
| 219|0x00000004e5f00000, 0x00000004e5f00000, 0x00000004e6000000|  0%| F|  |TAMS 0x00000004e5f00000, 0x00000004e5f00000| Untracked 
| 220|0x00000004e6000000, 0x00000004e6000000, 0x00000004e6100000|  0%| F|  |TAMS 0x00000004e6000000, 0x00000004e6000000| Untracked 
| 221|0x00000004e6100000, 0x00000004e6100000, 0x00000004e6200000|  0%| F|  |TAMS 0x00000004e6100000, 0x00000004e6100000| Untracked 
| 222|0x00000004e6200000, 0x00000004e6200000, 0x00000004e6300000|  0%| F|  |TAMS 0x00000004e6200000, 0x00000004e6200000| Untracked 
| 223|0x00000004e6300000, 0x00000004e6300000, 0x00000004e6400000|  0%| F|  |TAMS 0x00000004e6300000, 0x00000004e6300000| Untracked 
| 224|0x00000004e6400000, 0x00000004e6400000, 0x00000004e6500000|  0%| F|  |TAMS 0x00000004e6400000, 0x00000004e6400000| Untracked 
| 225|0x00000004e6500000, 0x00000004e6500000, 0x00000004e6600000|  0%| F|  |TAMS 0x00000004e6500000, 0x00000004e6500000| Untracked 
| 226|0x00000004e6600000, 0x00000004e6600000, 0x00000004e6700000|  0%| F|  |TAMS 0x00000004e6600000, 0x00000004e6600000| Untracked 
| 227|0x00000004e6700000, 0x00000004e6700000, 0x00000004e6800000|  0%| F|  |TAMS 0x00000004e6700000, 0x00000004e6700000| Untracked 
| 228|0x00000004e6800000, 0x00000004e6800000, 0x00000004e6900000|  0%| F|  |TAMS 0x00000004e6800000, 0x00000004e6800000| Untracked 
| 229|0x00000004e6900000, 0x00000004e6900000, 0x00000004e6a00000|  0%| F|  |TAMS 0x00000004e6900000, 0x00000004e6900000| Untracked 
| 230|0x00000004e6a00000, 0x00000004e6a00000, 0x00000004e6b00000|  0%| F|  |TAMS 0x00000004e6a00000, 0x00000004e6a00000| Untracked 
| 231|0x00000004e6b00000, 0x00000004e6b00000, 0x00000004e6c00000|  0%| F|  |TAMS 0x00000004e6b00000, 0x00000004e6b00000| Untracked 
| 232|0x00000004e6c00000, 0x00000004e6c00000, 0x00000004e6d00000|  0%| F|  |TAMS 0x00000004e6c00000, 0x00000004e6c00000| Untracked 
| 233|0x00000004e6d00000, 0x00000004e6d00000, 0x00000004e6e00000|  0%| F|  |TAMS 0x00000004e6d00000, 0x00000004e6d00000| Untracked 
| 234|0x00000004e6e00000, 0x00000004e6e00000, 0x00000004e6f00000|  0%| F|  |TAMS 0x00000004e6e00000, 0x00000004e6e00000| Untracked 
| 235|0x00000004e6f00000, 0x00000004e6f00000, 0x00000004e7000000|  0%| F|  |TAMS 0x00000004e6f00000, 0x00000004e6f00000| Untracked 
| 236|0x00000004e7000000, 0x00000004e7000000, 0x00000004e7100000|  0%| F|  |TAMS 0x00000004e7000000, 0x00000004e7000000| Untracked 
| 237|0x00000004e7100000, 0x00000004e7100000, 0x00000004e7200000|  0%| F|  |TAMS 0x00000004e7100000, 0x00000004e7100000| Untracked 
| 238|0x00000004e7200000, 0x00000004e7200000, 0x00000004e7300000|  0%| F|  |TAMS 0x00000004e7200000, 0x00000004e7200000| Untracked 
| 239|0x00000004e7300000, 0x00000004e7300000, 0x00000004e7400000|  0%| F|  |TAMS 0x00000004e7300000, 0x00000004e7300000| Untracked 
| 240|0x00000004e7400000, 0x00000004e7400000, 0x00000004e7500000|  0%| F|  |TAMS 0x00000004e7400000, 0x00000004e7400000| Untracked 
| 241|0x00000004e7500000, 0x00000004e7500000, 0x00000004e7600000|  0%| F|  |TAMS 0x00000004e7500000, 0x00000004e7500000| Untracked 
| 242|0x00000004e7600000, 0x00000004e7600000, 0x00000004e7700000|  0%| F|  |TAMS 0x00000004e7600000, 0x00000004e7600000| Untracked 
| 243|0x00000004e7700000, 0x00000004e7700000, 0x00000004e7800000|  0%| F|  |TAMS 0x00000004e7700000, 0x00000004e7700000| Untracked 
| 244|0x00000004e7800000, 0x00000004e7800000, 0x00000004e7900000|  0%| F|  |TAMS 0x00000004e7800000, 0x00000004e7800000| Untracked 
| 245|0x00000004e7900000, 0x00000004e7900000, 0x00000004e7a00000|  0%| F|  |TAMS 0x00000004e7900000, 0x00000004e7900000| Untracked 
| 246|0x00000004e7a00000, 0x00000004e7a00000, 0x00000004e7b00000|  0%| F|  |TAMS 0x00000004e7a00000, 0x00000004e7a00000| Untracked 
| 247|0x00000004e7b00000, 0x00000004e7b00000, 0x00000004e7c00000|  0%| F|  |TAMS 0x00000004e7b00000, 0x00000004e7b00000| Untracked 
| 248|0x00000004e7c00000, 0x00000004e7c94bc0, 0x00000004e7d00000| 58%| S|CS|TAMS 0x00000004e7c00000, 0x00000004e7c00000| Complete 
| 249|0x00000004e7d00000, 0x00000004e7d00000, 0x00000004e7e00000|  0%| F|  |TAMS 0x00000004e7d00000, 0x00000004e7d00000| Untracked 
| 250|0x00000004e7e00000, 0x00000004e7e00000, 0x00000004e7f00000|  0%| F|  |TAMS 0x00000004e7e00000, 0x00000004e7e00000| Untracked 
| 251|0x00000004e7f00000, 0x00000004e7f00000, 0x00000004e8000000|  0%| F|  |TAMS 0x00000004e7f00000, 0x00000004e7f00000| Untracked 

Card table byte_map: [0x000001eca2290000,0x000001eca2a70000] _byte_map_base: 0x000001ec9fbce000

Marking Bits (Prev, Next): (CMBitMap*) 0x000001ec8aee2190, (CMBitMap*) 0x000001ec8aee2158
 Prev Bits: [0x000001eca7140000, 0x000001ecab028000)
 Next Bits: [0x000001eca3250000, 0x000001eca7138000)

Polling page: 0x000001ec88da0000

Metaspace:

Usage:
  Non-class:     12.49 MB capacity,    12.33 MB ( 99%) used,   144.92 KB (  1%) free+waste,    21.56 KB ( <1%) overhead. 
      Class:      1.48 MB capacity,     1.37 MB ( 92%) used,   104.28 KB (  7%) free+waste,    10.19 KB ( <1%) overhead. 
       Both:     13.97 MB capacity,    13.70 MB ( 98%) used,   249.20 KB (  2%) free+waste,    31.75 KB ( <1%) overhead. 

Virtual space:
  Non-class space:       34.00 MB reserved,      12.50 MB ( 37%) committed 
      Class space:        1.00 GB reserved,       1.50 MB ( <1%) committed 
             Both:        1.03 GB reserved,      14.00 MB (  1%) committed 

Chunk freelists:
   Non-Class:  1.38 KB
       Class:  2.38 KB
        Both:  3.75 KB

CodeHeap 'non-profiled nmethods': size=120000Kb used=417Kb max_used=417Kb free=119582Kb
 bounds [0x000001ec9a030000, 0x000001ec9a2a0000, 0x000001eca1560000]
CodeHeap 'profiled nmethods': size=120000Kb used=2110Kb max_used=2110Kb free=117889Kb
 bounds [0x000001ec92b00000, 0x000001ec92d70000, 0x000001ec9a030000]
CodeHeap 'non-nmethods': size=5760Kb used=1083Kb max_used=1097Kb free=4676Kb
 bounds [0x000001ec92560000, 0x000001ec927d0000, 0x000001ec92b00000]
 total_blobs=1545 nmethods=1152 adapters=305
 compilation: enabled
              stopped_count=0, restarted_count=0
 full_count=0

Compilation events (10 events):
Event: 0.506 Thread 0x000001ecae70b000 1148       3       sun.reflect.generics.tree.SimpleClassTypeSignature::make (11 bytes)
Event: 0.506 Thread 0x000001ecae70b000 nmethod 1148 0x000001ec92d0a790 code [0x000001ec92d0a940, 0x000001ec92d0abf8]
Event: 0.506 Thread 0x000001ecae70b000 1149       3       sun.reflect.generics.tree.SimpleClassTypeSignature::<init> (20 bytes)
Event: 0.506 Thread 0x000001ecae70b000 nmethod 1149 0x000001ec92d0ad10 code [0x000001ec92d0aec0, 0x000001ec92d0b0f8]
Event: 0.506 Thread 0x000001ecae70b000 1151       3       sun.reflect.generics.parser.SignatureParser::parsePackageNameAndSimpleClassTypeSignature (119 bytes)
Event: 0.507 Thread 0x000001ecae70b000 nmethod 1151 0x000001ec92d0b190 code [0x000001ec92d0b4c0, 0x000001ec92d0c5a8]
Event: 0.507 Thread 0x000001ecae70b000 1150       3       sun.reflect.generics.parser.SignatureParser::parseClassTypeSignature (118 bytes)
Event: 0.507 Thread 0x000001ecae70b000 nmethod 1150 0x000001ec92d0cb90 code [0x000001ec92d0cfa0, 0x000001ec92d0e898]
Event: 0.507 Thread 0x000001ecae70b000 1152       3       java.lang.StringBuilder::<init> (18 bytes)
Event: 0.507 Thread 0x000001ecae70b000 nmethod 1152 0x000001ec92d0f210 code [0x000001ec92d0f3e0, 0x000001ec92d0f6b8]

GC Heap History (6 events):
Event: 0.411 GC heap before
{Heap before GC invocations=0 (full 0):
 garbage-first heap   total 258048K, used 24576K [0x00000004d8400000, 0x00000005d3e00000)
  region size 1024K, 24 young (24576K), 0 survivors (0K)
 Metaspace       used 11608K, capacity 11846K, committed 12032K, reserved 1060864K
  class space    used 1122K, capacity 1183K, committed 1280K, reserved 1048576K
}
Event: 0.414 GC heap after
{Heap after GC invocations=1 (full 0):
 garbage-first heap   total 258048K, used 6707K [0x00000004d8400000, 0x00000005d3e00000)
  region size 1024K, 3 young (3072K), 3 survivors (3072K)
 Metaspace       used 11608K, capacity 11846K, committed 12032K, reserved 1060864K
  class space    used 1122K, capacity 1183K, committed 1280K, reserved 1048576K
}
Event: 0.488 GC heap before
{Heap before GC invocations=1 (full 0):
 garbage-first heap   total 258048K, used 13875K [0x00000004d8400000, 0x00000005d3e00000)
  region size 1024K, 11 young (11264K), 3 survivors (3072K)
 Metaspace       used 13186K, capacity 13437K, committed 13568K, reserved 1067008K
  class space    used 1331K, capacity 1419K, committed 1536K, reserved 1048576K
}
Event: 0.490 GC heap after
{Heap after GC invocations=2 (full 0):
 garbage-first heap   total 258048K, used 7183K [0x00000004d8400000, 0x00000005d3e00000)
  region size 1024K, 4 young (4096K), 4 survivors (4096K)
 Metaspace       used 13186K, capacity 13437K, committed 13568K, reserved 1067008K
  class space    used 1331K, capacity 1419K, committed 1536K, reserved 1048576K
}
Event: 0.510 GC heap before
{Heap before GC invocations=3 (full 0):
 garbage-first heap   total 258048K, used 9231K [0x00000004d8400000, 0x00000005d3e00000)
  region size 1024K, 7 young (7168K), 4 survivors (4096K)
 Metaspace       used 14025K, capacity 14306K, committed 14336K, reserved 1081344K
  class space    used 1402K, capacity 1517K, committed 1536K, reserved 1048576K
}
Event: 0.512 GC heap after
{Heap after GC invocations=4 (full 0):
 garbage-first heap   total 258048K, used 7279K [0x00000004d8400000, 0x00000005d3e00000)
  region size 1024K, 1 young (1024K), 1 survivors (1024K)
 Metaspace       used 14025K, capacity 14306K, committed 14336K, reserved 1081344K
  class space    used 1402K, capacity 1517K, committed 1536K, reserved 1048576K
}

Deoptimization events (10 events):
Event: 0.232 Thread 0x000001ec8ae81800 Uncommon trap: reason=unstable_if action=reinterpret pc=0x000001ec9a04b058 method=java.lang.AbstractStringBuilder.isLatin1()Z @ 10 c2
Event: 0.232 Thread 0x000001ec8ae81800 Uncommon trap: reason=unstable_if action=reinterpret pc=0x000001ec9a0534f0 method=java.lang.String.getBytes([BIB)V @ 5 c2
Event: 0.264 Thread 0x000001ec8ae81800 Uncommon trap: reason=unstable_if action=reinterpret pc=0x000001ec9a043064 method=java.lang.StringLatin1.canEncode(I)Z @ 4 c2
Event: 0.264 Thread 0x000001ec8ae81800 Uncommon trap: reason=unstable_if action=reinterpret pc=0x000001ec9a0448d0 method=java.lang.AbstractStringBuilder.isLatin1()Z @ 10 c2
Event: 0.270 Thread 0x000001ec8ae81800 Uncommon trap: reason=unstable_if action=reinterpret pc=0x000001ec9a042734 method=java.lang.StringLatin1.canEncode(I)Z @ 4 c2
Event: 0.291 Thread 0x000001ec8ae81800 Uncommon trap: reason=unstable_if action=reinterpret pc=0x000001ec9a0453e0 method=java.io.WinNTFileSystem.isSlash(C)Z @ 9 c2
Event: 0.292 Thread 0x000001ec8ae81800 Uncommon trap: reason=unstable_if action=reinterpret pc=0x000001ec9a05bee8 method=java.util.jar.JarFile.checkForSpecialAttributes()V @ 4 c2
Event: 0.431 Thread 0x000001ecaf68c800 Uncommon trap: reason=speculate_null_assert action=make_not_entrant pc=0x000001ec9a05c390 method=jdk.internal.loader.URLClassPath.getLoader(I)Ljdk/internal/loader/URLClassPath$Loader; @ 41 c2
Event: 0.432 Thread 0x000001ecaf68c800 Uncommon trap: reason=unstable_if action=reinterpret pc=0x000001ec9a075ca0 method=java.io.WinNTFileSystem.normalize(Ljava/lang/String;)Ljava/lang/String; @ 128 c2
Event: 0.474 Thread 0x000001ecaf68c800 Uncommon trap: reason=unstable_if action=reinterpret pc=0x000001ec9a057804 method=java.lang.StringUTF16.compress([CI[BII)I @ 20 c2

Classes redefined (0 events):
No events

Internal exceptions (10 events):
Event: 0.232 Thread 0x000001ec8ae81800 Exception <a 'java/io/FileNotFoundException'{0x00000004e753a0d0}> (0x00000004e753a0d0) thrown at [./open/src/hotspot/share/prims/jni.cpp, line 611]
Event: 0.301 Thread 0x000001ec8ae81800 Exception <a 'java/lang/NoSuchMethodError'{0x00000004e71ba730}: java.lang.invoke.DirectMethodHandle$Holder.invokeSpecialIFC(Ljava/lang/Object;Ljava/lang/Object;Ljava/lang/Object;Ljava/lang/Object;)Ljava/lang/Object;> (0x00000004e71ba730) thrown at [./open
Event: 0.314 Thread 0x000001ec8ae81800 Exception <a 'java/lang/NoSuchMethodError'{0x00000004e70c0630}: java.lang.invoke.DirectMethodHandle$Holder.invokeStaticInit(Ljava/lang/Object;Ljava/lang/Object;)I> (0x00000004e70c0630) thrown at [./open/src/hotspot/share/interpreter/linkResolver.cpp, line
Event: 0.349 Thread 0x000001ec8ae81800 Exception <a 'java/lang/NoSuchMethodError'{0x00000004e6dbb110}: java.lang.invoke.DirectMethodHandle$Holder.invokeStaticInit(Ljava/lang/Object;Ljava/lang/Object;Ljava/lang/Object;)I> (0x00000004e6dbb110) thrown at [./open/src/hotspot/share/interpreter/link
Event: 0.357 Thread 0x000001ec8ae81800 Exception <a 'java/lang/NoSuchMethodError'{0x00000004e6c413e8}: java.lang.invoke.DirectMethodHandle$Holder.invokeSpecial(Ljava/lang/Object;Ljava/lang/Object;)V> (0x00000004e6c413e8) thrown at [./open/src/hotspot/share/interpreter/linkResolver.cpp, line 77
Event: 0.359 Thread 0x000001ec8ae81800 Exception <a 'java/lang/NoSuchMethodError'{0x00000004e6c79520}: java.lang.invoke.DirectMethodHandle$Holder.invokeStaticInit(Ljava/lang/Object;Ljava/lang/Object;Ljava/lang/Object;)Ljava/lang/Object;> (0x00000004e6c79520) thrown at [./open/src/hotspot/share
Event: 0.429 Thread 0x000001ecaf18d800 Exception <a 'java/lang/NoSuchMethodError'{0x00000004e7ed2470}: org.slf4j.impl.StaticMDCBinder.getSingleton()Lorg/slf4j/impl/StaticMDCBinder;> (0x00000004e7ed2470) thrown at [./open/src/hotspot/share/interpreter/linkResolver.cpp, line 772]
Event: 0.461 Thread 0x000001ecaf68c800 Exception <a 'java/lang/NoSuchMethodError'{0x00000004e7b784a0}: java.lang.invoke.DirectMethodHandle$Holder.invokeInterface(Ljava/lang/Object;Ljava/lang/Object;Ljava/lang/Object;)Ljava/lang/Object;> (0x00000004e7b784a0) thrown at [./open/src/hotspot/share/
Event: 0.462 Thread 0x000001ecaf68c800 Exception <a 'java/lang/IncompatibleClassChangeError'{0x00000004e7b7b180}: Found class java.lang.Object, but interface was expected> (0x00000004e7b7b180) thrown at [./open/src/hotspot/share/interpreter/linkResolver.cpp, line 838]
Event: 0.474 Thread 0x000001ecaf68c800 Exception <a 'java/io/FileNotFoundException'{0x00000004e7a8b828}> (0x00000004e7a8b828) thrown at [./open/src/hotspot/share/prims/jni.cpp, line 611]

Events (10 events):
Event: 0.509 loading class java/time/chrono/AbstractChronology done
Event: 0.509 loading class java/time/chrono/IsoChronology done
Event: 0.509 loading class java/time/format/DateTimeFormatterBuilder$CompositePrinterParser
Event: 0.509 loading class java/time/format/DateTimeFormatterBuilder$CompositePrinterParser done
Event: 0.509 loading class java/time/format/DecimalStyle
Event: 0.510 loading class java/time/format/DecimalStyle done
Event: 0.510 loading class java/time/format/DateTimeFormatterBuilder$SettingsParser
Event: 0.510 loading class java/time/format/DateTimeFormatterBuilder$SettingsParser done
Event: 0.510 loading class java/time/format/DateTimeFormatterBuilder$OffsetIdPrinterParser
Event: 0.510 Executing VM operation: CollectForMetadataAllocation


Dynamic libraries:
0x00007ff72c7a0000 - 0x00007ff72c7b0000 	C:\Program Files\Java\jdk-11\bin\java.exe
0x00007ffc874b0000 - 0x00007ffc876c7000 	C:\windows\SYSTEM32\ntdll.dll
0x00007ffc85860000 - 0x00007ffc85924000 	C:\windows\System32\KERNEL32.DLL
0x00007ffc84bb0000 - 0x00007ffc84f5d000 	C:\windows\System32\KERNELBASE.dll
0x00007ffc850d0000 - 0x00007ffc851e1000 	C:\windows\System32\ucrtbase.dll
0x00007ffc80d70000 - 0x00007ffc80d8b000 	C:\Program Files\Java\jdk-11\bin\VCRUNTIME140.dll
0x00007ffc74ef0000 - 0x00007ffc74f09000 	C:\Program Files\Java\jdk-11\bin\jli.dll
0x00007ffc865d0000 - 0x00007ffc86682000 	C:\windows\System32\ADVAPI32.dll
0x00007ffc857b0000 - 0x00007ffc85857000 	C:\windows\System32\msvcrt.dll
0x00007ffc85700000 - 0x00007ffc857a9000 	C:\windows\System32\sechost.dll
0x00007ffc847e0000 - 0x00007ffc84808000 	C:\windows\System32\bcrypt.dll
0x00007ffc855e0000 - 0x00007ffc856f4000 	C:\windows\System32\RPCRT4.dll
0x00007ffc85430000 - 0x00007ffc855de000 	C:\windows\System32\USER32.dll
0x00007ffc849a0000 - 0x00007ffc849c6000 	C:\windows\System32\win32u.dll
0x00007ffc851f0000 - 0x00007ffc85219000 	C:\windows\System32\GDI32.dll
0x00007ffc69700000 - 0x00007ffc69993000 	C:\windows\WinSxS\amd64_microsoft.windows.common-controls_6595b64144ccf1df_6.0.22621.3672_none_2713b9d173822955\COMCTL32.dll
0x00007ffc84880000 - 0x00007ffc84999000 	C:\windows\System32\gdi32full.dll
0x00007ffc849d0000 - 0x00007ffc84a6a000 	C:\windows\System32\msvcp_win.dll
0x00007ffc79370000 - 0x00007ffc7937a000 	C:\windows\SYSTEM32\VERSION.dll
0x00007ffc867a0000 - 0x00007ffc867d1000 	C:\windows\System32\IMM32.DLL
0x00007ffc74ee0000 - 0x00007ffc74eec000 	C:\Program Files\Java\jdk-11\bin\vcruntime140_1.dll
0x00007ffc745b0000 - 0x00007ffc7463e000 	C:\Program Files\Java\jdk-11\bin\msvcp140.dll
0x00007ffc2d2b0000 - 0x00007ffc2de0e000 	C:\Program Files\Java\jdk-11\bin\server\jvm.dll
0x00007ffc869b0000 - 0x00007ffc869b8000 	C:\windows\System32\PSAPI.DLL
0x00007ffc779d0000 - 0x00007ffc77a04000 	C:\windows\SYSTEM32\WINMM.dll
0x00007ffc75630000 - 0x00007ffc75639000 	C:\windows\SYSTEM32\WSOCK32.dll
0x00007ffc863e0000 - 0x00007ffc86451000 	C:\windows\System32\WS2_32.dll
0x00007ffc83820000 - 0x00007ffc83838000 	C:\windows\SYSTEM32\kernel.appcore.dll
0x00007ffc74ed0000 - 0x00007ffc74ee0000 	C:\Program Files\Java\jdk-11\bin\verify.dll
0x00007ffc75a70000 - 0x00007ffc75ca2000 	C:\windows\SYSTEM32\DBGHELP.DLL
0x00007ffc85f60000 - 0x00007ffc862e8000 	C:\windows\System32\combase.dll
0x00007ffc85980000 - 0x00007ffc85a57000 	C:\windows\System32\OLEAUT32.dll
0x00007ffc75560000 - 0x00007ffc75592000 	C:\windows\SYSTEM32\dbgcore.DLL
0x00007ffc84a70000 - 0x00007ffc84aeb000 	C:\windows\System32\bcryptPrimitives.dll
0x00007ffc74960000 - 0x00007ffc74988000 	C:\Program Files\Java\jdk-11\bin\java.dll
0x00007ffc74ec0000 - 0x00007ffc74eca000 	C:\Program Files\Java\jdk-11\bin\jimage.dll
0x00007ffc749c0000 - 0x00007ffc749ce000 	C:\Program Files\Java\jdk-11\bin\instrument.dll
0x00007ffc6d0d0000 - 0x00007ffc6d0e7000 	C:\Program Files\Java\jdk-11\bin\zip.dll
0x00007ffc86c00000 - 0x00007ffc8745f000 	C:\windows\System32\SHELL32.dll
0x00007ffc826e0000 - 0x00007ffc82fdc000 	C:\windows\SYSTEM32\windows.storage.dll
0x00007ffc825a0000 - 0x00007ffc826df000 	C:\windows\SYSTEM32\wintypes.dll
0x00007ffc866a0000 - 0x00007ffc86794000 	C:\windows\System32\SHCORE.dll
0x00007ffc862f0000 - 0x00007ffc8634e000 	C:\windows\System32\shlwapi.dll
0x00007ffc84710000 - 0x00007ffc84731000 	C:\windows\SYSTEM32\profapi.dll
0x00007ffc6d0b0000 - 0x00007ffc6d0c9000 	C:\Program Files\Java\jdk-11\bin\net.dll
0x00007ffc7f770000 - 0x00007ffc7f8a6000 	C:\windows\SYSTEM32\WINHTTP.dll
0x00007ffc83d20000 - 0x00007ffc83d89000 	C:\windows\system32\mswsock.dll
0x00007ffc6d090000 - 0x00007ffc6d0a2000 	C:\Program Files\Java\jdk-11\bin\nio.dll
0x00007ffc6d070000 - 0x00007ffc6d08a000 	C:\Users\user\Desktop\course\intelij\ideaIC-2024.1.4.win\bin\breakgen64.dll
0x00007ffc6d060000 - 0x00007ffc6d069000 	C:\Program Files\Java\jdk-11\bin\management.dll
0x00007ffc6d050000 - 0x00007ffc6d05b000 	C:\Program Files\Java\jdk-11\bin\management_ext.dll

dbghelp: loaded successfully - version: 4.0.5 - missing functions: none
symbol engine: initialized successfully - sym options: 0x614 - pdb path: .;C:\Program Files\Java\jdk-11\bin;C:\windows\SYSTEM32;C:\windows\WinSxS\amd64_microsoft.windows.common-controls_6595b64144ccf1df_6.0.22621.3672_none_2713b9d173822955;C:\Program Files\Java\jdk-11\bin\server;C:\Users\user\Desktop\course\intelij\ideaIC-2024.1.4.win\bin

VM Arguments:
jvm_args: -javaagent:C:\Users\user\Desktop\course\intelij\ideaIC-2024.1.4.win\lib\idea_rt.jar=61818:C:\Users\user\Desktop\course\intelij\ideaIC-2024.1.4.win\bin -Dfile.encoding=UTF-8 
java_command: com.example.jpa.BootJpaApplication
java_class_path (initial): C:\Users\user\Desktop\course\spring\Spring\BootJpa\out\production\classes;C:\Users\user\Desktop\course\spring\Spring\BootJpa\out\production\resources;C:\Users\user\.gradle\caches\modules-2\files-2.1\org.springframework.boot\spring-boot-starter-data-jpa\2.7.18\ffc6aa225da2a9987238ad88ae4550e5ee68da61\spring-boot-starter-data-jpa-2.7.18.jar;C:\Users\user\.gradle\caches\modules-2\files-2.1\org.springframework.boot\spring-boot-starter-thymeleaf\2.7.18\c87a27e30720c43372ceb0476b5b00c6f5296df3\spring-boot-starter-thymeleaf-2.7.18.jar;C:\Users\user\.gradle\caches\modules-2\files-2.1\org.springframework.boot\spring-boot-starter-web\2.7.18\dd62ea85098187b4604e78dc15a7ff87dba173d\spring-boot-starter-web-2.7.18.jar;C:\Users\user\.gradle\caches\modules-2\files-2.1\org.springframework.boot\spring-boot-starter-aop\2.7.18\8669fae56877e44bd26e35f641e0233bebe9239c\spring-boot-starter-aop-2.7.18.jar;C:\Users\user\.gradle\caches\modules-2\files-2.1\org.springframework.boot\spring-boot-starter-jdbc\2.7.18\693aef24c422fbaa4ebb85db0f4491772edcd3dc\spring-boot-starter-jdbc-2.7.18.jar;C:\Users\user\.gradle\caches\modules-2\files-2.1\jakarta.transaction\jakarta.transaction-api\1.3.3\c4179d48720a1e87202115fbed6089bdc4195405\jakarta.transaction-api-1.3.3.jar;C:\Users\user\.gradle\caches\modules-2\files-2.1\jakarta.persistence\jakarta.persistence-api\2.2.3\8f6ea5daedc614f07a3654a455660145286f024e\jakarta.persistence-api-2.2.3.jar;C:\Users\user\.gradle\caches\modules-2\files-2.1\org.hibernate\hibernate-core\5.6.15.Final\ab14b7cef1fdff654ca81923048a6034d6c7cfa7\hibernate-core-5.6.15.Final.jar;C:\Users\user\.gradle\caches\modules-2\files-2.1\org.springframework.data\spring-data-jpa\2.7.18\ad78adb26ea2e4f11589aa73c7b3eb473a16078c\spring-data-jpa-2.7.18.jar;C:\Users\user\.gradle\caches\modules-2\files-2.1\org.springframework\spring-aspects\5.3.31\9bd8e781e08e1b02a78e867913b96bccd2bc5798\spring-aspects-5.3.31.jar;C:\Users\user\.gradle\caches\modules-2\files-2.1\org.sprin
Launcher Type: SUN_STANDARD

[Global flags]
     intx CICompilerCount                          = 4                                         {product} {ergonomic}
     uint ConcGCThreads                            = 3                                         {product} {ergonomic}
     uint G1ConcRefinementThreads                  = 10                                        {product} {ergonomic}
   size_t G1HeapRegionSize                         = 1048576                                   {product} {ergonomic}
    uintx GCDrainStackTargetSize                   = 64                                        {product} {ergonomic}
   size_t InitialHeapSize                          = 264241152                                 {product} {ergonomic}
   size_t MarkStackSize                            = 4194304                                   {product} {ergonomic}
   size_t MaxHeapSize                              = 4221566976                                {product} {ergonomic}
   size_t MaxNewSize                               = 2532311040                                {product} {ergonomic}
   size_t MinHeapDeltaBytes                        = 1048576                                   {product} {ergonomic}
    uintx NonNMethodCodeHeapSize                   = 5836300                                {pd product} {ergonomic}
    uintx NonProfiledCodeHeapSize                  = 122910970                              {pd product} {ergonomic}
    uintx ProfiledCodeHeapSize                     = 122910970                              {pd product} {ergonomic}
    uintx ReservedCodeCacheSize                    = 251658240                              {pd product} {ergonomic}
     bool SegmentedCodeCache                       = true                                      {product} {ergonomic}
     bool UseCompressedClassPointers               = true                                 {lp64_product} {ergonomic}
     bool UseCompressedOops                        = true                                 {lp64_product} {ergonomic}
     bool UseG1GC                                  = true                                      {product} {ergonomic}
     bool UseLargePagesIndividualAllocation        = false                                  {pd product} {ergonomic}

Logging:
Log output configuration:
 #0: stdout all=warning uptime,level,tags
 #1: stderr all=off uptime,level,tags

Environment Variables:
PATH=C:\oraclexe\app\oracle\product\11.2.0\server\bin;;C:\Program Files\Common Files\Oracle\Java\javapath;C:\Program Files\Eclipse Adoptium\jdk-21.0.3.9-hotspot\bin;C:\windows\system32;C:\windows;C:\windows\System32\Wbem;C:\windows\System32\WindowsPowerShell\v1.0\;C:\windows\System32\OpenSSH\;C:\Program Files\Bandizip\;C:\Program Files\Git\cmd;C:\Users\user\AppData\Local\Microsoft\WindowsApps;C:\Users\user\AppData\Local\Programs\Microsoft VS Code\bin
USERNAME=user
OS=Windows_NT
PROCESSOR_IDENTIFIER=Intel64 Family 6 Model 151 Stepping 2, GenuineIntel



---------------  S Y S T E M  ---------------

OS: Windows 11 , 64 bit Build 22621 (10.0.22621.3672)
Hyper-V role detected

CPU:total 12 (initial active 12) (6 cores per cpu, 2 threads per core) family 6 model 151 stepping 2 microcode 0x1e, cmov, cx8, fxsr, mmx, sse, sse2, sse3, ssse3, sse4.1, sse4.2, popcnt, avx, avx2, aes, clmul, erms, 3dnowpref, lzcnt, ht, tsc, tscinvbit, bmi1, bmi2, adx, sha, fma

Memory: 4k page, system-wide physical 16099M (1986M free)
TotalPageFile size 44470M (AvailPageFile size 5M)
current process WorkingSet (physical memory assigned to process): 96M, peak: 96M
current process commit charge ("private bytes"): 361M, peak: 362M

vm_info: Java HotSpot(TM) 64-Bit Server VM (11.0.23+7-LTS-222) for windows-amd64 JRE (11.0.23+7-LTS-222), built on Mar 11 2024 22:13:52 by "mach5one" with MS VC++ 17.6 (VS2022)

END.
