#
# There is insufficient memory for the Java Runtime Environment to continue.
# Native memory allocation (malloc) failed to allocate 1048576 bytes for AllocateHeap
# Possible reasons:
#   The system is out of physical RAM or swap space
#   The process is running with CompressedOops enabled, and the Java Heap may be blocking the growth of the native heap
# Possible solutions:
#   Reduce memory load on the system
#   Increase physical memory or swap space
#   Check if swap backing store is full
#   Decrease Java heap size (-Xmx/-Xms)
#   Decrease number of Java threads
#   Decrease Java thread stack sizes (-Xss)
#   Set larger code cache with -XX:ReservedCodeCacheSize=
#   JVM is running with Zero Based Compressed Oops mode in which the Java heap is
#     placed in the first 32GB address space. The Java Heap base address is the
#     maximum limit for the native heap growth. Please use -XX:HeapBaseMinAddress
#     to set the Java Heap base and to place the Java Heap above 32GB virtual address.
# This output file may be truncated or incomplete.
#
#  Out of Memory Error (./open/src/hotspot/share/memory/allocation.cpp:46), pid=18940, tid=13468
#
# JRE version: Java(TM) SE Runtime Environment 18.9 (11.0.23+7) (build 11.0.23+7-LTS-222)
# Java VM: Java HotSpot(TM) 64-Bit Server VM 18.9 (11.0.23+7-LTS-222, mixed mode, tiered, compressed oops, g1 gc, windows-amd64)
# No core dump will be written. Minidumps are not enabled by default on client versions of Windows
#

---------------  S U M M A R Y ------------

Command Line: -javaagent:C:\Users\user\Desktop\course\intelij\ideaIC-2024.1.4.win\lib\idea_rt.jar=58874:C:\Users\user\Desktop\course\intelij\ideaIC-2024.1.4.win\bin -Dfile.encoding=UTF-8 com.coding404.myweb.BootMyWebApplication

Host: 12th Gen Intel(R) Core(TM) i5-12400, 12 cores, 15G,  Windows 11 , 64 bit Build 22621 (10.0.22621.3672)
Time: Fri Aug  9 15:16:55 2024  Windows 11 , 64 bit Build 22621 (10.0.22621.3672) elapsed time: 105.732860 seconds (0d 0h 1m 45s)

---------------  T H R E A D  ---------------

Current thread (0x0000029d7ff9b800):  VMThread "VM Thread" [stack: 0x000000bd16000000,0x000000bd16100000] [id=13468]

Stack: [0x000000bd16000000,0x000000bd16100000]
[error occurred during error reporting (printing stack bounds), id 0xc0000005, EXCEPTION_ACCESS_VIOLATION (0xc0000005) at pc=0x0000029d00000f2d]

Native frames: (J=compiled Java code, j=interpreted, Vv=VM code, C=native code)
V  [jvm.dll+0x65524a]
V  [jvm.dll+0x79646f]
V  [jvm.dll+0x797b39]
V  [jvm.dll+0x798145]
V  [jvm.dll+0x7980fb]
V  [jvm.dll+0x65475d]
V  [jvm.dll+0x654e48]
C  [ntdll.dll+0xa504f]
C  [ntdll.dll+0x1e866]
C  [ntdll.dll+0xa403e]
C  0x0000029d00000f2d

VM_Operation (0x000000bd158fef40): G1CollectFull, mode: safepoint, requested by thread 0x0000029d1a881800


---------------  P R O C E S S  ---------------

Threads class SMR info:
_java_thread_list=0x0000029d185879d0, length=15, elements={
0x0000029d7ff9e000, 0x0000029d13792800, 0x0000029d137ff000, 0x0000029d13801000,
0x0000029d13802000, 0x0000029d13809000, 0x0000029d1380b000, 0x0000029d13815000,
0x0000029d13975800, 0x0000029d13b1a000, 0x0000029d17e2d000, 0x0000029d19962800,
0x0000029d1a881000, 0x0000029d1823a800, 0x0000029d1a881800
}

Java Threads: ( => current thread )
  0x0000029d7ff9e000 JavaThread "Reference Handler" daemon [_thread_blocked, id=9000, stack(0x000000bd16100000,0x000000bd16200000)]
  0x0000029d13792800 JavaThread "Finalizer" daemon [_thread_blocked, id=19492, stack(0x000000bd16200000,0x000000bd16300000)]
  0x0000029d137ff000 JavaThread "Signal Dispatcher" daemon [_thread_blocked, id=5564, stack(0x000000bd16300000,0x000000bd16400000)]
  0x0000029d13801000 JavaThread "Attach Listener" daemon [_thread_blocked, id=17648, stack(0x000000bd16400000,0x000000bd16500000)]
  0x0000029d13802000 JavaThread "Service Thread" daemon [_thread_blocked, id=6156, stack(0x000000bd16500000,0x000000bd16600000)]
  0x0000029d13809000 JavaThread "C2 CompilerThread0" daemon [_thread_blocked, id=9088, stack(0x000000bd16600000,0x000000bd16700000)]
  0x0000029d1380b000 JavaThread "C1 CompilerThread0" daemon [_thread_blocked, id=20392, stack(0x000000bd16700000,0x000000bd16800000)]
  0x0000029d13815000 JavaThread "Sweeper thread" daemon [_thread_blocked, id=14304, stack(0x000000bd16800000,0x000000bd16900000)]
  0x0000029d13975800 JavaThread "Common-Cleaner" daemon [_thread_blocked, id=11844, stack(0x000000bd16900000,0x000000bd16a00000)]
  0x0000029d13b1a000 JavaThread "Monitor Ctrl-Break" daemon [_thread_in_native, id=14764, stack(0x000000bd16b00000,0x000000bd16c00000)]
  0x0000029d17e2d000 JavaThread "mysql-cj-abandoned-connection-cleanup" daemon [_thread_blocked, id=21244, stack(0x000000bd17c00000,0x000000bd17d00000)]
  0x0000029d19962800 JavaThread "Live Reload Server" daemon [_thread_in_native, id=17692, stack(0x000000bd17f00000,0x000000bd18000000)]
  0x0000029d1a881000 JavaThread "DestroyJavaVM" [_thread_blocked, id=12612, stack(0x000000bd15a00000,0x000000bd15b00000)]
  0x0000029d1823a800 JavaThread "C2 CompilerThread1" daemon [_thread_blocked, id=7748, stack(0x000000bd15700000,0x000000bd15800000)]
  0x0000029d1a881800 JavaThread "Thread-5" [_thread_blocked, id=9336, stack(0x000000bd15800000,0x000000bd15900000)]

Other Threads:
=>0x0000029d7ff9b800 VMThread "VM Thread" [stack: 0x000000bd16000000,0x000000bd16100000] [id=13468]
  0x0000029d13b1b000 WatcherThread [stack: 0x000000bd16c00000,0x000000bd16d00000] [id=9384]
  0x0000029d6ff31000 GCTaskThread "GC Thread#0" [stack: 0x000000bd15b00000,0x000000bd15c00000] [id=18668]
  0x0000029d14141800 GCTaskThread "GC Thread#1" [stack: 0x000000bd16d00000,0x000000bd16e00000] [id=12568]
  0x0000029d148ce800 GCTaskThread "GC Thread#2" [stack: 0x000000bd16e00000,0x000000bd16f00000] [id=14140]
  0x0000029d14604800 GCTaskThread "GC Thread#3" [stack: 0x000000bd16f00000,0x000000bd17000000] [id=3140]
  0x0000029d14245000 GCTaskThread "GC Thread#4" [stack: 0x000000bd17000000,0x000000bd17100000] [id=20760]
  0x0000029d141c6800 GCTaskThread "GC Thread#5" [stack: 0x000000bd17100000,0x000000bd17200000] [id=7104]
  0x0000029d14757800 GCTaskThread "GC Thread#6" [stack: 0x000000bd17600000,0x000000bd17700000] [id=11968]
  0x0000029d147c7000 GCTaskThread "GC Thread#7" [stack: 0x000000bd17700000,0x000000bd17800000] [id=9904]
  0x0000029d6ff8d800 ConcurrentGCThread "G1 Main Marker" [stack: 0x000000bd15c00000,0x000000bd15d00000] [id=18860]
  0x0000029d6ff8f800 ConcurrentGCThread "G1 Conc#0" [stack: 0x000000bd15d00000,0x000000bd15e00000] [id=14524]
  0x0000029d14110000 ConcurrentGCThread "G1 Conc#1" [stack: 0x000000bd17800000,0x000000bd17900000] [id=12156]
  0x0000029d145b6000 ConcurrentGCThread "G1 Conc#2" [stack: 0x000000bd17900000,0x000000bd17a00000] [id=4668]
  0x0000029d7fe7b800 ConcurrentGCThread "G1 Refine#0" [stack: 0x000000bd15e00000,0x000000bd15f00000] [id=18992]
  0x0000029d7fe7c800 ConcurrentGCThread "G1 Young RemSet Sampling" [stack: 0x000000bd15f00000,0x000000bd16000000] [id=16168]

Threads with active compile tasks:
C1 CompilerThread0   105740 5581       3       com.sun.crypto.provider.CipherCore::finalNoPadding (189 bytes)

VM state:at safepoint (normal execution)

VM Mutex/Monitor currently owned by a thread:  ([mutex/lock_event])
[0x0000029d6ff17de0] Threads_lock - owner thread: 0x0000029d7ff9b800
[0x0000029d6ff17c30] Heap_lock - owner thread: 0x0000029d1a881800

Heap address: 0x0000000704600000, size: 4026 MB, Compressed Oops mode: Zero based, Oop shift amount: 3
Narrow klass base: 0x0000000800000000, Narrow klass shift: 0
Compressed class space size: 1073741824 Address: 0x0000000800000000

Heap:
 garbage-first heap   total 310272K, used 41513K [0x0000000704600000, 0x0000000800000000)
  region size 1024K, 31 young (31744K), 13 survivors (13312K)
 Metaspace       used 59206K, capacity 60684K, committed 60928K, reserved 1101824K
  class space    used 7070K, capacity 7668K, committed 7680K, reserved 1048576K
Heap Regions: E=young(eden), S=young(survivor), O=old, HS=humongous(starts), HC=humongous(continues), CS=collection set, F=free, A=archive, TAMS=top-at-mark-start (previous, next)
|   0|0x0000000704600000, 0x0000000704700000, 0x0000000704700000|100%| O|  |TAMS 0x0000000704700000, 0x0000000704600000| Untracked 
|   1|0x0000000704700000, 0x0000000704800000, 0x0000000704800000|100%| O|  |TAMS 0x0000000704800000, 0x0000000704700000| Untracked 
|   2|0x0000000704800000, 0x0000000704900000, 0x0000000704900000|100%| O|  |TAMS 0x0000000704900000, 0x0000000704800000| Untracked 
|   3|0x0000000704900000, 0x0000000704a00000, 0x0000000704a00000|100%| O|  |TAMS 0x0000000704a00000, 0x0000000704900000| Untracked 
|   4|0x0000000704a00000, 0x0000000704b00000, 0x0000000704b00000|100%| O|  |TAMS 0x0000000704b00000, 0x0000000704a00000| Untracked 
|   5|0x0000000704b00000, 0x0000000704c00000, 0x0000000704c00000|100%| O|  |TAMS 0x0000000704c00000, 0x0000000704b00000| Untracked 
|   6|0x0000000704c00000, 0x0000000704d00000, 0x0000000704d00000|100%| O|  |TAMS 0x0000000704d00000, 0x0000000704c00000| Untracked 
|   7|0x0000000704d00000, 0x0000000704e00000, 0x0000000704e00000|100%| O|  |TAMS 0x0000000704e00000, 0x0000000704d00000| Untracked 
|   8|0x0000000704e00000, 0x0000000704f00000, 0x0000000704f00000|100%| O|  |TAMS 0x0000000704f00000, 0x0000000704e00000| Untracked 
|   9|0x0000000704f00000, 0x0000000705000000, 0x0000000705000000|100%| O|  |TAMS 0x0000000705000000, 0x0000000704f00000| Untracked 
|  10|0x0000000705000000, 0x000000070508a400, 0x0000000705100000| 54%| O|  |TAMS 0x000000070508a400, 0x0000000705000000| Untracked 
|  11|0x0000000705100000, 0x0000000705100000, 0x0000000705200000|  0%| F|  |TAMS 0x0000000705100000, 0x0000000705100000| Untracked 
|  12|0x0000000705200000, 0x0000000705200000, 0x0000000705300000|  0%| F|  |TAMS 0x0000000705200000, 0x0000000705200000| Untracked 
|  13|0x0000000705300000, 0x0000000705300000, 0x0000000705400000|  0%| F|  |TAMS 0x0000000705300000, 0x0000000705300000| Untracked 
|  14|0x0000000705400000, 0x0000000705400000, 0x0000000705500000|  0%| F|  |TAMS 0x0000000705400000, 0x0000000705400000| Untracked 
|  15|0x0000000705500000, 0x0000000705500000, 0x0000000705600000|  0%| F|  |TAMS 0x0000000705500000, 0x0000000705500000| Untracked 
|  16|0x0000000705600000, 0x0000000705600000, 0x0000000705700000|  0%| F|  |TAMS 0x0000000705600000, 0x0000000705600000| Untracked 
|  17|0x0000000705700000, 0x0000000705700000, 0x0000000705800000|  0%| F|  |TAMS 0x0000000705700000, 0x0000000705700000| Untracked 
|  18|0x0000000705800000, 0x0000000705800000, 0x0000000705900000|  0%| F|  |TAMS 0x0000000705800000, 0x0000000705800000| Untracked 
|  19|0x0000000705900000, 0x0000000705900000, 0x0000000705a00000|  0%| F|  |TAMS 0x0000000705900000, 0x0000000705900000| Untracked 
|  20|0x0000000705a00000, 0x0000000705a00000, 0x0000000705b00000|  0%| F|  |TAMS 0x0000000705a00000, 0x0000000705a00000| Untracked 
|  21|0x0000000705b00000, 0x0000000705b00000, 0x0000000705c00000|  0%| F|  |TAMS 0x0000000705b00000, 0x0000000705b00000| Untracked 
|  22|0x0000000705c00000, 0x0000000705c00000, 0x0000000705d00000|  0%| F|  |TAMS 0x0000000705c00000, 0x0000000705c00000| Untracked 
|  23|0x0000000705d00000, 0x0000000705d00000, 0x0000000705e00000|  0%| F|  |TAMS 0x0000000705d00000, 0x0000000705d00000| Untracked 
|  24|0x0000000705e00000, 0x0000000705e00000, 0x0000000705f00000|  0%| F|  |TAMS 0x0000000705e00000, 0x0000000705e00000| Untracked 
|  25|0x0000000705f00000, 0x0000000705f00000, 0x0000000706000000|  0%| F|  |TAMS 0x0000000705f00000, 0x0000000705f00000| Untracked 
|  26|0x0000000706000000, 0x0000000706000000, 0x0000000706100000|  0%| F|  |TAMS 0x0000000706000000, 0x0000000706000000| Untracked 
|  27|0x0000000706100000, 0x0000000706100000, 0x0000000706200000|  0%| F|  |TAMS 0x0000000706100000, 0x0000000706100000| Untracked 
|  28|0x0000000706200000, 0x0000000706200000, 0x0000000706300000|  0%| F|  |TAMS 0x0000000706200000, 0x0000000706200000| Untracked 
|  29|0x0000000706300000, 0x0000000706300000, 0x0000000706400000|  0%| F|  |TAMS 0x0000000706300000, 0x0000000706300000| Untracked 
|  30|0x0000000706400000, 0x0000000706400000, 0x0000000706500000|  0%| F|  |TAMS 0x0000000706400000, 0x0000000706400000| Untracked 
|  31|0x0000000706500000, 0x0000000706500000, 0x0000000706600000|  0%| F|  |TAMS 0x0000000706500000, 0x0000000706500000| Untracked 
|  32|0x0000000706600000, 0x0000000706600000, 0x0000000706700000|  0%| F|  |TAMS 0x0000000706600000, 0x0000000706600000| Untracked 
|  33|0x0000000706700000, 0x0000000706700000, 0x0000000706800000|  0%| F|  |TAMS 0x0000000706700000, 0x0000000706700000| Untracked 
|  34|0x0000000706800000, 0x0000000706800000, 0x0000000706900000|  0%| F|  |TAMS 0x0000000706800000, 0x0000000706800000| Untracked 
|  35|0x0000000706900000, 0x0000000706900000, 0x0000000706a00000|  0%| F|  |TAMS 0x0000000706900000, 0x0000000706900000| Untracked 
|  36|0x0000000706a00000, 0x0000000706a00000, 0x0000000706b00000|  0%| F|  |TAMS 0x0000000706a00000, 0x0000000706a00000| Untracked 
|  37|0x0000000706b00000, 0x0000000706b00000, 0x0000000706c00000|  0%| F|  |TAMS 0x0000000706b00000, 0x0000000706b00000| Untracked 
|  38|0x0000000706c00000, 0x0000000706c00000, 0x0000000706d00000|  0%| F|  |TAMS 0x0000000706c00000, 0x0000000706c00000| Untracked 
|  39|0x0000000706d00000, 0x0000000706d00000, 0x0000000706e00000|  0%| F|  |TAMS 0x0000000706d00000, 0x0000000706d00000| Untracked 
|  40|0x0000000706e00000, 0x0000000706e00000, 0x0000000706f00000|  0%| F|  |TAMS 0x0000000706e00000, 0x0000000706e00000| Untracked 
|  41|0x0000000706f00000, 0x0000000706f00000, 0x0000000707000000|  0%| F|  |TAMS 0x0000000706f00000, 0x0000000706f00000| Untracked 
|  42|0x0000000707000000, 0x0000000707000000, 0x0000000707100000|  0%| F|  |TAMS 0x0000000707000000, 0x0000000707000000| Untracked 
|  43|0x0000000707100000, 0x0000000707100000, 0x0000000707200000|  0%| F|  |TAMS 0x0000000707100000, 0x0000000707100000| Untracked 
|  44|0x0000000707200000, 0x0000000707200000, 0x0000000707300000|  0%| F|  |TAMS 0x0000000707200000, 0x0000000707200000| Untracked 
|  45|0x0000000707300000, 0x0000000707300000, 0x0000000707400000|  0%| F|  |TAMS 0x0000000707300000, 0x0000000707300000| Untracked 
|  46|0x0000000707400000, 0x0000000707400000, 0x0000000707500000|  0%| F|  |TAMS 0x0000000707400000, 0x0000000707400000| Untracked 
|  47|0x0000000707500000, 0x0000000707500000, 0x0000000707600000|  0%| F|  |TAMS 0x0000000707500000, 0x0000000707500000| Untracked 
|  48|0x0000000707600000, 0x0000000707600000, 0x0000000707700000|  0%| F|  |TAMS 0x0000000707600000, 0x0000000707600000| Untracked 
|  49|0x0000000707700000, 0x0000000707700000, 0x0000000707800000|  0%| F|  |TAMS 0x0000000707700000, 0x0000000707700000| Untracked 
|  50|0x0000000707800000, 0x0000000707800000, 0x0000000707900000|  0%| F|  |TAMS 0x0000000707800000, 0x0000000707800000| Untracked 
|  51|0x0000000707900000, 0x0000000707900000, 0x0000000707a00000|  0%| F|  |TAMS 0x0000000707900000, 0x0000000707900000| Untracked 
|  52|0x0000000707a00000, 0x0000000707a00000, 0x0000000707b00000|  0%| F|  |TAMS 0x0000000707a00000, 0x0000000707a00000| Untracked 
|  53|0x0000000707b00000, 0x0000000707b00000, 0x0000000707c00000|  0%| F|  |TAMS 0x0000000707b00000, 0x0000000707b00000| Untracked 
|  54|0x0000000707c00000, 0x0000000707c00000, 0x0000000707d00000|  0%| F|  |TAMS 0x0000000707c00000, 0x0000000707c00000| Untracked 
|  55|0x0000000707d00000, 0x0000000707d00000, 0x0000000707e00000|  0%| F|  |TAMS 0x0000000707d00000, 0x0000000707d00000| Untracked 
|  56|0x0000000707e00000, 0x0000000707e00000, 0x0000000707f00000|  0%| F|  |TAMS 0x0000000707e00000, 0x0000000707e00000| Untracked 
|  57|0x0000000707f00000, 0x0000000707f00000, 0x0000000708000000|  0%| F|  |TAMS 0x0000000707f00000, 0x0000000707f00000| Untracked 
|  58|0x0000000708000000, 0x0000000708000000, 0x0000000708100000|  0%| F|  |TAMS 0x0000000708000000, 0x0000000708000000| Untracked 
|  59|0x0000000708100000, 0x0000000708100000, 0x0000000708200000|  0%| F|  |TAMS 0x0000000708100000, 0x0000000708100000| Untracked 
|  60|0x0000000708200000, 0x0000000708200000, 0x0000000708300000|  0%| F|  |TAMS 0x0000000708200000, 0x0000000708200000| Untracked 
|  61|0x0000000708300000, 0x0000000708300000, 0x0000000708400000|  0%| F|  |TAMS 0x0000000708300000, 0x0000000708300000| Untracked 
|  62|0x0000000708400000, 0x0000000708400000, 0x0000000708500000|  0%| F|  |TAMS 0x0000000708400000, 0x0000000708400000| Untracked 
|  63|0x0000000708500000, 0x0000000708500000, 0x0000000708600000|  0%| F|  |TAMS 0x0000000708500000, 0x0000000708500000| Untracked 
|  64|0x0000000708600000, 0x0000000708600000, 0x0000000708700000|  0%| F|  |TAMS 0x0000000708600000, 0x0000000708600000| Untracked 
|  65|0x0000000708700000, 0x0000000708700000, 0x0000000708800000|  0%| F|  |TAMS 0x0000000708700000, 0x0000000708700000| Untracked 
|  66|0x0000000708800000, 0x0000000708800000, 0x0000000708900000|  0%| F|  |TAMS 0x0000000708800000, 0x0000000708800000| Untracked 
|  67|0x0000000708900000, 0x0000000708900000, 0x0000000708a00000|  0%| F|  |TAMS 0x0000000708900000, 0x0000000708900000| Untracked 
|  68|0x0000000708a00000, 0x0000000708a00000, 0x0000000708b00000|  0%| F|  |TAMS 0x0000000708a00000, 0x0000000708a00000| Untracked 
|  69|0x0000000708b00000, 0x0000000708b00000, 0x0000000708c00000|  0%| F|  |TAMS 0x0000000708b00000, 0x0000000708b00000| Untracked 
|  70|0x0000000708c00000, 0x0000000708c00000, 0x0000000708d00000|  0%| F|  |TAMS 0x0000000708c00000, 0x0000000708c00000| Untracked 
|  71|0x0000000708d00000, 0x0000000708d00000, 0x0000000708e00000|  0%| F|  |TAMS 0x0000000708d00000, 0x0000000708d00000| Untracked 
|  72|0x0000000708e00000, 0x0000000708e00000, 0x0000000708f00000|  0%| F|  |TAMS 0x0000000708e00000, 0x0000000708e00000| Untracked 
|  73|0x0000000708f00000, 0x0000000708f00000, 0x0000000709000000|  0%| F|  |TAMS 0x0000000708f00000, 0x0000000708f00000| Untracked 
|  74|0x0000000709000000, 0x0000000709000000, 0x0000000709100000|  0%| F|  |TAMS 0x0000000709000000, 0x0000000709000000| Untracked 
|  75|0x0000000709100000, 0x0000000709100000, 0x0000000709200000|  0%| F|  |TAMS 0x0000000709100000, 0x0000000709100000| Untracked 
|  76|0x0000000709200000, 0x0000000709200000, 0x0000000709300000|  0%| F|  |TAMS 0x0000000709200000, 0x0000000709200000| Untracked 
|  77|0x0000000709300000, 0x0000000709300000, 0x0000000709400000|  0%| F|  |TAMS 0x0000000709300000, 0x0000000709300000| Untracked 
|  78|0x0000000709400000, 0x0000000709400000, 0x0000000709500000|  0%| F|  |TAMS 0x0000000709400000, 0x0000000709400000| Untracked 
|  79|0x0000000709500000, 0x0000000709500000, 0x0000000709600000|  0%| F|  |TAMS 0x0000000709500000, 0x0000000709500000| Untracked 
|  80|0x0000000709600000, 0x0000000709600000, 0x0000000709700000|  0%| F|  |TAMS 0x0000000709600000, 0x0000000709600000| Untracked 
|  81|0x0000000709700000, 0x0000000709700000, 0x0000000709800000|  0%| F|  |TAMS 0x0000000709700000, 0x0000000709700000| Untracked 
|  82|0x0000000709800000, 0x0000000709800000, 0x0000000709900000|  0%| F|  |TAMS 0x0000000709800000, 0x0000000709800000| Untracked 
|  83|0x0000000709900000, 0x0000000709900000, 0x0000000709a00000|  0%| F|  |TAMS 0x0000000709900000, 0x0000000709900000| Untracked 
|  84|0x0000000709a00000, 0x0000000709a00000, 0x0000000709b00000|  0%| F|  |TAMS 0x0000000709a00000, 0x0000000709a00000| Untracked 
|  85|0x0000000709b00000, 0x0000000709b00000, 0x0000000709c00000|  0%| F|  |TAMS 0x0000000709b00000, 0x0000000709b00000| Untracked 
|  86|0x0000000709c00000, 0x0000000709c00000, 0x0000000709d00000|  0%| F|  |TAMS 0x0000000709c00000, 0x0000000709c00000| Untracked 
|  87|0x0000000709d00000, 0x0000000709d00000, 0x0000000709e00000|  0%| F|  |TAMS 0x0000000709d00000, 0x0000000709d00000| Untracked 
|  88|0x0000000709e00000, 0x0000000709e00000, 0x0000000709f00000|  0%| F|  |TAMS 0x0000000709e00000, 0x0000000709e00000| Untracked 
|  89|0x0000000709f00000, 0x0000000709f00000, 0x000000070a000000|  0%| F|  |TAMS 0x0000000709f00000, 0x0000000709f00000| Untracked 
|  90|0x000000070a000000, 0x000000070a000000, 0x000000070a100000|  0%| F|  |TAMS 0x000000070a000000, 0x000000070a000000| Untracked 
|  91|0x000000070a100000, 0x000000070a100000, 0x000000070a200000|  0%| F|  |TAMS 0x000000070a100000, 0x000000070a100000| Untracked 
|  92|0x000000070a200000, 0x000000070a200000, 0x000000070a300000|  0%| F|  |TAMS 0x000000070a200000, 0x000000070a200000| Untracked 
|  93|0x000000070a300000, 0x000000070a300000, 0x000000070a400000|  0%| F|  |TAMS 0x000000070a300000, 0x000000070a300000| Untracked 
|  94|0x000000070a400000, 0x000000070a400000, 0x000000070a500000|  0%| F|  |TAMS 0x000000070a400000, 0x000000070a400000| Untracked 
|  95|0x000000070a500000, 0x000000070a500000, 0x000000070a600000|  0%| F|  |TAMS 0x000000070a500000, 0x000000070a500000| Untracked 
|  96|0x000000070a600000, 0x000000070a600000, 0x000000070a700000|  0%| F|  |TAMS 0x000000070a600000, 0x000000070a600000| Untracked 
|  97|0x000000070a700000, 0x000000070a700000, 0x000000070a800000|  0%| F|  |TAMS 0x000000070a700000, 0x000000070a700000| Untracked 
|  98|0x000000070a800000, 0x000000070a800000, 0x000000070a900000|  0%| F|  |TAMS 0x000000070a800000, 0x000000070a800000| Untracked 
|  99|0x000000070a900000, 0x000000070a900000, 0x000000070aa00000|  0%| F|  |TAMS 0x000000070a900000, 0x000000070a900000| Untracked 
| 100|0x000000070aa00000, 0x000000070aa00000, 0x000000070ab00000|  0%| F|  |TAMS 0x000000070aa00000, 0x000000070aa00000| Untracked 
| 101|0x000000070ab00000, 0x000000070ab00000, 0x000000070ac00000|  0%| F|  |TAMS 0x000000070ab00000, 0x000000070ab00000| Untracked 
| 102|0x000000070ac00000, 0x000000070ac00000, 0x000000070ad00000|  0%| F|  |TAMS 0x000000070ac00000, 0x000000070ac00000| Untracked 
| 103|0x000000070ad00000, 0x000000070ad00000, 0x000000070ae00000|  0%| F|  |TAMS 0x000000070ad00000, 0x000000070ad00000| Untracked 
| 104|0x000000070ae00000, 0x000000070ae00000, 0x000000070af00000|  0%| F|  |TAMS 0x000000070ae00000, 0x000000070ae00000| Untracked 
| 105|0x000000070af00000, 0x000000070af00000, 0x000000070b000000|  0%| F|  |TAMS 0x000000070af00000, 0x000000070af00000| Untracked 
| 106|0x000000070b000000, 0x000000070b000000, 0x000000070b100000|  0%| F|  |TAMS 0x000000070b000000, 0x000000070b000000| Untracked 
| 107|0x000000070b100000, 0x000000070b100000, 0x000000070b200000|  0%| F|  |TAMS 0x000000070b100000, 0x000000070b100000| Untracked 
| 108|0x000000070b200000, 0x000000070b200000, 0x000000070b300000|  0%| F|  |TAMS 0x000000070b200000, 0x000000070b200000| Untracked 
| 109|0x000000070b300000, 0x000000070b300000, 0x000000070b400000|  0%| F|  |TAMS 0x000000070b300000, 0x000000070b300000| Untracked 
| 110|0x000000070b400000, 0x000000070b400000, 0x000000070b500000|  0%| F|  |TAMS 0x000000070b400000, 0x000000070b400000| Untracked 
| 111|0x000000070b500000, 0x000000070b500000, 0x000000070b600000|  0%| F|  |TAMS 0x000000070b500000, 0x000000070b500000| Untracked 
| 112|0x000000070b600000, 0x000000070b600000, 0x000000070b700000|  0%| F|  |TAMS 0x000000070b600000, 0x000000070b600000| Untracked 
| 113|0x000000070b700000, 0x000000070b700000, 0x000000070b800000|  0%| F|  |TAMS 0x000000070b700000, 0x000000070b700000| Untracked 
| 114|0x000000070b800000, 0x000000070b800000, 0x000000070b900000|  0%| F|  |TAMS 0x000000070b800000, 0x000000070b800000| Untracked 
| 115|0x000000070b900000, 0x000000070b900000, 0x000000070ba00000|  0%| F|  |TAMS 0x000000070b900000, 0x000000070b900000| Untracked 
| 116|0x000000070ba00000, 0x000000070ba00000, 0x000000070bb00000|  0%| F|  |TAMS 0x000000070ba00000, 0x000000070ba00000| Untracked 
| 117|0x000000070bb00000, 0x000000070bb00000, 0x000000070bc00000|  0%| F|  |TAMS 0x000000070bb00000, 0x000000070bb00000| Untracked 
| 118|0x000000070bc00000, 0x000000070bc00000, 0x000000070bd00000|  0%| F|  |TAMS 0x000000070bc00000, 0x000000070bc00000| Untracked 
| 119|0x000000070bd00000, 0x000000070bd00000, 0x000000070be00000|  0%| F|  |TAMS 0x000000070bd00000, 0x000000070bd00000| Untracked 
| 120|0x000000070be00000, 0x000000070be00000, 0x000000070bf00000|  0%| F|  |TAMS 0x000000070be00000, 0x000000070be00000| Untracked 
| 121|0x000000070bf00000, 0x000000070bf00000, 0x000000070c000000|  0%| F|  |TAMS 0x000000070bf00000, 0x000000070bf00000| Untracked 
| 122|0x000000070c000000, 0x000000070c000000, 0x000000070c100000|  0%| F|  |TAMS 0x000000070c000000, 0x000000070c000000| Untracked 
| 123|0x000000070c100000, 0x000000070c100000, 0x000000070c200000|  0%| F|  |TAMS 0x000000070c100000, 0x000000070c100000| Untracked 
| 124|0x000000070c200000, 0x000000070c200000, 0x000000070c300000|  0%| F|  |TAMS 0x000000070c200000, 0x000000070c200000| Untracked 
| 125|0x000000070c300000, 0x000000070c300000, 0x000000070c400000|  0%| F|  |TAMS 0x000000070c300000, 0x000000070c300000| Untracked 
| 126|0x000000070c400000, 0x000000070c400000, 0x000000070c500000|  0%| F|  |TAMS 0x000000070c400000, 0x000000070c400000| Untracked 
| 127|0x000000070c500000, 0x000000070c500000, 0x000000070c600000|  0%| F|  |TAMS 0x000000070c500000, 0x000000070c500000| Untracked 
| 128|0x000000070c600000, 0x000000070c600000, 0x000000070c700000|  0%| F|  |TAMS 0x000000070c600000, 0x000000070c600000| Untracked 
| 129|0x000000070c700000, 0x000000070c700000, 0x000000070c800000|  0%| F|  |TAMS 0x000000070c700000, 0x000000070c700000| Untracked 
| 130|0x000000070c800000, 0x000000070c800000, 0x000000070c900000|  0%| F|  |TAMS 0x000000070c800000, 0x000000070c800000| Untracked 
| 131|0x000000070c900000, 0x000000070c900000, 0x000000070ca00000|  0%| F|  |TAMS 0x000000070c900000, 0x000000070c900000| Untracked 
| 132|0x000000070ca00000, 0x000000070ca00000, 0x000000070cb00000|  0%| F|  |TAMS 0x000000070ca00000, 0x000000070ca00000| Untracked 
| 133|0x000000070cb00000, 0x000000070cb00000, 0x000000070cc00000|  0%| F|  |TAMS 0x000000070cb00000, 0x000000070cb00000| Untracked 
| 134|0x000000070cc00000, 0x000000070cc00000, 0x000000070cd00000|  0%| F|  |TAMS 0x000000070cc00000, 0x000000070cc00000| Untracked 
| 135|0x000000070cd00000, 0x000000070cd00000, 0x000000070ce00000|  0%| F|  |TAMS 0x000000070cd00000, 0x000000070cd00000| Untracked 
| 136|0x000000070ce00000, 0x000000070ce00000, 0x000000070cf00000|  0%| F|  |TAMS 0x000000070ce00000, 0x000000070ce00000| Untracked 
| 137|0x000000070cf00000, 0x000000070cf00000, 0x000000070d000000|  0%| F|  |TAMS 0x000000070cf00000, 0x000000070cf00000| Untracked 
| 138|0x000000070d000000, 0x000000070d000000, 0x000000070d100000|  0%| F|  |TAMS 0x000000070d000000, 0x000000070d000000| Untracked 
| 139|0x000000070d100000, 0x000000070d100000, 0x000000070d200000|  0%| F|  |TAMS 0x000000070d100000, 0x000000070d100000| Untracked 
| 140|0x000000070d200000, 0x000000070d200000, 0x000000070d300000|  0%| F|  |TAMS 0x000000070d200000, 0x000000070d200000| Untracked 
| 141|0x000000070d300000, 0x000000070d300000, 0x000000070d400000|  0%| F|  |TAMS 0x000000070d300000, 0x000000070d300000| Untracked 
| 142|0x000000070d400000, 0x000000070d400000, 0x000000070d500000|  0%| F|  |TAMS 0x000000070d400000, 0x000000070d400000| Untracked 
| 143|0x000000070d500000, 0x000000070d500000, 0x000000070d600000|  0%| F|  |TAMS 0x000000070d500000, 0x000000070d500000| Untracked 
| 144|0x000000070d600000, 0x000000070d600000, 0x000000070d700000|  0%| F|  |TAMS 0x000000070d600000, 0x000000070d600000| Untracked 
| 145|0x000000070d700000, 0x000000070d700000, 0x000000070d800000|  0%| F|  |TAMS 0x000000070d700000, 0x000000070d700000| Untracked 
| 146|0x000000070d800000, 0x000000070d800000, 0x000000070d900000|  0%| F|  |TAMS 0x000000070d800000, 0x000000070d800000| Untracked 
| 147|0x000000070d900000, 0x000000070d900000, 0x000000070da00000|  0%| F|  |TAMS 0x000000070d900000, 0x000000070d900000| Untracked 
| 148|0x000000070da00000, 0x000000070da00000, 0x000000070db00000|  0%| F|  |TAMS 0x000000070da00000, 0x000000070da00000| Untracked 
| 149|0x000000070db00000, 0x000000070db00000, 0x000000070dc00000|  0%| F|  |TAMS 0x000000070db00000, 0x000000070db00000| Untracked 
| 150|0x000000070dc00000, 0x000000070dc00000, 0x000000070dd00000|  0%| F|  |TAMS 0x000000070dc00000, 0x000000070dc00000| Untracked 
| 151|0x000000070dd00000, 0x000000070dd00000, 0x000000070de00000|  0%| F|  |TAMS 0x000000070dd00000, 0x000000070dd00000| Untracked 
| 152|0x000000070de00000, 0x000000070de00000, 0x000000070df00000|  0%| F|  |TAMS 0x000000070de00000, 0x000000070de00000| Untracked 
| 153|0x000000070df00000, 0x000000070df00000, 0x000000070e000000|  0%| F|  |TAMS 0x000000070df00000, 0x000000070df00000| Untracked 
| 154|0x000000070e000000, 0x000000070e000000, 0x000000070e100000|  0%| F|  |TAMS 0x000000070e000000, 0x000000070e000000| Untracked 
| 155|0x000000070e100000, 0x000000070e100000, 0x000000070e200000|  0%| F|  |TAMS 0x000000070e100000, 0x000000070e100000| Untracked 
| 156|0x000000070e200000, 0x000000070e200000, 0x000000070e300000|  0%| F|  |TAMS 0x000000070e200000, 0x000000070e200000| Untracked 
| 157|0x000000070e300000, 0x000000070e300000, 0x000000070e400000|  0%| F|  |TAMS 0x000000070e300000, 0x000000070e300000| Untracked 
| 158|0x000000070e400000, 0x000000070e400000, 0x000000070e500000|  0%| F|  |TAMS 0x000000070e400000, 0x000000070e400000| Untracked 
| 159|0x000000070e500000, 0x000000070e500000, 0x000000070e600000|  0%| F|  |TAMS 0x000000070e500000, 0x000000070e500000| Untracked 
| 160|0x000000070e600000, 0x000000070e600000, 0x000000070e700000|  0%| F|  |TAMS 0x000000070e600000, 0x000000070e600000| Untracked 
| 161|0x000000070e700000, 0x000000070e700000, 0x000000070e800000|  0%| F|  |TAMS 0x000000070e700000, 0x000000070e700000| Untracked 
| 162|0x000000070e800000, 0x000000070e800000, 0x000000070e900000|  0%| F|  |TAMS 0x000000070e800000, 0x000000070e800000| Untracked 
| 163|0x000000070e900000, 0x000000070e900000, 0x000000070ea00000|  0%| F|  |TAMS 0x000000070e900000, 0x000000070e900000| Untracked 
| 164|0x000000070ea00000, 0x000000070ea00000, 0x000000070eb00000|  0%| F|  |TAMS 0x000000070ea00000, 0x000000070ea00000| Untracked 
| 165|0x000000070eb00000, 0x000000070eb00000, 0x000000070ec00000|  0%| F|  |TAMS 0x000000070eb00000, 0x000000070eb00000| Untracked 
| 166|0x000000070ec00000, 0x000000070ec00000, 0x000000070ed00000|  0%| F|  |TAMS 0x000000070ec00000, 0x000000070ec00000| Untracked 
| 167|0x000000070ed00000, 0x000000070ed00000, 0x000000070ee00000|  0%| F|  |TAMS 0x000000070ed00000, 0x000000070ed00000| Untracked 
| 168|0x000000070ee00000, 0x000000070ee00000, 0x000000070ef00000|  0%| F|  |TAMS 0x000000070ee00000, 0x000000070ee00000| Untracked 
| 169|0x000000070ef00000, 0x000000070ef00000, 0x000000070f000000|  0%| F|  |TAMS 0x000000070ef00000, 0x000000070ef00000| Untracked 
| 170|0x000000070f000000, 0x000000070f000000, 0x000000070f100000|  0%| F|  |TAMS 0x000000070f000000, 0x000000070f000000| Untracked 
| 171|0x000000070f100000, 0x000000070f100000, 0x000000070f200000|  0%| F|  |TAMS 0x000000070f100000, 0x000000070f100000| Untracked 
| 172|0x000000070f200000, 0x000000070f200000, 0x000000070f300000|  0%| F|  |TAMS 0x000000070f200000, 0x000000070f200000| Untracked 
| 173|0x000000070f300000, 0x000000070f300000, 0x000000070f400000|  0%| F|  |TAMS 0x000000070f300000, 0x000000070f300000| Untracked 
| 174|0x000000070f400000, 0x000000070f400000, 0x000000070f500000|  0%| F|  |TAMS 0x000000070f400000, 0x000000070f400000| Untracked 
| 175|0x000000070f500000, 0x000000070f500000, 0x000000070f600000|  0%| F|  |TAMS 0x000000070f500000, 0x000000070f500000| Untracked 
| 176|0x000000070f600000, 0x000000070f600000, 0x000000070f700000|  0%| F|  |TAMS 0x000000070f600000, 0x000000070f600000| Untracked 
| 177|0x000000070f700000, 0x000000070f700000, 0x000000070f800000|  0%| F|  |TAMS 0x000000070f700000, 0x000000070f700000| Untracked 
| 178|0x000000070f800000, 0x000000070f800000, 0x000000070f900000|  0%| F|  |TAMS 0x000000070f800000, 0x000000070f800000| Untracked 
| 179|0x000000070f900000, 0x000000070f900000, 0x000000070fa00000|  0%| F|  |TAMS 0x000000070f900000, 0x000000070f900000| Untracked 
| 180|0x000000070fa00000, 0x000000070fa00000, 0x000000070fb00000|  0%| F|  |TAMS 0x000000070fa00000, 0x000000070fa00000| Untracked 
| 181|0x000000070fb00000, 0x000000070fb00000, 0x000000070fc00000|  0%| F|  |TAMS 0x000000070fb00000, 0x000000070fb00000| Untracked 
| 182|0x000000070fc00000, 0x000000070fc00000, 0x000000070fd00000|  0%| F|  |TAMS 0x000000070fc00000, 0x000000070fc00000| Untracked 
| 183|0x000000070fd00000, 0x000000070fd00000, 0x000000070fe00000|  0%| F|  |TAMS 0x000000070fd00000, 0x000000070fd00000| Untracked 
| 184|0x000000070fe00000, 0x000000070fe00000, 0x000000070ff00000|  0%| F|  |TAMS 0x000000070fe00000, 0x000000070fe00000| Untracked 
| 185|0x000000070ff00000, 0x000000070ff00000, 0x0000000710000000|  0%| F|  |TAMS 0x000000070ff00000, 0x000000070ff00000| Untracked 
| 186|0x0000000710000000, 0x0000000710000000, 0x0000000710100000|  0%| F|  |TAMS 0x0000000710000000, 0x0000000710000000| Untracked 
| 187|0x0000000710100000, 0x0000000710100000, 0x0000000710200000|  0%| F|  |TAMS 0x0000000710100000, 0x0000000710100000| Untracked 
| 188|0x0000000710200000, 0x0000000710200000, 0x0000000710300000|  0%| F|  |TAMS 0x0000000710200000, 0x0000000710200000| Untracked 
| 189|0x0000000710300000, 0x0000000710300000, 0x0000000710400000|  0%| F|  |TAMS 0x0000000710300000, 0x0000000710300000| Untracked 
| 190|0x0000000710400000, 0x0000000710400000, 0x0000000710500000|  0%| F|  |TAMS 0x0000000710400000, 0x0000000710400000| Untracked 
| 191|0x0000000710500000, 0x0000000710500000, 0x0000000710600000|  0%| F|  |TAMS 0x0000000710500000, 0x0000000710500000| Untracked 
| 192|0x0000000710600000, 0x0000000710600000, 0x0000000710700000|  0%| F|  |TAMS 0x0000000710600000, 0x0000000710600000| Untracked 
| 193|0x0000000710700000, 0x0000000710700000, 0x0000000710800000|  0%| F|  |TAMS 0x0000000710700000, 0x0000000710700000| Untracked 
| 194|0x0000000710800000, 0x0000000710800000, 0x0000000710900000|  0%| F|  |TAMS 0x0000000710800000, 0x0000000710800000| Untracked 
| 195|0x0000000710900000, 0x0000000710900000, 0x0000000710a00000|  0%| F|  |TAMS 0x0000000710900000, 0x0000000710900000| Untracked 
| 196|0x0000000710a00000, 0x0000000710a00000, 0x0000000710b00000|  0%| F|  |TAMS 0x0000000710a00000, 0x0000000710a00000| Untracked 
| 197|0x0000000710b00000, 0x0000000710b00000, 0x0000000710c00000|  0%| F|  |TAMS 0x0000000710b00000, 0x0000000710b00000| Untracked 
| 198|0x0000000710c00000, 0x0000000710c00000, 0x0000000710d00000|  0%| F|  |TAMS 0x0000000710c00000, 0x0000000710c00000| Untracked 
| 199|0x0000000710d00000, 0x0000000710d00000, 0x0000000710e00000|  0%| F|  |TAMS 0x0000000710d00000, 0x0000000710d00000| Untracked 
| 200|0x0000000710e00000, 0x0000000710e00000, 0x0000000710f00000|  0%| F|  |TAMS 0x0000000710e00000, 0x0000000710e00000| Untracked 
| 201|0x0000000710f00000, 0x0000000710f00000, 0x0000000711000000|  0%| F|  |TAMS 0x0000000710f00000, 0x0000000710f00000| Untracked 
| 202|0x0000000711000000, 0x0000000711000000, 0x0000000711100000|  0%| F|  |TAMS 0x0000000711000000, 0x0000000711000000| Untracked 
| 203|0x0000000711100000, 0x0000000711100000, 0x0000000711200000|  0%| F|  |TAMS 0x0000000711100000, 0x0000000711100000| Untracked 
| 204|0x0000000711200000, 0x0000000711200000, 0x0000000711300000|  0%| F|  |TAMS 0x0000000711200000, 0x0000000711200000| Untracked 
| 205|0x0000000711300000, 0x0000000711300000, 0x0000000711400000|  0%| F|  |TAMS 0x0000000711300000, 0x0000000711300000| Untracked 
| 206|0x0000000711400000, 0x0000000711400000, 0x0000000711500000|  0%| F|  |TAMS 0x0000000711400000, 0x0000000711400000| Untracked 
| 207|0x0000000711500000, 0x0000000711500000, 0x0000000711600000|  0%| F|  |TAMS 0x0000000711500000, 0x0000000711500000| Untracked 
| 208|0x0000000711600000, 0x0000000711600000, 0x0000000711700000|  0%| F|  |TAMS 0x0000000711600000, 0x0000000711600000| Untracked 
| 209|0x0000000711700000, 0x0000000711700000, 0x0000000711800000|  0%| F|  |TAMS 0x0000000711700000, 0x0000000711700000| Untracked 
| 210|0x0000000711800000, 0x0000000711800000, 0x0000000711900000|  0%| F|  |TAMS 0x0000000711800000, 0x0000000711800000| Untracked 
| 211|0x0000000711900000, 0x0000000711900000, 0x0000000711a00000|  0%| F|  |TAMS 0x0000000711900000, 0x0000000711900000| Untracked 
| 212|0x0000000711a00000, 0x0000000711a00000, 0x0000000711b00000|  0%| F|  |TAMS 0x0000000711a00000, 0x0000000711a00000| Untracked 
| 213|0x0000000711b00000, 0x0000000711b00000, 0x0000000711c00000|  0%| F|  |TAMS 0x0000000711b00000, 0x0000000711b00000| Untracked 
| 214|0x0000000711c00000, 0x0000000711c00000, 0x0000000711d00000|  0%| F|  |TAMS 0x0000000711c00000, 0x0000000711c00000| Untracked 
| 215|0x0000000711d00000, 0x0000000711d00000, 0x0000000711e00000|  0%| F|  |TAMS 0x0000000711d00000, 0x0000000711d00000| Untracked 
| 216|0x0000000711e00000, 0x0000000711e00000, 0x0000000711f00000|  0%| F|  |TAMS 0x0000000711e00000, 0x0000000711e00000| Untracked 
| 217|0x0000000711f00000, 0x0000000711f00000, 0x0000000712000000|  0%| F|  |TAMS 0x0000000711f00000, 0x0000000711f00000| Untracked 
| 218|0x0000000712000000, 0x0000000712000000, 0x0000000712100000|  0%| F|  |TAMS 0x0000000712000000, 0x0000000712000000| Untracked 
| 219|0x0000000712100000, 0x0000000712100000, 0x0000000712200000|  0%| F|  |TAMS 0x0000000712100000, 0x0000000712100000| Untracked 
| 220|0x0000000712200000, 0x0000000712200000, 0x0000000712300000|  0%| F|  |TAMS 0x0000000712200000, 0x0000000712200000| Untracked 
| 221|0x0000000712300000, 0x0000000712300000, 0x0000000712400000|  0%| F|  |TAMS 0x0000000712300000, 0x0000000712300000| Untracked 
| 222|0x0000000712400000, 0x0000000712400000, 0x0000000712500000|  0%| F|  |TAMS 0x0000000712400000, 0x0000000712400000| Untracked 
| 223|0x0000000712500000, 0x0000000712500000, 0x0000000712600000|  0%| F|  |TAMS 0x0000000712500000, 0x0000000712500000| Untracked 
| 224|0x0000000712600000, 0x0000000712600000, 0x0000000712700000|  0%| F|  |TAMS 0x0000000712600000, 0x0000000712600000| Untracked 
| 225|0x0000000712700000, 0x0000000712700000, 0x0000000712800000|  0%| F|  |TAMS 0x0000000712700000, 0x0000000712700000| Untracked 
| 226|0x0000000712800000, 0x0000000712800000, 0x0000000712900000|  0%| F|  |TAMS 0x0000000712800000, 0x0000000712800000| Untracked 
| 227|0x0000000712900000, 0x0000000712900000, 0x0000000712a00000|  0%| F|  |TAMS 0x0000000712900000, 0x0000000712900000| Untracked 
| 228|0x0000000712a00000, 0x0000000712a00000, 0x0000000712b00000|  0%| F|  |TAMS 0x0000000712a00000, 0x0000000712a00000| Untracked 
| 229|0x0000000712b00000, 0x0000000712b00000, 0x0000000712c00000|  0%| F|  |TAMS 0x0000000712b00000, 0x0000000712b00000| Untracked 
| 230|0x0000000712c00000, 0x0000000712c00000, 0x0000000712d00000|  0%| F|  |TAMS 0x0000000712c00000, 0x0000000712c00000| Untracked 
| 231|0x0000000712d00000, 0x0000000712d00000, 0x0000000712e00000|  0%| F|  |TAMS 0x0000000712d00000, 0x0000000712d00000| Untracked 
| 232|0x0000000712e00000, 0x0000000712e00000, 0x0000000712f00000|  0%| F|  |TAMS 0x0000000712e00000, 0x0000000712e00000| Untracked 
| 233|0x0000000712f00000, 0x0000000712f00000, 0x0000000713000000|  0%| F|  |TAMS 0x0000000712f00000, 0x0000000712f00000| Untracked 
| 234|0x0000000713000000, 0x0000000713000000, 0x0000000713100000|  0%| F|  |TAMS 0x0000000713000000, 0x0000000713000000| Untracked 
| 235|0x0000000713100000, 0x0000000713100000, 0x0000000713200000|  0%| F|  |TAMS 0x0000000713100000, 0x0000000713100000| Untracked 
| 236|0x0000000713200000, 0x0000000713200000, 0x0000000713300000|  0%| F|  |TAMS 0x0000000713200000, 0x0000000713200000| Untracked 
| 237|0x0000000713300000, 0x0000000713300000, 0x0000000713400000|  0%| F|  |TAMS 0x0000000713300000, 0x0000000713300000| Untracked 
| 238|0x0000000713400000, 0x0000000713400000, 0x0000000713500000|  0%| F|  |TAMS 0x0000000713400000, 0x0000000713400000| Untracked 
| 239|0x0000000713500000, 0x0000000713500000, 0x0000000713600000|  0%| F|  |TAMS 0x0000000713500000, 0x0000000713500000| Untracked 
| 240|0x0000000713600000, 0x0000000713600000, 0x0000000713700000|  0%| F|  |TAMS 0x0000000713600000, 0x0000000713600000| Untracked 
| 241|0x0000000713700000, 0x0000000713700000, 0x0000000713800000|  0%| F|  |TAMS 0x0000000713700000, 0x0000000713700000| Untracked 
| 242|0x0000000713800000, 0x0000000713800000, 0x0000000713900000|  0%| F|  |TAMS 0x0000000713800000, 0x0000000713800000| Untracked 
| 243|0x0000000713900000, 0x0000000713900000, 0x0000000713a00000|  0%| F|  |TAMS 0x0000000713900000, 0x0000000713900000| Untracked 
| 244|0x0000000713a00000, 0x0000000713a00000, 0x0000000713b00000|  0%| F|  |TAMS 0x0000000713a00000, 0x0000000713a00000| Untracked 
| 245|0x0000000713b00000, 0x0000000713b00000, 0x0000000713c00000|  0%| F|  |TAMS 0x0000000713b00000, 0x0000000713b00000| Untracked 
| 246|0x0000000713c00000, 0x0000000713c00000, 0x0000000713d00000|  0%| F|  |TAMS 0x0000000713c00000, 0x0000000713c00000| Untracked 
| 247|0x0000000713d00000, 0x0000000713d00000, 0x0000000713e00000|  0%| F|  |TAMS 0x0000000713d00000, 0x0000000713d00000| Untracked 
| 248|0x0000000713e00000, 0x0000000713e00000, 0x0000000713f00000|  0%| F|  |TAMS 0x0000000713e00000, 0x0000000713e00000| Untracked 
| 249|0x0000000713f00000, 0x0000000713f00000, 0x0000000714000000|  0%| F|  |TAMS 0x0000000713f00000, 0x0000000713f00000| Untracked 
| 250|0x0000000714000000, 0x0000000714000000, 0x0000000714100000|  0%| F|  |TAMS 0x0000000714000000, 0x0000000714000000| Untracked 
| 251|0x0000000714100000, 0x0000000714100000, 0x0000000714200000|  0%| F|  |TAMS 0x0000000714100000, 0x0000000714100000| Untracked 
| 252|0x0000000714200000, 0x0000000714200000, 0x0000000714300000|  0%| F|  |TAMS 0x0000000714200000, 0x0000000714200000| Untracked 
| 253|0x0000000714300000, 0x0000000714300000, 0x0000000714400000|  0%| F|  |TAMS 0x0000000714300000, 0x0000000714300000| Untracked 
| 254|0x0000000714400000, 0x0000000714400000, 0x0000000714500000|  0%| F|  |TAMS 0x0000000714400000, 0x0000000714400000| Untracked 
| 255|0x0000000714500000, 0x0000000714500000, 0x0000000714600000|  0%| F|  |TAMS 0x0000000714500000, 0x0000000714500000| Untracked 
| 256|0x0000000714600000, 0x0000000714600000, 0x0000000714700000|  0%| F|  |TAMS 0x0000000714600000, 0x0000000714600000| Untracked 
| 257|0x0000000714700000, 0x0000000714700000, 0x0000000714800000|  0%| F|  |TAMS 0x0000000714700000, 0x0000000714700000| Untracked 
| 258|0x0000000714800000, 0x0000000714800000, 0x0000000714900000|  0%| F|  |TAMS 0x0000000714800000, 0x0000000714800000| Untracked 
| 259|0x0000000714900000, 0x0000000714900000, 0x0000000714a00000|  0%| F|  |TAMS 0x0000000714900000, 0x0000000714900000| Untracked 
| 260|0x0000000714a00000, 0x0000000714a00000, 0x0000000714b00000|  0%| F|  |TAMS 0x0000000714a00000, 0x0000000714a00000| Untracked 
| 261|0x0000000714b00000, 0x0000000714b00000, 0x0000000714c00000|  0%| F|  |TAMS 0x0000000714b00000, 0x0000000714b00000| Untracked 
| 262|0x0000000714c00000, 0x0000000714c00000, 0x0000000714d00000|  0%| F|  |TAMS 0x0000000714c00000, 0x0000000714c00000| Untracked 
| 263|0x0000000714d00000, 0x0000000714d00000, 0x0000000714e00000|  0%| F|  |TAMS 0x0000000714d00000, 0x0000000714d00000| Untracked 
| 264|0x0000000714e00000, 0x0000000714e00000, 0x0000000714f00000|  0%| F|  |TAMS 0x0000000714e00000, 0x0000000714e00000| Untracked 
| 265|0x0000000714f00000, 0x0000000715000000, 0x0000000715000000|100%| S|CS|TAMS 0x0000000714f00000, 0x0000000714f00000| Complete 
| 266|0x0000000715000000, 0x0000000715100000, 0x0000000715100000|100%| S|CS|TAMS 0x0000000715000000, 0x0000000715000000| Complete 
| 267|0x0000000715100000, 0x0000000715200000, 0x0000000715200000|100%| S|CS|TAMS 0x0000000715100000, 0x0000000715100000| Complete 
| 268|0x0000000715200000, 0x0000000715300000, 0x0000000715300000|100%| S|CS|TAMS 0x0000000715200000, 0x0000000715200000| Complete 
| 269|0x0000000715300000, 0x0000000715400000, 0x0000000715400000|100%| S|CS|TAMS 0x0000000715300000, 0x0000000715300000| Complete 
| 270|0x0000000715400000, 0x0000000715500000, 0x0000000715500000|100%| S|CS|TAMS 0x0000000715400000, 0x0000000715400000| Complete 
| 271|0x0000000715500000, 0x0000000715600000, 0x0000000715600000|100%| S|CS|TAMS 0x0000000715500000, 0x0000000715500000| Complete 
| 272|0x0000000715600000, 0x0000000715700000, 0x0000000715700000|100%| S|CS|TAMS 0x0000000715600000, 0x0000000715600000| Complete 
| 273|0x0000000715700000, 0x0000000715800000, 0x0000000715800000|100%| S|CS|TAMS 0x0000000715700000, 0x0000000715700000| Complete 
| 274|0x0000000715800000, 0x0000000715900000, 0x0000000715900000|100%| S|CS|TAMS 0x0000000715800000, 0x0000000715800000| Complete 
| 275|0x0000000715900000, 0x0000000715a00000, 0x0000000715a00000|100%| S|CS|TAMS 0x0000000715900000, 0x0000000715900000| Complete 
| 276|0x0000000715a00000, 0x0000000715b00000, 0x0000000715b00000|100%| S|CS|TAMS 0x0000000715a00000, 0x0000000715a00000| Complete 
| 277|0x0000000715b00000, 0x0000000715c00000, 0x0000000715c00000|100%| S|CS|TAMS 0x0000000715b00000, 0x0000000715b00000| Complete 
| 278|0x0000000715c00000, 0x0000000715c00000, 0x0000000715d00000|  0%| F|  |TAMS 0x0000000715c00000, 0x0000000715c00000| Untracked 
| 279|0x0000000715d00000, 0x0000000715d00000, 0x0000000715e00000|  0%| F|  |TAMS 0x0000000715d00000, 0x0000000715d00000| Untracked 
| 280|0x0000000715e00000, 0x0000000715e00000, 0x0000000715f00000|  0%| F|  |TAMS 0x0000000715e00000, 0x0000000715e00000| Untracked 
| 281|0x0000000715f00000, 0x0000000715f00000, 0x0000000716000000|  0%| F|  |TAMS 0x0000000715f00000, 0x0000000715f00000| Untracked 
| 282|0x0000000716000000, 0x0000000716000000, 0x0000000716100000|  0%| F|  |TAMS 0x0000000716000000, 0x0000000716000000| Untracked 
| 283|0x0000000716100000, 0x0000000716100000, 0x0000000716200000|  0%| F|  |TAMS 0x0000000716100000, 0x0000000716100000| Untracked 
| 284|0x0000000716200000, 0x0000000716200000, 0x0000000716300000|  0%| F|  |TAMS 0x0000000716200000, 0x0000000716200000| Untracked 
| 285|0x0000000716300000, 0x00000007163cd510, 0x0000000716400000| 80%| E|  |TAMS 0x0000000716300000, 0x0000000716300000| Complete 
| 286|0x0000000716400000, 0x0000000716500000, 0x0000000716500000|100%| E|CS|TAMS 0x0000000716400000, 0x0000000716400000| Complete 
| 287|0x0000000716500000, 0x0000000716600000, 0x0000000716600000|100%| E|CS|TAMS 0x0000000716500000, 0x0000000716500000| Complete 
| 288|0x0000000716600000, 0x0000000716700000, 0x0000000716700000|100%| E|CS|TAMS 0x0000000716600000, 0x0000000716600000| Complete 
| 289|0x0000000716700000, 0x0000000716800000, 0x0000000716800000|100%| E|CS|TAMS 0x0000000716700000, 0x0000000716700000| Complete 
| 290|0x0000000716800000, 0x0000000716900000, 0x0000000716900000|100%| E|CS|TAMS 0x0000000716800000, 0x0000000716800000| Complete 
| 291|0x0000000716900000, 0x0000000716a00000, 0x0000000716a00000|100%| E|CS|TAMS 0x0000000716900000, 0x0000000716900000| Complete 
| 292|0x0000000716a00000, 0x0000000716b00000, 0x0000000716b00000|100%| E|CS|TAMS 0x0000000716a00000, 0x0000000716a00000| Complete 
| 293|0x0000000716b00000, 0x0000000716c00000, 0x0000000716c00000|100%| E|CS|TAMS 0x0000000716b00000, 0x0000000716b00000| Complete 
| 294|0x0000000716c00000, 0x0000000716d00000, 0x0000000716d00000|100%| E|CS|TAMS 0x0000000716c00000, 0x0000000716c00000| Complete 
| 295|0x0000000716d00000, 0x0000000716e00000, 0x0000000716e00000|100%| E|CS|TAMS 0x0000000716d00000, 0x0000000716d00000| Complete 
| 296|0x0000000716e00000, 0x0000000716f00000, 0x0000000716f00000|100%| E|CS|TAMS 0x0000000716e00000, 0x0000000716e00000| Complete 
| 297|0x0000000716f00000, 0x0000000717000000, 0x0000000717000000|100%| E|CS|TAMS 0x0000000716f00000, 0x0000000716f00000| Complete 
| 298|0x0000000717000000, 0x0000000717100000, 0x0000000717100000|100%| E|CS|TAMS 0x0000000717000000, 0x0000000717000000| Complete 
| 299|0x0000000717100000, 0x0000000717200000, 0x0000000717200000|100%| E|CS|TAMS 0x0000000717100000, 0x0000000717100000| Complete 
| 300|0x0000000717200000, 0x0000000717300000, 0x0000000717300000|100%| E|CS|TAMS 0x0000000717200000, 0x0000000717200000| Complete 
| 301|0x0000000717300000, 0x0000000717400000, 0x0000000717400000|100%| E|CS|TAMS 0x0000000717300000, 0x0000000717300000| Complete 
| 302|0x0000000717400000, 0x0000000717500000, 0x0000000717500000|100%| E|CS|TAMS 0x0000000717400000, 0x0000000717400000| Complete 

Card table byte_map: [0x0000029d78340000,0x0000029d78b20000] _byte_map_base: 0x0000029d74b1d000

Marking Bits (Prev, Next): (CMBitMap*) 0x0000029d6ff7cbf0, (CMBitMap*) 0x0000029d6ff7cbb8
 Prev Bits: [0x0000029d0f000000, 0x0000029d12ee8000)
 Next Bits: [0x0000029d79300000, 0x0000029d7d1e8000)

Polling page: 0x0000029d6dd30000

Metaspace:

Usage:
  Non-class:     51.77 MB capacity,    50.91 MB ( 98%) used,   706.72 KB (  1%) free+waste,   173.81 KB ( <1%) overhead. 
      Class:      7.49 MB capacity,     6.91 MB ( 92%) used,   512.91 KB (  7%) free+waste,    84.19 KB (  1%) overhead. 
       Both:     59.26 MB capacity,    57.82 MB ( 98%) used,     1.19 MB (  2%) free+waste,   258.00 KB ( <1%) overhead. 

Virtual space:
  Non-class space:       52.00 MB reserved,      52.00 MB (100%) committed 
      Class space:        1.00 GB reserved,       7.50 MB ( <1%) committed 
             Both:        1.05 GB reserved,      59.50 MB (  6%) committed 

Chunk freelists:
   Non-Class:  5.00 KB
       Class:  1.50 KB
        Both:  6.50 KB

CodeHeap 'non-profiled nmethods': size=120000Kb used=3707Kb max_used=3707Kb free=116293Kb
 bounds [0x0000029d07ad0000, 0x0000029d07e70000, 0x0000029d0f000000]
CodeHeap 'profiled nmethods': size=120000Kb used=12669Kb max_used=12669Kb free=107330Kb
 bounds [0x0000029d005a0000, 0x0000029d01200000, 0x0000029d07ad0000]
CodeHeap 'non-nmethods': size=5760Kb used=1236Kb max_used=1287Kb free=4523Kb
 bounds [0x0000029d00000000, 0x0000029d00270000, 0x0000029d005a0000]
 total_blobs=6170 nmethods=5568 adapters=513
 compilation: enabled
              stopped_count=0, restarted_count=0
 full_count=0

Compilation events (10 events):
Event: 105.729 Thread 0x0000029d13809000 5578  s    4       java.io.ByteArrayOutputStream::reset (6 bytes)
Event: 105.729 Thread 0x0000029d1380b000 5579       3       com.sun.crypto.provider.CipherCore::prepareInputBuffer (323 bytes)
Event: 105.730 Thread 0x0000029d13809000 nmethod 5578 0x0000029d07e6e290 code [0x0000029d07e6e400, 0x0000029d07e6e5f8]
Event: 105.730 Thread 0x0000029d1823a800 nmethod 5577 0x0000029d07e6e690 code [0x0000029d07e6e820, 0x0000029d07e6ea48]
Event: 105.731 Thread 0x0000029d1380b000 nmethod 5579 0x0000029d011fc090 code [0x0000029d011fc420, 0x0000029d011fddf8]
Event: 105.731 Thread 0x0000029d1380b000 5582       3       com.mysql.cj.jdbc.ConnectionImpl::getConnectionMutex (19 bytes)
Event: 105.731 Thread 0x0000029d1380b000 nmethod 5582 0x0000029d011fe690 code [0x0000029d011fe840, 0x0000029d011fea58]
Event: 105.731 Thread 0x0000029d1380b000 5580   !   3       com.sun.crypto.provider.CipherCore::fillOutputBuffer (120 bytes)
Event: 105.731 Thread 0x0000029d1380b000 nmethod 5580 0x0000029d011feb10 code [0x0000029d011fed20, 0x0000029d011ff3a8]
Event: 105.731 Thread 0x0000029d1380b000 5581       3       com.sun.crypto.provider.CipherCore::finalNoPadding (189 bytes)

GC Heap History (10 events):
Event: 0.990 GC heap before
{Heap before GC invocations=3 (full 0):
 garbage-first heap   total 258048K, used 46723K [0x0000000704600000, 0x0000000800000000)
  region size 1024K, 45 young (46080K), 5 survivors (5120K)
 Metaspace       used 26945K, capacity 27555K, committed 27648K, reserved 1073152K
  class space    used 3114K, capacity 3326K, committed 3328K, reserved 1048576K
}
Event: 0.993 GC heap after
{Heap after GC invocations=4 (full 0):
 garbage-first heap   total 258048K, used 9020K [0x0000000704600000, 0x0000000800000000)
  region size 1024K, 4 young (4096K), 4 survivors (4096K)
 Metaspace       used 26945K, capacity 27555K, committed 27648K, reserved 1073152K
  class space    used 3114K, capacity 3326K, committed 3328K, reserved 1048576K
}
Event: 1.511 GC heap before
{Heap before GC invocations=4 (full 0):
 garbage-first heap   total 258048K, used 73532K [0x0000000704600000, 0x0000000800000000)
  region size 1024K, 67 young (68608K), 4 survivors (4096K)
 Metaspace       used 33980K, capacity 34785K, committed 35072K, reserved 1079296K
  class space    used 4015K, capacity 4319K, committed 4352K, reserved 1048576K
}
Event: 1.514 GC heap after
{Heap after GC invocations=5 (full 0):
 garbage-first heap   total 258048K, used 11779K [0x0000000704600000, 0x0000000800000000)
  region size 1024K, 7 young (7168K), 7 survivors (7168K)
 Metaspace       used 33980K, capacity 34785K, committed 35072K, reserved 1079296K
  class space    used 4015K, capacity 4319K, committed 4352K, reserved 1048576K
}
Event: 1.581 GC heap before
{Heap before GC invocations=5 (full 0):
 garbage-first heap   total 258048K, used 16899K [0x0000000704600000, 0x0000000800000000)
  region size 1024K, 13 young (13312K), 7 survivors (7168K)
 Metaspace       used 34966K, capacity 35811K, committed 35840K, reserved 1081344K
  class space    used 4145K, capacity 4451K, committed 4480K, reserved 1048576K
}
Event: 1.585 GC heap after
{Heap after GC invocations=6 (full 0):
 garbage-first heap   total 310272K, used 12591K [0x0000000704600000, 0x0000000800000000)
  region size 1024K, 8 young (8192K), 8 survivors (8192K)
 Metaspace       used 34966K, capacity 35811K, committed 35840K, reserved 1081344K
  class space    used 4145K, capacity 4451K, committed 4480K, reserved 1048576K
}
Event: 15.452 GC heap before
{Heap before GC invocations=7 (full 0):
 garbage-first heap   total 310272K, used 122159K [0x0000000704600000, 0x0000000800000000)
  region size 1024K, 115 young (117760K), 8 survivors (8192K)
 Metaspace       used 50424K, capacity 51692K, committed 51968K, reserved 1095680K
  class space    used 6106K, capacity 6619K, committed 6656K, reserved 1048576K
}
Event: 15.458 GC heap after
{Heap after GC invocations=8 (full 0):
 garbage-first heap   total 310272K, used 20378K [0x0000000704600000, 0x0000000800000000)
  region size 1024K, 15 young (15360K), 15 survivors (15360K)
 Metaspace       used 50424K, capacity 51692K, committed 51968K, reserved 1095680K
  class space    used 6106K, capacity 6619K, committed 6656K, reserved 1048576K
}
Event: 15.930 GC heap before
{Heap before GC invocations=8 (full 0):
 garbage-first heap   total 310272K, used 43930K [0x0000000704600000, 0x0000000800000000)
  region size 1024K, 40 young (40960K), 15 survivors (15360K)
 Metaspace       used 58631K, capacity 60045K, committed 60160K, reserved 1101824K
  class space    used 7010K, capacity 7582K, committed 7680K, reserved 1048576K
}
Event: 15.940 GC heap after
{Heap after GC invocations=9 (full 0):
 garbage-first heap   total 310272K, used 24105K [0x0000000704600000, 0x0000000800000000)
  region size 1024K, 13 young (13312K), 13 survivors (13312K)
 Metaspace       used 58631K, capacity 60045K, committed 60160K, reserved 1101824K
  class space    used 7010K, capacity 7582K, committed 7680K, reserved 1048576K
}

Deoptimization events (10 events):
Event: 15.893 Thread 0x0000029d1a884000 Uncommon trap: reason=unstable_if action=reinterpret pc=0x0000029d07b5aae0 method=java.lang.AbstractStringBuilder.charAt(I)C @ 12 c2
Event: 15.893 Thread 0x0000029d1a884000 Uncommon trap: reason=unstable_if action=reinterpret pc=0x0000029d07b0d38c method=java.lang.String.substring(II)Ljava/lang/String; @ 31 c2
Event: 15.893 Thread 0x0000029d1a884000 Uncommon trap: reason=unstable_if action=reinterpret pc=0x0000029d07cb1b34 method=java.lang.String.<init>([CIILjava/lang/Void;)V @ 43 c2
Event: 15.894 Thread 0x0000029d1a884000 Uncommon trap: reason=unstable_if action=reinterpret pc=0x0000029d07b42bcc method=java.lang.String.indexOf(Ljava/lang/String;)I @ 8 c2
Event: 15.905 Thread 0x0000029d1a884000 Uncommon trap: reason=unstable_if action=reinterpret pc=0x0000029d07b5a460 method=java.lang.AbstractStringBuilder.charAt(I)C @ 12 c2
Event: 15.925 Thread 0x0000029d1a884000 Uncommon trap: reason=unstable_if action=reinterpret pc=0x0000029d07c89398 method=java.lang.String.<init>([CIILjava/lang/Void;)V @ 43 c2
Event: 105.642 Thread 0x0000029d19a6f800 Uncommon trap: reason=unstable_if action=reinterpret pc=0x0000029d07e1eb94 method=java.lang.String.equals(Ljava/lang/Object;)Z @ 34 c2
Event: 105.649 Thread 0x0000029d19a6f800 Uncommon trap: reason=loop_limit_check action=maybe_recompile pc=0x0000029d07dff760 method=java.util.regex.Pattern$Start.match(Ljava/util/regex/Matcher;ILjava/lang/CharSequence;)Z @ 34 c2
Event: 105.716 Thread 0x0000029d1a881800 Uncommon trap: reason=unstable_if action=reinterpret pc=0x0000029d07e5b604 method=java.util.HashMap$HashIterator.<init>(Ljava/util/HashMap;)V @ 45 c2
Event: 105.720 Thread 0x0000029d1a881800 Uncommon trap: reason=unstable_if action=reinterpret pc=0x0000029d07c81408 method=java.util.HashMap$HashIterator.<init>(Ljava/util/HashMap;)V @ 45 c2

Classes redefined (0 events):
No events

Internal exceptions (10 events):
Event: 105.725 Thread 0x0000029d1a886000 Exception <a 'java/net/SocketException'{0x0000000716379958}: Software caused connection abort: socket write error> (0x0000000716379958) thrown at [./open/src/hotspot/share/prims/jni.cpp, line 632]
Event: 105.726 Thread 0x0000029d1a886000 Exception <a 'java/net/SocketException'{0x0000000716379f78}: Software caused connection abort: recv failed> (0x0000000716379f78) thrown at [./open/src/hotspot/share/prims/jni.cpp, line 632]
Event: 105.727 Thread 0x0000029d1a886000 Exception <a 'java/net/SocketException'{0x000000071637bba8}: Software caused connection abort: socket write error> (0x000000071637bba8) thrown at [./open/src/hotspot/share/prims/jni.cpp, line 632]
Event: 105.727 Thread 0x0000029d1a886000 Exception <a 'java/net/SocketException'{0x000000071637c278}: Software caused connection abort: recv failed> (0x000000071637c278) thrown at [./open/src/hotspot/share/prims/jni.cpp, line 632]
Event: 105.728 Thread 0x0000029d1a886000 Exception <a 'java/net/SocketException'{0x000000071637dea8}: Software caused connection abort: socket write error> (0x000000071637dea8) thrown at [./open/src/hotspot/share/prims/jni.cpp, line 632]
Event: 105.728 Thread 0x0000029d1a886000 Exception <a 'java/net/SocketException'{0x000000071637e4c8}: Software caused connection abort: recv failed> (0x000000071637e4c8) thrown at [./open/src/hotspot/share/prims/jni.cpp, line 632]
Event: 105.729 Thread 0x0000029d1a886000 Exception <a 'java/net/SocketException'{0x00000007163800f8}: Software caused connection abort: socket write error> (0x00000007163800f8) thrown at [./open/src/hotspot/share/prims/jni.cpp, line 632]
Event: 105.729 Thread 0x0000029d1a886000 Exception <a 'java/net/SocketException'{0x0000000716380718}: Software caused connection abort: recv failed> (0x0000000716380718) thrown at [./open/src/hotspot/share/prims/jni.cpp, line 632]
Event: 105.730 Thread 0x0000029d1a886000 Exception <a 'java/net/SocketException'{0x0000000716382348}: Software caused connection abort: socket write error> (0x0000000716382348) thrown at [./open/src/hotspot/share/prims/jni.cpp, line 632]
Event: 105.730 Thread 0x0000029d1a886000 Exception <a 'java/net/SocketException'{0x0000000716382968}: Software caused connection abort: recv failed> (0x0000000716382968) thrown at [./open/src/hotspot/share/prims/jni.cpp, line 632]

Events (10 events):
Event: 105.730 Executing VM operation: RevokeBias
Event: 105.730 Executing VM operation: RevokeBias done
Event: 105.730 Executing VM operation: RevokeBias
Event: 105.730 Executing VM operation: RevokeBias done
Event: 105.730 Executing VM operation: RevokeBias
Event: 105.730 Executing VM operation: RevokeBias done
Event: 105.730 Executing VM operation: RevokeBias
Event: 105.730 Executing VM operation: RevokeBias done
Event: 105.730 Thread 0x0000029d1a886000 Thread exited: 0x0000029d1a886000
Event: 105.731 Executing VM operation: G1CollectFull


Dynamic libraries:
0x00007ff7a1c20000 - 0x00007ff7a1c30000 	C:\Program Files\Java\jdk-11\bin\java.exe
0x00007ff855470000 - 0x00007ff855687000 	C:\windows\SYSTEM32\ntdll.dll
0x00007ff854250000 - 0x00007ff854314000 	C:\windows\System32\KERNEL32.DLL
0x00007ff8527d0000 - 0x00007ff852b7d000 	C:\windows\System32\KERNELBASE.dll
0x00007ff852f20000 - 0x00007ff853031000 	C:\windows\System32\ucrtbase.dll
0x00007ff84eca0000 - 0x00007ff84ecbb000 	C:\Program Files\Java\jdk-11\bin\VCRUNTIME140.dll
0x00007ff84f570000 - 0x00007ff84f589000 	C:\Program Files\Java\jdk-11\bin\jli.dll
0x00007ff854e10000 - 0x00007ff854ec2000 	C:\windows\System32\ADVAPI32.dll
0x00007ff853fb0000 - 0x00007ff854057000 	C:\windows\System32\msvcrt.dll
0x00007ff853230000 - 0x00007ff8532d9000 	C:\windows\System32\sechost.dll
0x00007ff852e00000 - 0x00007ff852e28000 	C:\windows\System32\bcrypt.dll
0x00007ff853920000 - 0x00007ff853a34000 	C:\windows\System32\RPCRT4.dll
0x00007ff853af0000 - 0x00007ff853c9e000 	C:\windows\System32\USER32.dll
0x00007ff8527a0000 - 0x00007ff8527c6000 	C:\windows\System32\win32u.dll
0x00007ff8538f0000 - 0x00007ff853919000 	C:\windows\System32\GDI32.dll
0x00007ff8371d0000 - 0x00007ff837463000 	C:\windows\WinSxS\amd64_microsoft.windows.common-controls_6595b64144ccf1df_6.0.22621.3672_none_2713b9d173822955\COMCTL32.dll
0x00007ff852ce0000 - 0x00007ff852df9000 	C:\windows\System32\gdi32full.dll
0x00007ff852c40000 - 0x00007ff852cda000 	C:\windows\System32\msvcp_win.dll
0x00007ff8418e0000 - 0x00007ff8418ea000 	C:\windows\SYSTEM32\VERSION.dll
0x00007ff853ca0000 - 0x00007ff853cd1000 	C:\windows\System32\IMM32.DLL
0x00007ff84f9b0000 - 0x00007ff84f9bc000 	C:\Program Files\Java\jdk-11\bin\vcruntime140_1.dll
0x00007ff847390000 - 0x00007ff84741e000 	C:\Program Files\Java\jdk-11\bin\msvcp140.dll
0x00007ff814830000 - 0x00007ff81538e000 	C:\Program Files\Java\jdk-11\bin\server\jvm.dll
0x00007ff855030000 - 0x00007ff855038000 	C:\windows\System32\PSAPI.DLL
0x00007ff8476d0000 - 0x00007ff8476d9000 	C:\windows\SYSTEM32\WSOCK32.dll
0x00007ff853870000 - 0x00007ff8538e1000 	C:\windows\System32\WS2_32.dll
0x00007ff8403d0000 - 0x00007ff840404000 	C:\windows\SYSTEM32\WINMM.dll
0x00007ff851800000 - 0x00007ff851818000 	C:\windows\SYSTEM32\kernel.appcore.dll
0x00007ff84f990000 - 0x00007ff84f9a0000 	C:\Program Files\Java\jdk-11\bin\verify.dll
0x00007ff83ea80000 - 0x00007ff83ecb2000 	C:\windows\SYSTEM32\DBGHELP.DLL
0x00007ff8550a0000 - 0x00007ff855428000 	C:\windows\System32\combase.dll
0x00007ff854160000 - 0x00007ff854237000 	C:\windows\System32\OLEAUT32.dll
0x00007ff83d7f0000 - 0x00007ff83d822000 	C:\windows\SYSTEM32\dbgcore.DLL
0x00007ff852e30000 - 0x00007ff852eab000 	C:\windows\System32\bcryptPrimitives.dll
0x00007ff847cc0000 - 0x00007ff847ce8000 	C:\Program Files\Java\jdk-11\bin\java.dll
0x00007ff84f970000 - 0x00007ff84f97a000 	C:\Program Files\Java\jdk-11\bin\jimage.dll
0x00007ff84f560000 - 0x00007ff84f56e000 	C:\Program Files\Java\jdk-11\bin\instrument.dll
0x00007ff84ec80000 - 0x00007ff84ec97000 	C:\Program Files\Java\jdk-11\bin\zip.dll
0x00007ff854320000 - 0x00007ff854b7f000 	C:\windows\System32\SHELL32.dll
0x00007ff8506a0000 - 0x00007ff850f9c000 	C:\windows\SYSTEM32\windows.storage.dll
0x00007ff850560000 - 0x00007ff85069f000 	C:\windows\SYSTEM32\wintypes.dll
0x00007ff853ce0000 - 0x00007ff853dd4000 	C:\windows\System32\SHCORE.dll
0x00007ff855040000 - 0x00007ff85509e000 	C:\windows\System32\shlwapi.dll
0x00007ff8526d0000 - 0x00007ff8526f1000 	C:\windows\SYSTEM32\profapi.dll
0x00007ff84be70000 - 0x00007ff84be89000 	C:\Program Files\Java\jdk-11\bin\net.dll
0x00007ff84d500000 - 0x00007ff84d636000 	C:\windows\SYSTEM32\WINHTTP.dll
0x00007ff851ce0000 - 0x00007ff851d49000 	C:\windows\system32\mswsock.dll
0x00007ff847450000 - 0x00007ff847462000 	C:\Program Files\Java\jdk-11\bin\nio.dll
0x00007ff846fd0000 - 0x00007ff846fea000 	C:\Users\user\Desktop\course\intelij\ideaIC-2024.1.4.win\bin\breakgen64.dll
0x00007ff84f530000 - 0x00007ff84f539000 	C:\Program Files\Java\jdk-11\bin\management.dll
0x00007ff847440000 - 0x00007ff84744b000 	C:\Program Files\Java\jdk-11\bin\management_ext.dll
0x00007ff842dd0000 - 0x00007ff842de7000 	C:\windows\system32\napinsp.dll
0x00007ff842db0000 - 0x00007ff842dcb000 	C:\windows\system32\pnrpnsp.dll
0x00007ff851270000 - 0x00007ff851368000 	C:\windows\SYSTEM32\DNSAPI.dll
0x00007ff851240000 - 0x00007ff85126d000 	C:\windows\SYSTEM32\IPHLPAPI.DLL
0x00007ff854240000 - 0x00007ff854249000 	C:\windows\System32\NSI.dll
0x00007ff842d70000 - 0x00007ff842d81000 	C:\windows\System32\winrnr.dll
0x00007ff842c00000 - 0x00007ff842c15000 	C:\windows\system32\wshbth.dll
0x00007ff842bd0000 - 0x00007ff842bf7000 	C:\windows\system32\nlansp_c.dll
0x00007ff8426b0000 - 0x00007ff8426ba000 	C:\Windows\System32\rasadhlp.dll
0x00007ff84c7b0000 - 0x00007ff84c833000 	C:\windows\System32\fwpuclnt.dll
0x00007ff852030000 - 0x00007ff85204b000 	C:\windows\SYSTEM32\CRYPTSP.dll
0x00007ff851760000 - 0x00007ff851795000 	C:\windows\system32\rsaenh.dll
0x00007ff851d80000 - 0x00007ff851da8000 	C:\windows\SYSTEM32\USERENV.dll
0x00007ff852010000 - 0x00007ff85201c000 	C:\windows\SYSTEM32\CRYPTBASE.dll
0x00007ff84d710000 - 0x00007ff84d729000 	C:\windows\SYSTEM32\dhcpcsvc6.DLL
0x00007ff84d230000 - 0x00007ff84d24f000 	C:\windows\SYSTEM32\dhcpcsvc.DLL
0x00007ff8451d0000 - 0x00007ff8451f7000 	C:\Program Files\Java\jdk-11\bin\sunec.dll
0x00007ff847160000 - 0x00007ff84716e000 	C:\Program Files\Java\jdk-11\bin\sunmscapi.dll
0x00007ff853040000 - 0x00007ff8531a7000 	C:\windows\System32\CRYPT32.dll
0x00007ff852150000 - 0x00007ff85217e000 	C:\windows\SYSTEM32\ncrypt.dll
0x00007ff852110000 - 0x00007ff852147000 	C:\windows\SYSTEM32\NTASN1.dll

dbghelp: loaded successfully - version: 4.0.5 - missing functions: none
symbol engine: initialized successfully - sym options: 0x614 - pdb path: .;C:\Program Files\Java\jdk-11\bin;C:\windows\SYSTEM32;C:\windows\WinSxS\amd64_microsoft.windows.common-controls_6595b64144ccf1df_6.0.22621.3672_none_2713b9d173822955;C:\Program Files\Java\jdk-11\bin\server;C:\Users\user\Desktop\course\intelij\ideaIC-2024.1.4.win\bin

VM Arguments:
jvm_args: -javaagent:C:\Users\user\Desktop\course\intelij\ideaIC-2024.1.4.win\lib\idea_rt.jar=58874:C:\Users\user\Desktop\course\intelij\ideaIC-2024.1.4.win\bin -Dfile.encoding=UTF-8 
java_command: com.coding404.myweb.BootMyWebApplication
java_class_path (initial): C:\Users\user\Desktop\course\spring\Spring\BootMyWeb\BootMyWeb\out\production\classes;C:\Users\user\Desktop\course\spring\Spring\BootMyWeb\BootMyWeb\out\production\resources;C:\Users\user\.gradle\caches\modules-2\files-2.1\org.springframework.boot\spring-boot-starter-thymeleaf\2.7.18\c87a27e30720c43372ceb0476b5b00c6f5296df3\spring-boot-starter-thymeleaf-2.7.18.jar;C:\Users\user\.gradle\caches\modules-2\files-2.1\org.springframework.boot\spring-boot-starter-web\2.7.18\dd62ea85098187b4604e78dc15a7ff87dba173d\spring-boot-starter-web-2.7.18.jar;C:\Users\user\.gradle\caches\modules-2\files-2.1\org.springframework.boot\spring-boot-starter-validation\2.7.18\5c37e1806f7b09b2c0efc7317fbe16be65ced66e\spring-boot-starter-validation-2.7.18.jar;C:\Users\user\.gradle\caches\modules-2\files-2.1\org.mybatis.spring.boot\mybatis-spring-boot-starter\2.2.0\1543d9566e2acaa7230cd8996237a291603ac21f\mybatis-spring-boot-starter-2.2.0.jar;C:\Users\user\.gradle\caches\modules-2\files-2.1\com.mysql\mysql-connector-j\8.0.33\9e64d997873abc4318620264703d3fdb6b02dd5a\mysql-connector-j-8.0.33.jar;C:\Users\user\.gradle\caches\modules-2\files-2.1\org.bgee.log4jdbc-log4j2\log4jdbc-log4j2-jdbc4.1\1.16\ce7cd831b2e3e5d428e659a6fdae0fb6b89f3cc7\log4jdbc-log4j2-jdbc4.1-1.16.jar;C:\Users\user\.gradle\caches\modules-2\files-2.1\org.springframework.boot\spring-boot-starter\2.7.18\e56b75105f9ace6df154fd47eeeeadc2f5791e56\spring-boot-starter-2.7.18.jar;C:\Users\user\.gradle\caches\modules-2\files-2.1\org.thymeleaf\thymeleaf-spring5\3.0.15.RELEASE\7170e1bcd1588d38c139f7048ebcc262676441c3\thymeleaf-spring5-3.0.15.RELEASE.jar;C:\Users\user\.gradle\caches\modules-2\files-2.1\org.thymeleaf.extras\thymeleaf-extras-java8time\3.0.4.RELEASE\36e7175ddce36c486fff4578b5af7bb32f54f5df\thymeleaf-extras-java8time-3.0.4.RELEASE.jar;C:\Users\user\.gradle\caches\modules-2\files-2.1\org.springframework.boot\spring-boot-starter-json\2.7.18\b6d9ed5cae0c1929a9e561bf4799a3dc93a10db1\spring-boot-starter-j
Launcher Type: SUN_STANDARD

[Global flags]
     intx CICompilerCount                          = 4                                         {product} {ergonomic}
     uint ConcGCThreads                            = 3                                         {product} {ergonomic}
     uint G1ConcRefinementThreads                  = 10                                        {product} {ergonomic}
   size_t G1HeapRegionSize                         = 1048576                                   {product} {ergonomic}
    uintx GCDrainStackTargetSize                   = 64                                        {product} {ergonomic}
   size_t InitialHeapSize                          = 264241152                                 {product} {ergonomic}
   size_t MarkStackSize                            = 4194304                                   {product} {ergonomic}
   size_t MaxHeapSize                              = 4221566976                                {product} {ergonomic}
   size_t MaxNewSize                               = 2532311040                                {product} {ergonomic}
   size_t MinHeapDeltaBytes                        = 1048576                                   {product} {ergonomic}
    uintx NonNMethodCodeHeapSize                   = 5836300                                {pd product} {ergonomic}
    uintx NonProfiledCodeHeapSize                  = 122910970                              {pd product} {ergonomic}
    uintx ProfiledCodeHeapSize                     = 122910970                              {pd product} {ergonomic}
    uintx ReservedCodeCacheSize                    = 251658240                              {pd product} {ergonomic}
     bool SegmentedCodeCache                       = true                                      {product} {ergonomic}
     bool UseCompressedClassPointers               = true                                 {lp64_product} {ergonomic}
     bool UseCompressedOops                        = true                                 {lp64_product} {ergonomic}
     bool UseG1GC                                  = true                                      {product} {ergonomic}
     bool UseLargePagesIndividualAllocation        = false                                  {pd product} {ergonomic}

Logging:
Log output configuration:
 #0: stdout all=warning uptime,level,tags
 #1: stderr all=off uptime,level,tags

Environment Variables:
PATH=C:\oraclexe\app\oracle\product\11.2.0\server\bin;;C:\Program Files\Common Files\Oracle\Java\javapath;C:\Program Files\Eclipse Adoptium\jdk-21.0.3.9-hotspot\bin;C:\windows\system32;C:\windows;C:\windows\System32\Wbem;C:\windows\System32\WindowsPowerShell\v1.0\;C:\windows\System32\OpenSSH\;C:\Program Files\Bandizip\;C:\Program Files\Git\cmd;C:\Users\user\AppData\Local\Microsoft\WindowsApps;C:\Users\user\AppData\Local\Programs\Microsoft VS Code\bin
USERNAME=user
OS=Windows_NT
PROCESSOR_IDENTIFIER=Intel64 Family 6 Model 151 Stepping 2, GenuineIntel



---------------  S Y S T E M  ---------------

OS: Windows 11 , 64 bit Build 22621 (10.0.22621.3672)
Hyper-V role detected

CPU:total 12 (initial active 12) (6 cores per cpu, 2 threads per core) family 6 model 151 stepping 2 microcode 0x1e, cmov, cx8, fxsr, mmx, sse, sse2, sse3, ssse3, sse4.1, sse4.2, popcnt, avx, avx2, aes, clmul, erms, 3dnowpref, lzcnt, ht, tsc, tscinvbit, bmi1, bmi2, adx, sha, fma

Memory: 4k page, system-wide physical 16099M (1688M free)
TotalPageFile size 44470M (AvailPageFile size 5M)
current process WorkingSet (physical memory assigned to process): 297M, peak: 328M
current process commit charge ("private bytes"): 502M, peak: 532M

vm_info: Java HotSpot(TM) 64-Bit Server VM (11.0.23+7-LTS-222) for windows-amd64 JRE (11.0.23+7-LTS-222), built on Mar 11 2024 22:13:52 by "mach5one" with MS VC++ 17.6 (VS2022)

END.
