#
# There is insufficient memory for the Java Runtime Environment to continue.
# Native memory allocation (malloc) failed to allocate 32744 bytes for ChunkPool::allocate
# Possible reasons:
#   The system is out of physical RAM or swap space
#   The process is running with CompressedOops enabled, and the Java Heap may be blocking the growth of the native heap
# Possible solutions:
#   Reduce memory load on the system
#   Increase physical memory or swap space
#   Check if swap backing store is full
#   Decrease Java heap size (-Xmx/-Xms)
#   Decrease number of Java threads
#   Decrease Java thread stack sizes (-Xss)
#   Set larger code cache with -XX:ReservedCodeCacheSize=
#   JVM is running with Zero Based Compressed Oops mode in which the Java heap is
#     placed in the first 32GB address space. The Java Heap base address is the
#     maximum limit for the native heap growth. Please use -XX:HeapBaseMinAddress
#     to set the Java Heap base and to place the Java Heap above 32GB virtual address.
# This output file may be truncated or incomplete.
#
#  Out of Memory Error (./open/src/hotspot/share/memory/arena.cpp:81), pid=14452, tid=19476
#
# JRE version: Java(TM) SE Runtime Environment 18.9 (11.0.23+7) (build 11.0.23+7-LTS-222)
# Java VM: Java HotSpot(TM) 64-Bit Server VM 18.9 (11.0.23+7-LTS-222, mixed mode, tiered, compressed oops, g1 gc, windows-amd64)
# No core dump will be written. Minidumps are not enabled by default on client versions of Windows
#

---------------  S U M M A R Y ------------

Command Line: -javaagent:C:\Users\user\Desktop\course\intelij\ideaIC-2024.1.4.win\lib\idea_rt.jar=58815:C:\Users\user\Desktop\course\intelij\ideaIC-2024.1.4.win\bin -Dfile.encoding=UTF-8 com.coding404.myweb.BootMyWebApplication

Host: 12th Gen Intel(R) Core(TM) i5-12400, 12 cores, 15G,  Windows 11 , 64 bit Build 22621 (10.0.22621.3672)
Time: Fri Aug  9 15:10:07 2024  Windows 11 , 64 bit Build 22621 (10.0.22621.3672) elapsed time: 29.970592 seconds (0d 0h 0m 29s)

---------------  T H R E A D  ---------------

Current thread (0x000001c1de40f000):  JavaThread "C2 CompilerThread1" daemon [_thread_in_native, id=19476, stack(0x0000009900f00000,0x0000009901000000)]


Current CompileTask:
C2:  29970 4743       4       java.lang.String$CaseInsensitiveComparator::compare (13 bytes)

Stack: [0x0000009900f00000,0x0000009901000000]
Native frames: (J=compiled Java code, j=interpreted, Vv=VM code, C=native code)
V  [jvm.dll+0x65524a]
V  [jvm.dll+0x79646f]
V  [jvm.dll+0x797b39]
V  [jvm.dll+0x7981e3]
V  [jvm.dll+0x254ee5]
V  [jvm.dll+0xb337b]
V  [jvm.dll+0xb371c]
V  [jvm.dll+0x549018]
V  [jvm.dll+0x32ba24]
V  [jvm.dll+0x32adda]
V  [jvm.dll+0x20ee5d]
V  [jvm.dll+0x20de2d]
V  [jvm.dll+0x18b291]
V  [jvm.dll+0x21def4]
V  [jvm.dll+0x21c21c]
V  [jvm.dll+0x75a5f1]
V  [jvm.dll+0x752ef4]
V  [jvm.dll+0x6540f5]
C  [ucrtbase.dll+0x29333]
C  [KERNEL32.DLL+0x1257d]
C  [ntdll.dll+0x5af28]


---------------  P R O C E S S  ---------------

Threads class SMR info:
_java_thread_list=0x000001c1e0b71e40, length=30, elements={
0x000001c1de38d800, 0x000001c1de397000, 0x000001c1de3fc000, 0x000001c1de400000,
0x000001c1de403000, 0x000001c1de406800, 0x000001c1de408800, 0x000001c1de41b000,
0x000001c1de580800, 0x000001c1de9fc800, 0x000001c1e2f36800, 0x000001c1e4162800,
0x000001c1e2cd2800, 0x000001c1e2cdc800, 0x000001c1e3f1e000, 0x000001c1e2774800,
0x000001c1e2775800, 0x000001c1e2773000, 0x000001c1e2774000, 0x000001c1e63ad800,
0x000001c1e63b3800, 0x000001c1e63b1800, 0x000001c1e63ae800, 0x000001c1e63b0000,
0x000001c1e63b2800, 0x000001c1e63b4000, 0x000001c1e63b5000, 0x000001c1e63af000,
0x000001c1e63b5800, 0x000001c1de40f000
}

Java Threads: ( => current thread )
  0x000001c1de38d800 JavaThread "Reference Handler" daemon [_thread_blocked, id=19660, stack(0x000000997e400000,0x000000997e500000)]
  0x000001c1de397000 JavaThread "Finalizer" daemon [_thread_blocked, id=21144, stack(0x000000997e500000,0x000000997e600000)]
  0x000001c1de3fc000 JavaThread "Signal Dispatcher" daemon [_thread_blocked, id=12672, stack(0x000000997e600000,0x000000997e700000)]
  0x000001c1de400000 JavaThread "Attach Listener" daemon [_thread_blocked, id=14880, stack(0x000000997e700000,0x000000997e800000)]
  0x000001c1de403000 JavaThread "Service Thread" daemon [_thread_blocked, id=6008, stack(0x000000997e800000,0x000000997e900000)]
  0x000001c1de406800 JavaThread "C2 CompilerThread0" daemon [_thread_in_native, id=12068, stack(0x000000997e900000,0x000000997ea00000)]
  0x000001c1de408800 JavaThread "C1 CompilerThread0" daemon [_thread_blocked, id=5168, stack(0x000000997ea00000,0x000000997eb00000)]
  0x000001c1de41b000 JavaThread "Sweeper thread" daemon [_thread_blocked, id=4600, stack(0x000000997eb00000,0x000000997ec00000)]
  0x000001c1de580800 JavaThread "Common-Cleaner" daemon [_thread_blocked, id=1816, stack(0x000000997ec00000,0x000000997ed00000)]
  0x000001c1de9fc800 JavaThread "Monitor Ctrl-Break" daemon [_thread_in_native, id=19828, stack(0x000000997ee00000,0x000000997ef00000)]
  0x000001c1e2f36800 JavaThread "Catalina-utility-1" [_thread_blocked, id=6456, stack(0x000000997f800000,0x000000997f900000)]
  0x000001c1e4162800 JavaThread "Catalina-utility-2" [_thread_blocked, id=12864, stack(0x000000997fd00000,0x000000997fe00000)]
  0x000001c1e2cd2800 JavaThread "container-0" [_thread_blocked, id=17276, stack(0x000000997fe00000,0x000000997ff00000)]
  0x000001c1e2cdc800 JavaThread "mysql-cj-abandoned-connection-cleanup" daemon [_thread_blocked, id=6260, stack(0x000000997ff00000,0x0000009980000000)]
  0x000001c1e3f1e000 JavaThread "File Watcher" daemon [_thread_blocked, id=11096, stack(0x0000009900000000,0x0000009900100000)]
  0x000001c1e2774800 JavaThread "Live Reload Server" daemon [_thread_in_native, id=18448, stack(0x0000009900200000,0x0000009900300000)]
  0x000001c1e2775800 JavaThread "http-nio-8282-exec-1" daemon [_thread_in_vm, id=20004, stack(0x0000009900100000,0x0000009900200000)]
  0x000001c1e2773000 JavaThread "http-nio-8282-exec-2" daemon [_thread_blocked, id=7052, stack(0x0000009900300000,0x0000009900400000)]
  0x000001c1e2774000 JavaThread "http-nio-8282-exec-3" daemon [_thread_blocked, id=7912, stack(0x0000009900400000,0x0000009900500000)]
  0x000001c1e63ad800 JavaThread "http-nio-8282-exec-4" daemon [_thread_blocked, id=18760, stack(0x0000009900500000,0x0000009900600000)]
  0x000001c1e63b3800 JavaThread "http-nio-8282-exec-5" daemon [_thread_blocked, id=2484, stack(0x0000009900600000,0x0000009900700000)]
  0x000001c1e63b1800 JavaThread "http-nio-8282-exec-6" daemon [_thread_blocked, id=21044, stack(0x0000009900700000,0x0000009900800000)]
  0x000001c1e63ae800 JavaThread "http-nio-8282-exec-7" daemon [_thread_blocked, id=9168, stack(0x0000009900800000,0x0000009900900000)]
  0x000001c1e63b0000 JavaThread "http-nio-8282-exec-8" daemon [_thread_blocked, id=10368, stack(0x0000009900900000,0x0000009900a00000)]
  0x000001c1e63b2800 JavaThread "http-nio-8282-exec-9" daemon [_thread_blocked, id=5520, stack(0x0000009900a00000,0x0000009900b00000)]
  0x000001c1e63b4000 JavaThread "http-nio-8282-exec-10" daemon [_thread_blocked, id=11424, stack(0x0000009900b00000,0x0000009900c00000)]
  0x000001c1e63b5000 JavaThread "http-nio-8282-Poller" daemon [_thread_in_native, id=6044, stack(0x0000009900c00000,0x0000009900d00000)]
  0x000001c1e63af000 JavaThread "http-nio-8282-Acceptor" daemon [_thread_in_native, id=11584, stack(0x0000009900d00000,0x0000009900e00000)]
  0x000001c1e63b5800 JavaThread "DestroyJavaVM" [_thread_blocked, id=17980, stack(0x000000997dd00000,0x000000997de00000)]
=>0x000001c1de40f000 JavaThread "C2 CompilerThread1" daemon [_thread_in_native, id=19476, stack(0x0000009900f00000,0x0000009901000000)]

Other Threads:
  0x000001c1de38b000 VMThread "VM Thread" [stack: 0x000000997e300000,0x000000997e400000] [id=7232]
  0x000001c1dea01800 WatcherThread [stack: 0x000000997ef00000,0x000000997f000000] [id=20100]
  0x000001c1bab73800 GCTaskThread "GC Thread#0" [stack: 0x000000997de00000,0x000000997df00000] [id=4308]
  0x000001c1df3d6000 GCTaskThread "GC Thread#1" [stack: 0x000000997f100000,0x000000997f200000] [id=16672]
  0x000001c1df4e6800 GCTaskThread "GC Thread#2" [stack: 0x000000997f200000,0x000000997f300000] [id=5632]
  0x000001c1dfad6800 GCTaskThread "GC Thread#3" [stack: 0x000000997f300000,0x000000997f400000] [id=14232]
  0x000001c1dfb54000 GCTaskThread "GC Thread#4" [stack: 0x000000997f400000,0x000000997f500000] [id=12236]
  0x000001c1df27f800 GCTaskThread "GC Thread#5" [stack: 0x000000997f500000,0x000000997f600000] [id=7436]
  0x000001c1df48b000 GCTaskThread "GC Thread#6" [stack: 0x000000997f900000,0x000000997fa00000] [id=7664]
  0x000001c1df992000 GCTaskThread "GC Thread#7" [stack: 0x000000997fa00000,0x000000997fb00000] [id=6892]
  0x000001c1babd2000 ConcurrentGCThread "G1 Main Marker" [stack: 0x000000997df00000,0x000000997e000000] [id=8264]
  0x000001c1babd3000 ConcurrentGCThread "G1 Conc#0" [stack: 0x000000997e000000,0x000000997e100000] [id=17224]
  0x000001c1df30e000 ConcurrentGCThread "G1 Conc#1" [stack: 0x000000997fb00000,0x000000997fc00000] [id=5108]
  0x000001c1df122000 ConcurrentGCThread "G1 Conc#2" [stack: 0x000000997fc00000,0x000000997fd00000] [id=6264]
  0x000001c1dd478800 ConcurrentGCThread "G1 Refine#0" [stack: 0x000000997e100000,0x000000997e200000] [id=15732]
  0x000001c1dd47b800 ConcurrentGCThread "G1 Young RemSet Sampling" [stack: 0x000000997e200000,0x000000997e300000] [id=7228]

Threads with active compile tasks:
C2 CompilerThread0    29982 4716   !   4       jdk.internal.loader.BuiltinClassLoader::findClassOnClassPathOrNull (64 bytes)
C2 CompilerThread1    29982 4743       4       java.lang.String$CaseInsensitiveComparator::compare (13 bytes)

VM state:not at safepoint (normal execution)

VM Mutex/Monitor currently owned by a thread: None

Heap address: 0x0000000704600000, size: 4026 MB, Compressed Oops mode: Zero based, Oop shift amount: 3
Narrow klass base: 0x0000000800000000, Narrow klass shift: 0
Compressed class space size: 1073741824 Address: 0x0000000800000000

Heap:
 garbage-first heap   total 258048K, used 137409K [0x0000000704600000, 0x0000000800000000)
  region size 1024K, 131 young (134144K), 8 survivors (8192K)
 Metaspace       used 53483K, capacity 54867K, committed 54912K, reserved 1097728K
  class space    used 6447K, capacity 7005K, committed 7040K, reserved 1048576K
Heap Regions: E=young(eden), S=young(survivor), O=old, HS=humongous(starts), HC=humongous(continues), CS=collection set, F=free, A=archive, TAMS=top-at-mark-start (previous, next)
|   0|0x0000000704600000, 0x0000000704700000, 0x0000000704700000|100%| O|  |TAMS 0x0000000704700000, 0x0000000704600000| Untracked 
|   1|0x0000000704700000, 0x0000000704800000, 0x0000000704800000|100%| O|  |TAMS 0x0000000704800000, 0x0000000704700000| Untracked 
|   2|0x0000000704800000, 0x0000000704900000, 0x0000000704900000|100%| O|  |TAMS 0x0000000704900000, 0x0000000704800000| Untracked 
|   3|0x0000000704900000, 0x0000000704a00000, 0x0000000704a00000|100%| O|  |TAMS 0x0000000704a00000, 0x0000000704900000| Untracked 
|   4|0x0000000704a00000, 0x0000000704ad6c00, 0x0000000704b00000| 83%| O|  |TAMS 0x0000000704ad6c00, 0x0000000704a00000| Untracked 
|   5|0x0000000704b00000, 0x0000000704b00000, 0x0000000704c00000|  0%| F|  |TAMS 0x0000000704b00000, 0x0000000704b00000| Untracked 
|   6|0x0000000704c00000, 0x0000000704c00000, 0x0000000704d00000|  0%| F|  |TAMS 0x0000000704c00000, 0x0000000704c00000| Untracked 
|   7|0x0000000704d00000, 0x0000000704d00000, 0x0000000704e00000|  0%| F|  |TAMS 0x0000000704d00000, 0x0000000704d00000| Untracked 
|   8|0x0000000704e00000, 0x0000000704e00000, 0x0000000704f00000|  0%| F|  |TAMS 0x0000000704e00000, 0x0000000704e00000| Untracked 
|   9|0x0000000704f00000, 0x0000000704f00000, 0x0000000705000000|  0%| F|  |TAMS 0x0000000704f00000, 0x0000000704f00000| Untracked 
|  10|0x0000000705000000, 0x0000000705000000, 0x0000000705100000|  0%| F|  |TAMS 0x0000000705000000, 0x0000000705000000| Untracked 
|  11|0x0000000705100000, 0x0000000705100000, 0x0000000705200000|  0%| F|  |TAMS 0x0000000705100000, 0x0000000705100000| Untracked 
|  12|0x0000000705200000, 0x0000000705200000, 0x0000000705300000|  0%| F|  |TAMS 0x0000000705200000, 0x0000000705200000| Untracked 
|  13|0x0000000705300000, 0x0000000705300000, 0x0000000705400000|  0%| F|  |TAMS 0x0000000705300000, 0x0000000705300000| Untracked 
|  14|0x0000000705400000, 0x0000000705400000, 0x0000000705500000|  0%| F|  |TAMS 0x0000000705400000, 0x0000000705400000| Untracked 
|  15|0x0000000705500000, 0x0000000705500000, 0x0000000705600000|  0%| F|  |TAMS 0x0000000705500000, 0x0000000705500000| Untracked 
|  16|0x0000000705600000, 0x0000000705600000, 0x0000000705700000|  0%| F|  |TAMS 0x0000000705600000, 0x0000000705600000| Untracked 
|  17|0x0000000705700000, 0x0000000705700000, 0x0000000705800000|  0%| F|  |TAMS 0x0000000705700000, 0x0000000705700000| Untracked 
|  18|0x0000000705800000, 0x0000000705800000, 0x0000000705900000|  0%| F|  |TAMS 0x0000000705800000, 0x0000000705800000| Untracked 
|  19|0x0000000705900000, 0x0000000705900000, 0x0000000705a00000|  0%| F|  |TAMS 0x0000000705900000, 0x0000000705900000| Untracked 
|  20|0x0000000705a00000, 0x0000000705a00000, 0x0000000705b00000|  0%| F|  |TAMS 0x0000000705a00000, 0x0000000705a00000| Untracked 
|  21|0x0000000705b00000, 0x0000000705b00000, 0x0000000705c00000|  0%| F|  |TAMS 0x0000000705b00000, 0x0000000705b00000| Untracked 
|  22|0x0000000705c00000, 0x0000000705c00000, 0x0000000705d00000|  0%| F|  |TAMS 0x0000000705c00000, 0x0000000705c00000| Untracked 
|  23|0x0000000705d00000, 0x0000000705d00000, 0x0000000705e00000|  0%| F|  |TAMS 0x0000000705d00000, 0x0000000705d00000| Untracked 
|  24|0x0000000705e00000, 0x0000000705e00000, 0x0000000705f00000|  0%| F|  |TAMS 0x0000000705e00000, 0x0000000705e00000| Untracked 
|  25|0x0000000705f00000, 0x0000000705f00000, 0x0000000706000000|  0%| F|  |TAMS 0x0000000705f00000, 0x0000000705f00000| Untracked 
|  26|0x0000000706000000, 0x0000000706000000, 0x0000000706100000|  0%| F|  |TAMS 0x0000000706000000, 0x0000000706000000| Untracked 
|  27|0x0000000706100000, 0x0000000706100000, 0x0000000706200000|  0%| F|  |TAMS 0x0000000706100000, 0x0000000706100000| Untracked 
|  28|0x0000000706200000, 0x0000000706200000, 0x0000000706300000|  0%| F|  |TAMS 0x0000000706200000, 0x0000000706200000| Untracked 
|  29|0x0000000706300000, 0x0000000706300000, 0x0000000706400000|  0%| F|  |TAMS 0x0000000706300000, 0x0000000706300000| Untracked 
|  30|0x0000000706400000, 0x0000000706400000, 0x0000000706500000|  0%| F|  |TAMS 0x0000000706400000, 0x0000000706400000| Untracked 
|  31|0x0000000706500000, 0x0000000706500000, 0x0000000706600000|  0%| F|  |TAMS 0x0000000706500000, 0x0000000706500000| Untracked 
|  32|0x0000000706600000, 0x0000000706600000, 0x0000000706700000|  0%| F|  |TAMS 0x0000000706600000, 0x0000000706600000| Untracked 
|  33|0x0000000706700000, 0x0000000706700000, 0x0000000706800000|  0%| F|  |TAMS 0x0000000706700000, 0x0000000706700000| Untracked 
|  34|0x0000000706800000, 0x0000000706800000, 0x0000000706900000|  0%| F|  |TAMS 0x0000000706800000, 0x0000000706800000| Untracked 
|  35|0x0000000706900000, 0x0000000706900000, 0x0000000706a00000|  0%| F|  |TAMS 0x0000000706900000, 0x0000000706900000| Untracked 
|  36|0x0000000706a00000, 0x0000000706a00000, 0x0000000706b00000|  0%| F|  |TAMS 0x0000000706a00000, 0x0000000706a00000| Untracked 
|  37|0x0000000706b00000, 0x0000000706b00000, 0x0000000706c00000|  0%| F|  |TAMS 0x0000000706b00000, 0x0000000706b00000| Untracked 
|  38|0x0000000706c00000, 0x0000000706c00000, 0x0000000706d00000|  0%| F|  |TAMS 0x0000000706c00000, 0x0000000706c00000| Untracked 
|  39|0x0000000706d00000, 0x0000000706d00000, 0x0000000706e00000|  0%| F|  |TAMS 0x0000000706d00000, 0x0000000706d00000| Untracked 
|  40|0x0000000706e00000, 0x0000000706e00000, 0x0000000706f00000|  0%| F|  |TAMS 0x0000000706e00000, 0x0000000706e00000| Untracked 
|  41|0x0000000706f00000, 0x0000000706f00000, 0x0000000707000000|  0%| F|  |TAMS 0x0000000706f00000, 0x0000000706f00000| Untracked 
|  42|0x0000000707000000, 0x0000000707000000, 0x0000000707100000|  0%| F|  |TAMS 0x0000000707000000, 0x0000000707000000| Untracked 
|  43|0x0000000707100000, 0x0000000707100000, 0x0000000707200000|  0%| F|  |TAMS 0x0000000707100000, 0x0000000707100000| Untracked 
|  44|0x0000000707200000, 0x0000000707200000, 0x0000000707300000|  0%| F|  |TAMS 0x0000000707200000, 0x0000000707200000| Untracked 
|  45|0x0000000707300000, 0x0000000707300000, 0x0000000707400000|  0%| F|  |TAMS 0x0000000707300000, 0x0000000707300000| Untracked 
|  46|0x0000000707400000, 0x0000000707400000, 0x0000000707500000|  0%| F|  |TAMS 0x0000000707400000, 0x0000000707400000| Untracked 
|  47|0x0000000707500000, 0x0000000707500000, 0x0000000707600000|  0%| F|  |TAMS 0x0000000707500000, 0x0000000707500000| Untracked 
|  48|0x0000000707600000, 0x0000000707600000, 0x0000000707700000|  0%| F|  |TAMS 0x0000000707600000, 0x0000000707600000| Untracked 
|  49|0x0000000707700000, 0x0000000707700000, 0x0000000707800000|  0%| F|  |TAMS 0x0000000707700000, 0x0000000707700000| Untracked 
|  50|0x0000000707800000, 0x0000000707800000, 0x0000000707900000|  0%| F|  |TAMS 0x0000000707800000, 0x0000000707800000| Untracked 
|  51|0x0000000707900000, 0x0000000707900000, 0x0000000707a00000|  0%| F|  |TAMS 0x0000000707900000, 0x0000000707900000| Untracked 
|  52|0x0000000707a00000, 0x0000000707a00000, 0x0000000707b00000|  0%| F|  |TAMS 0x0000000707a00000, 0x0000000707a00000| Untracked 
|  53|0x0000000707b00000, 0x0000000707b00000, 0x0000000707c00000|  0%| F|  |TAMS 0x0000000707b00000, 0x0000000707b00000| Untracked 
|  54|0x0000000707c00000, 0x0000000707c00000, 0x0000000707d00000|  0%| F|  |TAMS 0x0000000707c00000, 0x0000000707c00000| Untracked 
|  55|0x0000000707d00000, 0x0000000707d00000, 0x0000000707e00000|  0%| F|  |TAMS 0x0000000707d00000, 0x0000000707d00000| Untracked 
|  56|0x0000000707e00000, 0x0000000707e00000, 0x0000000707f00000|  0%| F|  |TAMS 0x0000000707e00000, 0x0000000707e00000| Untracked 
|  57|0x0000000707f00000, 0x0000000707f00000, 0x0000000708000000|  0%| F|  |TAMS 0x0000000707f00000, 0x0000000707f00000| Untracked 
|  58|0x0000000708000000, 0x0000000708000000, 0x0000000708100000|  0%| F|  |TAMS 0x0000000708000000, 0x0000000708000000| Untracked 
|  59|0x0000000708100000, 0x0000000708100000, 0x0000000708200000|  0%| F|  |TAMS 0x0000000708100000, 0x0000000708100000| Untracked 
|  60|0x0000000708200000, 0x0000000708200000, 0x0000000708300000|  0%| F|  |TAMS 0x0000000708200000, 0x0000000708200000| Untracked 
|  61|0x0000000708300000, 0x0000000708300000, 0x0000000708400000|  0%| F|  |TAMS 0x0000000708300000, 0x0000000708300000| Untracked 
|  62|0x0000000708400000, 0x0000000708400000, 0x0000000708500000|  0%| F|  |TAMS 0x0000000708400000, 0x0000000708400000| Untracked 
|  63|0x0000000708500000, 0x0000000708500000, 0x0000000708600000|  0%| F|  |TAMS 0x0000000708500000, 0x0000000708500000| Untracked 
|  64|0x0000000708600000, 0x0000000708600000, 0x0000000708700000|  0%| F|  |TAMS 0x0000000708600000, 0x0000000708600000| Untracked 
|  65|0x0000000708700000, 0x0000000708700000, 0x0000000708800000|  0%| F|  |TAMS 0x0000000708700000, 0x0000000708700000| Untracked 
|  66|0x0000000708800000, 0x0000000708800000, 0x0000000708900000|  0%| F|  |TAMS 0x0000000708800000, 0x0000000708800000| Untracked 
|  67|0x0000000708900000, 0x0000000708900000, 0x0000000708a00000|  0%| F|  |TAMS 0x0000000708900000, 0x0000000708900000| Untracked 
|  68|0x0000000708a00000, 0x0000000708a00000, 0x0000000708b00000|  0%| F|  |TAMS 0x0000000708a00000, 0x0000000708a00000| Untracked 
|  69|0x0000000708b00000, 0x0000000708b00000, 0x0000000708c00000|  0%| F|  |TAMS 0x0000000708b00000, 0x0000000708b00000| Untracked 
|  70|0x0000000708c00000, 0x0000000708c00000, 0x0000000708d00000|  0%| F|  |TAMS 0x0000000708c00000, 0x0000000708c00000| Untracked 
|  71|0x0000000708d00000, 0x0000000708d00000, 0x0000000708e00000|  0%| F|  |TAMS 0x0000000708d00000, 0x0000000708d00000| Untracked 
|  72|0x0000000708e00000, 0x0000000708e00000, 0x0000000708f00000|  0%| F|  |TAMS 0x0000000708e00000, 0x0000000708e00000| Untracked 
|  73|0x0000000708f00000, 0x0000000708f00000, 0x0000000709000000|  0%| F|  |TAMS 0x0000000708f00000, 0x0000000708f00000| Untracked 
|  74|0x0000000709000000, 0x0000000709000000, 0x0000000709100000|  0%| F|  |TAMS 0x0000000709000000, 0x0000000709000000| Untracked 
|  75|0x0000000709100000, 0x0000000709100000, 0x0000000709200000|  0%| F|  |TAMS 0x0000000709100000, 0x0000000709100000| Untracked 
|  76|0x0000000709200000, 0x0000000709200000, 0x0000000709300000|  0%| F|  |TAMS 0x0000000709200000, 0x0000000709200000| Untracked 
|  77|0x0000000709300000, 0x0000000709300000, 0x0000000709400000|  0%| F|  |TAMS 0x0000000709300000, 0x0000000709300000| Untracked 
|  78|0x0000000709400000, 0x0000000709400000, 0x0000000709500000|  0%| F|  |TAMS 0x0000000709400000, 0x0000000709400000| Untracked 
|  79|0x0000000709500000, 0x0000000709500000, 0x0000000709600000|  0%| F|  |TAMS 0x0000000709500000, 0x0000000709500000| Untracked 
|  80|0x0000000709600000, 0x0000000709600000, 0x0000000709700000|  0%| F|  |TAMS 0x0000000709600000, 0x0000000709600000| Untracked 
|  81|0x0000000709700000, 0x0000000709700000, 0x0000000709800000|  0%| F|  |TAMS 0x0000000709700000, 0x0000000709700000| Untracked 
|  82|0x0000000709800000, 0x0000000709800000, 0x0000000709900000|  0%| F|  |TAMS 0x0000000709800000, 0x0000000709800000| Untracked 
|  83|0x0000000709900000, 0x0000000709900000, 0x0000000709a00000|  0%| F|  |TAMS 0x0000000709900000, 0x0000000709900000| Untracked 
|  84|0x0000000709a00000, 0x0000000709a00000, 0x0000000709b00000|  0%| F|  |TAMS 0x0000000709a00000, 0x0000000709a00000| Untracked 
|  85|0x0000000709b00000, 0x0000000709b00000, 0x0000000709c00000|  0%| F|  |TAMS 0x0000000709b00000, 0x0000000709b00000| Untracked 
|  86|0x0000000709c00000, 0x0000000709c00000, 0x0000000709d00000|  0%| F|  |TAMS 0x0000000709c00000, 0x0000000709c00000| Untracked 
|  87|0x0000000709d00000, 0x0000000709d00000, 0x0000000709e00000|  0%| F|  |TAMS 0x0000000709d00000, 0x0000000709d00000| Untracked 
|  88|0x0000000709e00000, 0x0000000709e00000, 0x0000000709f00000|  0%| F|  |TAMS 0x0000000709e00000, 0x0000000709e00000| Untracked 
|  89|0x0000000709f00000, 0x0000000709f00000, 0x000000070a000000|  0%| F|  |TAMS 0x0000000709f00000, 0x0000000709f00000| Untracked 
|  90|0x000000070a000000, 0x000000070a000000, 0x000000070a100000|  0%| F|  |TAMS 0x000000070a000000, 0x000000070a000000| Untracked 
|  91|0x000000070a100000, 0x000000070a100000, 0x000000070a200000|  0%| F|  |TAMS 0x000000070a100000, 0x000000070a100000| Untracked 
|  92|0x000000070a200000, 0x000000070a200000, 0x000000070a300000|  0%| F|  |TAMS 0x000000070a200000, 0x000000070a200000| Untracked 
|  93|0x000000070a300000, 0x000000070a300000, 0x000000070a400000|  0%| F|  |TAMS 0x000000070a300000, 0x000000070a300000| Untracked 
|  94|0x000000070a400000, 0x000000070a400000, 0x000000070a500000|  0%| F|  |TAMS 0x000000070a400000, 0x000000070a400000| Untracked 
|  95|0x000000070a500000, 0x000000070a500000, 0x000000070a600000|  0%| F|  |TAMS 0x000000070a500000, 0x000000070a500000| Untracked 
|  96|0x000000070a600000, 0x000000070a600000, 0x000000070a700000|  0%| F|  |TAMS 0x000000070a600000, 0x000000070a600000| Untracked 
|  97|0x000000070a700000, 0x000000070a700000, 0x000000070a800000|  0%| F|  |TAMS 0x000000070a700000, 0x000000070a700000| Untracked 
|  98|0x000000070a800000, 0x000000070a800000, 0x000000070a900000|  0%| F|  |TAMS 0x000000070a800000, 0x000000070a800000| Untracked 
|  99|0x000000070a900000, 0x000000070a900000, 0x000000070aa00000|  0%| F|  |TAMS 0x000000070a900000, 0x000000070a900000| Untracked 
| 100|0x000000070aa00000, 0x000000070aa00000, 0x000000070ab00000|  0%| F|  |TAMS 0x000000070aa00000, 0x000000070aa00000| Untracked 
| 101|0x000000070ab00000, 0x000000070ab00000, 0x000000070ac00000|  0%| F|  |TAMS 0x000000070ab00000, 0x000000070ab00000| Untracked 
| 102|0x000000070ac00000, 0x000000070ac00000, 0x000000070ad00000|  0%| F|  |TAMS 0x000000070ac00000, 0x000000070ac00000| Untracked 
| 103|0x000000070ad00000, 0x000000070ad00000, 0x000000070ae00000|  0%| F|  |TAMS 0x000000070ad00000, 0x000000070ad00000| Untracked 
| 104|0x000000070ae00000, 0x000000070ae00000, 0x000000070af00000|  0%| F|  |TAMS 0x000000070ae00000, 0x000000070ae00000| Untracked 
| 105|0x000000070af00000, 0x000000070af00000, 0x000000070b000000|  0%| F|  |TAMS 0x000000070af00000, 0x000000070af00000| Untracked 
| 106|0x000000070b000000, 0x000000070b000000, 0x000000070b100000|  0%| F|  |TAMS 0x000000070b000000, 0x000000070b000000| Untracked 
| 107|0x000000070b100000, 0x000000070b100000, 0x000000070b200000|  0%| F|  |TAMS 0x000000070b100000, 0x000000070b100000| Untracked 
| 108|0x000000070b200000, 0x000000070b200000, 0x000000070b300000|  0%| F|  |TAMS 0x000000070b200000, 0x000000070b200000| Untracked 
| 109|0x000000070b300000, 0x000000070b300000, 0x000000070b400000|  0%| F|  |TAMS 0x000000070b300000, 0x000000070b300000| Untracked 
| 110|0x000000070b400000, 0x000000070b400000, 0x000000070b500000|  0%| F|  |TAMS 0x000000070b400000, 0x000000070b400000| Untracked 
| 111|0x000000070b500000, 0x000000070b500000, 0x000000070b600000|  0%| F|  |TAMS 0x000000070b500000, 0x000000070b500000| Untracked 
| 112|0x000000070b600000, 0x000000070b600000, 0x000000070b700000|  0%| F|  |TAMS 0x000000070b600000, 0x000000070b600000| Untracked 
| 113|0x000000070b700000, 0x000000070b700000, 0x000000070b800000|  0%| F|  |TAMS 0x000000070b700000, 0x000000070b700000| Untracked 
| 114|0x000000070b800000, 0x000000070b800000, 0x000000070b900000|  0%| F|  |TAMS 0x000000070b800000, 0x000000070b800000| Untracked 
| 115|0x000000070b900000, 0x000000070b900000, 0x000000070ba00000|  0%| F|  |TAMS 0x000000070b900000, 0x000000070b900000| Untracked 
| 116|0x000000070ba00000, 0x000000070ba00000, 0x000000070bb00000|  0%| F|  |TAMS 0x000000070ba00000, 0x000000070ba00000| Untracked 
| 117|0x000000070bb00000, 0x000000070bb00000, 0x000000070bc00000|  0%| F|  |TAMS 0x000000070bb00000, 0x000000070bb00000| Untracked 
| 118|0x000000070bc00000, 0x000000070bc00000, 0x000000070bd00000|  0%| F|  |TAMS 0x000000070bc00000, 0x000000070bc00000| Untracked 
| 119|0x000000070bd00000, 0x000000070bd00000, 0x000000070be00000|  0%| F|  |TAMS 0x000000070bd00000, 0x000000070bd00000| Untracked 
| 120|0x000000070be00000, 0x000000070be00000, 0x000000070bf00000|  0%| F|  |TAMS 0x000000070be00000, 0x000000070be00000| Untracked 
| 121|0x000000070bf00000, 0x000000070bf859b0, 0x000000070c000000| 52%| E|  |TAMS 0x000000070bf00000, 0x000000070bf00000| Complete 
| 122|0x000000070c000000, 0x000000070c100000, 0x000000070c100000|100%| E|CS|TAMS 0x000000070c000000, 0x000000070c000000| Complete 
| 123|0x000000070c100000, 0x000000070c200000, 0x000000070c200000|100%| E|CS|TAMS 0x000000070c100000, 0x000000070c100000| Complete 
| 124|0x000000070c200000, 0x000000070c300000, 0x000000070c300000|100%| E|CS|TAMS 0x000000070c200000, 0x000000070c200000| Complete 
| 125|0x000000070c300000, 0x000000070c400000, 0x000000070c400000|100%| E|CS|TAMS 0x000000070c300000, 0x000000070c300000| Complete 
| 126|0x000000070c400000, 0x000000070c500000, 0x000000070c500000|100%| E|CS|TAMS 0x000000070c400000, 0x000000070c400000| Complete 
| 127|0x000000070c500000, 0x000000070c600000, 0x000000070c600000|100%| E|CS|TAMS 0x000000070c500000, 0x000000070c500000| Complete 
| 128|0x000000070c600000, 0x000000070c700000, 0x000000070c700000|100%| E|CS|TAMS 0x000000070c600000, 0x000000070c600000| Complete 
| 129|0x000000070c700000, 0x000000070c800000, 0x000000070c800000|100%| E|CS|TAMS 0x000000070c700000, 0x000000070c700000| Complete 
| 130|0x000000070c800000, 0x000000070c900000, 0x000000070c900000|100%| E|CS|TAMS 0x000000070c800000, 0x000000070c800000| Complete 
| 131|0x000000070c900000, 0x000000070ca00000, 0x000000070ca00000|100%| E|CS|TAMS 0x000000070c900000, 0x000000070c900000| Complete 
| 132|0x000000070ca00000, 0x000000070cb00000, 0x000000070cb00000|100%| E|CS|TAMS 0x000000070ca00000, 0x000000070ca00000| Complete 
| 133|0x000000070cb00000, 0x000000070cc00000, 0x000000070cc00000|100%| E|CS|TAMS 0x000000070cb00000, 0x000000070cb00000| Complete 
| 134|0x000000070cc00000, 0x000000070cd00000, 0x000000070cd00000|100%| E|CS|TAMS 0x000000070cc00000, 0x000000070cc00000| Complete 
| 135|0x000000070cd00000, 0x000000070ce00000, 0x000000070ce00000|100%| E|CS|TAMS 0x000000070cd00000, 0x000000070cd00000| Complete 
| 136|0x000000070ce00000, 0x000000070cf00000, 0x000000070cf00000|100%| E|CS|TAMS 0x000000070ce00000, 0x000000070ce00000| Complete 
| 137|0x000000070cf00000, 0x000000070d000000, 0x000000070d000000|100%| E|CS|TAMS 0x000000070cf00000, 0x000000070cf00000| Complete 
| 138|0x000000070d000000, 0x000000070d100000, 0x000000070d100000|100%| E|CS|TAMS 0x000000070d000000, 0x000000070d000000| Complete 
| 139|0x000000070d100000, 0x000000070d200000, 0x000000070d200000|100%| E|CS|TAMS 0x000000070d100000, 0x000000070d100000| Complete 
| 140|0x000000070d200000, 0x000000070d300000, 0x000000070d300000|100%| E|CS|TAMS 0x000000070d200000, 0x000000070d200000| Complete 
| 141|0x000000070d300000, 0x000000070d400000, 0x000000070d400000|100%| E|CS|TAMS 0x000000070d300000, 0x000000070d300000| Complete 
| 142|0x000000070d400000, 0x000000070d500000, 0x000000070d500000|100%| E|CS|TAMS 0x000000070d400000, 0x000000070d400000| Complete 
| 143|0x000000070d500000, 0x000000070d600000, 0x000000070d600000|100%| E|CS|TAMS 0x000000070d500000, 0x000000070d500000| Complete 
| 144|0x000000070d600000, 0x000000070d700000, 0x000000070d700000|100%| E|CS|TAMS 0x000000070d600000, 0x000000070d600000| Complete 
| 145|0x000000070d700000, 0x000000070d800000, 0x000000070d800000|100%| E|CS|TAMS 0x000000070d700000, 0x000000070d700000| Complete 
| 146|0x000000070d800000, 0x000000070d900000, 0x000000070d900000|100%| E|CS|TAMS 0x000000070d800000, 0x000000070d800000| Complete 
| 147|0x000000070d900000, 0x000000070da00000, 0x000000070da00000|100%| E|CS|TAMS 0x000000070d900000, 0x000000070d900000| Complete 
| 148|0x000000070da00000, 0x000000070db00000, 0x000000070db00000|100%| E|CS|TAMS 0x000000070da00000, 0x000000070da00000| Complete 
| 149|0x000000070db00000, 0x000000070dc00000, 0x000000070dc00000|100%| E|CS|TAMS 0x000000070db00000, 0x000000070db00000| Complete 
| 150|0x000000070dc00000, 0x000000070dd00000, 0x000000070dd00000|100%| E|CS|TAMS 0x000000070dc00000, 0x000000070dc00000| Complete 
| 151|0x000000070dd00000, 0x000000070de00000, 0x000000070de00000|100%| E|CS|TAMS 0x000000070dd00000, 0x000000070dd00000| Complete 
| 152|0x000000070de00000, 0x000000070df00000, 0x000000070df00000|100%| E|CS|TAMS 0x000000070de00000, 0x000000070de00000| Complete 
| 153|0x000000070df00000, 0x000000070e000000, 0x000000070e000000|100%| E|CS|TAMS 0x000000070df00000, 0x000000070df00000| Complete 
| 154|0x000000070e000000, 0x000000070e100000, 0x000000070e100000|100%| E|CS|TAMS 0x000000070e000000, 0x000000070e000000| Complete 
| 155|0x000000070e100000, 0x000000070e200000, 0x000000070e200000|100%| E|CS|TAMS 0x000000070e100000, 0x000000070e100000| Complete 
| 156|0x000000070e200000, 0x000000070e300000, 0x000000070e300000|100%| E|CS|TAMS 0x000000070e200000, 0x000000070e200000| Complete 
| 157|0x000000070e300000, 0x000000070e400000, 0x000000070e400000|100%| E|CS|TAMS 0x000000070e300000, 0x000000070e300000| Complete 
| 158|0x000000070e400000, 0x000000070e500000, 0x000000070e500000|100%| E|CS|TAMS 0x000000070e400000, 0x000000070e400000| Complete 
| 159|0x000000070e500000, 0x000000070e600000, 0x000000070e600000|100%| E|CS|TAMS 0x000000070e500000, 0x000000070e500000| Complete 
| 160|0x000000070e600000, 0x000000070e700000, 0x000000070e700000|100%| E|CS|TAMS 0x000000070e600000, 0x000000070e600000| Complete 
| 161|0x000000070e700000, 0x000000070e800000, 0x000000070e800000|100%| E|CS|TAMS 0x000000070e700000, 0x000000070e700000| Complete 
| 162|0x000000070e800000, 0x000000070e900000, 0x000000070e900000|100%| E|CS|TAMS 0x000000070e800000, 0x000000070e800000| Complete 
| 163|0x000000070e900000, 0x000000070ea00000, 0x000000070ea00000|100%| E|CS|TAMS 0x000000070e900000, 0x000000070e900000| Complete 
| 164|0x000000070ea00000, 0x000000070eb00000, 0x000000070eb00000|100%| E|CS|TAMS 0x000000070ea00000, 0x000000070ea00000| Complete 
| 165|0x000000070eb00000, 0x000000070ec00000, 0x000000070ec00000|100%| E|CS|TAMS 0x000000070eb00000, 0x000000070eb00000| Complete 
| 166|0x000000070ec00000, 0x000000070ed00000, 0x000000070ed00000|100%| E|CS|TAMS 0x000000070ec00000, 0x000000070ec00000| Complete 
| 167|0x000000070ed00000, 0x000000070ee00000, 0x000000070ee00000|100%| E|CS|TAMS 0x000000070ed00000, 0x000000070ed00000| Complete 
| 168|0x000000070ee00000, 0x000000070ef00000, 0x000000070ef00000|100%| E|CS|TAMS 0x000000070ee00000, 0x000000070ee00000| Complete 
| 169|0x000000070ef00000, 0x000000070f000000, 0x000000070f000000|100%| E|CS|TAMS 0x000000070ef00000, 0x000000070ef00000| Complete 
| 170|0x000000070f000000, 0x000000070f100000, 0x000000070f100000|100%| E|CS|TAMS 0x000000070f000000, 0x000000070f000000| Complete 
| 171|0x000000070f100000, 0x000000070f200000, 0x000000070f200000|100%| E|CS|TAMS 0x000000070f100000, 0x000000070f100000| Complete 
| 172|0x000000070f200000, 0x000000070f300000, 0x000000070f300000|100%| E|CS|TAMS 0x000000070f200000, 0x000000070f200000| Complete 
| 173|0x000000070f300000, 0x000000070f400000, 0x000000070f400000|100%| E|CS|TAMS 0x000000070f300000, 0x000000070f300000| Complete 
| 174|0x000000070f400000, 0x000000070f500000, 0x000000070f500000|100%| E|CS|TAMS 0x000000070f400000, 0x000000070f400000| Complete 
| 175|0x000000070f500000, 0x000000070f600000, 0x000000070f600000|100%| E|CS|TAMS 0x000000070f500000, 0x000000070f500000| Complete 
| 176|0x000000070f600000, 0x000000070f700000, 0x000000070f700000|100%| E|CS|TAMS 0x000000070f600000, 0x000000070f600000| Complete 
| 177|0x000000070f700000, 0x000000070f800000, 0x000000070f800000|100%| E|CS|TAMS 0x000000070f700000, 0x000000070f700000| Complete 
| 178|0x000000070f800000, 0x000000070f900000, 0x000000070f900000|100%| E|CS|TAMS 0x000000070f800000, 0x000000070f800000| Complete 
| 179|0x000000070f900000, 0x000000070fa00000, 0x000000070fa00000|100%| E|CS|TAMS 0x000000070f900000, 0x000000070f900000| Complete 
| 180|0x000000070fa00000, 0x000000070fb00000, 0x000000070fb00000|100%| E|CS|TAMS 0x000000070fa00000, 0x000000070fa00000| Complete 
| 181|0x000000070fb00000, 0x000000070fc00000, 0x000000070fc00000|100%| E|CS|TAMS 0x000000070fb00000, 0x000000070fb00000| Complete 
| 182|0x000000070fc00000, 0x000000070fd00000, 0x000000070fd00000|100%| E|CS|TAMS 0x000000070fc00000, 0x000000070fc00000| Complete 
| 183|0x000000070fd00000, 0x000000070fe00000, 0x000000070fe00000|100%| E|CS|TAMS 0x000000070fd00000, 0x000000070fd00000| Complete 
| 184|0x000000070fe00000, 0x000000070ff00000, 0x000000070ff00000|100%| E|CS|TAMS 0x000000070fe00000, 0x000000070fe00000| Complete 
| 185|0x000000070ff00000, 0x0000000710000000, 0x0000000710000000|100%| E|CS|TAMS 0x000000070ff00000, 0x000000070ff00000| Complete 
| 186|0x0000000710000000, 0x0000000710100000, 0x0000000710100000|100%| E|CS|TAMS 0x0000000710000000, 0x0000000710000000| Complete 
| 187|0x0000000710100000, 0x0000000710200000, 0x0000000710200000|100%| E|CS|TAMS 0x0000000710100000, 0x0000000710100000| Complete 
| 188|0x0000000710200000, 0x0000000710300000, 0x0000000710300000|100%| E|CS|TAMS 0x0000000710200000, 0x0000000710200000| Complete 
| 189|0x0000000710300000, 0x0000000710400000, 0x0000000710400000|100%| E|CS|TAMS 0x0000000710300000, 0x0000000710300000| Complete 
| 190|0x0000000710400000, 0x0000000710500000, 0x0000000710500000|100%| E|CS|TAMS 0x0000000710400000, 0x0000000710400000| Complete 
| 191|0x0000000710500000, 0x0000000710600000, 0x0000000710600000|100%| E|CS|TAMS 0x0000000710500000, 0x0000000710500000| Complete 
| 192|0x0000000710600000, 0x0000000710700000, 0x0000000710700000|100%| E|CS|TAMS 0x0000000710600000, 0x0000000710600000| Complete 
| 193|0x0000000710700000, 0x0000000710800000, 0x0000000710800000|100%| E|CS|TAMS 0x0000000710700000, 0x0000000710700000| Complete 
| 194|0x0000000710800000, 0x0000000710900000, 0x0000000710900000|100%| E|CS|TAMS 0x0000000710800000, 0x0000000710800000| Complete 
| 195|0x0000000710900000, 0x0000000710a00000, 0x0000000710a00000|100%| E|CS|TAMS 0x0000000710900000, 0x0000000710900000| Complete 
| 196|0x0000000710a00000, 0x0000000710b00000, 0x0000000710b00000|100%| E|CS|TAMS 0x0000000710a00000, 0x0000000710a00000| Complete 
| 197|0x0000000710b00000, 0x0000000710c00000, 0x0000000710c00000|100%| E|CS|TAMS 0x0000000710b00000, 0x0000000710b00000| Complete 
| 198|0x0000000710c00000, 0x0000000710d00000, 0x0000000710d00000|100%| E|CS|TAMS 0x0000000710c00000, 0x0000000710c00000| Complete 
| 199|0x0000000710d00000, 0x0000000710e00000, 0x0000000710e00000|100%| E|CS|TAMS 0x0000000710d00000, 0x0000000710d00000| Complete 
| 200|0x0000000710e00000, 0x0000000710f00000, 0x0000000710f00000|100%| E|CS|TAMS 0x0000000710e00000, 0x0000000710e00000| Complete 
| 201|0x0000000710f00000, 0x0000000711000000, 0x0000000711000000|100%| E|CS|TAMS 0x0000000710f00000, 0x0000000710f00000| Complete 
| 202|0x0000000711000000, 0x0000000711100000, 0x0000000711100000|100%| E|CS|TAMS 0x0000000711000000, 0x0000000711000000| Complete 
| 203|0x0000000711100000, 0x0000000711200000, 0x0000000711200000|100%| E|CS|TAMS 0x0000000711100000, 0x0000000711100000| Complete 
| 204|0x0000000711200000, 0x0000000711300000, 0x0000000711300000|100%| E|CS|TAMS 0x0000000711200000, 0x0000000711200000| Complete 
| 205|0x0000000711300000, 0x0000000711400000, 0x0000000711400000|100%| E|CS|TAMS 0x0000000711300000, 0x0000000711300000| Complete 
| 206|0x0000000711400000, 0x0000000711500000, 0x0000000711500000|100%| E|CS|TAMS 0x0000000711400000, 0x0000000711400000| Complete 
| 207|0x0000000711500000, 0x0000000711600000, 0x0000000711600000|100%| E|CS|TAMS 0x0000000711500000, 0x0000000711500000| Complete 
| 208|0x0000000711600000, 0x0000000711700000, 0x0000000711700000|100%| E|CS|TAMS 0x0000000711600000, 0x0000000711600000| Complete 
| 209|0x0000000711700000, 0x0000000711800000, 0x0000000711800000|100%| E|CS|TAMS 0x0000000711700000, 0x0000000711700000| Complete 
| 210|0x0000000711800000, 0x0000000711900000, 0x0000000711900000|100%| E|CS|TAMS 0x0000000711800000, 0x0000000711800000| Complete 
| 211|0x0000000711900000, 0x0000000711a00000, 0x0000000711a00000|100%| E|CS|TAMS 0x0000000711900000, 0x0000000711900000| Complete 
| 212|0x0000000711a00000, 0x0000000711b00000, 0x0000000711b00000|100%| E|CS|TAMS 0x0000000711a00000, 0x0000000711a00000| Complete 
| 213|0x0000000711b00000, 0x0000000711c00000, 0x0000000711c00000|100%| E|CS|TAMS 0x0000000711b00000, 0x0000000711b00000| Complete 
| 214|0x0000000711c00000, 0x0000000711d00000, 0x0000000711d00000|100%| E|CS|TAMS 0x0000000711c00000, 0x0000000711c00000| Complete 
| 215|0x0000000711d00000, 0x0000000711e00000, 0x0000000711e00000|100%| E|CS|TAMS 0x0000000711d00000, 0x0000000711d00000| Complete 
| 216|0x0000000711e00000, 0x0000000711f00000, 0x0000000711f00000|100%| E|CS|TAMS 0x0000000711e00000, 0x0000000711e00000| Complete 
| 217|0x0000000711f00000, 0x0000000712000000, 0x0000000712000000|100%| E|CS|TAMS 0x0000000711f00000, 0x0000000711f00000| Complete 
| 218|0x0000000712000000, 0x0000000712100000, 0x0000000712100000|100%| E|CS|TAMS 0x0000000712000000, 0x0000000712000000| Complete 
| 219|0x0000000712100000, 0x0000000712200000, 0x0000000712200000|100%| E|CS|TAMS 0x0000000712100000, 0x0000000712100000| Complete 
| 220|0x0000000712200000, 0x0000000712300000, 0x0000000712300000|100%| E|CS|TAMS 0x0000000712200000, 0x0000000712200000| Complete 
| 221|0x0000000712300000, 0x0000000712400000, 0x0000000712400000|100%| E|CS|TAMS 0x0000000712300000, 0x0000000712300000| Complete 
| 222|0x0000000712400000, 0x0000000712500000, 0x0000000712500000|100%| E|CS|TAMS 0x0000000712400000, 0x0000000712400000| Complete 
| 223|0x0000000712500000, 0x0000000712600000, 0x0000000712600000|100%| E|CS|TAMS 0x0000000712500000, 0x0000000712500000| Complete 
| 224|0x0000000712600000, 0x0000000712700000, 0x0000000712700000|100%| E|CS|TAMS 0x0000000712600000, 0x0000000712600000| Complete 
| 225|0x0000000712700000, 0x0000000712800000, 0x0000000712800000|100%| E|CS|TAMS 0x0000000712700000, 0x0000000712700000| Complete 
| 226|0x0000000712800000, 0x0000000712900000, 0x0000000712900000|100%| E|CS|TAMS 0x0000000712800000, 0x0000000712800000| Complete 
| 227|0x0000000712900000, 0x0000000712a00000, 0x0000000712a00000|100%| E|CS|TAMS 0x0000000712900000, 0x0000000712900000| Complete 
| 228|0x0000000712a00000, 0x0000000712b00000, 0x0000000712b00000|100%| E|CS|TAMS 0x0000000712a00000, 0x0000000712a00000| Complete 
| 229|0x0000000712b00000, 0x0000000712c00000, 0x0000000712c00000|100%| E|CS|TAMS 0x0000000712b00000, 0x0000000712b00000| Complete 
| 230|0x0000000712c00000, 0x0000000712d00000, 0x0000000712d00000|100%| E|CS|TAMS 0x0000000712c00000, 0x0000000712c00000| Complete 
| 231|0x0000000712d00000, 0x0000000712e00000, 0x0000000712e00000|100%| E|CS|TAMS 0x0000000712d00000, 0x0000000712d00000| Complete 
| 232|0x0000000712e00000, 0x0000000712f00000, 0x0000000712f00000|100%| E|CS|TAMS 0x0000000712e00000, 0x0000000712e00000| Complete 
| 233|0x0000000712f00000, 0x0000000713000000, 0x0000000713000000|100%| E|CS|TAMS 0x0000000712f00000, 0x0000000712f00000| Complete 
| 234|0x0000000713000000, 0x0000000713059800, 0x0000000713100000| 34%| S|CS|TAMS 0x0000000713000000, 0x0000000713000000| Complete 
| 235|0x0000000713100000, 0x0000000713200000, 0x0000000713200000|100%| S|CS|TAMS 0x0000000713100000, 0x0000000713100000| Complete 
| 236|0x0000000713200000, 0x0000000713300000, 0x0000000713300000|100%| S|CS|TAMS 0x0000000713200000, 0x0000000713200000| Complete 
| 237|0x0000000713300000, 0x0000000713400000, 0x0000000713400000|100%| S|CS|TAMS 0x0000000713300000, 0x0000000713300000| Complete 
| 238|0x0000000713400000, 0x0000000713500000, 0x0000000713500000|100%| S|CS|TAMS 0x0000000713400000, 0x0000000713400000| Complete 
| 239|0x0000000713500000, 0x0000000713600000, 0x0000000713600000|100%| S|CS|TAMS 0x0000000713500000, 0x0000000713500000| Complete 
| 240|0x0000000713600000, 0x0000000713700000, 0x0000000713700000|100%| S|CS|TAMS 0x0000000713600000, 0x0000000713600000| Complete 
| 241|0x0000000713700000, 0x0000000713800000, 0x0000000713800000|100%| S|CS|TAMS 0x0000000713700000, 0x0000000713700000| Complete 
| 242|0x0000000713800000, 0x0000000713900000, 0x0000000713900000|100%| E|CS|TAMS 0x0000000713800000, 0x0000000713800000| Complete 
| 243|0x0000000713900000, 0x0000000713a00000, 0x0000000713a00000|100%| E|CS|TAMS 0x0000000713900000, 0x0000000713900000| Complete 
| 244|0x0000000713a00000, 0x0000000713b00000, 0x0000000713b00000|100%| E|CS|TAMS 0x0000000713a00000, 0x0000000713a00000| Complete 
| 245|0x0000000713b00000, 0x0000000713c00000, 0x0000000713c00000|100%| E|CS|TAMS 0x0000000713b00000, 0x0000000713b00000| Complete 
| 246|0x0000000713c00000, 0x0000000713d00000, 0x0000000713d00000|100%| E|CS|TAMS 0x0000000713c00000, 0x0000000713c00000| Complete 
| 247|0x0000000713d00000, 0x0000000713e00000, 0x0000000713e00000|100%| E|CS|TAMS 0x0000000713d00000, 0x0000000713d00000| Complete 
| 248|0x0000000713e00000, 0x0000000713f00000, 0x0000000713f00000|100%| E|CS|TAMS 0x0000000713e00000, 0x0000000713e00000| Complete 
| 249|0x0000000713f00000, 0x0000000714000000, 0x0000000714000000|100%| E|CS|TAMS 0x0000000713f00000, 0x0000000713f00000| Complete 
| 250|0x0000000714000000, 0x0000000714100000, 0x0000000714100000|100%| E|CS|TAMS 0x0000000714000000, 0x0000000714000000| Complete 
| 251|0x0000000714100000, 0x0000000714200000, 0x0000000714200000|100%| E|CS|TAMS 0x0000000714100000, 0x0000000714100000| Complete 

Card table byte_map: [0x000001c1d1f70000,0x000001c1d2750000] _byte_map_base: 0x000001c1ce74d000

Marking Bits (Prev, Next): (CMBitMap*) 0x000001c1babc18c8, (CMBitMap*) 0x000001c1babc1900
 Prev Bits: [0x000001c1d2f30000, 0x000001c1d6e18000)
 Next Bits: [0x000001c1d6e20000, 0x000001c1dad08000)

Polling page: 0x000001c1ba320000

Metaspace:

Usage:
  Non-class:     46.74 MB capacity,    45.93 MB ( 98%) used,   665.98 KB (  1%) free+waste,   159.75 KB ( <1%) overhead. 
      Class:      6.84 MB capacity,     6.30 MB ( 92%) used,   479.96 KB (  7%) free+waste,    77.69 KB (  1%) overhead. 
       Both:     53.58 MB capacity,    52.23 MB ( 97%) used,     1.12 MB (  2%) free+waste,   237.44 KB ( <1%) overhead. 

Virtual space:
  Non-class space:       48.00 MB reserved,      46.75 MB ( 97%) committed 
      Class space:        1.00 GB reserved,       6.88 MB ( <1%) committed 
             Both:        1.05 GB reserved,      53.62 MB (  5%) committed 

Chunk freelists:
   Non-Class:  1.25 KB
       Class:  384 bytes
        Both:  1.62 KB

CodeHeap 'non-profiled nmethods': size=120000Kb used=3197Kb max_used=3197Kb free=116802Kb
 bounds [0x000001c1c9d10000, 0x000001c1ca030000, 0x000001c1d1240000]
CodeHeap 'profiled nmethods': size=120000Kb used=10906Kb max_used=10906Kb free=109093Kb
 bounds [0x000001c1c27e0000, 0x000001c1c3290000, 0x000001c1c9d10000]
CodeHeap 'non-nmethods': size=5760Kb used=1207Kb max_used=1240Kb free=4552Kb
 bounds [0x000001c1c2240000, 0x000001c1c24b0000, 0x000001c1c27e0000]
 total_blobs=5330 nmethods=4764 adapters=477
 compilation: enabled
              stopped_count=0, restarted_count=0
 full_count=0

Compilation events (10 events):
Event: 29.963 Thread 0x000001c1de408800 nmethod 4761 0x000001c1c327f110 code [0x000001c1c327f2c0, 0x000001c1c327f638]
Event: 29.963 Thread 0x000001c1de408800 4762       3       java.lang.Integer::compareTo (12 bytes)
Event: 29.963 Thread 0x000001c1de408800 nmethod 4762 0x000001c1c327f790 code [0x000001c1c327f940, 0x000001c1c327fb58]
Event: 29.963 Thread 0x000001c1de408800 4758       3       com.mysql.cj.CharsetMapping::getStaticMysqlCharsetByName (13 bytes)
Event: 29.964 Thread 0x000001c1de408800 nmethod 4758 0x000001c1c327fc10 code [0x000001c1c327fdc0, 0x000001c1c3280108]
Event: 29.964 Thread 0x000001c1de408800 4759       3       com.mysql.cj.Collation::<init> (17 bytes)
Event: 29.964 Thread 0x000001c1de408800 nmethod 4759 0x000001c1c3280210 code [0x000001c1c32803e0, 0x000001c1c32808e8]
Event: 29.966 Thread 0x000001c1de40f000 nmethod 4750 0x000001c1ca02eb10 code [0x000001c1ca02ecc0, 0x000001c1ca02f238]
Event: 29.966 Thread 0x000001c1de40f000 4743       4       java.lang.String$CaseInsensitiveComparator::compare (13 bytes)
Event: 29.968 Thread 0x000001c1de408800 4764       3       java.io.FilePermission::getMask (948 bytes)

GC Heap History (10 events):
Event: 0.426 GC heap before
{Heap before GC invocations=0 (full 0):
 garbage-first heap   total 258048K, used 23552K [0x0000000704600000, 0x0000000800000000)
  region size 1024K, 24 young (24576K), 0 survivors (0K)
 Metaspace       used 13102K, capacity 13355K, committed 13440K, reserved 1060864K
  class space    used 1330K, capacity 1408K, committed 1408K, reserved 1048576K
}
Event: 0.428 GC heap after
{Heap after GC invocations=1 (full 0):
 garbage-first heap   total 258048K, used 4953K [0x0000000704600000, 0x0000000800000000)
  region size 1024K, 3 young (3072K), 3 survivors (3072K)
 Metaspace       used 13102K, capacity 13355K, committed 13440K, reserved 1060864K
  class space    used 1330K, capacity 1408K, committed 1408K, reserved 1048576K
}
Event: 0.793 GC heap before
{Heap before GC invocations=1 (full 0):
 garbage-first heap   total 258048K, used 40793K [0x0000000704600000, 0x0000000800000000)
  region size 1024K, 39 young (39936K), 3 survivors (3072K)
 Metaspace       used 20682K, capacity 21108K, committed 21248K, reserved 1069056K
  class space    used 2311K, capacity 2480K, committed 2560K, reserved 1048576K
}
Event: 0.796 GC heap after
{Heap after GC invocations=2 (full 0):
 garbage-first heap   total 258048K, used 6784K [0x0000000704600000, 0x0000000800000000)
  region size 1024K, 5 young (5120K), 5 survivors (5120K)
 Metaspace       used 20682K, capacity 21108K, committed 21248K, reserved 1069056K
  class space    used 2311K, capacity 2480K, committed 2560K, reserved 1048576K
}
Event: 0.986 GC heap before
{Heap before GC invocations=3 (full 0):
 garbage-first heap   total 258048K, used 44672K [0x0000000704600000, 0x0000000800000000)
  region size 1024K, 43 young (44032K), 5 survivors (5120K)
 Metaspace       used 26615K, capacity 27140K, committed 27392K, reserved 1073152K
  class space    used 3090K, capacity 3294K, committed 3328K, reserved 1048576K
}
Event: 0.989 GC heap after
{Heap after GC invocations=4 (full 0):
 garbage-first heap   total 258048K, used 8796K [0x0000000704600000, 0x0000000800000000)
  region size 1024K, 4 young (4096K), 4 survivors (4096K)
 Metaspace       used 26615K, capacity 27140K, committed 27392K, reserved 1073152K
  class space    used 3090K, capacity 3294K, committed 3328K, reserved 1048576K
}
Event: 1.460 GC heap before
{Heap before GC invocations=4 (full 0):
 garbage-first heap   total 258048K, used 71260K [0x0000000704600000, 0x0000000800000000)
  region size 1024K, 65 young (66560K), 4 survivors (4096K)
 Metaspace       used 33631K, capacity 34383K, committed 34560K, reserved 1079296K
  class space    used 3969K, capacity 4249K, committed 4352K, reserved 1048576K
}
Event: 1.464 GC heap after
{Heap after GC invocations=5 (full 0):
 garbage-first heap   total 258048K, used 11384K [0x0000000704600000, 0x0000000800000000)
  region size 1024K, 7 young (7168K), 7 survivors (7168K)
 Metaspace       used 33631K, capacity 34383K, committed 34560K, reserved 1079296K
  class space    used 3969K, capacity 4249K, committed 4352K, reserved 1048576K
}
Event: 1.564 GC heap before
{Heap before GC invocations=5 (full 0):
 garbage-first heap   total 258048K, used 20600K [0x0000000704600000, 0x0000000800000000)
  region size 1024K, 17 young (17408K), 7 survivors (7168K)
 Metaspace       used 34968K, capacity 35811K, committed 35840K, reserved 1081344K
  class space    used 4145K, capacity 4451K, committed 4480K, reserved 1048576K
}
Event: 1.568 GC heap after
{Heap after GC invocations=6 (full 0):
 garbage-first heap   total 258048K, used 12481K [0x0000000704600000, 0x0000000800000000)
  region size 1024K, 8 young (8192K), 8 survivors (8192K)
 Metaspace       used 34968K, capacity 35811K, committed 35840K, reserved 1081344K
  class space    used 4145K, capacity 4451K, committed 4480K, reserved 1048576K
}

Deoptimization events (10 events):
Event: 7.058 Thread 0x000001c1e63b3800 Uncommon trap: reason=class_check action=maybe_recompile pc=0x000001c1c9f5cc9c method=java.util.concurrent.ConcurrentHashMap.get(Ljava/lang/Object;)Ljava/lang/Object; @ 93 c2
Event: 7.058 Thread 0x000001c1e63b3800 Uncommon trap: reason=class_check action=maybe_recompile pc=0x000001c1c9f5cc9c method=java.util.concurrent.ConcurrentHashMap.get(Ljava/lang/Object;)Ljava/lang/Object; @ 93 c2
Event: 7.058 Thread 0x000001c1e2773000 Uncommon trap: reason=class_check action=maybe_recompile pc=0x000001c1c9f5cc9c method=java.util.concurrent.ConcurrentHashMap.get(Ljava/lang/Object;)Ljava/lang/Object; @ 93 c2
Event: 7.058 Thread 0x000001c1e63ae800 Uncommon trap: reason=class_check action=maybe_recompile pc=0x000001c1c9f5cc9c method=java.util.concurrent.ConcurrentHashMap.get(Ljava/lang/Object;)Ljava/lang/Object; @ 93 c2
Event: 14.721 Thread 0x000001c1e63b4000 Uncommon trap: reason=unstable_if action=reinterpret pc=0x000001c1c9f0e364 method=java.lang.Class.getComponentType()Ljava/lang/Class; @ 4 c2
Event: 29.881 Thread 0x000001c1e2775800 Uncommon trap: reason=unstable_if action=reinterpret pc=0x000001c1c9edcdbc method=java.net.URI.match(CJJ)Z @ 45 c2
Event: 29.881 Thread 0x000001c1e2775800 Uncommon trap: reason=unstable_if action=reinterpret pc=0x000001c1c9d743c8 method=java.net.URI.match(CJJ)Z @ 19 c2
Event: 29.884 Thread 0x000001c1e2775800 Uncommon trap: reason=unstable_if action=reinterpret pc=0x000001c1c9ebee2c method=java.util.Properties.load0(Ljava/util/Properties$LineReader;)V @ 160 c2
Event: 29.954 Thread 0x000001c1e2775800 Uncommon trap: reason=unstable_if action=reinterpret pc=0x000001c1c9fdfc10 method=java.lang.StringLatin1.compareToCI([B[B)I @ 68 c2
Event: 29.954 Thread 0x000001c1e2775800 Uncommon trap: reason=unstable_if action=reinterpret pc=0x000001c1c9fdc8d8 method=java.lang.StringLatin1.compareToCI([B[B)I @ 68 c2

Classes redefined (0 events):
No events

Internal exceptions (10 events):
Event: 2.201 Thread 0x000001c1dfc79800 Exception <a 'java/lang/NoSuchMethodError'{0x000000070ff2f3d8}: java.lang.invoke.DirectMethodHandle$Holder.invokeVirtual(Ljava/lang/Object;Ljava/lang/Object;J)V> (0x000000070ff2f3d8) thrown at [./open/src/hotspot/share/interpreter/linkResolver.cpp, line 7
Event: 2.236 Thread 0x000001c1dfc79800 Exception <a 'java/lang/NoSuchMethodError'{0x000000070fc37310}: java.lang.invoke.DirectMethodHandle$Holder.newInvokeSpecial(Ljava/lang/Object;Ljava/lang/Object;Ljava/lang/Object;Ljava/lang/Object;Ljava/lang/Object;)Ljava/lang/Object;> (0x000000070fc37310)
Event: 2.285 Thread 0x000001c1dfc79800 Exception <a 'java/lang/IncompatibleClassChangeError'{0x000000070f812050}: Found class java.lang.Object, but interface was expected> (0x000000070f812050) thrown at [./open/src/hotspot/share/interpreter/linkResolver.cpp, line 838]
Event: 2.307 Thread 0x000001c1dfc79800 Exception <a 'java/lang/NoSuchMethodError'{0x000000070f7a6c10}: java.lang.invoke.DirectMethodHandle$Holder.invokeStaticInit(Ljava/lang/Object;Ljava/lang/Object;Ljava/lang/Object;Ljava/lang/Object;)I> (0x000000070f7a6c10) thrown at [./open/src/hotspot/shar
Event: 2.410 Thread 0x000001c1dfc79800 Exception <a 'java/lang/NoSuchMethodError'{0x000000070ee90648}: java.lang.invoke.DirectMethodHandle$Holder.invokeSpecial(Ljava/lang/Object;Ljava/lang/Object;ILjava/lang/Object;ILjava/lang/Object;)Ljava/lang/Object;> (0x000000070ee90648) thrown at [./open/
Event: 2.411 Thread 0x000001c1dfc79800 Exception <a 'java/lang/NoSuchMethodError'{0x000000070ee97dd0}: java.lang.invoke.DirectMethodHandle$Holder.invokeStatic(Ljava/lang/Object;Ljava/lang/Object;ILjava/lang/Object;I)Ljava/lang/Object;> (0x000000070ee97dd0) thrown at [./open/src/hotspot/share/i
Event: 2.411 Thread 0x000001c1dfc79800 Exception <a 'java/lang/NoSuchMethodError'{0x000000070ee9b5a8}: java.lang.invoke.DirectMethodHandle$Holder.invokeSpecial(Ljava/lang/Object;Ljava/lang/Object;Ljava/lang/Object;ILjava/lang/Object;I)Ljava/lang/Object;> (0x000000070ee9b5a8) thrown at [./open/
Event: 2.412 Thread 0x000001c1dfc79800 Exception <a 'java/lang/NoSuchMethodError'{0x000000070eea7ed0}: java.lang.invoke.DirectMethodHandle$Holder.invokeVirtual(Ljava/lang/Object;Ljava/lang/Object;)V> (0x000000070eea7ed0) thrown at [./open/src/hotspot/share/interpreter/linkResolver.cpp, line 77
Event: 29.845 Thread 0x000001c1e2775800 Exception <a 'java/lang/ClassNotFoundException'{0x000000070caa7728}: java/lang/ObjectCustomizer> (0x000000070caa7728) thrown at [./open/src/hotspot/share/classfile/systemDictionary.cpp, line 226]
Event: 29.846 Thread 0x000001c1e2775800 Exception <a 'java/lang/ClassNotFoundException'{0x000000070cabbce0}: com/coding404/myweb/command/ProductVOCustomizer> (0x000000070cabbce0) thrown at [./open/src/hotspot/share/classfile/systemDictionary.cpp, line 226]

Events (10 events):
Event: 29.967 loading class java/security/KeyManagementException
Event: 29.967 loading class java/security/KeyManagementException done
Event: 29.967 loading class javax/net/ssl/TrustManager
Event: 29.967 loading class javax/net/ssl/TrustManager done
Event: 29.967 loading class javax/crypto/NoSuchPaddingException
Event: 29.967 loading class javax/crypto/NoSuchPaddingException done
Event: 29.967 loading class javax/crypto/IllegalBlockSizeException
Event: 29.967 loading class javax/crypto/IllegalBlockSizeException done
Event: 29.967 loading class javax/crypto/BadPaddingException
Event: 29.967 loading class javax/crypto/BadPaddingException done


Dynamic libraries:
0x00007ff7a1c20000 - 0x00007ff7a1c30000 	C:\Program Files\Java\jdk-11\bin\java.exe
0x00007ff855470000 - 0x00007ff855687000 	C:\windows\SYSTEM32\ntdll.dll
0x00007ff854250000 - 0x00007ff854314000 	C:\windows\System32\KERNEL32.DLL
0x00007ff8527d0000 - 0x00007ff852b7d000 	C:\windows\System32\KERNELBASE.dll
0x00007ff852f20000 - 0x00007ff853031000 	C:\windows\System32\ucrtbase.dll
0x00007ff84f570000 - 0x00007ff84f589000 	C:\Program Files\Java\jdk-11\bin\jli.dll
0x00007ff84eca0000 - 0x00007ff84ecbb000 	C:\Program Files\Java\jdk-11\bin\VCRUNTIME140.dll
0x00007ff854e10000 - 0x00007ff854ec2000 	C:\windows\System32\ADVAPI32.dll
0x00007ff853fb0000 - 0x00007ff854057000 	C:\windows\System32\msvcrt.dll
0x00007ff853230000 - 0x00007ff8532d9000 	C:\windows\System32\sechost.dll
0x00007ff852e00000 - 0x00007ff852e28000 	C:\windows\System32\bcrypt.dll
0x00007ff853920000 - 0x00007ff853a34000 	C:\windows\System32\RPCRT4.dll
0x00007ff853af0000 - 0x00007ff853c9e000 	C:\windows\System32\USER32.dll
0x00007ff8527a0000 - 0x00007ff8527c6000 	C:\windows\System32\win32u.dll
0x00007ff8538f0000 - 0x00007ff853919000 	C:\windows\System32\GDI32.dll
0x00007ff8371d0000 - 0x00007ff837463000 	C:\windows\WinSxS\amd64_microsoft.windows.common-controls_6595b64144ccf1df_6.0.22621.3672_none_2713b9d173822955\COMCTL32.dll
0x00007ff852ce0000 - 0x00007ff852df9000 	C:\windows\System32\gdi32full.dll
0x00007ff852c40000 - 0x00007ff852cda000 	C:\windows\System32\msvcp_win.dll
0x00007ff8418e0000 - 0x00007ff8418ea000 	C:\windows\SYSTEM32\VERSION.dll
0x00007ff853ca0000 - 0x00007ff853cd1000 	C:\windows\System32\IMM32.DLL
0x00007ff84f9b0000 - 0x00007ff84f9bc000 	C:\Program Files\Java\jdk-11\bin\vcruntime140_1.dll
0x00007ff847390000 - 0x00007ff84741e000 	C:\Program Files\Java\jdk-11\bin\msvcp140.dll
0x00007ff814830000 - 0x00007ff81538e000 	C:\Program Files\Java\jdk-11\bin\server\jvm.dll
0x00007ff855030000 - 0x00007ff855038000 	C:\windows\System32\PSAPI.DLL
0x00007ff8476d0000 - 0x00007ff8476d9000 	C:\windows\SYSTEM32\WSOCK32.dll
0x00007ff8403d0000 - 0x00007ff840404000 	C:\windows\SYSTEM32\WINMM.dll
0x00007ff853870000 - 0x00007ff8538e1000 	C:\windows\System32\WS2_32.dll
0x00007ff851800000 - 0x00007ff851818000 	C:\windows\SYSTEM32\kernel.appcore.dll
0x00007ff84f990000 - 0x00007ff84f9a0000 	C:\Program Files\Java\jdk-11\bin\verify.dll
0x00007ff83ea80000 - 0x00007ff83ecb2000 	C:\windows\SYSTEM32\DBGHELP.DLL
0x00007ff8550a0000 - 0x00007ff855428000 	C:\windows\System32\combase.dll
0x00007ff854160000 - 0x00007ff854237000 	C:\windows\System32\OLEAUT32.dll
0x00007ff83d7f0000 - 0x00007ff83d822000 	C:\windows\SYSTEM32\dbgcore.DLL
0x00007ff852e30000 - 0x00007ff852eab000 	C:\windows\System32\bcryptPrimitives.dll
0x00007ff847cc0000 - 0x00007ff847ce8000 	C:\Program Files\Java\jdk-11\bin\java.dll
0x00007ff84f970000 - 0x00007ff84f97a000 	C:\Program Files\Java\jdk-11\bin\jimage.dll
0x00007ff84f560000 - 0x00007ff84f56e000 	C:\Program Files\Java\jdk-11\bin\instrument.dll
0x00007ff84ec80000 - 0x00007ff84ec97000 	C:\Program Files\Java\jdk-11\bin\zip.dll
0x00007ff854320000 - 0x00007ff854b7f000 	C:\windows\System32\SHELL32.dll
0x00007ff8506a0000 - 0x00007ff850f9c000 	C:\windows\SYSTEM32\windows.storage.dll
0x00007ff850560000 - 0x00007ff85069f000 	C:\windows\SYSTEM32\wintypes.dll
0x00007ff853ce0000 - 0x00007ff853dd4000 	C:\windows\System32\SHCORE.dll
0x00007ff855040000 - 0x00007ff85509e000 	C:\windows\System32\shlwapi.dll
0x00007ff8526d0000 - 0x00007ff8526f1000 	C:\windows\SYSTEM32\profapi.dll
0x00007ff84be70000 - 0x00007ff84be89000 	C:\Program Files\Java\jdk-11\bin\net.dll
0x00007ff84d500000 - 0x00007ff84d636000 	C:\windows\SYSTEM32\WINHTTP.dll
0x00007ff851ce0000 - 0x00007ff851d49000 	C:\windows\system32\mswsock.dll
0x00007ff847450000 - 0x00007ff847462000 	C:\Program Files\Java\jdk-11\bin\nio.dll
0x00007ff847150000 - 0x00007ff84716a000 	C:\Users\user\Desktop\course\intelij\ideaIC-2024.1.4.win\bin\breakgen64.dll
0x00007ff84f530000 - 0x00007ff84f539000 	C:\Program Files\Java\jdk-11\bin\management.dll
0x00007ff84d960000 - 0x00007ff84d96b000 	C:\Program Files\Java\jdk-11\bin\management_ext.dll
0x00007ff842dd0000 - 0x00007ff842de7000 	C:\windows\system32\napinsp.dll
0x00007ff842db0000 - 0x00007ff842dcb000 	C:\windows\system32\pnrpnsp.dll
0x00007ff851270000 - 0x00007ff851368000 	C:\windows\SYSTEM32\DNSAPI.dll
0x00007ff851240000 - 0x00007ff85126d000 	C:\windows\SYSTEM32\IPHLPAPI.DLL
0x00007ff854240000 - 0x00007ff854249000 	C:\windows\System32\NSI.dll
0x00007ff842d70000 - 0x00007ff842d81000 	C:\windows\System32\winrnr.dll
0x00007ff842c00000 - 0x00007ff842c15000 	C:\windows\system32\wshbth.dll
0x00007ff842bd0000 - 0x00007ff842bf7000 	C:\windows\system32\nlansp_c.dll
0x00007ff8426b0000 - 0x00007ff8426ba000 	C:\Windows\System32\rasadhlp.dll
0x00007ff84c7b0000 - 0x00007ff84c833000 	C:\windows\System32\fwpuclnt.dll
0x00007ff852030000 - 0x00007ff85204b000 	C:\windows\SYSTEM32\CRYPTSP.dll
0x00007ff851760000 - 0x00007ff851795000 	C:\windows\system32\rsaenh.dll
0x00007ff851d80000 - 0x00007ff851da8000 	C:\windows\SYSTEM32\USERENV.dll
0x00007ff852010000 - 0x00007ff85201c000 	C:\windows\SYSTEM32\CRYPTBASE.dll
0x00007ff84d710000 - 0x00007ff84d729000 	C:\windows\SYSTEM32\dhcpcsvc6.DLL
0x00007ff84d230000 - 0x00007ff84d24f000 	C:\windows\SYSTEM32\dhcpcsvc.DLL
0x00007ff847440000 - 0x00007ff84744e000 	C:\Program Files\Java\jdk-11\bin\sunmscapi.dll
0x00007ff853040000 - 0x00007ff8531a7000 	C:\windows\System32\CRYPT32.dll
0x00007ff852150000 - 0x00007ff85217e000 	C:\windows\SYSTEM32\ncrypt.dll
0x00007ff852110000 - 0x00007ff852147000 	C:\windows\SYSTEM32\NTASN1.dll
0x00007ff8451d0000 - 0x00007ff8451f7000 	C:\Program Files\Java\jdk-11\bin\sunec.dll

dbghelp: loaded successfully - version: 4.0.5 - missing functions: none
symbol engine: initialized successfully - sym options: 0x614 - pdb path: .;C:\Program Files\Java\jdk-11\bin;C:\windows\SYSTEM32;C:\windows\WinSxS\amd64_microsoft.windows.common-controls_6595b64144ccf1df_6.0.22621.3672_none_2713b9d173822955;C:\Program Files\Java\jdk-11\bin\server;C:\Users\user\Desktop\course\intelij\ideaIC-2024.1.4.win\bin

VM Arguments:
jvm_args: -javaagent:C:\Users\user\Desktop\course\intelij\ideaIC-2024.1.4.win\lib\idea_rt.jar=58815:C:\Users\user\Desktop\course\intelij\ideaIC-2024.1.4.win\bin -Dfile.encoding=UTF-8 
java_command: com.coding404.myweb.BootMyWebApplication
java_class_path (initial): C:\Users\user\Desktop\course\spring\Spring\BootMyWeb\BootMyWeb\out\production\classes;C:\Users\user\Desktop\course\spring\Spring\BootMyWeb\BootMyWeb\out\production\resources;C:\Users\user\.gradle\caches\modules-2\files-2.1\org.springframework.boot\spring-boot-starter-thymeleaf\2.7.18\c87a27e30720c43372ceb0476b5b00c6f5296df3\spring-boot-starter-thymeleaf-2.7.18.jar;C:\Users\user\.gradle\caches\modules-2\files-2.1\org.springframework.boot\spring-boot-starter-web\2.7.18\dd62ea85098187b4604e78dc15a7ff87dba173d\spring-boot-starter-web-2.7.18.jar;C:\Users\user\.gradle\caches\modules-2\files-2.1\org.springframework.boot\spring-boot-starter-validation\2.7.18\5c37e1806f7b09b2c0efc7317fbe16be65ced66e\spring-boot-starter-validation-2.7.18.jar;C:\Users\user\.gradle\caches\modules-2\files-2.1\org.mybatis.spring.boot\mybatis-spring-boot-starter\2.2.0\1543d9566e2acaa7230cd8996237a291603ac21f\mybatis-spring-boot-starter-2.2.0.jar;C:\Users\user\.gradle\caches\modules-2\files-2.1\com.mysql\mysql-connector-j\8.0.33\9e64d997873abc4318620264703d3fdb6b02dd5a\mysql-connector-j-8.0.33.jar;C:\Users\user\.gradle\caches\modules-2\files-2.1\org.bgee.log4jdbc-log4j2\log4jdbc-log4j2-jdbc4.1\1.16\ce7cd831b2e3e5d428e659a6fdae0fb6b89f3cc7\log4jdbc-log4j2-jdbc4.1-1.16.jar;C:\Users\user\.gradle\caches\modules-2\files-2.1\org.springframework.boot\spring-boot-starter\2.7.18\e56b75105f9ace6df154fd47eeeeadc2f5791e56\spring-boot-starter-2.7.18.jar;C:\Users\user\.gradle\caches\modules-2\files-2.1\org.thymeleaf\thymeleaf-spring5\3.0.15.RELEASE\7170e1bcd1588d38c139f7048ebcc262676441c3\thymeleaf-spring5-3.0.15.RELEASE.jar;C:\Users\user\.gradle\caches\modules-2\files-2.1\org.thymeleaf.extras\thymeleaf-extras-java8time\3.0.4.RELEASE\36e7175ddce36c486fff4578b5af7bb32f54f5df\thymeleaf-extras-java8time-3.0.4.RELEASE.jar;C:\Users\user\.gradle\caches\modules-2\files-2.1\org.springframework.boot\spring-boot-starter-json\2.7.18\b6d9ed5cae0c1929a9e561bf4799a3dc93a10db1\spring-boot-starter-j
Launcher Type: SUN_STANDARD

[Global flags]
     intx CICompilerCount                          = 4                                         {product} {ergonomic}
     uint ConcGCThreads                            = 3                                         {product} {ergonomic}
     uint G1ConcRefinementThreads                  = 10                                        {product} {ergonomic}
   size_t G1HeapRegionSize                         = 1048576                                   {product} {ergonomic}
    uintx GCDrainStackTargetSize                   = 64                                        {product} {ergonomic}
   size_t InitialHeapSize                          = 264241152                                 {product} {ergonomic}
   size_t MarkStackSize                            = 4194304                                   {product} {ergonomic}
   size_t MaxHeapSize                              = 4221566976                                {product} {ergonomic}
   size_t MaxNewSize                               = 2532311040                                {product} {ergonomic}
   size_t MinHeapDeltaBytes                        = 1048576                                   {product} {ergonomic}
    uintx NonNMethodCodeHeapSize                   = 5836300                                {pd product} {ergonomic}
    uintx NonProfiledCodeHeapSize                  = 122910970                              {pd product} {ergonomic}
    uintx ProfiledCodeHeapSize                     = 122910970                              {pd product} {ergonomic}
    uintx ReservedCodeCacheSize                    = 251658240                              {pd product} {ergonomic}
     bool SegmentedCodeCache                       = true                                      {product} {ergonomic}
     bool UseCompressedClassPointers               = true                                 {lp64_product} {ergonomic}
     bool UseCompressedOops                        = true                                 {lp64_product} {ergonomic}
     bool UseG1GC                                  = true                                      {product} {ergonomic}
     bool UseLargePagesIndividualAllocation        = false                                  {pd product} {ergonomic}

Logging:
Log output configuration:
 #0: stdout all=warning uptime,level,tags
 #1: stderr all=off uptime,level,tags

Environment Variables:
PATH=C:\oraclexe\app\oracle\product\11.2.0\server\bin;;C:\Program Files\Common Files\Oracle\Java\javapath;C:\Program Files\Eclipse Adoptium\jdk-21.0.3.9-hotspot\bin;C:\windows\system32;C:\windows;C:\windows\System32\Wbem;C:\windows\System32\WindowsPowerShell\v1.0\;C:\windows\System32\OpenSSH\;C:\Program Files\Bandizip\;C:\Program Files\Git\cmd;C:\Users\user\AppData\Local\Microsoft\WindowsApps;C:\Users\user\AppData\Local\Programs\Microsoft VS Code\bin
USERNAME=user
OS=Windows_NT
PROCESSOR_IDENTIFIER=Intel64 Family 6 Model 151 Stepping 2, GenuineIntel



---------------  S Y S T E M  ---------------

OS: Windows 11 , 64 bit Build 22621 (10.0.22621.3672)
Hyper-V role detected

CPU:total 12 (initial active 12) (6 cores per cpu, 2 threads per core) family 6 model 151 stepping 2 microcode 0x1e, cmov, cx8, fxsr, mmx, sse, sse2, sse3, ssse3, sse4.1, sse4.2, popcnt, avx, avx2, aes, clmul, erms, 3dnowpref, lzcnt, ht, tsc, tscinvbit, bmi1, bmi2, adx, sha, fma

Memory: 4k page, system-wide physical 16099M (1703M free)
TotalPageFile size 44470M (AvailPageFile size 5M)
current process WorkingSet (physical memory assigned to process): 284M, peak: 284M
current process commit charge ("private bytes"): 446M, peak: 490M

vm_info: Java HotSpot(TM) 64-Bit Server VM (11.0.23+7-LTS-222) for windows-amd64 JRE (11.0.23+7-LTS-222), built on Mar 11 2024 22:13:52 by "mach5one" with MS VC++ 17.6 (VS2022)

END.
