#
# There is insufficient memory for the Java Runtime Environment to continue.
# Native memory allocation (malloc) failed to allocate 1840176 bytes for Chunk::new
# Possible reasons:
#   The system is out of physical RAM or swap space
#   The process is running with CompressedOops enabled, and the Java Heap may be blocking the growth of the native heap
# Possible solutions:
#   Reduce memory load on the system
#   Increase physical memory or swap space
#   Check if swap backing store is full
#   Decrease Java heap size (-Xmx/-Xms)
#   Decrease number of Java threads
#   Decrease Java thread stack sizes (-Xss)
#   Set larger code cache with -XX:ReservedCodeCacheSize=
#   JVM is running with Zero Based Compressed Oops mode in which the Java heap is
#     placed in the first 32GB address space. The Java Heap base address is the
#     maximum limit for the native heap growth. Please use -XX:HeapBaseMinAddress
#     to set the Java Heap base and to place the Java Heap above 32GB virtual address.
# This output file may be truncated or incomplete.
#
#  Out of Memory Error (./open/src/hotspot/share/memory/arena.cpp:197), pid=13816, tid=1704
#
# JRE version: Java(TM) SE Runtime Environment 18.9 (11.0.23+7) (build 11.0.23+7-LTS-222)
# Java VM: Java HotSpot(TM) 64-Bit Server VM 18.9 (11.0.23+7-LTS-222, mixed mode, tiered, compressed oops, g1 gc, windows-amd64)
# No core dump will be written. Minidumps are not enabled by default on client versions of Windows
#

---------------  S U M M A R Y ------------

Command Line: -javaagent:C:\Users\user\Desktop\course\intelij\ideaIC-2024.1.4.win\lib\idea_rt.jar=58753:C:\Users\user\Desktop\course\intelij\ideaIC-2024.1.4.win\bin -Dfile.encoding=UTF-8 com.coding404.myweb.BootMyWebApplication

Host: 12th Gen Intel(R) Core(TM) i5-12400, 12 cores, 15G,  Windows 11 , 64 bit Build 22621 (10.0.22621.3672)
Time: Fri Aug  9 15:09:06 2024  Windows 11 , 64 bit Build 22621 (10.0.22621.3672) elapsed time: 3.665919 seconds (0d 0h 0m 3s)

---------------  T H R E A D  ---------------

Current thread (0x0000015ffaf5b000):  JavaThread "C2 CompilerThread2" daemon [_thread_in_native, id=1704, stack(0x0000001c22200000,0x0000001c22300000)]


Current CompileTask:
C2:   3665 4487       4       java.lang.invoke.MethodType::makeImpl (108 bytes)

Stack: [0x0000001c22200000,0x0000001c22300000]
Native frames: (J=compiled Java code, j=interpreted, Vv=VM code, C=native code)
V  [jvm.dll+0x65524a]
V  [jvm.dll+0x79646f]
V  [jvm.dll+0x797b39]
V  [jvm.dll+0x7981e3]
V  [jvm.dll+0x254ee5]
V  [jvm.dll+0xb310c]
V  [jvm.dll+0xb371c]
V  [jvm.dll+0x35ed01]
V  [jvm.dll+0x32b9f5]
V  [jvm.dll+0x32adda]
V  [jvm.dll+0x20ee5d]
V  [jvm.dll+0x20de2d]
V  [jvm.dll+0x18b291]
V  [jvm.dll+0x21def4]
V  [jvm.dll+0x21c21c]
V  [jvm.dll+0x75a5f1]
V  [jvm.dll+0x752ef4]
V  [jvm.dll+0x6540f5]
C  [ucrtbase.dll+0x29333]
C  [KERNEL32.DLL+0x1257d]
C  [ntdll.dll+0x5af28]


---------------  P R O C E S S  ---------------

Threads class SMR info:
_java_thread_list=0x0000015f8085b000, length=33, elements={
0x0000015ff7f05000, 0x0000015ff7f06800, 0x0000015ff7f73000, 0x0000015ff7f74000,
0x0000015ff7f77800, 0x0000015ff7f7a800, 0x0000015ff765e000, 0x0000015ff7f7e000,
0x0000015ff80eb800, 0x0000015ff834e000, 0x0000015ff9a10800, 0x0000015ff9a12000,
0x0000015ff9a15800, 0x0000015ff9a14800, 0x0000015ff9a0f800, 0x0000015ff9a16000,
0x0000015ff9a13000, 0x0000015ff9a13800, 0x0000015ff9a11000, 0x0000015ffaf0d000,
0x0000015ffaf14000, 0x0000015ffaf10800, 0x0000015ffaf0f000, 0x0000015ffaf12000,
0x0000015ffaf0f800, 0x0000015ffaf13000, 0x0000015ffaf0e000, 0x0000015ffaf14800,
0x0000015ffaf17000, 0x0000015ff80f5800, 0x0000015ffaf5b000, 0x0000015ffaf15800,
0x0000015ffaf16000
}

Java Threads: ( => current thread )
  0x0000015ff7f05000 JavaThread "Reference Handler" daemon [_thread_blocked, id=20348, stack(0x0000001c21000000,0x0000001c21100000)]
  0x0000015ff7f06800 JavaThread "Finalizer" daemon [_thread_blocked, id=8576, stack(0x0000001c21100000,0x0000001c21200000)]
  0x0000015ff7f73000 JavaThread "Signal Dispatcher" daemon [_thread_blocked, id=14812, stack(0x0000001c21200000,0x0000001c21300000)]
  0x0000015ff7f74000 JavaThread "Attach Listener" daemon [_thread_blocked, id=9984, stack(0x0000001c21300000,0x0000001c21400000)]
  0x0000015ff7f77800 JavaThread "Service Thread" daemon [_thread_blocked, id=19716, stack(0x0000001c21400000,0x0000001c21500000)]
  0x0000015ff7f7a800 JavaThread "C2 CompilerThread0" daemon [_thread_in_native, id=1252, stack(0x0000001c21500000,0x0000001c21600000)]
  0x0000015ff765e000 JavaThread "C1 CompilerThread0" daemon [_thread_in_native, id=12256, stack(0x0000001c21600000,0x0000001c21700000)]
  0x0000015ff7f7e000 JavaThread "Sweeper thread" daemon [_thread_blocked, id=12056, stack(0x0000001c21700000,0x0000001c21800000)]
  0x0000015ff80eb800 JavaThread "Common-Cleaner" daemon [_thread_blocked, id=9076, stack(0x0000001c21800000,0x0000001c21900000)]
  0x0000015ff834e000 JavaThread "Monitor Ctrl-Break" daemon [_thread_in_native, id=10656, stack(0x0000001c21a00000,0x0000001c21b00000)]
  0x0000015ff9a10800 JavaThread "Catalina-utility-1" [_thread_blocked, id=19620, stack(0x0000001c22300000,0x0000001c22400000)]
  0x0000015ff9a12000 JavaThread "Catalina-utility-2" [_thread_blocked, id=9488, stack(0x0000001c22900000,0x0000001c22a00000)]
  0x0000015ff9a15800 JavaThread "container-0" [_thread_blocked, id=18392, stack(0x0000001c22a00000,0x0000001c22b00000)]
  0x0000015ff9a14800 JavaThread "mysql-cj-abandoned-connection-cleanup" daemon [_thread_blocked, id=17196, stack(0x0000001c22b00000,0x0000001c22c00000)]
  0x0000015ff9a0f800 JavaThread "File Watcher" daemon [_thread_blocked, id=13256, stack(0x0000001c22c00000,0x0000001c22d00000)]
  0x0000015ff9a16000 JavaThread "Live Reload Server" daemon [_thread_in_native, id=15392, stack(0x0000001c22e00000,0x0000001c22f00000)]
  0x0000015ff9a13000 JavaThread "http-nio-8282-exec-1" daemon [_thread_in_Java, id=3380, stack(0x0000001c22d00000,0x0000001c22e00000)]
  0x0000015ff9a13800 JavaThread "http-nio-8282-exec-2" daemon [_thread_blocked, id=18264, stack(0x0000001c22f00000,0x0000001c23000000)]
  0x0000015ff9a11000 JavaThread "http-nio-8282-exec-3" daemon [_thread_blocked, id=8504, stack(0x0000001c23000000,0x0000001c23100000)]
  0x0000015ffaf0d000 JavaThread "http-nio-8282-exec-4" daemon [_thread_blocked, id=7748, stack(0x0000001c23100000,0x0000001c23200000)]
  0x0000015ffaf14000 JavaThread "http-nio-8282-exec-5" daemon [_thread_blocked, id=16652, stack(0x0000001c23200000,0x0000001c23300000)]
  0x0000015ffaf10800 JavaThread "http-nio-8282-exec-6" daemon [_thread_blocked, id=6052, stack(0x0000001c23300000,0x0000001c23400000)]
  0x0000015ffaf0f000 JavaThread "http-nio-8282-exec-7" daemon [_thread_blocked, id=1356, stack(0x0000001c23400000,0x0000001c23500000)]
  0x0000015ffaf12000 JavaThread "http-nio-8282-exec-8" daemon [_thread_blocked, id=13452, stack(0x0000001c23500000,0x0000001c23600000)]
  0x0000015ffaf0f800 JavaThread "http-nio-8282-exec-9" daemon [_thread_blocked, id=21208, stack(0x0000001c23600000,0x0000001c23700000)]
  0x0000015ffaf13000 JavaThread "http-nio-8282-exec-10" daemon [_thread_blocked, id=7328, stack(0x0000001c23700000,0x0000001c23800000)]
  0x0000015ffaf0e000 JavaThread "http-nio-8282-Poller" daemon [_thread_in_native, id=18532, stack(0x0000001c23800000,0x0000001c23900000)]
  0x0000015ffaf14800 JavaThread "http-nio-8282-Acceptor" daemon [_thread_in_native, id=9596, stack(0x0000001c23900000,0x0000001c23a00000)]
  0x0000015ffaf17000 JavaThread "DestroyJavaVM" [_thread_blocked, id=21012, stack(0x0000001c20900000,0x0000001c20a00000)]
  0x0000015ff80f5800 JavaThread "C2 CompilerThread1" daemon [_thread_in_native, id=13308, stack(0x0000001c21900000,0x0000001c21a00000)]
=>0x0000015ffaf5b000 JavaThread "C2 CompilerThread2" daemon [_thread_in_native, id=1704, stack(0x0000001c22200000,0x0000001c22300000)]
  0x0000015ffaf15800 JavaThread "HikariPool-1 housekeeper" daemon [_thread_blocked, id=10924, stack(0x0000001c22800000,0x0000001c22900000)]
  0x0000015ffaf16000 JavaThread "HikariPool-1 connection adder" daemon [_thread_in_Java, id=1948, stack(0x0000001c23a00000,0x0000001c23b00000)]

Other Threads:
  0x0000015ff7659800 VMThread "VM Thread" [stack: 0x0000001c20f00000,0x0000001c21000000] [id=5096]
  0x0000015ff84d9000 WatcherThread [stack: 0x0000001c21b00000,0x0000001c21c00000] [id=10548]
  0x0000015fd4711800 GCTaskThread "GC Thread#0" [stack: 0x0000001c20a00000,0x0000001c20b00000] [id=8672]
  0x0000015ff90af800 GCTaskThread "GC Thread#1" [stack: 0x0000001c21c00000,0x0000001c21d00000] [id=6900]
  0x0000015ff898f800 GCTaskThread "GC Thread#2" [stack: 0x0000001c21d00000,0x0000001c21e00000] [id=1648]
  0x0000015ff8d78800 GCTaskThread "GC Thread#3" [stack: 0x0000001c21e00000,0x0000001c21f00000] [id=13588]
  0x0000015ff8d79800 GCTaskThread "GC Thread#4" [stack: 0x0000001c21f00000,0x0000001c22000000] [id=19912]
  0x0000015ff8cb8800 GCTaskThread "GC Thread#5" [stack: 0x0000001c22000000,0x0000001c22100000] [id=16108]
  0x0000015ff95d3800 GCTaskThread "GC Thread#6" [stack: 0x0000001c22400000,0x0000001c22500000] [id=21032]
  0x0000015ff8efd000 GCTaskThread "GC Thread#7" [stack: 0x0000001c22500000,0x0000001c22600000] [id=19696]
  0x0000015fd476d000 ConcurrentGCThread "G1 Main Marker" [stack: 0x0000001c20b00000,0x0000001c20c00000] [id=1940]
  0x0000015fd476f800 ConcurrentGCThread "G1 Conc#0" [stack: 0x0000001c20c00000,0x0000001c20d00000] [id=21092]
  0x0000015ff8d53800 ConcurrentGCThread "G1 Conc#1" [stack: 0x0000001c22600000,0x0000001c22700000] [id=14628]
  0x0000015ff98c5800 ConcurrentGCThread "G1 Conc#2" [stack: 0x0000001c22700000,0x0000001c22800000] [id=11904]
  0x0000015ff753b800 ConcurrentGCThread "G1 Refine#0" [stack: 0x0000001c20d00000,0x0000001c20e00000] [id=7784]
  0x0000015ff753d000 ConcurrentGCThread "G1 Young RemSet Sampling" [stack: 0x0000001c20e00000,0x0000001c20f00000] [id=13852]

Threads with active compile tasks:
C2 CompilerThread0     3682 4637       4       org.thymeleaf.processor.element.MatchingAttributeName::matches (135 bytes)
C1 CompilerThread0     3682 4645       3       org.thymeleaf.engine.AttributeDefinitions::buildHTMLAttributeDefinition (251 bytes)
C2 CompilerThread1     3682 4554       4       org.thymeleaf.util.ProcessorComparators$ProcessorPrecedenceComparator::compare (13 bytes)
C2 CompilerThread2     3682 4487       4       java.lang.invoke.MethodType::makeImpl (108 bytes)

VM state:not at safepoint (normal execution)

VM Mutex/Monitor currently owned by a thread: None

Heap address: 0x0000000704600000, size: 4026 MB, Compressed Oops mode: Zero based, Oop shift amount: 3
Narrow klass base: 0x0000000800000000, Narrow klass shift: 0
Compressed class space size: 1073741824 Address: 0x0000000800000000

Heap:
 garbage-first heap   total 258048K, used 126099K [0x0000000704600000, 0x0000000800000000)
  region size 1024K, 120 young (122880K), 8 survivors (8192K)
 Metaspace       used 55678K, capacity 57118K, committed 57216K, reserved 1099776K
  class space    used 6696K, capacity 7267K, committed 7296K, reserved 1048576K
Heap Regions: E=young(eden), S=young(survivor), O=old, HS=humongous(starts), HC=humongous(continues), CS=collection set, F=free, A=archive, TAMS=top-at-mark-start (previous, next)
|   0|0x0000000704600000, 0x0000000704700000, 0x0000000704700000|100%| O|  |TAMS 0x0000000704700000, 0x0000000704600000| Untracked 
|   1|0x0000000704700000, 0x0000000704800000, 0x0000000704800000|100%| O|  |TAMS 0x0000000704800000, 0x0000000704700000| Untracked 
|   2|0x0000000704800000, 0x0000000704900000, 0x0000000704900000|100%| O|  |TAMS 0x0000000704900000, 0x0000000704800000| Untracked 
|   3|0x0000000704900000, 0x0000000704a00000, 0x0000000704a00000|100%| O|  |TAMS 0x0000000704a00000, 0x0000000704900000| Untracked 
|   4|0x0000000704a00000, 0x0000000704ac9000, 0x0000000704b00000| 78%| O|  |TAMS 0x0000000704ac9000, 0x0000000704a00000| Untracked 
|   5|0x0000000704b00000, 0x0000000704b00000, 0x0000000704c00000|  0%| F|  |TAMS 0x0000000704b00000, 0x0000000704b00000| Untracked 
|   6|0x0000000704c00000, 0x0000000704c00000, 0x0000000704d00000|  0%| F|  |TAMS 0x0000000704c00000, 0x0000000704c00000| Untracked 
|   7|0x0000000704d00000, 0x0000000704d00000, 0x0000000704e00000|  0%| F|  |TAMS 0x0000000704d00000, 0x0000000704d00000| Untracked 
|   8|0x0000000704e00000, 0x0000000704e00000, 0x0000000704f00000|  0%| F|  |TAMS 0x0000000704e00000, 0x0000000704e00000| Untracked 
|   9|0x0000000704f00000, 0x0000000704f00000, 0x0000000705000000|  0%| F|  |TAMS 0x0000000704f00000, 0x0000000704f00000| Untracked 
|  10|0x0000000705000000, 0x0000000705000000, 0x0000000705100000|  0%| F|  |TAMS 0x0000000705000000, 0x0000000705000000| Untracked 
|  11|0x0000000705100000, 0x0000000705100000, 0x0000000705200000|  0%| F|  |TAMS 0x0000000705100000, 0x0000000705100000| Untracked 
|  12|0x0000000705200000, 0x0000000705200000, 0x0000000705300000|  0%| F|  |TAMS 0x0000000705200000, 0x0000000705200000| Untracked 
|  13|0x0000000705300000, 0x0000000705300000, 0x0000000705400000|  0%| F|  |TAMS 0x0000000705300000, 0x0000000705300000| Untracked 
|  14|0x0000000705400000, 0x0000000705400000, 0x0000000705500000|  0%| F|  |TAMS 0x0000000705400000, 0x0000000705400000| Untracked 
|  15|0x0000000705500000, 0x0000000705500000, 0x0000000705600000|  0%| F|  |TAMS 0x0000000705500000, 0x0000000705500000| Untracked 
|  16|0x0000000705600000, 0x0000000705600000, 0x0000000705700000|  0%| F|  |TAMS 0x0000000705600000, 0x0000000705600000| Untracked 
|  17|0x0000000705700000, 0x0000000705700000, 0x0000000705800000|  0%| F|  |TAMS 0x0000000705700000, 0x0000000705700000| Untracked 
|  18|0x0000000705800000, 0x0000000705800000, 0x0000000705900000|  0%| F|  |TAMS 0x0000000705800000, 0x0000000705800000| Untracked 
|  19|0x0000000705900000, 0x0000000705900000, 0x0000000705a00000|  0%| F|  |TAMS 0x0000000705900000, 0x0000000705900000| Untracked 
|  20|0x0000000705a00000, 0x0000000705a00000, 0x0000000705b00000|  0%| F|  |TAMS 0x0000000705a00000, 0x0000000705a00000| Untracked 
|  21|0x0000000705b00000, 0x0000000705b00000, 0x0000000705c00000|  0%| F|  |TAMS 0x0000000705b00000, 0x0000000705b00000| Untracked 
|  22|0x0000000705c00000, 0x0000000705c00000, 0x0000000705d00000|  0%| F|  |TAMS 0x0000000705c00000, 0x0000000705c00000| Untracked 
|  23|0x0000000705d00000, 0x0000000705d00000, 0x0000000705e00000|  0%| F|  |TAMS 0x0000000705d00000, 0x0000000705d00000| Untracked 
|  24|0x0000000705e00000, 0x0000000705e00000, 0x0000000705f00000|  0%| F|  |TAMS 0x0000000705e00000, 0x0000000705e00000| Untracked 
|  25|0x0000000705f00000, 0x0000000705f00000, 0x0000000706000000|  0%| F|  |TAMS 0x0000000705f00000, 0x0000000705f00000| Untracked 
|  26|0x0000000706000000, 0x0000000706000000, 0x0000000706100000|  0%| F|  |TAMS 0x0000000706000000, 0x0000000706000000| Untracked 
|  27|0x0000000706100000, 0x0000000706100000, 0x0000000706200000|  0%| F|  |TAMS 0x0000000706100000, 0x0000000706100000| Untracked 
|  28|0x0000000706200000, 0x0000000706200000, 0x0000000706300000|  0%| F|  |TAMS 0x0000000706200000, 0x0000000706200000| Untracked 
|  29|0x0000000706300000, 0x0000000706300000, 0x0000000706400000|  0%| F|  |TAMS 0x0000000706300000, 0x0000000706300000| Untracked 
|  30|0x0000000706400000, 0x0000000706400000, 0x0000000706500000|  0%| F|  |TAMS 0x0000000706400000, 0x0000000706400000| Untracked 
|  31|0x0000000706500000, 0x0000000706500000, 0x0000000706600000|  0%| F|  |TAMS 0x0000000706500000, 0x0000000706500000| Untracked 
|  32|0x0000000706600000, 0x0000000706600000, 0x0000000706700000|  0%| F|  |TAMS 0x0000000706600000, 0x0000000706600000| Untracked 
|  33|0x0000000706700000, 0x0000000706700000, 0x0000000706800000|  0%| F|  |TAMS 0x0000000706700000, 0x0000000706700000| Untracked 
|  34|0x0000000706800000, 0x0000000706800000, 0x0000000706900000|  0%| F|  |TAMS 0x0000000706800000, 0x0000000706800000| Untracked 
|  35|0x0000000706900000, 0x0000000706900000, 0x0000000706a00000|  0%| F|  |TAMS 0x0000000706900000, 0x0000000706900000| Untracked 
|  36|0x0000000706a00000, 0x0000000706a00000, 0x0000000706b00000|  0%| F|  |TAMS 0x0000000706a00000, 0x0000000706a00000| Untracked 
|  37|0x0000000706b00000, 0x0000000706b00000, 0x0000000706c00000|  0%| F|  |TAMS 0x0000000706b00000, 0x0000000706b00000| Untracked 
|  38|0x0000000706c00000, 0x0000000706c00000, 0x0000000706d00000|  0%| F|  |TAMS 0x0000000706c00000, 0x0000000706c00000| Untracked 
|  39|0x0000000706d00000, 0x0000000706d00000, 0x0000000706e00000|  0%| F|  |TAMS 0x0000000706d00000, 0x0000000706d00000| Untracked 
|  40|0x0000000706e00000, 0x0000000706e00000, 0x0000000706f00000|  0%| F|  |TAMS 0x0000000706e00000, 0x0000000706e00000| Untracked 
|  41|0x0000000706f00000, 0x0000000706f00000, 0x0000000707000000|  0%| F|  |TAMS 0x0000000706f00000, 0x0000000706f00000| Untracked 
|  42|0x0000000707000000, 0x0000000707000000, 0x0000000707100000|  0%| F|  |TAMS 0x0000000707000000, 0x0000000707000000| Untracked 
|  43|0x0000000707100000, 0x0000000707100000, 0x0000000707200000|  0%| F|  |TAMS 0x0000000707100000, 0x0000000707100000| Untracked 
|  44|0x0000000707200000, 0x0000000707200000, 0x0000000707300000|  0%| F|  |TAMS 0x0000000707200000, 0x0000000707200000| Untracked 
|  45|0x0000000707300000, 0x0000000707300000, 0x0000000707400000|  0%| F|  |TAMS 0x0000000707300000, 0x0000000707300000| Untracked 
|  46|0x0000000707400000, 0x0000000707400000, 0x0000000707500000|  0%| F|  |TAMS 0x0000000707400000, 0x0000000707400000| Untracked 
|  47|0x0000000707500000, 0x0000000707500000, 0x0000000707600000|  0%| F|  |TAMS 0x0000000707500000, 0x0000000707500000| Untracked 
|  48|0x0000000707600000, 0x0000000707600000, 0x0000000707700000|  0%| F|  |TAMS 0x0000000707600000, 0x0000000707600000| Untracked 
|  49|0x0000000707700000, 0x0000000707700000, 0x0000000707800000|  0%| F|  |TAMS 0x0000000707700000, 0x0000000707700000| Untracked 
|  50|0x0000000707800000, 0x0000000707800000, 0x0000000707900000|  0%| F|  |TAMS 0x0000000707800000, 0x0000000707800000| Untracked 
|  51|0x0000000707900000, 0x0000000707900000, 0x0000000707a00000|  0%| F|  |TAMS 0x0000000707900000, 0x0000000707900000| Untracked 
|  52|0x0000000707a00000, 0x0000000707a00000, 0x0000000707b00000|  0%| F|  |TAMS 0x0000000707a00000, 0x0000000707a00000| Untracked 
|  53|0x0000000707b00000, 0x0000000707b00000, 0x0000000707c00000|  0%| F|  |TAMS 0x0000000707b00000, 0x0000000707b00000| Untracked 
|  54|0x0000000707c00000, 0x0000000707c00000, 0x0000000707d00000|  0%| F|  |TAMS 0x0000000707c00000, 0x0000000707c00000| Untracked 
|  55|0x0000000707d00000, 0x0000000707d00000, 0x0000000707e00000|  0%| F|  |TAMS 0x0000000707d00000, 0x0000000707d00000| Untracked 
|  56|0x0000000707e00000, 0x0000000707e00000, 0x0000000707f00000|  0%| F|  |TAMS 0x0000000707e00000, 0x0000000707e00000| Untracked 
|  57|0x0000000707f00000, 0x0000000707f00000, 0x0000000708000000|  0%| F|  |TAMS 0x0000000707f00000, 0x0000000707f00000| Untracked 
|  58|0x0000000708000000, 0x0000000708000000, 0x0000000708100000|  0%| F|  |TAMS 0x0000000708000000, 0x0000000708000000| Untracked 
|  59|0x0000000708100000, 0x0000000708100000, 0x0000000708200000|  0%| F|  |TAMS 0x0000000708100000, 0x0000000708100000| Untracked 
|  60|0x0000000708200000, 0x0000000708200000, 0x0000000708300000|  0%| F|  |TAMS 0x0000000708200000, 0x0000000708200000| Untracked 
|  61|0x0000000708300000, 0x0000000708300000, 0x0000000708400000|  0%| F|  |TAMS 0x0000000708300000, 0x0000000708300000| Untracked 
|  62|0x0000000708400000, 0x0000000708400000, 0x0000000708500000|  0%| F|  |TAMS 0x0000000708400000, 0x0000000708400000| Untracked 
|  63|0x0000000708500000, 0x0000000708500000, 0x0000000708600000|  0%| F|  |TAMS 0x0000000708500000, 0x0000000708500000| Untracked 
|  64|0x0000000708600000, 0x0000000708600000, 0x0000000708700000|  0%| F|  |TAMS 0x0000000708600000, 0x0000000708600000| Untracked 
|  65|0x0000000708700000, 0x0000000708700000, 0x0000000708800000|  0%| F|  |TAMS 0x0000000708700000, 0x0000000708700000| Untracked 
|  66|0x0000000708800000, 0x0000000708800000, 0x0000000708900000|  0%| F|  |TAMS 0x0000000708800000, 0x0000000708800000| Untracked 
|  67|0x0000000708900000, 0x0000000708900000, 0x0000000708a00000|  0%| F|  |TAMS 0x0000000708900000, 0x0000000708900000| Untracked 
|  68|0x0000000708a00000, 0x0000000708a00000, 0x0000000708b00000|  0%| F|  |TAMS 0x0000000708a00000, 0x0000000708a00000| Untracked 
|  69|0x0000000708b00000, 0x0000000708b00000, 0x0000000708c00000|  0%| F|  |TAMS 0x0000000708b00000, 0x0000000708b00000| Untracked 
|  70|0x0000000708c00000, 0x0000000708c00000, 0x0000000708d00000|  0%| F|  |TAMS 0x0000000708c00000, 0x0000000708c00000| Untracked 
|  71|0x0000000708d00000, 0x0000000708d00000, 0x0000000708e00000|  0%| F|  |TAMS 0x0000000708d00000, 0x0000000708d00000| Untracked 
|  72|0x0000000708e00000, 0x0000000708e00000, 0x0000000708f00000|  0%| F|  |TAMS 0x0000000708e00000, 0x0000000708e00000| Untracked 
|  73|0x0000000708f00000, 0x0000000708f00000, 0x0000000709000000|  0%| F|  |TAMS 0x0000000708f00000, 0x0000000708f00000| Untracked 
|  74|0x0000000709000000, 0x0000000709000000, 0x0000000709100000|  0%| F|  |TAMS 0x0000000709000000, 0x0000000709000000| Untracked 
|  75|0x0000000709100000, 0x0000000709100000, 0x0000000709200000|  0%| F|  |TAMS 0x0000000709100000, 0x0000000709100000| Untracked 
|  76|0x0000000709200000, 0x0000000709200000, 0x0000000709300000|  0%| F|  |TAMS 0x0000000709200000, 0x0000000709200000| Untracked 
|  77|0x0000000709300000, 0x0000000709300000, 0x0000000709400000|  0%| F|  |TAMS 0x0000000709300000, 0x0000000709300000| Untracked 
|  78|0x0000000709400000, 0x0000000709400000, 0x0000000709500000|  0%| F|  |TAMS 0x0000000709400000, 0x0000000709400000| Untracked 
|  79|0x0000000709500000, 0x0000000709500000, 0x0000000709600000|  0%| F|  |TAMS 0x0000000709500000, 0x0000000709500000| Untracked 
|  80|0x0000000709600000, 0x0000000709600000, 0x0000000709700000|  0%| F|  |TAMS 0x0000000709600000, 0x0000000709600000| Untracked 
|  81|0x0000000709700000, 0x0000000709700000, 0x0000000709800000|  0%| F|  |TAMS 0x0000000709700000, 0x0000000709700000| Untracked 
|  82|0x0000000709800000, 0x0000000709800000, 0x0000000709900000|  0%| F|  |TAMS 0x0000000709800000, 0x0000000709800000| Untracked 
|  83|0x0000000709900000, 0x0000000709900000, 0x0000000709a00000|  0%| F|  |TAMS 0x0000000709900000, 0x0000000709900000| Untracked 
|  84|0x0000000709a00000, 0x0000000709a00000, 0x0000000709b00000|  0%| F|  |TAMS 0x0000000709a00000, 0x0000000709a00000| Untracked 
|  85|0x0000000709b00000, 0x0000000709b00000, 0x0000000709c00000|  0%| F|  |TAMS 0x0000000709b00000, 0x0000000709b00000| Untracked 
|  86|0x0000000709c00000, 0x0000000709c00000, 0x0000000709d00000|  0%| F|  |TAMS 0x0000000709c00000, 0x0000000709c00000| Untracked 
|  87|0x0000000709d00000, 0x0000000709d00000, 0x0000000709e00000|  0%| F|  |TAMS 0x0000000709d00000, 0x0000000709d00000| Untracked 
|  88|0x0000000709e00000, 0x0000000709e00000, 0x0000000709f00000|  0%| F|  |TAMS 0x0000000709e00000, 0x0000000709e00000| Untracked 
|  89|0x0000000709f00000, 0x0000000709f00000, 0x000000070a000000|  0%| F|  |TAMS 0x0000000709f00000, 0x0000000709f00000| Untracked 
|  90|0x000000070a000000, 0x000000070a000000, 0x000000070a100000|  0%| F|  |TAMS 0x000000070a000000, 0x000000070a000000| Untracked 
|  91|0x000000070a100000, 0x000000070a100000, 0x000000070a200000|  0%| F|  |TAMS 0x000000070a100000, 0x000000070a100000| Untracked 
|  92|0x000000070a200000, 0x000000070a200000, 0x000000070a300000|  0%| F|  |TAMS 0x000000070a200000, 0x000000070a200000| Untracked 
|  93|0x000000070a300000, 0x000000070a300000, 0x000000070a400000|  0%| F|  |TAMS 0x000000070a300000, 0x000000070a300000| Untracked 
|  94|0x000000070a400000, 0x000000070a400000, 0x000000070a500000|  0%| F|  |TAMS 0x000000070a400000, 0x000000070a400000| Untracked 
|  95|0x000000070a500000, 0x000000070a500000, 0x000000070a600000|  0%| F|  |TAMS 0x000000070a500000, 0x000000070a500000| Untracked 
|  96|0x000000070a600000, 0x000000070a600000, 0x000000070a700000|  0%| F|  |TAMS 0x000000070a600000, 0x000000070a600000| Untracked 
|  97|0x000000070a700000, 0x000000070a700000, 0x000000070a800000|  0%| F|  |TAMS 0x000000070a700000, 0x000000070a700000| Untracked 
|  98|0x000000070a800000, 0x000000070a800000, 0x000000070a900000|  0%| F|  |TAMS 0x000000070a800000, 0x000000070a800000| Untracked 
|  99|0x000000070a900000, 0x000000070a900000, 0x000000070aa00000|  0%| F|  |TAMS 0x000000070a900000, 0x000000070a900000| Untracked 
| 100|0x000000070aa00000, 0x000000070aa00000, 0x000000070ab00000|  0%| F|  |TAMS 0x000000070aa00000, 0x000000070aa00000| Untracked 
| 101|0x000000070ab00000, 0x000000070ab00000, 0x000000070ac00000|  0%| F|  |TAMS 0x000000070ab00000, 0x000000070ab00000| Untracked 
| 102|0x000000070ac00000, 0x000000070ac00000, 0x000000070ad00000|  0%| F|  |TAMS 0x000000070ac00000, 0x000000070ac00000| Untracked 
| 103|0x000000070ad00000, 0x000000070ad00000, 0x000000070ae00000|  0%| F|  |TAMS 0x000000070ad00000, 0x000000070ad00000| Untracked 
| 104|0x000000070ae00000, 0x000000070ae00000, 0x000000070af00000|  0%| F|  |TAMS 0x000000070ae00000, 0x000000070ae00000| Untracked 
| 105|0x000000070af00000, 0x000000070af00000, 0x000000070b000000|  0%| F|  |TAMS 0x000000070af00000, 0x000000070af00000| Untracked 
| 106|0x000000070b000000, 0x000000070b000000, 0x000000070b100000|  0%| F|  |TAMS 0x000000070b000000, 0x000000070b000000| Untracked 
| 107|0x000000070b100000, 0x000000070b100000, 0x000000070b200000|  0%| F|  |TAMS 0x000000070b100000, 0x000000070b100000| Untracked 
| 108|0x000000070b200000, 0x000000070b200000, 0x000000070b300000|  0%| F|  |TAMS 0x000000070b200000, 0x000000070b200000| Untracked 
| 109|0x000000070b300000, 0x000000070b300000, 0x000000070b400000|  0%| F|  |TAMS 0x000000070b300000, 0x000000070b300000| Untracked 
| 110|0x000000070b400000, 0x000000070b400000, 0x000000070b500000|  0%| F|  |TAMS 0x000000070b400000, 0x000000070b400000| Untracked 
| 111|0x000000070b500000, 0x000000070b500000, 0x000000070b600000|  0%| F|  |TAMS 0x000000070b500000, 0x000000070b500000| Untracked 
| 112|0x000000070b600000, 0x000000070b600000, 0x000000070b700000|  0%| F|  |TAMS 0x000000070b600000, 0x000000070b600000| Untracked 
| 113|0x000000070b700000, 0x000000070b700000, 0x000000070b800000|  0%| F|  |TAMS 0x000000070b700000, 0x000000070b700000| Untracked 
| 114|0x000000070b800000, 0x000000070b800000, 0x000000070b900000|  0%| F|  |TAMS 0x000000070b800000, 0x000000070b800000| Untracked 
| 115|0x000000070b900000, 0x000000070b900000, 0x000000070ba00000|  0%| F|  |TAMS 0x000000070b900000, 0x000000070b900000| Untracked 
| 116|0x000000070ba00000, 0x000000070ba00000, 0x000000070bb00000|  0%| F|  |TAMS 0x000000070ba00000, 0x000000070ba00000| Untracked 
| 117|0x000000070bb00000, 0x000000070bb00000, 0x000000070bc00000|  0%| F|  |TAMS 0x000000070bb00000, 0x000000070bb00000| Untracked 
| 118|0x000000070bc00000, 0x000000070bc00000, 0x000000070bd00000|  0%| F|  |TAMS 0x000000070bc00000, 0x000000070bc00000| Untracked 
| 119|0x000000070bd00000, 0x000000070bd00000, 0x000000070be00000|  0%| F|  |TAMS 0x000000070bd00000, 0x000000070bd00000| Untracked 
| 120|0x000000070be00000, 0x000000070be00000, 0x000000070bf00000|  0%| F|  |TAMS 0x000000070be00000, 0x000000070be00000| Untracked 
| 121|0x000000070bf00000, 0x000000070bf00000, 0x000000070c000000|  0%| F|  |TAMS 0x000000070bf00000, 0x000000070bf00000| Untracked 
| 122|0x000000070c000000, 0x000000070c000000, 0x000000070c100000|  0%| F|  |TAMS 0x000000070c000000, 0x000000070c000000| Untracked 
| 123|0x000000070c100000, 0x000000070c100000, 0x000000070c200000|  0%| F|  |TAMS 0x000000070c100000, 0x000000070c100000| Untracked 
| 124|0x000000070c200000, 0x000000070c200000, 0x000000070c300000|  0%| F|  |TAMS 0x000000070c200000, 0x000000070c200000| Untracked 
| 125|0x000000070c300000, 0x000000070c300000, 0x000000070c400000|  0%| F|  |TAMS 0x000000070c300000, 0x000000070c300000| Untracked 
| 126|0x000000070c400000, 0x000000070c400000, 0x000000070c500000|  0%| F|  |TAMS 0x000000070c400000, 0x000000070c400000| Untracked 
| 127|0x000000070c500000, 0x000000070c500000, 0x000000070c600000|  0%| F|  |TAMS 0x000000070c500000, 0x000000070c500000| Untracked 
| 128|0x000000070c600000, 0x000000070c600000, 0x000000070c700000|  0%| F|  |TAMS 0x000000070c600000, 0x000000070c600000| Untracked 
| 129|0x000000070c700000, 0x000000070c700000, 0x000000070c800000|  0%| F|  |TAMS 0x000000070c700000, 0x000000070c700000| Untracked 
| 130|0x000000070c800000, 0x000000070c800000, 0x000000070c900000|  0%| F|  |TAMS 0x000000070c800000, 0x000000070c800000| Untracked 
| 131|0x000000070c900000, 0x000000070c900000, 0x000000070ca00000|  0%| F|  |TAMS 0x000000070c900000, 0x000000070c900000| Untracked 
| 132|0x000000070ca00000, 0x000000070cb00000, 0x000000070cb00000|100%| E|  |TAMS 0x000000070ca00000, 0x000000070ca00000| Complete 
| 133|0x000000070cb00000, 0x000000070cc00000, 0x000000070cc00000|100%| E|CS|TAMS 0x000000070cb00000, 0x000000070cb00000| Complete 
| 134|0x000000070cc00000, 0x000000070cd00000, 0x000000070cd00000|100%| E|CS|TAMS 0x000000070cc00000, 0x000000070cc00000| Complete 
| 135|0x000000070cd00000, 0x000000070ce00000, 0x000000070ce00000|100%| E|CS|TAMS 0x000000070cd00000, 0x000000070cd00000| Complete 
| 136|0x000000070ce00000, 0x000000070cf00000, 0x000000070cf00000|100%| E|CS|TAMS 0x000000070ce00000, 0x000000070ce00000| Complete 
| 137|0x000000070cf00000, 0x000000070d000000, 0x000000070d000000|100%| E|CS|TAMS 0x000000070cf00000, 0x000000070cf00000| Complete 
| 138|0x000000070d000000, 0x000000070d100000, 0x000000070d100000|100%| E|CS|TAMS 0x000000070d000000, 0x000000070d000000| Complete 
| 139|0x000000070d100000, 0x000000070d200000, 0x000000070d200000|100%| E|CS|TAMS 0x000000070d100000, 0x000000070d100000| Complete 
| 140|0x000000070d200000, 0x000000070d300000, 0x000000070d300000|100%| E|CS|TAMS 0x000000070d200000, 0x000000070d200000| Complete 
| 141|0x000000070d300000, 0x000000070d400000, 0x000000070d400000|100%| E|CS|TAMS 0x000000070d300000, 0x000000070d300000| Complete 
| 142|0x000000070d400000, 0x000000070d500000, 0x000000070d500000|100%| E|CS|TAMS 0x000000070d400000, 0x000000070d400000| Complete 
| 143|0x000000070d500000, 0x000000070d600000, 0x000000070d600000|100%| E|CS|TAMS 0x000000070d500000, 0x000000070d500000| Complete 
| 144|0x000000070d600000, 0x000000070d700000, 0x000000070d700000|100%| E|CS|TAMS 0x000000070d600000, 0x000000070d600000| Complete 
| 145|0x000000070d700000, 0x000000070d800000, 0x000000070d800000|100%| E|CS|TAMS 0x000000070d700000, 0x000000070d700000| Complete 
| 146|0x000000070d800000, 0x000000070d900000, 0x000000070d900000|100%| E|CS|TAMS 0x000000070d800000, 0x000000070d800000| Complete 
| 147|0x000000070d900000, 0x000000070da00000, 0x000000070da00000|100%| E|CS|TAMS 0x000000070d900000, 0x000000070d900000| Complete 
| 148|0x000000070da00000, 0x000000070db00000, 0x000000070db00000|100%| E|CS|TAMS 0x000000070da00000, 0x000000070da00000| Complete 
| 149|0x000000070db00000, 0x000000070dc00000, 0x000000070dc00000|100%| E|CS|TAMS 0x000000070db00000, 0x000000070db00000| Complete 
| 150|0x000000070dc00000, 0x000000070dd00000, 0x000000070dd00000|100%| E|CS|TAMS 0x000000070dc00000, 0x000000070dc00000| Complete 
| 151|0x000000070dd00000, 0x000000070de00000, 0x000000070de00000|100%| E|CS|TAMS 0x000000070dd00000, 0x000000070dd00000| Complete 
| 152|0x000000070de00000, 0x000000070df00000, 0x000000070df00000|100%| E|CS|TAMS 0x000000070de00000, 0x000000070de00000| Complete 
| 153|0x000000070df00000, 0x000000070e000000, 0x000000070e000000|100%| E|CS|TAMS 0x000000070df00000, 0x000000070df00000| Complete 
| 154|0x000000070e000000, 0x000000070e100000, 0x000000070e100000|100%| E|CS|TAMS 0x000000070e000000, 0x000000070e000000| Complete 
| 155|0x000000070e100000, 0x000000070e200000, 0x000000070e200000|100%| E|CS|TAMS 0x000000070e100000, 0x000000070e100000| Complete 
| 156|0x000000070e200000, 0x000000070e300000, 0x000000070e300000|100%| E|CS|TAMS 0x000000070e200000, 0x000000070e200000| Complete 
| 157|0x000000070e300000, 0x000000070e400000, 0x000000070e400000|100%| E|CS|TAMS 0x000000070e300000, 0x000000070e300000| Complete 
| 158|0x000000070e400000, 0x000000070e500000, 0x000000070e500000|100%| E|CS|TAMS 0x000000070e400000, 0x000000070e400000| Complete 
| 159|0x000000070e500000, 0x000000070e600000, 0x000000070e600000|100%| E|CS|TAMS 0x000000070e500000, 0x000000070e500000| Complete 
| 160|0x000000070e600000, 0x000000070e700000, 0x000000070e700000|100%| E|CS|TAMS 0x000000070e600000, 0x000000070e600000| Complete 
| 161|0x000000070e700000, 0x000000070e800000, 0x000000070e800000|100%| E|CS|TAMS 0x000000070e700000, 0x000000070e700000| Complete 
| 162|0x000000070e800000, 0x000000070e900000, 0x000000070e900000|100%| E|CS|TAMS 0x000000070e800000, 0x000000070e800000| Complete 
| 163|0x000000070e900000, 0x000000070ea00000, 0x000000070ea00000|100%| E|CS|TAMS 0x000000070e900000, 0x000000070e900000| Complete 
| 164|0x000000070ea00000, 0x000000070eb00000, 0x000000070eb00000|100%| E|CS|TAMS 0x000000070ea00000, 0x000000070ea00000| Complete 
| 165|0x000000070eb00000, 0x000000070ec00000, 0x000000070ec00000|100%| E|CS|TAMS 0x000000070eb00000, 0x000000070eb00000| Complete 
| 166|0x000000070ec00000, 0x000000070ed00000, 0x000000070ed00000|100%| E|CS|TAMS 0x000000070ec00000, 0x000000070ec00000| Complete 
| 167|0x000000070ed00000, 0x000000070ee00000, 0x000000070ee00000|100%| E|CS|TAMS 0x000000070ed00000, 0x000000070ed00000| Complete 
| 168|0x000000070ee00000, 0x000000070ef00000, 0x000000070ef00000|100%| E|CS|TAMS 0x000000070ee00000, 0x000000070ee00000| Complete 
| 169|0x000000070ef00000, 0x000000070f000000, 0x000000070f000000|100%| E|CS|TAMS 0x000000070ef00000, 0x000000070ef00000| Complete 
| 170|0x000000070f000000, 0x000000070f100000, 0x000000070f100000|100%| E|CS|TAMS 0x000000070f000000, 0x000000070f000000| Complete 
| 171|0x000000070f100000, 0x000000070f200000, 0x000000070f200000|100%| E|CS|TAMS 0x000000070f100000, 0x000000070f100000| Complete 
| 172|0x000000070f200000, 0x000000070f300000, 0x000000070f300000|100%| E|CS|TAMS 0x000000070f200000, 0x000000070f200000| Complete 
| 173|0x000000070f300000, 0x000000070f400000, 0x000000070f400000|100%| E|CS|TAMS 0x000000070f300000, 0x000000070f300000| Complete 
| 174|0x000000070f400000, 0x000000070f500000, 0x000000070f500000|100%| E|CS|TAMS 0x000000070f400000, 0x000000070f400000| Complete 
| 175|0x000000070f500000, 0x000000070f600000, 0x000000070f600000|100%| E|CS|TAMS 0x000000070f500000, 0x000000070f500000| Complete 
| 176|0x000000070f600000, 0x000000070f700000, 0x000000070f700000|100%| E|CS|TAMS 0x000000070f600000, 0x000000070f600000| Complete 
| 177|0x000000070f700000, 0x000000070f800000, 0x000000070f800000|100%| E|CS|TAMS 0x000000070f700000, 0x000000070f700000| Complete 
| 178|0x000000070f800000, 0x000000070f900000, 0x000000070f900000|100%| E|CS|TAMS 0x000000070f800000, 0x000000070f800000| Complete 
| 179|0x000000070f900000, 0x000000070fa00000, 0x000000070fa00000|100%| E|CS|TAMS 0x000000070f900000, 0x000000070f900000| Complete 
| 180|0x000000070fa00000, 0x000000070fb00000, 0x000000070fb00000|100%| E|CS|TAMS 0x000000070fa00000, 0x000000070fa00000| Complete 
| 181|0x000000070fb00000, 0x000000070fc00000, 0x000000070fc00000|100%| E|CS|TAMS 0x000000070fb00000, 0x000000070fb00000| Complete 
| 182|0x000000070fc00000, 0x000000070fd00000, 0x000000070fd00000|100%| E|CS|TAMS 0x000000070fc00000, 0x000000070fc00000| Complete 
| 183|0x000000070fd00000, 0x000000070fe00000, 0x000000070fe00000|100%| E|CS|TAMS 0x000000070fd00000, 0x000000070fd00000| Complete 
| 184|0x000000070fe00000, 0x000000070ff00000, 0x000000070ff00000|100%| E|CS|TAMS 0x000000070fe00000, 0x000000070fe00000| Complete 
| 185|0x000000070ff00000, 0x0000000710000000, 0x0000000710000000|100%| E|CS|TAMS 0x000000070ff00000, 0x000000070ff00000| Complete 
| 186|0x0000000710000000, 0x0000000710100000, 0x0000000710100000|100%| E|CS|TAMS 0x0000000710000000, 0x0000000710000000| Complete 
| 187|0x0000000710100000, 0x0000000710200000, 0x0000000710200000|100%| E|CS|TAMS 0x0000000710100000, 0x0000000710100000| Complete 
| 188|0x0000000710200000, 0x0000000710300000, 0x0000000710300000|100%| E|CS|TAMS 0x0000000710200000, 0x0000000710200000| Complete 
| 189|0x0000000710300000, 0x0000000710400000, 0x0000000710400000|100%| E|CS|TAMS 0x0000000710300000, 0x0000000710300000| Complete 
| 190|0x0000000710400000, 0x0000000710500000, 0x0000000710500000|100%| E|CS|TAMS 0x0000000710400000, 0x0000000710400000| Complete 
| 191|0x0000000710500000, 0x0000000710600000, 0x0000000710600000|100%| E|CS|TAMS 0x0000000710500000, 0x0000000710500000| Complete 
| 192|0x0000000710600000, 0x0000000710700000, 0x0000000710700000|100%| E|CS|TAMS 0x0000000710600000, 0x0000000710600000| Complete 
| 193|0x0000000710700000, 0x0000000710800000, 0x0000000710800000|100%| E|CS|TAMS 0x0000000710700000, 0x0000000710700000| Complete 
| 194|0x0000000710800000, 0x0000000710900000, 0x0000000710900000|100%| E|CS|TAMS 0x0000000710800000, 0x0000000710800000| Complete 
| 195|0x0000000710900000, 0x0000000710a00000, 0x0000000710a00000|100%| E|CS|TAMS 0x0000000710900000, 0x0000000710900000| Complete 
| 196|0x0000000710a00000, 0x0000000710b00000, 0x0000000710b00000|100%| E|CS|TAMS 0x0000000710a00000, 0x0000000710a00000| Complete 
| 197|0x0000000710b00000, 0x0000000710c00000, 0x0000000710c00000|100%| E|CS|TAMS 0x0000000710b00000, 0x0000000710b00000| Complete 
| 198|0x0000000710c00000, 0x0000000710d00000, 0x0000000710d00000|100%| E|CS|TAMS 0x0000000710c00000, 0x0000000710c00000| Complete 
| 199|0x0000000710d00000, 0x0000000710e00000, 0x0000000710e00000|100%| E|CS|TAMS 0x0000000710d00000, 0x0000000710d00000| Complete 
| 200|0x0000000710e00000, 0x0000000710f00000, 0x0000000710f00000|100%| E|CS|TAMS 0x0000000710e00000, 0x0000000710e00000| Complete 
| 201|0x0000000710f00000, 0x0000000711000000, 0x0000000711000000|100%| E|CS|TAMS 0x0000000710f00000, 0x0000000710f00000| Complete 
| 202|0x0000000711000000, 0x0000000711100000, 0x0000000711100000|100%| E|CS|TAMS 0x0000000711000000, 0x0000000711000000| Complete 
| 203|0x0000000711100000, 0x0000000711200000, 0x0000000711200000|100%| E|CS|TAMS 0x0000000711100000, 0x0000000711100000| Complete 
| 204|0x0000000711200000, 0x0000000711300000, 0x0000000711300000|100%| E|CS|TAMS 0x0000000711200000, 0x0000000711200000| Complete 
| 205|0x0000000711300000, 0x0000000711400000, 0x0000000711400000|100%| E|CS|TAMS 0x0000000711300000, 0x0000000711300000| Complete 
| 206|0x0000000711400000, 0x0000000711500000, 0x0000000711500000|100%| E|CS|TAMS 0x0000000711400000, 0x0000000711400000| Complete 
| 207|0x0000000711500000, 0x0000000711600000, 0x0000000711600000|100%| E|CS|TAMS 0x0000000711500000, 0x0000000711500000| Complete 
| 208|0x0000000711600000, 0x0000000711700000, 0x0000000711700000|100%| E|CS|TAMS 0x0000000711600000, 0x0000000711600000| Complete 
| 209|0x0000000711700000, 0x0000000711800000, 0x0000000711800000|100%| E|CS|TAMS 0x0000000711700000, 0x0000000711700000| Complete 
| 210|0x0000000711800000, 0x0000000711900000, 0x0000000711900000|100%| E|CS|TAMS 0x0000000711800000, 0x0000000711800000| Complete 
| 211|0x0000000711900000, 0x0000000711a00000, 0x0000000711a00000|100%| E|CS|TAMS 0x0000000711900000, 0x0000000711900000| Complete 
| 212|0x0000000711a00000, 0x0000000711b00000, 0x0000000711b00000|100%| E|CS|TAMS 0x0000000711a00000, 0x0000000711a00000| Complete 
| 213|0x0000000711b00000, 0x0000000711c00000, 0x0000000711c00000|100%| E|CS|TAMS 0x0000000711b00000, 0x0000000711b00000| Complete 
| 214|0x0000000711c00000, 0x0000000711d00000, 0x0000000711d00000|100%| E|CS|TAMS 0x0000000711c00000, 0x0000000711c00000| Complete 
| 215|0x0000000711d00000, 0x0000000711e00000, 0x0000000711e00000|100%| E|CS|TAMS 0x0000000711d00000, 0x0000000711d00000| Complete 
| 216|0x0000000711e00000, 0x0000000711f00000, 0x0000000711f00000|100%| E|CS|TAMS 0x0000000711e00000, 0x0000000711e00000| Complete 
| 217|0x0000000711f00000, 0x0000000712000000, 0x0000000712000000|100%| E|CS|TAMS 0x0000000711f00000, 0x0000000711f00000| Complete 
| 218|0x0000000712000000, 0x0000000712100000, 0x0000000712100000|100%| E|CS|TAMS 0x0000000712000000, 0x0000000712000000| Complete 
| 219|0x0000000712100000, 0x0000000712200000, 0x0000000712200000|100%| E|CS|TAMS 0x0000000712100000, 0x0000000712100000| Complete 
| 220|0x0000000712200000, 0x0000000712300000, 0x0000000712300000|100%| E|CS|TAMS 0x0000000712200000, 0x0000000712200000| Complete 
| 221|0x0000000712300000, 0x0000000712400000, 0x0000000712400000|100%| E|CS|TAMS 0x0000000712300000, 0x0000000712300000| Complete 
| 222|0x0000000712400000, 0x0000000712500000, 0x0000000712500000|100%| E|CS|TAMS 0x0000000712400000, 0x0000000712400000| Complete 
| 223|0x0000000712500000, 0x0000000712600000, 0x0000000712600000|100%| E|CS|TAMS 0x0000000712500000, 0x0000000712500000| Complete 
| 224|0x0000000712600000, 0x0000000712700000, 0x0000000712700000|100%| E|CS|TAMS 0x0000000712600000, 0x0000000712600000| Complete 
| 225|0x0000000712700000, 0x0000000712800000, 0x0000000712800000|100%| E|CS|TAMS 0x0000000712700000, 0x0000000712700000| Complete 
| 226|0x0000000712800000, 0x0000000712900000, 0x0000000712900000|100%| E|CS|TAMS 0x0000000712800000, 0x0000000712800000| Complete 
| 227|0x0000000712900000, 0x0000000712a00000, 0x0000000712a00000|100%| E|CS|TAMS 0x0000000712900000, 0x0000000712900000| Complete 
| 228|0x0000000712a00000, 0x0000000712b00000, 0x0000000712b00000|100%| E|CS|TAMS 0x0000000712a00000, 0x0000000712a00000| Complete 
| 229|0x0000000712b00000, 0x0000000712c00000, 0x0000000712c00000|100%| E|CS|TAMS 0x0000000712b00000, 0x0000000712b00000| Complete 
| 230|0x0000000712c00000, 0x0000000712d00000, 0x0000000712d00000|100%| E|CS|TAMS 0x0000000712c00000, 0x0000000712c00000| Complete 
| 231|0x0000000712d00000, 0x0000000712e00000, 0x0000000712e00000|100%| E|CS|TAMS 0x0000000712d00000, 0x0000000712d00000| Complete 
| 232|0x0000000712e00000, 0x0000000712f00000, 0x0000000712f00000|100%| E|CS|TAMS 0x0000000712e00000, 0x0000000712e00000| Complete 
| 233|0x0000000712f00000, 0x0000000713000000, 0x0000000713000000|100%| E|CS|TAMS 0x0000000712f00000, 0x0000000712f00000| Complete 
| 234|0x0000000713000000, 0x0000000713100000, 0x0000000713100000|100%| E|CS|TAMS 0x0000000713000000, 0x0000000713000000| Complete 
| 235|0x0000000713100000, 0x0000000713200000, 0x0000000713200000|100%| E|CS|TAMS 0x0000000713100000, 0x0000000713100000| Complete 
| 236|0x0000000713200000, 0x000000071325bda0, 0x0000000713300000| 35%| S|CS|TAMS 0x0000000713200000, 0x0000000713200000| Complete 
| 237|0x0000000713300000, 0x0000000713400000, 0x0000000713400000|100%| S|CS|TAMS 0x0000000713300000, 0x0000000713300000| Complete 
| 238|0x0000000713400000, 0x0000000713500000, 0x0000000713500000|100%| S|CS|TAMS 0x0000000713400000, 0x0000000713400000| Complete 
| 239|0x0000000713500000, 0x0000000713600000, 0x0000000713600000|100%| S|CS|TAMS 0x0000000713500000, 0x0000000713500000| Complete 
| 240|0x0000000713600000, 0x0000000713700000, 0x0000000713700000|100%| S|CS|TAMS 0x0000000713600000, 0x0000000713600000| Complete 
| 241|0x0000000713700000, 0x0000000713800000, 0x0000000713800000|100%| S|CS|TAMS 0x0000000713700000, 0x0000000713700000| Complete 
| 242|0x0000000713800000, 0x0000000713900000, 0x0000000713900000|100%| S|CS|TAMS 0x0000000713800000, 0x0000000713800000| Complete 
| 243|0x0000000713900000, 0x0000000713a00000, 0x0000000713a00000|100%| S|CS|TAMS 0x0000000713900000, 0x0000000713900000| Complete 
| 244|0x0000000713a00000, 0x0000000713b00000, 0x0000000713b00000|100%| E|CS|TAMS 0x0000000713a00000, 0x0000000713a00000| Complete 
| 245|0x0000000713b00000, 0x0000000713c00000, 0x0000000713c00000|100%| E|CS|TAMS 0x0000000713b00000, 0x0000000713b00000| Complete 
| 246|0x0000000713c00000, 0x0000000713d00000, 0x0000000713d00000|100%| E|CS|TAMS 0x0000000713c00000, 0x0000000713c00000| Complete 
| 247|0x0000000713d00000, 0x0000000713e00000, 0x0000000713e00000|100%| E|CS|TAMS 0x0000000713d00000, 0x0000000713d00000| Complete 
| 248|0x0000000713e00000, 0x0000000713f00000, 0x0000000713f00000|100%| E|CS|TAMS 0x0000000713e00000, 0x0000000713e00000| Complete 
| 249|0x0000000713f00000, 0x0000000714000000, 0x0000000714000000|100%| E|CS|TAMS 0x0000000713f00000, 0x0000000713f00000| Complete 
| 250|0x0000000714000000, 0x0000000714100000, 0x0000000714100000|100%| E|CS|TAMS 0x0000000714000000, 0x0000000714000000| Complete 
| 251|0x0000000714100000, 0x0000000714200000, 0x0000000714200000|100%| E|CS|TAMS 0x0000000714100000, 0x0000000714100000| Complete 

Card table byte_map: [0x0000015febb10000,0x0000015fec2f0000] _byte_map_base: 0x0000015fe82ed000

Marking Bits (Prev, Next): (CMBitMap*) 0x0000015fd475c888, (CMBitMap*) 0x0000015fd475c8c0
 Prev Bits: [0x0000015fecad0000, 0x0000015ff09b8000)
 Next Bits: [0x0000015ff09c0000, 0x0000015ff48a8000)

Polling page: 0x0000015fd3ec0000

Metaspace:

Usage:
  Non-class:     48.75 MB capacity,    47.89 MB ( 98%) used,   711.30 KB (  1%) free+waste,   165.44 KB ( <1%) overhead. 
      Class:      7.10 MB capacity,     6.54 MB ( 92%) used,   485.03 KB (  7%) free+waste,    80.50 KB (  1%) overhead. 
       Both:     55.84 MB capacity,    54.43 MB ( 97%) used,     1.17 MB (  2%) free+waste,   245.94 KB ( <1%) overhead. 

Virtual space:
  Non-class space:       50.00 MB reserved,      48.75 MB ( 98%) committed 
      Class space:        1.00 GB reserved,       7.12 MB ( <1%) committed 
             Both:        1.05 GB reserved,      55.88 MB (  5%) committed 

Chunk freelists:
   Non-Class:  640 bytes
       Class:  3.62 KB
        Both:  4.25 KB

CodeHeap 'non-profiled nmethods': size=120000Kb used=3032Kb max_used=3032Kb free=116967Kb
 bounds [0x0000015fe38b0000, 0x0000015fe3bb0000, 0x0000015feade0000]
CodeHeap 'profiled nmethods': size=120000Kb used=10630Kb max_used=10630Kb free=109369Kb
 bounds [0x0000015fdc380000, 0x0000015fdcdf0000, 0x0000015fe38b0000]
CodeHeap 'non-nmethods': size=5760Kb used=1220Kb max_used=1251Kb free=4540Kb
 bounds [0x0000015fdbde0000, 0x0000015fdc050000, 0x0000015fdc380000]
 total_blobs=5229 nmethods=4650 adapters=490
 compilation: enabled
              stopped_count=0, restarted_count=0
 full_count=0

Compilation events (10 events):
Event: 3.662 Thread 0x0000015ff765e000 4566       3       sun.security.ec.ECOperations::setSum (815 bytes)
Event: 3.662 Thread 0x0000015ff7f7a800 nmethod 4497 0x0000015fe3b99910 code [0x0000015fe3b99b00, 0x0000015fe3b9a308]
Event: 3.662 Thread 0x0000015ff7f7a800 4535       4       sun.security.util.math.intpoly.IntegerPolynomial::carry (36 bytes)
Event: 3.663 Thread 0x0000015ff765e000 nmethod 4566 0x0000015fdcda7a90 code [0x0000015fdcda82a0, 0x0000015fdcdafe98]
Event: 3.663 Thread 0x0000015ff765e000 4568       1       java.security.Provider::getName (5 bytes)
Event: 3.663 Thread 0x0000015ff765e000 nmethod 4568 0x0000015fe3b9a790 code [0x0000015fe3b9a920, 0x0000015fe3b9a9d8]
Event: 3.663 Thread 0x0000015ff765e000 4567       3       sun.security.util.math.intpoly.IntegerPolynomial$MutableElement::setAdditiveInverse (5 bytes)
Event: 3.663 Thread 0x0000015ff765e000 nmethod 4567 0x0000015fdcdb0f90 code [0x0000015fdcdb1140, 0x0000015fdcdb1378]
Event: 3.663 Thread 0x0000015ff765e000 4570       3       java.math.MutableBigInteger::normalize (91 bytes)
Event: 3.663 Thread 0x0000015ff765e000 nmethod 4570 0x0000015fdcdb1490 code [0x0000015fdcdb1640, 0x0000015fdcdb1998]

GC Heap History (10 events):
Event: 0.410 GC heap before
{Heap before GC invocations=0 (full 0):
 garbage-first heap   total 258048K, used 23552K [0x0000000704600000, 0x0000000800000000)
  region size 1024K, 24 young (24576K), 0 survivors (0K)
 Metaspace       used 13102K, capacity 13355K, committed 13440K, reserved 1060864K
  class space    used 1330K, capacity 1408K, committed 1408K, reserved 1048576K
}
Event: 0.413 GC heap after
{Heap after GC invocations=1 (full 0):
 garbage-first heap   total 258048K, used 5101K [0x0000000704600000, 0x0000000800000000)
  region size 1024K, 3 young (3072K), 3 survivors (3072K)
 Metaspace       used 13102K, capacity 13355K, committed 13440K, reserved 1060864K
  class space    used 1330K, capacity 1408K, committed 1408K, reserved 1048576K
}
Event: 0.786 GC heap before
{Heap before GC invocations=1 (full 0):
 garbage-first heap   total 258048K, used 39917K [0x0000000704600000, 0x0000000800000000)
  region size 1024K, 38 young (38912K), 3 survivors (3072K)
 Metaspace       used 20674K, capacity 21109K, committed 21248K, reserved 1069056K
  class space    used 2308K, capacity 2480K, committed 2560K, reserved 1048576K
}
Event: 0.790 GC heap after
{Heap after GC invocations=2 (full 0):
 garbage-first heap   total 258048K, used 6755K [0x0000000704600000, 0x0000000800000000)
  region size 1024K, 5 young (5120K), 5 survivors (5120K)
 Metaspace       used 20674K, capacity 21109K, committed 21248K, reserved 1069056K
  class space    used 2308K, capacity 2480K, committed 2560K, reserved 1048576K
}
Event: 0.988 GC heap before
{Heap before GC invocations=3 (full 0):
 garbage-first heap   total 258048K, used 45667K [0x0000000704600000, 0x0000000800000000)
  region size 1024K, 44 young (45056K), 5 survivors (5120K)
 Metaspace       used 26980K, capacity 27556K, committed 27648K, reserved 1073152K
  class space    used 3116K, capacity 3326K, committed 3328K, reserved 1048576K
}
Event: 0.991 GC heap after
{Heap after GC invocations=4 (full 0):
 garbage-first heap   total 258048K, used 8856K [0x0000000704600000, 0x0000000800000000)
  region size 1024K, 4 young (4096K), 4 survivors (4096K)
 Metaspace       used 26980K, capacity 27556K, committed 27648K, reserved 1073152K
  class space    used 3116K, capacity 3326K, committed 3328K, reserved 1048576K
}
Event: 1.497 GC heap before
{Heap before GC invocations=4 (full 0):
 garbage-first heap   total 258048K, used 72344K [0x0000000704600000, 0x0000000800000000)
  region size 1024K, 66 young (67584K), 4 survivors (4096K)
 Metaspace       used 33754K, capacity 34549K, committed 34816K, reserved 1079296K
  class space    used 3982K, capacity 4283K, committed 4352K, reserved 1048576K
}
Event: 1.500 GC heap after
{Heap after GC invocations=5 (full 0):
 garbage-first heap   total 258048K, used 11333K [0x0000000704600000, 0x0000000800000000)
  region size 1024K, 7 young (7168K), 7 survivors (7168K)
 Metaspace       used 33754K, capacity 34549K, committed 34816K, reserved 1079296K
  class space    used 3982K, capacity 4283K, committed 4352K, reserved 1048576K
}
Event: 1.593 GC heap before
{Heap before GC invocations=5 (full 0):
 garbage-first heap   total 258048K, used 18501K [0x0000000704600000, 0x0000000800000000)
  region size 1024K, 15 young (15360K), 7 survivors (7168K)
 Metaspace       used 34996K, capacity 35811K, committed 35840K, reserved 1081344K
  class space    used 4145K, capacity 4451K, committed 4480K, reserved 1048576K
}
Event: 1.597 GC heap after
{Heap after GC invocations=6 (full 0):
 garbage-first heap   total 258048K, used 12435K [0x0000000704600000, 0x0000000800000000)
  region size 1024K, 8 young (8192K), 8 survivors (8192K)
 Metaspace       used 34996K, capacity 35811K, committed 35840K, reserved 1081344K
  class space    used 4145K, capacity 4451K, committed 4480K, reserved 1048576K
}

Deoptimization events (10 events):
Event: 3.512 Thread 0x0000015ff9a13000 Uncommon trap: reason=bimorphic_or_optimized_type_check action=maybe_recompile pc=0x0000015fe3b65cec method=java.util.regex.Pattern$SliceI.match(Ljava/util/regex/Matcher;ILjava/lang/CharSequence;)Z @ 92 c2
Event: 3.512 Thread 0x0000015ff9a13000 Uncommon trap: reason=bimorphic_or_optimized_type_check action=maybe_recompile pc=0x0000015fe3b65cec method=java.util.regex.Pattern$SliceI.match(Ljava/util/regex/Matcher;ILjava/lang/CharSequence;)Z @ 92 c2
Event: 3.553 Thread 0x0000015ff9a13000 Uncommon trap: reason=unstable_if action=reinterpret pc=0x0000015fe3923100 method=java.lang.CharacterDataLatin1.isWhitespace(I)Z @ 14 c2
Event: 3.577 Thread 0x0000015ff9a13000 Uncommon trap: reason=unstable_if action=reinterpret pc=0x0000015fe38d4c84 method=java.lang.AbstractStringBuilder.append(Ljava/lang/String;)Ljava/lang/AbstractStringBuilder; @ 1 c2
Event: 3.577 Thread 0x0000015ff9a13000 Uncommon trap: reason=unstable_if action=reinterpret pc=0x0000015fe38d586c method=java.lang.AbstractStringBuilder.append(Ljava/lang/String;)Ljava/lang/AbstractStringBuilder; @ 1 c2
Event: 3.580 Thread 0x0000015ff9a13000 Uncommon trap: reason=unstable_if action=reinterpret pc=0x0000015fe39e0bac method=java.lang.String.equals(Ljava/lang/Object;)Z @ 27 c2
Event: 3.583 Thread 0x0000015ff9a13000 Uncommon trap: reason=unstable_if action=reinterpret pc=0x0000015fe38d7f84 method=java.lang.StringCoding.encodeUTF8(B[BZ)[B @ 2 c2
Event: 3.600 Thread 0x0000015ff9a13000 Uncommon trap: reason=unstable_if action=reinterpret pc=0x0000015fe39c3ffc method=java.lang.String.getChars(II[CI)V @ 23 c2
Event: 3.600 Thread 0x0000015ff9a13000 Uncommon trap: reason=unstable_if action=reinterpret pc=0x0000015fe38cbb1c method=java.lang.String.indexOf(II)I @ 4 c2
Event: 3.663 Thread 0x0000015ffaf16000 Uncommon trap: reason=loop_limit_check action=maybe_recompile pc=0x0000015fe3b77224 method=java.math.BigInteger.implMulAdd([I[IIII)I @ 26 c2

Classes redefined (0 events):
No events

Internal exceptions (10 events):
Event: 3.577 Thread 0x0000015ff9a13000 Implicit null exception at 0x0000015fe38d4674 to 0x0000015fe38d4c6c
Event: 3.577 Thread 0x0000015ff9a13000 Implicit null exception at 0x0000015fe38d5274 to 0x0000015fe38d5854
Event: 3.589 Thread 0x0000015ff9a13000 Exception <a 'java/lang/NoSuchMethodError'{0x000000070d19cc90}: java.lang.invoke.DirectMethodHandle$Holder.invokeStaticInit(Ljava/lang/Object;Ljava/lang/Object;Ljava/lang/Object;Ljava/lang/Object;)Ljava/lang/Object;> (0x000000070d19cc90) thrown at [./open
Event: 3.596 Thread 0x0000015ff9a13000 Exception <a 'java/lang/NoSuchMethodError'{0x000000070d037248}: java.lang.invoke.DirectMethodHandle$Holder.invokeStatic(Ljava/lang/Object;Ljava/lang/Object;Ljava/lang/Object;Ljava/lang/Object;Ljava/lang/Object;Ljava/lang/Object;Ljava/lang/Object;Ljava/lan
Event: 3.596 Thread 0x0000015ff9a13000 Exception <a 'java/lang/NoSuchMethodError'{0x000000070d045b58}: java.lang.invoke.DirectMethodHandle$Holder.invokeStatic(Ljava/lang/Object;Ljava/lang/Object;Ljava/lang/Object;Ljava/lang/Object;Ljava/lang/Object;Ljava/lang/Object;Ljava/lang/Object;Ljava/lan
Event: 3.597 Thread 0x0000015ff9a13000 Exception <a 'java/lang/NoSuchMethodError'{0x000000070d059648}: java.lang.invoke.DelegatingMethodHandle$Holder.reinvoke_L(Ljava/lang/Object;Ljava/lang/Object;JLjava/lang/Object;Ljava/lang/Object;Ljava/lang/Object;Ljava/lang/Object;Ljava/lang/Object;Ljava/
Event: 3.598 Thread 0x0000015ff9a13000 Exception <a 'java/lang/NoSuchMethodError'{0x000000070d0a0120}: java.lang.invoke.DirectMethodHandle$Holder.invokeSpecial(Ljava/lang/Object;Ljava/lang/Object;JLjava/lang/Object;Ljava/lang/Object;Ljava/lang/Object;Ljava/lang/Object;Ljava/lang/Object;Ljava/l
Event: 3.598 Thread 0x0000015ff9a13000 Exception <a 'java/lang/NoSuchMethodError'{0x000000070d0a4c10}: java.lang.invoke.DelegatingMethodHandle$Holder.reinvoke_L(Ljava/lang/Object;JLjava/lang/Object;Ljava/lang/Object;Ljava/lang/Object;Ljava/lang/Object;Ljava/lang/Object;Ljava/lang/Object;Ljava/
Event: 3.599 Thread 0x0000015ff9a13000 Exception <a 'java/lang/NoSuchMethodError'{0x000000070d0c4508}: java.lang.invoke.DirectMethodHandle$Holder.invokeSpecial(Ljava/lang/Object;Ljava/lang/Object;Ljava/lang/Object;Ljava/lang/Object;Ljava/lang/Object;Ljava/lang/Object;Ljava/lang/Object;Ljava/la
Event: 3.599 Thread 0x0000015ff9a13000 Exception <a 'java/lang/NoSuchMethodError'{0x000000070d0c9280}: java.lang.invoke.Invokers$Holder.linkToTargetMethod(Ljava/lang/Object;Ljava/lang/Object;Ljava/lang/Object;Ljava/lang/Object;Ljava/lang/Object;Ljava/lang/Object;Ljava/lang/Object;Ljava/lang/Ob

Events (10 events):
Event: 3.663 Thread 0x0000015ffaf16000 DEOPT PACKING pc=0x0000015fe3b77224 sp=0x0000001c23afd940
Event: 3.663 Thread 0x0000015ffaf16000 DEOPT UNPACKING pc=0x0000015fdbe068af sp=0x0000001c23afd890 mode 2
Event: 3.663 loading class org/thymeleaf/standard/expression/IStandardExpression
Event: 3.663 loading class org/thymeleaf/standard/expression/IStandardExpression done
Event: 3.663 loading class org/thymeleaf/spring5/expression/SpringStandardConversionService
Event: 3.663 loading class org/thymeleaf/spring5/expression/SpringStandardConversionService done
Event: 3.663 loading class org/thymeleaf/standard/expression/AbstractStandardConversionService
Event: 3.663 loading class org/thymeleaf/standard/expression/AbstractStandardConversionService done
Event: 3.664 loading class org/thymeleaf/standard/serializer/StandardJavaScriptSerializer
Event: 3.664 loading class org/thymeleaf/standard/serializer/StandardJavaScriptSerializer done


Dynamic libraries:
0x00007ff7a1c20000 - 0x00007ff7a1c30000 	C:\Program Files\Java\jdk-11\bin\java.exe
0x00007ff855470000 - 0x00007ff855687000 	C:\windows\SYSTEM32\ntdll.dll
0x00007ff854250000 - 0x00007ff854314000 	C:\windows\System32\KERNEL32.DLL
0x00007ff8527d0000 - 0x00007ff852b7d000 	C:\windows\System32\KERNELBASE.dll
0x00007ff852f20000 - 0x00007ff853031000 	C:\windows\System32\ucrtbase.dll
0x00007ff84f570000 - 0x00007ff84f589000 	C:\Program Files\Java\jdk-11\bin\jli.dll
0x00007ff84eca0000 - 0x00007ff84ecbb000 	C:\Program Files\Java\jdk-11\bin\VCRUNTIME140.dll
0x00007ff854e10000 - 0x00007ff854ec2000 	C:\windows\System32\ADVAPI32.dll
0x00007ff853fb0000 - 0x00007ff854057000 	C:\windows\System32\msvcrt.dll
0x00007ff853230000 - 0x00007ff8532d9000 	C:\windows\System32\sechost.dll
0x00007ff852e00000 - 0x00007ff852e28000 	C:\windows\System32\bcrypt.dll
0x00007ff853920000 - 0x00007ff853a34000 	C:\windows\System32\RPCRT4.dll
0x00007ff853af0000 - 0x00007ff853c9e000 	C:\windows\System32\USER32.dll
0x00007ff8527a0000 - 0x00007ff8527c6000 	C:\windows\System32\win32u.dll
0x00007ff8538f0000 - 0x00007ff853919000 	C:\windows\System32\GDI32.dll
0x00007ff852ce0000 - 0x00007ff852df9000 	C:\windows\System32\gdi32full.dll
0x00007ff8371d0000 - 0x00007ff837463000 	C:\windows\WinSxS\amd64_microsoft.windows.common-controls_6595b64144ccf1df_6.0.22621.3672_none_2713b9d173822955\COMCTL32.dll
0x00007ff852c40000 - 0x00007ff852cda000 	C:\windows\System32\msvcp_win.dll
0x00007ff8418e0000 - 0x00007ff8418ea000 	C:\windows\SYSTEM32\VERSION.dll
0x00007ff853ca0000 - 0x00007ff853cd1000 	C:\windows\System32\IMM32.DLL
0x00007ff84f9b0000 - 0x00007ff84f9bc000 	C:\Program Files\Java\jdk-11\bin\vcruntime140_1.dll
0x00007ff847390000 - 0x00007ff84741e000 	C:\Program Files\Java\jdk-11\bin\msvcp140.dll
0x00007ff814830000 - 0x00007ff81538e000 	C:\Program Files\Java\jdk-11\bin\server\jvm.dll
0x00007ff855030000 - 0x00007ff855038000 	C:\windows\System32\PSAPI.DLL
0x00007ff8403d0000 - 0x00007ff840404000 	C:\windows\SYSTEM32\WINMM.dll
0x00007ff8476d0000 - 0x00007ff8476d9000 	C:\windows\SYSTEM32\WSOCK32.dll
0x00007ff853870000 - 0x00007ff8538e1000 	C:\windows\System32\WS2_32.dll
0x00007ff851800000 - 0x00007ff851818000 	C:\windows\SYSTEM32\kernel.appcore.dll
0x00007ff84f990000 - 0x00007ff84f9a0000 	C:\Program Files\Java\jdk-11\bin\verify.dll
0x00007ff83ea80000 - 0x00007ff83ecb2000 	C:\windows\SYSTEM32\DBGHELP.DLL
0x00007ff8550a0000 - 0x00007ff855428000 	C:\windows\System32\combase.dll
0x00007ff854160000 - 0x00007ff854237000 	C:\windows\System32\OLEAUT32.dll
0x00007ff83d7f0000 - 0x00007ff83d822000 	C:\windows\SYSTEM32\dbgcore.DLL
0x00007ff852e30000 - 0x00007ff852eab000 	C:\windows\System32\bcryptPrimitives.dll
0x00007ff847cc0000 - 0x00007ff847ce8000 	C:\Program Files\Java\jdk-11\bin\java.dll
0x00007ff84f970000 - 0x00007ff84f97a000 	C:\Program Files\Java\jdk-11\bin\jimage.dll
0x00007ff84f560000 - 0x00007ff84f56e000 	C:\Program Files\Java\jdk-11\bin\instrument.dll
0x00007ff84ec80000 - 0x00007ff84ec97000 	C:\Program Files\Java\jdk-11\bin\zip.dll
0x00007ff854320000 - 0x00007ff854b7f000 	C:\windows\System32\SHELL32.dll
0x00007ff8506a0000 - 0x00007ff850f9c000 	C:\windows\SYSTEM32\windows.storage.dll
0x00007ff850560000 - 0x00007ff85069f000 	C:\windows\SYSTEM32\wintypes.dll
0x00007ff853ce0000 - 0x00007ff853dd4000 	C:\windows\System32\SHCORE.dll
0x00007ff855040000 - 0x00007ff85509e000 	C:\windows\System32\shlwapi.dll
0x00007ff8526d0000 - 0x00007ff8526f1000 	C:\windows\SYSTEM32\profapi.dll
0x00007ff84be70000 - 0x00007ff84be89000 	C:\Program Files\Java\jdk-11\bin\net.dll
0x00007ff84d500000 - 0x00007ff84d636000 	C:\windows\SYSTEM32\WINHTTP.dll
0x00007ff851ce0000 - 0x00007ff851d49000 	C:\windows\system32\mswsock.dll
0x00007ff847450000 - 0x00007ff847462000 	C:\Program Files\Java\jdk-11\bin\nio.dll
0x00007ff847150000 - 0x00007ff84716a000 	C:\Users\user\Desktop\course\intelij\ideaIC-2024.1.4.win\bin\breakgen64.dll
0x00007ff84f530000 - 0x00007ff84f539000 	C:\Program Files\Java\jdk-11\bin\management.dll
0x00007ff84d960000 - 0x00007ff84d96b000 	C:\Program Files\Java\jdk-11\bin\management_ext.dll
0x00007ff842dd0000 - 0x00007ff842de7000 	C:\windows\system32\napinsp.dll
0x00007ff842db0000 - 0x00007ff842dcb000 	C:\windows\system32\pnrpnsp.dll
0x00007ff851270000 - 0x00007ff851368000 	C:\windows\SYSTEM32\DNSAPI.dll
0x00007ff851240000 - 0x00007ff85126d000 	C:\windows\SYSTEM32\IPHLPAPI.DLL
0x00007ff854240000 - 0x00007ff854249000 	C:\windows\System32\NSI.dll
0x00007ff842d70000 - 0x00007ff842d81000 	C:\windows\System32\winrnr.dll
0x00007ff842c00000 - 0x00007ff842c15000 	C:\windows\system32\wshbth.dll
0x00007ff842bd0000 - 0x00007ff842bf7000 	C:\windows\system32\nlansp_c.dll
0x00007ff8426b0000 - 0x00007ff8426ba000 	C:\Windows\System32\rasadhlp.dll
0x00007ff84c7b0000 - 0x00007ff84c833000 	C:\windows\System32\fwpuclnt.dll
0x00007ff852030000 - 0x00007ff85204b000 	C:\windows\SYSTEM32\CRYPTSP.dll
0x00007ff851760000 - 0x00007ff851795000 	C:\windows\system32\rsaenh.dll
0x00007ff851d80000 - 0x00007ff851da8000 	C:\windows\SYSTEM32\USERENV.dll
0x00007ff852010000 - 0x00007ff85201c000 	C:\windows\SYSTEM32\CRYPTBASE.dll
0x00007ff84d710000 - 0x00007ff84d729000 	C:\windows\SYSTEM32\dhcpcsvc6.DLL
0x00007ff84d230000 - 0x00007ff84d24f000 	C:\windows\SYSTEM32\dhcpcsvc.DLL
0x00007ff847440000 - 0x00007ff84744e000 	C:\Program Files\Java\jdk-11\bin\sunmscapi.dll
0x00007ff853040000 - 0x00007ff8531a7000 	C:\windows\System32\CRYPT32.dll
0x00007ff852150000 - 0x00007ff85217e000 	C:\windows\SYSTEM32\ncrypt.dll
0x00007ff852110000 - 0x00007ff852147000 	C:\windows\SYSTEM32\NTASN1.dll
0x00007ff8451d0000 - 0x00007ff8451f7000 	C:\Program Files\Java\jdk-11\bin\sunec.dll

dbghelp: loaded successfully - version: 4.0.5 - missing functions: none
symbol engine: initialized successfully - sym options: 0x614 - pdb path: .;C:\Program Files\Java\jdk-11\bin;C:\windows\SYSTEM32;C:\windows\WinSxS\amd64_microsoft.windows.common-controls_6595b64144ccf1df_6.0.22621.3672_none_2713b9d173822955;C:\Program Files\Java\jdk-11\bin\server;C:\Users\user\Desktop\course\intelij\ideaIC-2024.1.4.win\bin

VM Arguments:
jvm_args: -javaagent:C:\Users\user\Desktop\course\intelij\ideaIC-2024.1.4.win\lib\idea_rt.jar=58753:C:\Users\user\Desktop\course\intelij\ideaIC-2024.1.4.win\bin -Dfile.encoding=UTF-8 
java_command: com.coding404.myweb.BootMyWebApplication
java_class_path (initial): C:\Users\user\Desktop\course\spring\Spring\BootMyWeb\BootMyWeb\out\production\classes;C:\Users\user\Desktop\course\spring\Spring\BootMyWeb\BootMyWeb\out\production\resources;C:\Users\user\.gradle\caches\modules-2\files-2.1\org.springframework.boot\spring-boot-starter-thymeleaf\2.7.18\c87a27e30720c43372ceb0476b5b00c6f5296df3\spring-boot-starter-thymeleaf-2.7.18.jar;C:\Users\user\.gradle\caches\modules-2\files-2.1\org.springframework.boot\spring-boot-starter-web\2.7.18\dd62ea85098187b4604e78dc15a7ff87dba173d\spring-boot-starter-web-2.7.18.jar;C:\Users\user\.gradle\caches\modules-2\files-2.1\org.springframework.boot\spring-boot-starter-validation\2.7.18\5c37e1806f7b09b2c0efc7317fbe16be65ced66e\spring-boot-starter-validation-2.7.18.jar;C:\Users\user\.gradle\caches\modules-2\files-2.1\org.mybatis.spring.boot\mybatis-spring-boot-starter\2.2.0\1543d9566e2acaa7230cd8996237a291603ac21f\mybatis-spring-boot-starter-2.2.0.jar;C:\Users\user\.gradle\caches\modules-2\files-2.1\com.mysql\mysql-connector-j\8.0.33\9e64d997873abc4318620264703d3fdb6b02dd5a\mysql-connector-j-8.0.33.jar;C:\Users\user\.gradle\caches\modules-2\files-2.1\org.bgee.log4jdbc-log4j2\log4jdbc-log4j2-jdbc4.1\1.16\ce7cd831b2e3e5d428e659a6fdae0fb6b89f3cc7\log4jdbc-log4j2-jdbc4.1-1.16.jar;C:\Users\user\.gradle\caches\modules-2\files-2.1\org.springframework.boot\spring-boot-starter\2.7.18\e56b75105f9ace6df154fd47eeeeadc2f5791e56\spring-boot-starter-2.7.18.jar;C:\Users\user\.gradle\caches\modules-2\files-2.1\org.thymeleaf\thymeleaf-spring5\3.0.15.RELEASE\7170e1bcd1588d38c139f7048ebcc262676441c3\thymeleaf-spring5-3.0.15.RELEASE.jar;C:\Users\user\.gradle\caches\modules-2\files-2.1\org.thymeleaf.extras\thymeleaf-extras-java8time\3.0.4.RELEASE\36e7175ddce36c486fff4578b5af7bb32f54f5df\thymeleaf-extras-java8time-3.0.4.RELEASE.jar;C:\Users\user\.gradle\caches\modules-2\files-2.1\org.springframework.boot\spring-boot-starter-json\2.7.18\b6d9ed5cae0c1929a9e561bf4799a3dc93a10db1\spring-boot-starter-j
Launcher Type: SUN_STANDARD

[Global flags]
     intx CICompilerCount                          = 4                                         {product} {ergonomic}
     uint ConcGCThreads                            = 3                                         {product} {ergonomic}
     uint G1ConcRefinementThreads                  = 10                                        {product} {ergonomic}
   size_t G1HeapRegionSize                         = 1048576                                   {product} {ergonomic}
    uintx GCDrainStackTargetSize                   = 64                                        {product} {ergonomic}
   size_t InitialHeapSize                          = 264241152                                 {product} {ergonomic}
   size_t MarkStackSize                            = 4194304                                   {product} {ergonomic}
   size_t MaxHeapSize                              = 4221566976                                {product} {ergonomic}
   size_t MaxNewSize                               = 2532311040                                {product} {ergonomic}
   size_t MinHeapDeltaBytes                        = 1048576                                   {product} {ergonomic}
    uintx NonNMethodCodeHeapSize                   = 5836300                                {pd product} {ergonomic}
    uintx NonProfiledCodeHeapSize                  = 122910970                              {pd product} {ergonomic}
    uintx ProfiledCodeHeapSize                     = 122910970                              {pd product} {ergonomic}
    uintx ReservedCodeCacheSize                    = 251658240                              {pd product} {ergonomic}
     bool SegmentedCodeCache                       = true                                      {product} {ergonomic}
     bool UseCompressedClassPointers               = true                                 {lp64_product} {ergonomic}
     bool UseCompressedOops                        = true                                 {lp64_product} {ergonomic}
     bool UseG1GC                                  = true                                      {product} {ergonomic}
     bool UseLargePagesIndividualAllocation        = false                                  {pd product} {ergonomic}

Logging:
Log output configuration:
 #0: stdout all=warning uptime,level,tags
 #1: stderr all=off uptime,level,tags

Environment Variables:
PATH=C:\oraclexe\app\oracle\product\11.2.0\server\bin;;C:\Program Files\Common Files\Oracle\Java\javapath;C:\Program Files\Eclipse Adoptium\jdk-21.0.3.9-hotspot\bin;C:\windows\system32;C:\windows;C:\windows\System32\Wbem;C:\windows\System32\WindowsPowerShell\v1.0\;C:\windows\System32\OpenSSH\;C:\Program Files\Bandizip\;C:\Program Files\Git\cmd;C:\Users\user\AppData\Local\Microsoft\WindowsApps;C:\Users\user\AppData\Local\Programs\Microsoft VS Code\bin
USERNAME=user
OS=Windows_NT
PROCESSOR_IDENTIFIER=Intel64 Family 6 Model 151 Stepping 2, GenuineIntel



---------------  S Y S T E M  ---------------

OS: Windows 11 , 64 bit Build 22621 (10.0.22621.3672)
Hyper-V role detected

CPU:total 12 (initial active 12) (6 cores per cpu, 2 threads per core) family 6 model 151 stepping 2 microcode 0x1e, cmov, cx8, fxsr, mmx, sse, sse2, sse3, ssse3, sse4.1, sse4.2, popcnt, avx, avx2, aes, clmul, erms, 3dnowpref, lzcnt, ht, tsc, tscinvbit, bmi1, bmi2, adx, sha, fma

Memory: 4k page, system-wide physical 16099M (1913M free)
TotalPageFile size 44470M (AvailPageFile size 5M)
current process WorkingSet (physical memory assigned to process): 312M, peak: 312M
current process commit charge ("private bytes"): 487M, peak: 488M

vm_info: Java HotSpot(TM) 64-Bit Server VM (11.0.23+7-LTS-222) for windows-amd64 JRE (11.0.23+7-LTS-222), built on Mar 11 2024 22:13:52 by "mach5one" with MS VC++ 17.6 (VS2022)

END.
