#
# There is insufficient memory for the Java Runtime Environment to continue.
# Native memory allocation (malloc) failed to allocate 507616 bytes for Chunk::new
# Possible reasons:
#   The system is out of physical RAM or swap space
#   The process is running with CompressedOops enabled, and the Java Heap may be blocking the growth of the native heap
# Possible solutions:
#   Reduce memory load on the system
#   Increase physical memory or swap space
#   Check if swap backing store is full
#   Decrease Java heap size (-Xmx/-Xms)
#   Decrease number of Java threads
#   Decrease Java thread stack sizes (-Xss)
#   Set larger code cache with -XX:ReservedCodeCacheSize=
#   JVM is running with Zero Based Compressed Oops mode in which the Java heap is
#     placed in the first 32GB address space. The Java Heap base address is the
#     maximum limit for the native heap growth. Please use -XX:HeapBaseMinAddress
#     to set the Java Heap base and to place the Java Heap above 32GB virtual address.
# This output file may be truncated or incomplete.
#
#  Out of Memory Error (./open/src/hotspot/share/memory/arena.cpp:197), pid=13064, tid=6112
#
# JRE version: Java(TM) SE Runtime Environment 18.9 (11.0.23+7) (build 11.0.23+7-LTS-222)
# Java VM: Java HotSpot(TM) 64-Bit Server VM 18.9 (11.0.23+7-LTS-222, mixed mode, tiered, compressed oops, g1 gc, windows-amd64)
# No core dump will be written. Minidumps are not enabled by default on client versions of Windows
#

---------------  S U M M A R Y ------------

Command Line: -javaagent:C:\Users\user\Desktop\course\intelij\ideaIC-2024.1.4.win\lib\idea_rt.jar=58692:C:\Users\user\Desktop\course\intelij\ideaIC-2024.1.4.win\bin -Dfile.encoding=UTF-8 com.coding404.myweb.BootMyWebApplication

Host: 12th Gen Intel(R) Core(TM) i5-12400, 12 cores, 15G,  Windows 11 , 64 bit Build 22621 (10.0.22621.3672)
Time: Fri Aug  9 15:08:55 2024  Windows 11 , 64 bit Build 22621 (10.0.22621.3672) elapsed time: 9.194532 seconds (0d 0h 0m 9s)

---------------  T H R E A D  ---------------

Current thread (0x000001ac35f43000):  JavaThread "C2 CompilerThread2" daemon [_thread_in_native, id=6112, stack(0x000000a301d00000,0x000000a301e00000)]


Current CompileTask:
C2:   9194 4797   !   4       java.util.concurrent.ConcurrentHashMap::transfer (828 bytes)

Stack: [0x000000a301d00000,0x000000a301e00000]
Native frames: (J=compiled Java code, j=interpreted, Vv=VM code, C=native code)
V  [jvm.dll+0x65524a]
V  [jvm.dll+0x79646f]
V  [jvm.dll+0x797b39]
V  [jvm.dll+0x7981e3]
V  [jvm.dll+0x254ee5]
V  [jvm.dll+0xb310c]
V  [jvm.dll+0xb371c]
V  [jvm.dll+0x2c62f2]
V  [jvm.dll+0x564f07]
V  [jvm.dll+0x217b51]
V  [jvm.dll+0x211393]
V  [jvm.dll+0x20dd04]
V  [jvm.dll+0x18b291]
V  [jvm.dll+0x21def4]
V  [jvm.dll+0x21c21c]
V  [jvm.dll+0x75a5f1]
V  [jvm.dll+0x752ef4]
V  [jvm.dll+0x6540f5]
C  [ucrtbase.dll+0x29333]
C  [KERNEL32.DLL+0x1257d]
C  [ntdll.dll+0x5af28]


---------------  P R O C E S S  ---------------

Threads class SMR info:
_java_thread_list=0x000001ac33137b80, length=33, elements={
0x000001ac3124d800, 0x000001ac31afb000, 0x000001ac31b5f000, 0x000001ac31b63000,
0x000001ac31b64000, 0x000001ac31b6f000, 0x000001ac31b73800, 0x000001ac31b75800,
0x000001ac31ad0800, 0x000001ac31f43000, 0x000001ac36c99800, 0x000001ac3677c800,
0x000001ac37ad9000, 0x000001ac37ad3000, 0x000001ac36709000, 0x000001ac3670b800,
0x000001ac36708800, 0x000001ac3670a000, 0x000001ac3670f000, 0x000001ac3670b000,
0x000001ac3670e000, 0x000001ac3670c800, 0x000001ac3670d800, 0x000001ac3933c800,
0x000001ac3933d800, 0x000001ac39339800, 0x000001ac3933b000, 0x000001ac3933b800,
0x000001ac3933e000, 0x000001ac34382800, 0x000001ac35f43000, 0x000001ac3933a000,
0x000001ac39338800
}

Java Threads: ( => current thread )
  0x000001ac3124d800 JavaThread "Reference Handler" daemon [_thread_blocked, id=11484, stack(0x000000a37f300000,0x000000a37f400000)]
  0x000001ac31afb000 JavaThread "Finalizer" daemon [_thread_blocked, id=18500, stack(0x000000a37f400000,0x000000a37f500000)]
  0x000001ac31b5f000 JavaThread "Signal Dispatcher" daemon [_thread_blocked, id=11844, stack(0x000000a37f500000,0x000000a37f600000)]
  0x000001ac31b63000 JavaThread "Attach Listener" daemon [_thread_blocked, id=13756, stack(0x000000a37f600000,0x000000a37f700000)]
  0x000001ac31b64000 JavaThread "Service Thread" daemon [_thread_blocked, id=7788, stack(0x000000a37f700000,0x000000a37f800000)]
  0x000001ac31b6f000 JavaThread "C2 CompilerThread0" daemon [_thread_in_native, id=9384, stack(0x000000a37f800000,0x000000a37f900000)]
  0x000001ac31b73800 JavaThread "C1 CompilerThread0" daemon [_thread_in_native, id=15300, stack(0x000000a37f900000,0x000000a37fa00000)]
  0x000001ac31b75800 JavaThread "Sweeper thread" daemon [_thread_blocked, id=14076, stack(0x000000a37fa00000,0x000000a37fb00000)]
  0x000001ac31ad0800 JavaThread "Common-Cleaner" daemon [_thread_blocked, id=20392, stack(0x000000a37fb00000,0x000000a37fc00000)]
  0x000001ac31f43000 JavaThread "Monitor Ctrl-Break" daemon [_thread_in_native, id=10868, stack(0x000000a37fd00000,0x000000a37fe00000)]
  0x000001ac36c99800 JavaThread "Catalina-utility-1" [_thread_blocked, id=14428, stack(0x000000a300700000,0x000000a300800000)]
  0x000001ac3677c800 JavaThread "Catalina-utility-2" [_thread_blocked, id=21088, stack(0x000000a300c00000,0x000000a300d00000)]
  0x000001ac37ad9000 JavaThread "container-0" [_thread_blocked, id=2940, stack(0x000000a300d00000,0x000000a300e00000)]
  0x000001ac37ad3000 JavaThread "mysql-cj-abandoned-connection-cleanup" daemon [_thread_blocked, id=17800, stack(0x000000a300e00000,0x000000a300f00000)]
  0x000001ac36709000 JavaThread "File Watcher" daemon [_thread_blocked, id=5872, stack(0x000000a300f00000,0x000000a301000000)]
  0x000001ac3670b800 JavaThread "Live Reload Server" daemon [_thread_in_native, id=21188, stack(0x000000a301100000,0x000000a301200000)]
  0x000001ac36708800 JavaThread "http-nio-8282-exec-1" daemon [_thread_in_native, id=16576, stack(0x000000a301000000,0x000000a301100000)]
  0x000001ac3670a000 JavaThread "http-nio-8282-exec-2" daemon [_thread_blocked, id=15692, stack(0x000000a301200000,0x000000a301300000)]
  0x000001ac3670f000 JavaThread "http-nio-8282-exec-3" daemon [_thread_blocked, id=10484, stack(0x000000a301300000,0x000000a301400000)]
  0x000001ac3670b000 JavaThread "http-nio-8282-exec-4" daemon [_thread_blocked, id=2492, stack(0x000000a301400000,0x000000a301500000)]
  0x000001ac3670e000 JavaThread "http-nio-8282-exec-5" daemon [_thread_blocked, id=19448, stack(0x000000a301500000,0x000000a301600000)]
  0x000001ac3670c800 JavaThread "http-nio-8282-exec-6" daemon [_thread_blocked, id=6888, stack(0x000000a301600000,0x000000a301700000)]
  0x000001ac3670d800 JavaThread "http-nio-8282-exec-7" daemon [_thread_blocked, id=14304, stack(0x000000a301700000,0x000000a301800000)]
  0x000001ac3933c800 JavaThread "http-nio-8282-exec-8" daemon [_thread_blocked, id=448, stack(0x000000a301800000,0x000000a301900000)]
  0x000001ac3933d800 JavaThread "http-nio-8282-exec-9" daemon [_thread_blocked, id=15040, stack(0x000000a301900000,0x000000a301a00000)]
  0x000001ac39339800 JavaThread "http-nio-8282-exec-10" daemon [_thread_blocked, id=8788, stack(0x000000a301a00000,0x000000a301b00000)]
  0x000001ac3933b000 JavaThread "http-nio-8282-Poller" daemon [_thread_in_native, id=13320, stack(0x000000a301b00000,0x000000a301c00000)]
  0x000001ac3933b800 JavaThread "http-nio-8282-Acceptor" daemon [_thread_in_native, id=20016, stack(0x000000a301c00000,0x000000a301d00000)]
  0x000001ac3933e000 JavaThread "DestroyJavaVM" [_thread_blocked, id=9000, stack(0x000000a37ec00000,0x000000a37ed00000)]
  0x000001ac34382800 JavaThread "C2 CompilerThread1" daemon [_thread_in_native, id=18892, stack(0x000000a300500000,0x000000a300600000)]
=>0x000001ac35f43000 JavaThread "C2 CompilerThread2" daemon [_thread_in_native, id=6112, stack(0x000000a301d00000,0x000000a301e00000)]
  0x000001ac3933a000 JavaThread "HikariPool-1 housekeeper" daemon [_thread_blocked, id=12428, stack(0x000000a301e00000,0x000000a301f00000)]
  0x000001ac39338800 JavaThread "HikariPool-1 connection adder" daemon [_thread_in_Java, id=12772, stack(0x000000a301f00000,0x000000a302000000)]

Other Threads:
  0x000001ac3124b000 VMThread "VM Thread" [stack: 0x000000a37f200000,0x000000a37f300000] [id=14764]
  0x000001ac3205a800 WatcherThread [stack: 0x000000a37fe00000,0x000000a37ff00000] [id=5564]
  0x000001ac0e2e3800 GCTaskThread "GC Thread#0" [stack: 0x000000a37ed00000,0x000000a37ee00000] [id=11204]
  0x000001ac32bc4000 GCTaskThread "GC Thread#1" [stack: 0x000000a300000000,0x000000a300100000] [id=21388]
  0x000001ac32918000 GCTaskThread "GC Thread#2" [stack: 0x000000a300100000,0x000000a300200000] [id=2504]
  0x000001ac3275f800 GCTaskThread "GC Thread#3" [stack: 0x000000a300200000,0x000000a300300000] [id=15996]
  0x000001ac32915800 GCTaskThread "GC Thread#4" [stack: 0x000000a300300000,0x000000a300400000] [id=2024]
  0x000001ac32e74800 GCTaskThread "GC Thread#5" [stack: 0x000000a300400000,0x000000a300500000] [id=17848]
  0x000001ac33ee0800 GCTaskThread "GC Thread#6" [stack: 0x000000a300800000,0x000000a300900000] [id=20076]
  0x000001ac33d1b800 GCTaskThread "GC Thread#7" [stack: 0x000000a300900000,0x000000a300a00000] [id=12572]
  0x000001ac0e340000 ConcurrentGCThread "G1 Main Marker" [stack: 0x000000a37ee00000,0x000000a37ef00000] [id=15224]
  0x000001ac0e342800 ConcurrentGCThread "G1 Conc#0" [stack: 0x000000a37ef00000,0x000000a37f000000] [id=1392]
  0x000001ac32994000 ConcurrentGCThread "G1 Conc#1" [stack: 0x000000a300a00000,0x000000a300b00000] [id=19632]
  0x000001ac327c7000 ConcurrentGCThread "G1 Conc#2" [stack: 0x000000a300b00000,0x000000a300c00000] [id=19008]
  0x000001ac31131800 ConcurrentGCThread "G1 Refine#0" [stack: 0x000000a37f000000,0x000000a37f100000] [id=8860]
  0x000001ac31132800 ConcurrentGCThread "G1 Young RemSet Sampling" [stack: 0x000000a37f100000,0x000000a37f200000] [id=16276]

Threads with active compile tasks:
C2 CompilerThread0     9213 4670       4       jdk.internal.loader.BuiltinClassLoader::defineClass (121 bytes)
C1 CompilerThread0     9213 4940   !   3       sun.security.ssl.SSLSocketImpl$AppInputStream::read (645 bytes)
C2 CompilerThread1     9213 4754 % !   4       java.util.jar.Attributes::read @ 155 (354 bytes)
C2 CompilerThread2     9213 4797   !   4       java.util.concurrent.ConcurrentHashMap::transfer (828 bytes)

VM state:not at safepoint (normal execution)

VM Mutex/Monitor currently owned by a thread:  ([mutex/lock_event])
[0x000001ac0e2c9880] CodeCache_lock - owner thread: 0x000001ac31b73800
[0x000001ac0e2ca4a0] Compile_lock - owner thread: 0x000001ac31b73800
[0x000001ac0e2ca9b0] MethodCompileQueue_lock - owner thread: 0x0000000000000000

Heap address: 0x0000000704600000, size: 4026 MB, Compressed Oops mode: Zero based, Oop shift amount: 3
Narrow klass base: 0x0000000800000000, Narrow klass shift: 0
Compressed class space size: 1073741824 Address: 0x0000000800000000

Heap:
 garbage-first heap   total 310272K, used 50334K [0x0000000704600000, 0x0000000800000000)
  region size 1024K, 44 young (45056K), 12 survivors (12288K)
 Metaspace       used 57465K, capacity 58873K, committed 59008K, reserved 1101824K
  class space    used 6911K, capacity 7488K, committed 7552K, reserved 1048576K
Heap Regions: E=young(eden), S=young(survivor), O=old, HS=humongous(starts), HC=humongous(continues), CS=collection set, F=free, A=archive, TAMS=top-at-mark-start (previous, next)
|   0|0x0000000704600000, 0x0000000704700000, 0x0000000704700000|100%| O|  |TAMS 0x0000000704700000, 0x0000000704600000| Untracked 
|   1|0x0000000704700000, 0x0000000704800000, 0x0000000704800000|100%| O|  |TAMS 0x0000000704800000, 0x0000000704700000| Untracked 
|   2|0x0000000704800000, 0x0000000704900000, 0x0000000704900000|100%| O|  |TAMS 0x0000000704900000, 0x0000000704800000| Untracked 
|   3|0x0000000704900000, 0x0000000704a00000, 0x0000000704a00000|100%| O|  |TAMS 0x0000000704a00000, 0x0000000704900000| Untracked 
|   4|0x0000000704a00000, 0x0000000704b00000, 0x0000000704b00000|100%| O|  |TAMS 0x0000000704adea00, 0x0000000704a00000| Untracked 
|   5|0x0000000704b00000, 0x0000000704c00000, 0x0000000704c00000|100%| O|  |TAMS 0x0000000704b00000, 0x0000000704b00000| Untracked 
|   6|0x0000000704c00000, 0x0000000704c45000, 0x0000000704d00000| 26%| O|  |TAMS 0x0000000704c00000, 0x0000000704c00000| Untracked 
|   7|0x0000000704d00000, 0x0000000704d00000, 0x0000000704e00000|  0%| F|  |TAMS 0x0000000704d00000, 0x0000000704d00000| Untracked 
|   8|0x0000000704e00000, 0x0000000704e00000, 0x0000000704f00000|  0%| F|  |TAMS 0x0000000704e00000, 0x0000000704e00000| Untracked 
|   9|0x0000000704f00000, 0x0000000704f00000, 0x0000000705000000|  0%| F|  |TAMS 0x0000000704f00000, 0x0000000704f00000| Untracked 
|  10|0x0000000705000000, 0x0000000705000000, 0x0000000705100000|  0%| F|  |TAMS 0x0000000705000000, 0x0000000705000000| Untracked 
|  11|0x0000000705100000, 0x0000000705100000, 0x0000000705200000|  0%| F|  |TAMS 0x0000000705100000, 0x0000000705100000| Untracked 
|  12|0x0000000705200000, 0x0000000705200000, 0x0000000705300000|  0%| F|  |TAMS 0x0000000705200000, 0x0000000705200000| Untracked 
|  13|0x0000000705300000, 0x0000000705300000, 0x0000000705400000|  0%| F|  |TAMS 0x0000000705300000, 0x0000000705300000| Untracked 
|  14|0x0000000705400000, 0x0000000705400000, 0x0000000705500000|  0%| F|  |TAMS 0x0000000705400000, 0x0000000705400000| Untracked 
|  15|0x0000000705500000, 0x0000000705500000, 0x0000000705600000|  0%| F|  |TAMS 0x0000000705500000, 0x0000000705500000| Untracked 
|  16|0x0000000705600000, 0x0000000705600000, 0x0000000705700000|  0%| F|  |TAMS 0x0000000705600000, 0x0000000705600000| Untracked 
|  17|0x0000000705700000, 0x0000000705700000, 0x0000000705800000|  0%| F|  |TAMS 0x0000000705700000, 0x0000000705700000| Untracked 
|  18|0x0000000705800000, 0x0000000705800000, 0x0000000705900000|  0%| F|  |TAMS 0x0000000705800000, 0x0000000705800000| Untracked 
|  19|0x0000000705900000, 0x0000000705900000, 0x0000000705a00000|  0%| F|  |TAMS 0x0000000705900000, 0x0000000705900000| Untracked 
|  20|0x0000000705a00000, 0x0000000705a00000, 0x0000000705b00000|  0%| F|  |TAMS 0x0000000705a00000, 0x0000000705a00000| Untracked 
|  21|0x0000000705b00000, 0x0000000705b00000, 0x0000000705c00000|  0%| F|  |TAMS 0x0000000705b00000, 0x0000000705b00000| Untracked 
|  22|0x0000000705c00000, 0x0000000705c00000, 0x0000000705d00000|  0%| F|  |TAMS 0x0000000705c00000, 0x0000000705c00000| Untracked 
|  23|0x0000000705d00000, 0x0000000705d00000, 0x0000000705e00000|  0%| F|  |TAMS 0x0000000705d00000, 0x0000000705d00000| Untracked 
|  24|0x0000000705e00000, 0x0000000705e00000, 0x0000000705f00000|  0%| F|  |TAMS 0x0000000705e00000, 0x0000000705e00000| Untracked 
|  25|0x0000000705f00000, 0x0000000705f00000, 0x0000000706000000|  0%| F|  |TAMS 0x0000000705f00000, 0x0000000705f00000| Untracked 
|  26|0x0000000706000000, 0x0000000706000000, 0x0000000706100000|  0%| F|  |TAMS 0x0000000706000000, 0x0000000706000000| Untracked 
|  27|0x0000000706100000, 0x0000000706100000, 0x0000000706200000|  0%| F|  |TAMS 0x0000000706100000, 0x0000000706100000| Untracked 
|  28|0x0000000706200000, 0x0000000706200000, 0x0000000706300000|  0%| F|  |TAMS 0x0000000706200000, 0x0000000706200000| Untracked 
|  29|0x0000000706300000, 0x0000000706300000, 0x0000000706400000|  0%| F|  |TAMS 0x0000000706300000, 0x0000000706300000| Untracked 
|  30|0x0000000706400000, 0x0000000706400000, 0x0000000706500000|  0%| F|  |TAMS 0x0000000706400000, 0x0000000706400000| Untracked 
|  31|0x0000000706500000, 0x0000000706500000, 0x0000000706600000|  0%| F|  |TAMS 0x0000000706500000, 0x0000000706500000| Untracked 
|  32|0x0000000706600000, 0x0000000706600000, 0x0000000706700000|  0%| F|  |TAMS 0x0000000706600000, 0x0000000706600000| Untracked 
|  33|0x0000000706700000, 0x0000000706700000, 0x0000000706800000|  0%| F|  |TAMS 0x0000000706700000, 0x0000000706700000| Untracked 
|  34|0x0000000706800000, 0x0000000706800000, 0x0000000706900000|  0%| F|  |TAMS 0x0000000706800000, 0x0000000706800000| Untracked 
|  35|0x0000000706900000, 0x0000000706900000, 0x0000000706a00000|  0%| F|  |TAMS 0x0000000706900000, 0x0000000706900000| Untracked 
|  36|0x0000000706a00000, 0x0000000706a00000, 0x0000000706b00000|  0%| F|  |TAMS 0x0000000706a00000, 0x0000000706a00000| Untracked 
|  37|0x0000000706b00000, 0x0000000706b00000, 0x0000000706c00000|  0%| F|  |TAMS 0x0000000706b00000, 0x0000000706b00000| Untracked 
|  38|0x0000000706c00000, 0x0000000706c00000, 0x0000000706d00000|  0%| F|  |TAMS 0x0000000706c00000, 0x0000000706c00000| Untracked 
|  39|0x0000000706d00000, 0x0000000706d00000, 0x0000000706e00000|  0%| F|  |TAMS 0x0000000706d00000, 0x0000000706d00000| Untracked 
|  40|0x0000000706e00000, 0x0000000706e00000, 0x0000000706f00000|  0%| F|  |TAMS 0x0000000706e00000, 0x0000000706e00000| Untracked 
|  41|0x0000000706f00000, 0x0000000706f00000, 0x0000000707000000|  0%| F|  |TAMS 0x0000000706f00000, 0x0000000706f00000| Untracked 
|  42|0x0000000707000000, 0x0000000707000000, 0x0000000707100000|  0%| F|  |TAMS 0x0000000707000000, 0x0000000707000000| Untracked 
|  43|0x0000000707100000, 0x0000000707100000, 0x0000000707200000|  0%| F|  |TAMS 0x0000000707100000, 0x0000000707100000| Untracked 
|  44|0x0000000707200000, 0x0000000707200000, 0x0000000707300000|  0%| F|  |TAMS 0x0000000707200000, 0x0000000707200000| Untracked 
|  45|0x0000000707300000, 0x0000000707300000, 0x0000000707400000|  0%| F|  |TAMS 0x0000000707300000, 0x0000000707300000| Untracked 
|  46|0x0000000707400000, 0x0000000707400000, 0x0000000707500000|  0%| F|  |TAMS 0x0000000707400000, 0x0000000707400000| Untracked 
|  47|0x0000000707500000, 0x0000000707500000, 0x0000000707600000|  0%| F|  |TAMS 0x0000000707500000, 0x0000000707500000| Untracked 
|  48|0x0000000707600000, 0x0000000707600000, 0x0000000707700000|  0%| F|  |TAMS 0x0000000707600000, 0x0000000707600000| Untracked 
|  49|0x0000000707700000, 0x0000000707700000, 0x0000000707800000|  0%| F|  |TAMS 0x0000000707700000, 0x0000000707700000| Untracked 
|  50|0x0000000707800000, 0x0000000707800000, 0x0000000707900000|  0%| F|  |TAMS 0x0000000707800000, 0x0000000707800000| Untracked 
|  51|0x0000000707900000, 0x0000000707900000, 0x0000000707a00000|  0%| F|  |TAMS 0x0000000707900000, 0x0000000707900000| Untracked 
|  52|0x0000000707a00000, 0x0000000707a00000, 0x0000000707b00000|  0%| F|  |TAMS 0x0000000707a00000, 0x0000000707a00000| Untracked 
|  53|0x0000000707b00000, 0x0000000707b00000, 0x0000000707c00000|  0%| F|  |TAMS 0x0000000707b00000, 0x0000000707b00000| Untracked 
|  54|0x0000000707c00000, 0x0000000707c00000, 0x0000000707d00000|  0%| F|  |TAMS 0x0000000707c00000, 0x0000000707c00000| Untracked 
|  55|0x0000000707d00000, 0x0000000707d00000, 0x0000000707e00000|  0%| F|  |TAMS 0x0000000707d00000, 0x0000000707d00000| Untracked 
|  56|0x0000000707e00000, 0x0000000707e00000, 0x0000000707f00000|  0%| F|  |TAMS 0x0000000707e00000, 0x0000000707e00000| Untracked 
|  57|0x0000000707f00000, 0x0000000707f00000, 0x0000000708000000|  0%| F|  |TAMS 0x0000000707f00000, 0x0000000707f00000| Untracked 
|  58|0x0000000708000000, 0x0000000708000000, 0x0000000708100000|  0%| F|  |TAMS 0x0000000708000000, 0x0000000708000000| Untracked 
|  59|0x0000000708100000, 0x0000000708100000, 0x0000000708200000|  0%| F|  |TAMS 0x0000000708100000, 0x0000000708100000| Untracked 
|  60|0x0000000708200000, 0x0000000708200000, 0x0000000708300000|  0%| F|  |TAMS 0x0000000708200000, 0x0000000708200000| Untracked 
|  61|0x0000000708300000, 0x0000000708300000, 0x0000000708400000|  0%| F|  |TAMS 0x0000000708300000, 0x0000000708300000| Untracked 
|  62|0x0000000708400000, 0x0000000708400000, 0x0000000708500000|  0%| F|  |TAMS 0x0000000708400000, 0x0000000708400000| Untracked 
|  63|0x0000000708500000, 0x0000000708500000, 0x0000000708600000|  0%| F|  |TAMS 0x0000000708500000, 0x0000000708500000| Untracked 
|  64|0x0000000708600000, 0x0000000708600000, 0x0000000708700000|  0%| F|  |TAMS 0x0000000708600000, 0x0000000708600000| Untracked 
|  65|0x0000000708700000, 0x0000000708700000, 0x0000000708800000|  0%| F|  |TAMS 0x0000000708700000, 0x0000000708700000| Untracked 
|  66|0x0000000708800000, 0x0000000708800000, 0x0000000708900000|  0%| F|  |TAMS 0x0000000708800000, 0x0000000708800000| Untracked 
|  67|0x0000000708900000, 0x0000000708900000, 0x0000000708a00000|  0%| F|  |TAMS 0x0000000708900000, 0x0000000708900000| Untracked 
|  68|0x0000000708a00000, 0x0000000708a00000, 0x0000000708b00000|  0%| F|  |TAMS 0x0000000708a00000, 0x0000000708a00000| Untracked 
|  69|0x0000000708b00000, 0x0000000708b00000, 0x0000000708c00000|  0%| F|  |TAMS 0x0000000708b00000, 0x0000000708b00000| Untracked 
|  70|0x0000000708c00000, 0x0000000708c00000, 0x0000000708d00000|  0%| F|  |TAMS 0x0000000708c00000, 0x0000000708c00000| Untracked 
|  71|0x0000000708d00000, 0x0000000708d00000, 0x0000000708e00000|  0%| F|  |TAMS 0x0000000708d00000, 0x0000000708d00000| Untracked 
|  72|0x0000000708e00000, 0x0000000708e00000, 0x0000000708f00000|  0%| F|  |TAMS 0x0000000708e00000, 0x0000000708e00000| Untracked 
|  73|0x0000000708f00000, 0x0000000708f00000, 0x0000000709000000|  0%| F|  |TAMS 0x0000000708f00000, 0x0000000708f00000| Untracked 
|  74|0x0000000709000000, 0x0000000709000000, 0x0000000709100000|  0%| F|  |TAMS 0x0000000709000000, 0x0000000709000000| Untracked 
|  75|0x0000000709100000, 0x0000000709100000, 0x0000000709200000|  0%| F|  |TAMS 0x0000000709100000, 0x0000000709100000| Untracked 
|  76|0x0000000709200000, 0x0000000709200000, 0x0000000709300000|  0%| F|  |TAMS 0x0000000709200000, 0x0000000709200000| Untracked 
|  77|0x0000000709300000, 0x0000000709300000, 0x0000000709400000|  0%| F|  |TAMS 0x0000000709300000, 0x0000000709300000| Untracked 
|  78|0x0000000709400000, 0x0000000709400000, 0x0000000709500000|  0%| F|  |TAMS 0x0000000709400000, 0x0000000709400000| Untracked 
|  79|0x0000000709500000, 0x0000000709500000, 0x0000000709600000|  0%| F|  |TAMS 0x0000000709500000, 0x0000000709500000| Untracked 
|  80|0x0000000709600000, 0x0000000709600000, 0x0000000709700000|  0%| F|  |TAMS 0x0000000709600000, 0x0000000709600000| Untracked 
|  81|0x0000000709700000, 0x0000000709700000, 0x0000000709800000|  0%| F|  |TAMS 0x0000000709700000, 0x0000000709700000| Untracked 
|  82|0x0000000709800000, 0x0000000709800000, 0x0000000709900000|  0%| F|  |TAMS 0x0000000709800000, 0x0000000709800000| Untracked 
|  83|0x0000000709900000, 0x0000000709900000, 0x0000000709a00000|  0%| F|  |TAMS 0x0000000709900000, 0x0000000709900000| Untracked 
|  84|0x0000000709a00000, 0x0000000709a00000, 0x0000000709b00000|  0%| F|  |TAMS 0x0000000709a00000, 0x0000000709a00000| Untracked 
|  85|0x0000000709b00000, 0x0000000709b00000, 0x0000000709c00000|  0%| F|  |TAMS 0x0000000709b00000, 0x0000000709b00000| Untracked 
|  86|0x0000000709c00000, 0x0000000709c00000, 0x0000000709d00000|  0%| F|  |TAMS 0x0000000709c00000, 0x0000000709c00000| Untracked 
|  87|0x0000000709d00000, 0x0000000709d00000, 0x0000000709e00000|  0%| F|  |TAMS 0x0000000709d00000, 0x0000000709d00000| Untracked 
|  88|0x0000000709e00000, 0x0000000709e00000, 0x0000000709f00000|  0%| F|  |TAMS 0x0000000709e00000, 0x0000000709e00000| Untracked 
|  89|0x0000000709f00000, 0x0000000709f00000, 0x000000070a000000|  0%| F|  |TAMS 0x0000000709f00000, 0x0000000709f00000| Untracked 
|  90|0x000000070a000000, 0x000000070a000000, 0x000000070a100000|  0%| F|  |TAMS 0x000000070a000000, 0x000000070a000000| Untracked 
|  91|0x000000070a100000, 0x000000070a100000, 0x000000070a200000|  0%| F|  |TAMS 0x000000070a100000, 0x000000070a100000| Untracked 
|  92|0x000000070a200000, 0x000000070a200000, 0x000000070a300000|  0%| F|  |TAMS 0x000000070a200000, 0x000000070a200000| Untracked 
|  93|0x000000070a300000, 0x000000070a300000, 0x000000070a400000|  0%| F|  |TAMS 0x000000070a300000, 0x000000070a300000| Untracked 
|  94|0x000000070a400000, 0x000000070a400000, 0x000000070a500000|  0%| F|  |TAMS 0x000000070a400000, 0x000000070a400000| Untracked 
|  95|0x000000070a500000, 0x000000070a500000, 0x000000070a600000|  0%| F|  |TAMS 0x000000070a500000, 0x000000070a500000| Untracked 
|  96|0x000000070a600000, 0x000000070a600000, 0x000000070a700000|  0%| F|  |TAMS 0x000000070a600000, 0x000000070a600000| Untracked 
|  97|0x000000070a700000, 0x000000070a700000, 0x000000070a800000|  0%| F|  |TAMS 0x000000070a700000, 0x000000070a700000| Untracked 
|  98|0x000000070a800000, 0x000000070a800000, 0x000000070a900000|  0%| F|  |TAMS 0x000000070a800000, 0x000000070a800000| Untracked 
|  99|0x000000070a900000, 0x000000070a900000, 0x000000070aa00000|  0%| F|  |TAMS 0x000000070a900000, 0x000000070a900000| Untracked 
| 100|0x000000070aa00000, 0x000000070aa00000, 0x000000070ab00000|  0%| F|  |TAMS 0x000000070aa00000, 0x000000070aa00000| Untracked 
| 101|0x000000070ab00000, 0x000000070ab00000, 0x000000070ac00000|  0%| F|  |TAMS 0x000000070ab00000, 0x000000070ab00000| Untracked 
| 102|0x000000070ac00000, 0x000000070ac00000, 0x000000070ad00000|  0%| F|  |TAMS 0x000000070ac00000, 0x000000070ac00000| Untracked 
| 103|0x000000070ad00000, 0x000000070ad00000, 0x000000070ae00000|  0%| F|  |TAMS 0x000000070ad00000, 0x000000070ad00000| Untracked 
| 104|0x000000070ae00000, 0x000000070ae00000, 0x000000070af00000|  0%| F|  |TAMS 0x000000070ae00000, 0x000000070ae00000| Untracked 
| 105|0x000000070af00000, 0x000000070af00000, 0x000000070b000000|  0%| F|  |TAMS 0x000000070af00000, 0x000000070af00000| Untracked 
| 106|0x000000070b000000, 0x000000070b000000, 0x000000070b100000|  0%| F|  |TAMS 0x000000070b000000, 0x000000070b000000| Untracked 
| 107|0x000000070b100000, 0x000000070b100000, 0x000000070b200000|  0%| F|  |TAMS 0x000000070b100000, 0x000000070b100000| Untracked 
| 108|0x000000070b200000, 0x000000070b200000, 0x000000070b300000|  0%| F|  |TAMS 0x000000070b200000, 0x000000070b200000| Untracked 
| 109|0x000000070b300000, 0x000000070b300000, 0x000000070b400000|  0%| F|  |TAMS 0x000000070b300000, 0x000000070b300000| Untracked 
| 110|0x000000070b400000, 0x000000070b400000, 0x000000070b500000|  0%| F|  |TAMS 0x000000070b400000, 0x000000070b400000| Untracked 
| 111|0x000000070b500000, 0x000000070b500000, 0x000000070b600000|  0%| F|  |TAMS 0x000000070b500000, 0x000000070b500000| Untracked 
| 112|0x000000070b600000, 0x000000070b600000, 0x000000070b700000|  0%| F|  |TAMS 0x000000070b600000, 0x000000070b600000| Untracked 
| 113|0x000000070b700000, 0x000000070b700000, 0x000000070b800000|  0%| F|  |TAMS 0x000000070b700000, 0x000000070b700000| Untracked 
| 114|0x000000070b800000, 0x000000070b800000, 0x000000070b900000|  0%| F|  |TAMS 0x000000070b800000, 0x000000070b800000| Untracked 
| 115|0x000000070b900000, 0x000000070b900000, 0x000000070ba00000|  0%| F|  |TAMS 0x000000070b900000, 0x000000070b900000| Untracked 
| 116|0x000000070ba00000, 0x000000070ba00000, 0x000000070bb00000|  0%| F|  |TAMS 0x000000070ba00000, 0x000000070ba00000| Untracked 
| 117|0x000000070bb00000, 0x000000070bb00000, 0x000000070bc00000|  0%| F|  |TAMS 0x000000070bb00000, 0x000000070bb00000| Untracked 
| 118|0x000000070bc00000, 0x000000070bc00000, 0x000000070bd00000|  0%| F|  |TAMS 0x000000070bc00000, 0x000000070bc00000| Untracked 
| 119|0x000000070bd00000, 0x000000070bd00000, 0x000000070be00000|  0%| F|  |TAMS 0x000000070bd00000, 0x000000070bd00000| Untracked 
| 120|0x000000070be00000, 0x000000070be00000, 0x000000070bf00000|  0%| F|  |TAMS 0x000000070be00000, 0x000000070be00000| Untracked 
| 121|0x000000070bf00000, 0x000000070bf00000, 0x000000070c000000|  0%| F|  |TAMS 0x000000070bf00000, 0x000000070bf00000| Untracked 
| 122|0x000000070c000000, 0x000000070c000000, 0x000000070c100000|  0%| F|  |TAMS 0x000000070c000000, 0x000000070c000000| Untracked 
| 123|0x000000070c100000, 0x000000070c100000, 0x000000070c200000|  0%| F|  |TAMS 0x000000070c100000, 0x000000070c100000| Untracked 
| 124|0x000000070c200000, 0x000000070c200000, 0x000000070c300000|  0%| F|  |TAMS 0x000000070c200000, 0x000000070c200000| Untracked 
| 125|0x000000070c300000, 0x000000070c300000, 0x000000070c400000|  0%| F|  |TAMS 0x000000070c300000, 0x000000070c300000| Untracked 
| 126|0x000000070c400000, 0x000000070c400000, 0x000000070c500000|  0%| F|  |TAMS 0x000000070c400000, 0x000000070c400000| Untracked 
| 127|0x000000070c500000, 0x000000070c500000, 0x000000070c600000|  0%| F|  |TAMS 0x000000070c500000, 0x000000070c500000| Untracked 
| 128|0x000000070c600000, 0x000000070c600000, 0x000000070c700000|  0%| F|  |TAMS 0x000000070c600000, 0x000000070c600000| Untracked 
| 129|0x000000070c700000, 0x000000070c700000, 0x000000070c800000|  0%| F|  |TAMS 0x000000070c700000, 0x000000070c700000| Untracked 
| 130|0x000000070c800000, 0x000000070c800000, 0x000000070c900000|  0%| F|  |TAMS 0x000000070c800000, 0x000000070c800000| Untracked 
| 131|0x000000070c900000, 0x000000070c900000, 0x000000070ca00000|  0%| F|  |TAMS 0x000000070c900000, 0x000000070c900000| Untracked 
| 132|0x000000070ca00000, 0x000000070ca00000, 0x000000070cb00000|  0%| F|  |TAMS 0x000000070ca00000, 0x000000070ca00000| Untracked 
| 133|0x000000070cb00000, 0x000000070cb00000, 0x000000070cc00000|  0%| F|  |TAMS 0x000000070cb00000, 0x000000070cb00000| Untracked 
| 134|0x000000070cc00000, 0x000000070cc00000, 0x000000070cd00000|  0%| F|  |TAMS 0x000000070cc00000, 0x000000070cc00000| Untracked 
| 135|0x000000070cd00000, 0x000000070cd00000, 0x000000070ce00000|  0%| F|  |TAMS 0x000000070cd00000, 0x000000070cd00000| Untracked 
| 136|0x000000070ce00000, 0x000000070ce00000, 0x000000070cf00000|  0%| F|  |TAMS 0x000000070ce00000, 0x000000070ce00000| Untracked 
| 137|0x000000070cf00000, 0x000000070cf00000, 0x000000070d000000|  0%| F|  |TAMS 0x000000070cf00000, 0x000000070cf00000| Untracked 
| 138|0x000000070d000000, 0x000000070d000000, 0x000000070d100000|  0%| F|  |TAMS 0x000000070d000000, 0x000000070d000000| Untracked 
| 139|0x000000070d100000, 0x000000070d100000, 0x000000070d200000|  0%| F|  |TAMS 0x000000070d100000, 0x000000070d100000| Untracked 
| 140|0x000000070d200000, 0x000000070d200000, 0x000000070d300000|  0%| F|  |TAMS 0x000000070d200000, 0x000000070d200000| Untracked 
| 141|0x000000070d300000, 0x000000070d3e2890, 0x000000070d400000| 88%| S|CS|TAMS 0x000000070d300000, 0x000000070d300000| Complete 
| 142|0x000000070d400000, 0x000000070d500000, 0x000000070d500000|100%| S|CS|TAMS 0x000000070d400000, 0x000000070d400000| Complete 
| 143|0x000000070d500000, 0x000000070d600000, 0x000000070d600000|100%| S|CS|TAMS 0x000000070d500000, 0x000000070d500000| Complete 
| 144|0x000000070d600000, 0x000000070d700000, 0x000000070d700000|100%| S|CS|TAMS 0x000000070d600000, 0x000000070d600000| Complete 
| 145|0x000000070d700000, 0x000000070d800000, 0x000000070d800000|100%| S|CS|TAMS 0x000000070d700000, 0x000000070d700000| Complete 
| 146|0x000000070d800000, 0x000000070d900000, 0x000000070d900000|100%| S|CS|TAMS 0x000000070d800000, 0x000000070d800000| Complete 
| 147|0x000000070d900000, 0x000000070da00000, 0x000000070da00000|100%| S|CS|TAMS 0x000000070d900000, 0x000000070d900000| Complete 
| 148|0x000000070da00000, 0x000000070db00000, 0x000000070db00000|100%| S|CS|TAMS 0x000000070da00000, 0x000000070da00000| Complete 
| 149|0x000000070db00000, 0x000000070dc00000, 0x000000070dc00000|100%| S|CS|TAMS 0x000000070db00000, 0x000000070db00000| Complete 
| 150|0x000000070dc00000, 0x000000070dd00000, 0x000000070dd00000|100%| S|CS|TAMS 0x000000070dc00000, 0x000000070dc00000| Complete 
| 151|0x000000070dd00000, 0x000000070de00000, 0x000000070de00000|100%| S|CS|TAMS 0x000000070dd00000, 0x000000070dd00000| Complete 
| 152|0x000000070de00000, 0x000000070df00000, 0x000000070df00000|100%| S|CS|TAMS 0x000000070de00000, 0x000000070de00000| Complete 
| 153|0x000000070df00000, 0x000000070df00000, 0x000000070e000000|  0%| F|  |TAMS 0x000000070df00000, 0x000000070df00000| Untracked 
| 154|0x000000070e000000, 0x000000070e000000, 0x000000070e100000|  0%| F|  |TAMS 0x000000070e000000, 0x000000070e000000| Untracked 
| 155|0x000000070e100000, 0x000000070e100000, 0x000000070e200000|  0%| F|  |TAMS 0x000000070e100000, 0x000000070e100000| Untracked 
| 156|0x000000070e200000, 0x000000070e200000, 0x000000070e300000|  0%| F|  |TAMS 0x000000070e200000, 0x000000070e200000| Untracked 
| 157|0x000000070e300000, 0x000000070e300000, 0x000000070e400000|  0%| F|  |TAMS 0x000000070e300000, 0x000000070e300000| Untracked 
| 158|0x000000070e400000, 0x000000070e400000, 0x000000070e500000|  0%| F|  |TAMS 0x000000070e400000, 0x000000070e400000| Untracked 
| 159|0x000000070e500000, 0x000000070e500000, 0x000000070e600000|  0%| F|  |TAMS 0x000000070e500000, 0x000000070e500000| Untracked 
| 160|0x000000070e600000, 0x000000070e600000, 0x000000070e700000|  0%| F|  |TAMS 0x000000070e600000, 0x000000070e600000| Untracked 
| 161|0x000000070e700000, 0x000000070e700000, 0x000000070e800000|  0%| F|  |TAMS 0x000000070e700000, 0x000000070e700000| Untracked 
| 162|0x000000070e800000, 0x000000070e800000, 0x000000070e900000|  0%| F|  |TAMS 0x000000070e800000, 0x000000070e800000| Untracked 
| 163|0x000000070e900000, 0x000000070e900000, 0x000000070ea00000|  0%| F|  |TAMS 0x000000070e900000, 0x000000070e900000| Untracked 
| 164|0x000000070ea00000, 0x000000070ea00000, 0x000000070eb00000|  0%| F|  |TAMS 0x000000070ea00000, 0x000000070ea00000| Untracked 
| 165|0x000000070eb00000, 0x000000070eb00000, 0x000000070ec00000|  0%| F|  |TAMS 0x000000070eb00000, 0x000000070eb00000| Untracked 
| 166|0x000000070ec00000, 0x000000070ec00000, 0x000000070ed00000|  0%| F|  |TAMS 0x000000070ec00000, 0x000000070ec00000| Untracked 
| 167|0x000000070ed00000, 0x000000070ed00000, 0x000000070ee00000|  0%| F|  |TAMS 0x000000070ed00000, 0x000000070ed00000| Untracked 
| 168|0x000000070ee00000, 0x000000070ee00000, 0x000000070ef00000|  0%| F|  |TAMS 0x000000070ee00000, 0x000000070ee00000| Untracked 
| 169|0x000000070ef00000, 0x000000070ef00000, 0x000000070f000000|  0%| F|  |TAMS 0x000000070ef00000, 0x000000070ef00000| Untracked 
| 170|0x000000070f000000, 0x000000070f000000, 0x000000070f100000|  0%| F|  |TAMS 0x000000070f000000, 0x000000070f000000| Untracked 
| 171|0x000000070f100000, 0x000000070f100000, 0x000000070f200000|  0%| F|  |TAMS 0x000000070f100000, 0x000000070f100000| Untracked 
| 172|0x000000070f200000, 0x000000070f200000, 0x000000070f300000|  0%| F|  |TAMS 0x000000070f200000, 0x000000070f200000| Untracked 
| 173|0x000000070f300000, 0x000000070f300000, 0x000000070f400000|  0%| F|  |TAMS 0x000000070f300000, 0x000000070f300000| Untracked 
| 174|0x000000070f400000, 0x000000070f400000, 0x000000070f500000|  0%| F|  |TAMS 0x000000070f400000, 0x000000070f400000| Untracked 
| 175|0x000000070f500000, 0x000000070f500000, 0x000000070f600000|  0%| F|  |TAMS 0x000000070f500000, 0x000000070f500000| Untracked 
| 176|0x000000070f600000, 0x000000070f600000, 0x000000070f700000|  0%| F|  |TAMS 0x000000070f600000, 0x000000070f600000| Untracked 
| 177|0x000000070f700000, 0x000000070f700000, 0x000000070f800000|  0%| F|  |TAMS 0x000000070f700000, 0x000000070f700000| Untracked 
| 178|0x000000070f800000, 0x000000070f800000, 0x000000070f900000|  0%| F|  |TAMS 0x000000070f800000, 0x000000070f800000| Untracked 
| 179|0x000000070f900000, 0x000000070f900000, 0x000000070fa00000|  0%| F|  |TAMS 0x000000070f900000, 0x000000070f900000| Untracked 
| 180|0x000000070fa00000, 0x000000070fa00000, 0x000000070fb00000|  0%| F|  |TAMS 0x000000070fa00000, 0x000000070fa00000| Untracked 
| 181|0x000000070fb00000, 0x000000070fb00000, 0x000000070fc00000|  0%| F|  |TAMS 0x000000070fb00000, 0x000000070fb00000| Untracked 
| 182|0x000000070fc00000, 0x000000070fc00000, 0x000000070fd00000|  0%| F|  |TAMS 0x000000070fc00000, 0x000000070fc00000| Untracked 
| 183|0x000000070fd00000, 0x000000070fd00000, 0x000000070fe00000|  0%| F|  |TAMS 0x000000070fd00000, 0x000000070fd00000| Untracked 
| 184|0x000000070fe00000, 0x000000070fe00000, 0x000000070ff00000|  0%| F|  |TAMS 0x000000070fe00000, 0x000000070fe00000| Untracked 
| 185|0x000000070ff00000, 0x000000070ff00000, 0x0000000710000000|  0%| F|  |TAMS 0x000000070ff00000, 0x000000070ff00000| Untracked 
| 186|0x0000000710000000, 0x0000000710000000, 0x0000000710100000|  0%| F|  |TAMS 0x0000000710000000, 0x0000000710000000| Untracked 
| 187|0x0000000710100000, 0x0000000710100000, 0x0000000710200000|  0%| F|  |TAMS 0x0000000710100000, 0x0000000710100000| Untracked 
| 188|0x0000000710200000, 0x0000000710200000, 0x0000000710300000|  0%| F|  |TAMS 0x0000000710200000, 0x0000000710200000| Untracked 
| 189|0x0000000710300000, 0x0000000710300000, 0x0000000710400000|  0%| F|  |TAMS 0x0000000710300000, 0x0000000710300000| Untracked 
| 190|0x0000000710400000, 0x0000000710400000, 0x0000000710500000|  0%| F|  |TAMS 0x0000000710400000, 0x0000000710400000| Untracked 
| 191|0x0000000710500000, 0x0000000710500000, 0x0000000710600000|  0%| F|  |TAMS 0x0000000710500000, 0x0000000710500000| Untracked 
| 192|0x0000000710600000, 0x0000000710600000, 0x0000000710700000|  0%| F|  |TAMS 0x0000000710600000, 0x0000000710600000| Untracked 
| 193|0x0000000710700000, 0x0000000710700000, 0x0000000710800000|  0%| F|  |TAMS 0x0000000710700000, 0x0000000710700000| Untracked 
| 194|0x0000000710800000, 0x0000000710800000, 0x0000000710900000|  0%| F|  |TAMS 0x0000000710800000, 0x0000000710800000| Untracked 
| 195|0x0000000710900000, 0x0000000710900000, 0x0000000710a00000|  0%| F|  |TAMS 0x0000000710900000, 0x0000000710900000| Untracked 
| 196|0x0000000710a00000, 0x0000000710a00000, 0x0000000710b00000|  0%| F|  |TAMS 0x0000000710a00000, 0x0000000710a00000| Untracked 
| 197|0x0000000710b00000, 0x0000000710b00000, 0x0000000710c00000|  0%| F|  |TAMS 0x0000000710b00000, 0x0000000710b00000| Untracked 
| 198|0x0000000710c00000, 0x0000000710c00000, 0x0000000710d00000|  0%| F|  |TAMS 0x0000000710c00000, 0x0000000710c00000| Untracked 
| 199|0x0000000710d00000, 0x0000000710d00000, 0x0000000710e00000|  0%| F|  |TAMS 0x0000000710d00000, 0x0000000710d00000| Untracked 
| 200|0x0000000710e00000, 0x0000000710e00000, 0x0000000710f00000|  0%| F|  |TAMS 0x0000000710e00000, 0x0000000710e00000| Untracked 
| 201|0x0000000710f00000, 0x0000000710f00000, 0x0000000711000000|  0%| F|  |TAMS 0x0000000710f00000, 0x0000000710f00000| Untracked 
| 202|0x0000000711000000, 0x0000000711000000, 0x0000000711100000|  0%| F|  |TAMS 0x0000000711000000, 0x0000000711000000| Untracked 
| 203|0x0000000711100000, 0x0000000711100000, 0x0000000711200000|  0%| F|  |TAMS 0x0000000711100000, 0x0000000711100000| Untracked 
| 204|0x0000000711200000, 0x0000000711200000, 0x0000000711300000|  0%| F|  |TAMS 0x0000000711200000, 0x0000000711200000| Untracked 
| 205|0x0000000711300000, 0x0000000711300000, 0x0000000711400000|  0%| F|  |TAMS 0x0000000711300000, 0x0000000711300000| Untracked 
| 206|0x0000000711400000, 0x0000000711400000, 0x0000000711500000|  0%| F|  |TAMS 0x0000000711400000, 0x0000000711400000| Untracked 
| 207|0x0000000711500000, 0x0000000711500000, 0x0000000711600000|  0%| F|  |TAMS 0x0000000711500000, 0x0000000711500000| Untracked 
| 208|0x0000000711600000, 0x0000000711600000, 0x0000000711700000|  0%| F|  |TAMS 0x0000000711600000, 0x0000000711600000| Untracked 
| 209|0x0000000711700000, 0x0000000711700000, 0x0000000711800000|  0%| F|  |TAMS 0x0000000711700000, 0x0000000711700000| Untracked 
| 210|0x0000000711800000, 0x0000000711800000, 0x0000000711900000|  0%| F|  |TAMS 0x0000000711800000, 0x0000000711800000| Untracked 
| 211|0x0000000711900000, 0x0000000711900000, 0x0000000711a00000|  0%| F|  |TAMS 0x0000000711900000, 0x0000000711900000| Untracked 
| 212|0x0000000711a00000, 0x0000000711a00000, 0x0000000711b00000|  0%| F|  |TAMS 0x0000000711a00000, 0x0000000711a00000| Untracked 
| 213|0x0000000711b00000, 0x0000000711b00000, 0x0000000711c00000|  0%| F|  |TAMS 0x0000000711b00000, 0x0000000711b00000| Untracked 
| 214|0x0000000711c00000, 0x0000000711c00000, 0x0000000711d00000|  0%| F|  |TAMS 0x0000000711c00000, 0x0000000711c00000| Untracked 
| 215|0x0000000711d00000, 0x0000000711d00000, 0x0000000711e00000|  0%| F|  |TAMS 0x0000000711d00000, 0x0000000711d00000| Untracked 
| 216|0x0000000711e00000, 0x0000000711e00000, 0x0000000711f00000|  0%| F|  |TAMS 0x0000000711e00000, 0x0000000711e00000| Untracked 
| 217|0x0000000711f00000, 0x0000000711f00000, 0x0000000712000000|  0%| F|  |TAMS 0x0000000711f00000, 0x0000000711f00000| Untracked 
| 218|0x0000000712000000, 0x0000000712000000, 0x0000000712100000|  0%| F|  |TAMS 0x0000000712000000, 0x0000000712000000| Untracked 
| 219|0x0000000712100000, 0x0000000712100000, 0x0000000712200000|  0%| F|  |TAMS 0x0000000712100000, 0x0000000712100000| Untracked 
| 220|0x0000000712200000, 0x0000000712200000, 0x0000000712300000|  0%| F|  |TAMS 0x0000000712200000, 0x0000000712200000| Untracked 
| 221|0x0000000712300000, 0x0000000712300000, 0x0000000712400000|  0%| F|  |TAMS 0x0000000712300000, 0x0000000712300000| Untracked 
| 222|0x0000000712400000, 0x0000000712400000, 0x0000000712500000|  0%| F|  |TAMS 0x0000000712400000, 0x0000000712400000| Untracked 
| 223|0x0000000712500000, 0x0000000712500000, 0x0000000712600000|  0%| F|  |TAMS 0x0000000712500000, 0x0000000712500000| Untracked 
| 224|0x0000000712600000, 0x0000000712600000, 0x0000000712700000|  0%| F|  |TAMS 0x0000000712600000, 0x0000000712600000| Untracked 
| 225|0x0000000712700000, 0x0000000712700000, 0x0000000712800000|  0%| F|  |TAMS 0x0000000712700000, 0x0000000712700000| Untracked 
| 226|0x0000000712800000, 0x0000000712800000, 0x0000000712900000|  0%| F|  |TAMS 0x0000000712800000, 0x0000000712800000| Untracked 
| 227|0x0000000712900000, 0x0000000712900000, 0x0000000712a00000|  0%| F|  |TAMS 0x0000000712900000, 0x0000000712900000| Untracked 
| 228|0x0000000712a00000, 0x0000000712a00000, 0x0000000712b00000|  0%| F|  |TAMS 0x0000000712a00000, 0x0000000712a00000| Untracked 
| 229|0x0000000712b00000, 0x0000000712b00000, 0x0000000712c00000|  0%| F|  |TAMS 0x0000000712b00000, 0x0000000712b00000| Untracked 
| 230|0x0000000712c00000, 0x0000000712c00000, 0x0000000712d00000|  0%| F|  |TAMS 0x0000000712c00000, 0x0000000712c00000| Untracked 
| 231|0x0000000712d00000, 0x0000000712d00000, 0x0000000712e00000|  0%| F|  |TAMS 0x0000000712d00000, 0x0000000712d00000| Untracked 
| 232|0x0000000712e00000, 0x0000000712e00000, 0x0000000712f00000|  0%| F|  |TAMS 0x0000000712e00000, 0x0000000712e00000| Untracked 
| 233|0x0000000712f00000, 0x0000000712f00000, 0x0000000713000000|  0%| F|  |TAMS 0x0000000712f00000, 0x0000000712f00000| Untracked 
| 234|0x0000000713000000, 0x0000000713000000, 0x0000000713100000|  0%| F|  |TAMS 0x0000000713000000, 0x0000000713000000| Untracked 
| 235|0x0000000713100000, 0x0000000713100000, 0x0000000713200000|  0%| F|  |TAMS 0x0000000713100000, 0x0000000713100000| Untracked 
| 236|0x0000000713200000, 0x0000000713200000, 0x0000000713300000|  0%| F|  |TAMS 0x0000000713200000, 0x0000000713200000| Untracked 
| 237|0x0000000713300000, 0x0000000713300000, 0x0000000713400000|  0%| F|  |TAMS 0x0000000713300000, 0x0000000713300000| Untracked 
| 238|0x0000000713400000, 0x0000000713400000, 0x0000000713500000|  0%| F|  |TAMS 0x0000000713400000, 0x0000000713400000| Untracked 
| 239|0x0000000713500000, 0x0000000713500000, 0x0000000713600000|  0%| F|  |TAMS 0x0000000713500000, 0x0000000713500000| Untracked 
| 240|0x0000000713600000, 0x0000000713600000, 0x0000000713700000|  0%| F|  |TAMS 0x0000000713600000, 0x0000000713600000| Untracked 
| 241|0x0000000713700000, 0x0000000713700000, 0x0000000713800000|  0%| F|  |TAMS 0x0000000713700000, 0x0000000713700000| Untracked 
| 242|0x0000000713800000, 0x0000000713800000, 0x0000000713900000|  0%| F|  |TAMS 0x0000000713800000, 0x0000000713800000| Untracked 
| 243|0x0000000713900000, 0x0000000713900000, 0x0000000713a00000|  0%| F|  |TAMS 0x0000000713900000, 0x0000000713900000| Untracked 
| 244|0x0000000713a00000, 0x0000000713a00000, 0x0000000713b00000|  0%| F|  |TAMS 0x0000000713a00000, 0x0000000713a00000| Untracked 
| 245|0x0000000713b00000, 0x0000000713b00000, 0x0000000713c00000|  0%| F|  |TAMS 0x0000000713b00000, 0x0000000713b00000| Untracked 
| 246|0x0000000713c00000, 0x0000000713c00000, 0x0000000713d00000|  0%| F|  |TAMS 0x0000000713c00000, 0x0000000713c00000| Untracked 
| 247|0x0000000713d00000, 0x0000000713d00000, 0x0000000713e00000|  0%| F|  |TAMS 0x0000000713d00000, 0x0000000713d00000| Untracked 
| 248|0x0000000713e00000, 0x0000000713e00000, 0x0000000713f00000|  0%| F|  |TAMS 0x0000000713e00000, 0x0000000713e00000| Untracked 
| 249|0x0000000713f00000, 0x0000000713f00000, 0x0000000714000000|  0%| F|  |TAMS 0x0000000713f00000, 0x0000000713f00000| Untracked 
| 250|0x0000000714000000, 0x0000000714000000, 0x0000000714100000|  0%| F|  |TAMS 0x0000000714000000, 0x0000000714000000| Untracked 
| 251|0x0000000714100000, 0x0000000714100000, 0x0000000714200000|  0%| F|  |TAMS 0x0000000714100000, 0x0000000714100000| Untracked 
| 252|0x0000000714200000, 0x0000000714200000, 0x0000000714300000|  0%| F|  |TAMS 0x0000000714200000, 0x0000000714200000| Untracked 
| 253|0x0000000714300000, 0x0000000714300000, 0x0000000714400000|  0%| F|  |TAMS 0x0000000714300000, 0x0000000714300000| Untracked 
| 254|0x0000000714400000, 0x0000000714400000, 0x0000000714500000|  0%| F|  |TAMS 0x0000000714400000, 0x0000000714400000| Untracked 
| 255|0x0000000714500000, 0x0000000714500000, 0x0000000714600000|  0%| F|  |TAMS 0x0000000714500000, 0x0000000714500000| Untracked 
| 256|0x0000000714600000, 0x0000000714600000, 0x0000000714700000|  0%| F|  |TAMS 0x0000000714600000, 0x0000000714600000| Untracked 
| 257|0x0000000714700000, 0x0000000714700000, 0x0000000714800000|  0%| F|  |TAMS 0x0000000714700000, 0x0000000714700000| Untracked 
| 258|0x0000000714800000, 0x0000000714800000, 0x0000000714900000|  0%| F|  |TAMS 0x0000000714800000, 0x0000000714800000| Untracked 
| 259|0x0000000714900000, 0x0000000714900000, 0x0000000714a00000|  0%| F|  |TAMS 0x0000000714900000, 0x0000000714900000| Untracked 
| 260|0x0000000714a00000, 0x0000000714a00000, 0x0000000714b00000|  0%| F|  |TAMS 0x0000000714a00000, 0x0000000714a00000| Untracked 
| 261|0x0000000714b00000, 0x0000000714b00000, 0x0000000714c00000|  0%| F|  |TAMS 0x0000000714b00000, 0x0000000714b00000| Untracked 
| 262|0x0000000714c00000, 0x0000000714c00000, 0x0000000714d00000|  0%| F|  |TAMS 0x0000000714c00000, 0x0000000714c00000| Untracked 
| 263|0x0000000714d00000, 0x0000000714d00000, 0x0000000714e00000|  0%| F|  |TAMS 0x0000000714d00000, 0x0000000714d00000| Untracked 
| 264|0x0000000714e00000, 0x0000000714e00000, 0x0000000714f00000|  0%| F|  |TAMS 0x0000000714e00000, 0x0000000714e00000| Untracked 
| 265|0x0000000714f00000, 0x0000000714f00000, 0x0000000715000000|  0%| F|  |TAMS 0x0000000714f00000, 0x0000000714f00000| Untracked 
| 266|0x0000000715000000, 0x0000000715000000, 0x0000000715100000|  0%| F|  |TAMS 0x0000000715000000, 0x0000000715000000| Untracked 
| 267|0x0000000715100000, 0x0000000715100000, 0x0000000715200000|  0%| F|  |TAMS 0x0000000715100000, 0x0000000715100000| Untracked 
| 268|0x0000000715200000, 0x0000000715200000, 0x0000000715300000|  0%| F|  |TAMS 0x0000000715200000, 0x0000000715200000| Untracked 
| 269|0x0000000715300000, 0x0000000715300000, 0x0000000715400000|  0%| F|  |TAMS 0x0000000715300000, 0x0000000715300000| Untracked 
| 270|0x0000000715400000, 0x0000000715443970, 0x0000000715500000| 26%| E|  |TAMS 0x0000000715400000, 0x0000000715400000| Complete 
| 271|0x0000000715500000, 0x0000000715600000, 0x0000000715600000|100%| E|CS|TAMS 0x0000000715500000, 0x0000000715500000| Complete 
| 272|0x0000000715600000, 0x0000000715700000, 0x0000000715700000|100%| E|CS|TAMS 0x0000000715600000, 0x0000000715600000| Complete 
| 273|0x0000000715700000, 0x0000000715800000, 0x0000000715800000|100%| E|CS|TAMS 0x0000000715700000, 0x0000000715700000| Complete 
| 274|0x0000000715800000, 0x0000000715900000, 0x0000000715900000|100%| E|CS|TAMS 0x0000000715800000, 0x0000000715800000| Complete 
| 275|0x0000000715900000, 0x0000000715a00000, 0x0000000715a00000|100%| E|CS|TAMS 0x0000000715900000, 0x0000000715900000| Complete 
| 276|0x0000000715a00000, 0x0000000715b00000, 0x0000000715b00000|100%| E|CS|TAMS 0x0000000715a00000, 0x0000000715a00000| Complete 
| 277|0x0000000715b00000, 0x0000000715c00000, 0x0000000715c00000|100%| E|CS|TAMS 0x0000000715b00000, 0x0000000715b00000| Complete 
| 278|0x0000000715c00000, 0x0000000715d00000, 0x0000000715d00000|100%| E|CS|TAMS 0x0000000715c00000, 0x0000000715c00000| Complete 
| 279|0x0000000715d00000, 0x0000000715e00000, 0x0000000715e00000|100%| E|CS|TAMS 0x0000000715d00000, 0x0000000715d00000| Complete 
| 280|0x0000000715e00000, 0x0000000715f00000, 0x0000000715f00000|100%| E|CS|TAMS 0x0000000715e00000, 0x0000000715e00000| Complete 
| 281|0x0000000715f00000, 0x0000000716000000, 0x0000000716000000|100%| E|CS|TAMS 0x0000000715f00000, 0x0000000715f00000| Complete 
| 282|0x0000000716000000, 0x0000000716100000, 0x0000000716100000|100%| E|CS|TAMS 0x0000000716000000, 0x0000000716000000| Complete 
| 283|0x0000000716100000, 0x0000000716200000, 0x0000000716200000|100%| E|CS|TAMS 0x0000000716100000, 0x0000000716100000| Complete 
| 284|0x0000000716200000, 0x0000000716300000, 0x0000000716300000|100%| E|CS|TAMS 0x0000000716200000, 0x0000000716200000| Complete 
| 285|0x0000000716300000, 0x0000000716400000, 0x0000000716400000|100%| E|CS|TAMS 0x0000000716300000, 0x0000000716300000| Complete 
| 286|0x0000000716400000, 0x0000000716500000, 0x0000000716500000|100%| E|CS|TAMS 0x0000000716400000, 0x0000000716400000| Complete 
| 287|0x0000000716500000, 0x0000000716600000, 0x0000000716600000|100%| E|CS|TAMS 0x0000000716500000, 0x0000000716500000| Complete 
| 288|0x0000000716600000, 0x0000000716700000, 0x0000000716700000|100%| E|CS|TAMS 0x0000000716600000, 0x0000000716600000| Complete 
| 289|0x0000000716700000, 0x0000000716800000, 0x0000000716800000|100%| E|CS|TAMS 0x0000000716700000, 0x0000000716700000| Complete 
| 290|0x0000000716800000, 0x0000000716900000, 0x0000000716900000|100%| E|CS|TAMS 0x0000000716800000, 0x0000000716800000| Complete 
| 291|0x0000000716900000, 0x0000000716a00000, 0x0000000716a00000|100%| E|CS|TAMS 0x0000000716900000, 0x0000000716900000| Complete 
| 292|0x0000000716a00000, 0x0000000716b00000, 0x0000000716b00000|100%| E|CS|TAMS 0x0000000716a00000, 0x0000000716a00000| Complete 
| 293|0x0000000716b00000, 0x0000000716c00000, 0x0000000716c00000|100%| E|CS|TAMS 0x0000000716b00000, 0x0000000716b00000| Complete 
| 294|0x0000000716c00000, 0x0000000716d00000, 0x0000000716d00000|100%| E|CS|TAMS 0x0000000716c00000, 0x0000000716c00000| Complete 
| 295|0x0000000716d00000, 0x0000000716e00000, 0x0000000716e00000|100%| E|CS|TAMS 0x0000000716d00000, 0x0000000716d00000| Complete 
| 296|0x0000000716e00000, 0x0000000716f00000, 0x0000000716f00000|100%| E|CS|TAMS 0x0000000716e00000, 0x0000000716e00000| Complete 
| 297|0x0000000716f00000, 0x0000000717000000, 0x0000000717000000|100%| E|CS|TAMS 0x0000000716f00000, 0x0000000716f00000| Complete 
| 298|0x0000000717000000, 0x0000000717100000, 0x0000000717100000|100%| E|CS|TAMS 0x0000000717000000, 0x0000000717000000| Complete 
| 299|0x0000000717100000, 0x0000000717200000, 0x0000000717200000|100%| E|CS|TAMS 0x0000000717100000, 0x0000000717100000| Complete 
| 300|0x0000000717200000, 0x0000000717300000, 0x0000000717300000|100%| E|CS|TAMS 0x0000000717200000, 0x0000000717200000| Complete 
| 301|0x0000000717300000, 0x0000000717400000, 0x0000000717400000|100%| E|CS|TAMS 0x0000000717300000, 0x0000000717300000| Complete 
| 302|0x0000000717400000, 0x0000000717500000, 0x0000000717500000|100%| E|CS|TAMS 0x0000000717400000, 0x0000000717400000| Complete 

Card table byte_map: [0x000001ac256f0000,0x000001ac25ed0000] _byte_map_base: 0x000001ac21ecd000

Marking Bits (Prev, Next): (CMBitMap*) 0x000001ac0e32f938, (CMBitMap*) 0x000001ac0e32f970
 Prev Bits: [0x000001ac266b0000, 0x000001ac2a598000)
 Next Bits: [0x000001ac2a5a0000, 0x000001ac2e488000)

Polling page: 0x000001ac0da90000

Metaspace:

Usage:
  Non-class:     50.24 MB capacity,    49.45 MB ( 98%) used,   643.09 KB (  1%) free+waste,   169.81 KB ( <1%) overhead. 
      Class:      7.31 MB capacity,     6.76 MB ( 92%) used,   484.48 KB (  6%) free+waste,    82.69 KB (  1%) overhead. 
       Both:     57.56 MB capacity,    56.21 MB ( 98%) used,     1.10 MB (  2%) free+waste,   252.50 KB ( <1%) overhead. 

Virtual space:
  Non-class space:       52.00 MB reserved,      50.25 MB ( 97%) committed 
      Class space:        1.00 GB reserved,       7.38 MB ( <1%) committed 
             Both:        1.05 GB reserved,      57.62 MB (  5%) committed 

Chunk freelists:
   Non-Class:  896 bytes
       Class:  0 bytes
        Both:  896 bytes

CodeHeap 'non-profiled nmethods': size=120000Kb used=3129Kb max_used=3129Kb free=116870Kb
 bounds [0x000001ac1d480000, 0x000001ac1d790000, 0x000001ac249b0000]
CodeHeap 'profiled nmethods': size=120000Kb used=11231Kb max_used=11231Kb free=108768Kb
 bounds [0x000001ac15f50000, 0x000001ac16a50000, 0x000001ac1d480000]
CodeHeap 'non-nmethods': size=5760Kb used=1229Kb max_used=1269Kb free=4530Kb
 bounds [0x000001ac159b0000, 0x000001ac15c20000, 0x000001ac15f50000]
 total_blobs=5531 nmethods=4938 adapters=504
 compilation: enabled
              stopped_count=0, restarted_count=0
 full_count=0

Compilation events (10 events):
Event: 9.186 Thread 0x000001ac31b73800 nmethod 4853 0x000001ac169fc610 code [0x000001ac169fc7e0, 0x000001ac169fcd08]
Event: 9.186 Thread 0x000001ac31b73800 4855       3       sun.security.util.DisabledAlgorithmConstraints$Constraints::permits (89 bytes)
Event: 9.187 Thread 0x000001ac31b73800 nmethod 4855 0x000001ac169fcf10 code [0x000001ac169fd160, 0x000001ac169fdc88]
Event: 9.187 Thread 0x000001ac31b73800 4854       3       jdk.internal.misc.Unsafe::getIntUnaligned (12 bytes)
Event: 9.187 Thread 0x000001ac31b73800 nmethod 4854 0x000001ac169fdf90 code [0x000001ac169fe140, 0x000001ac169fe378]
Event: 9.187 Thread 0x000001ac31b73800 4857       2       java.util.ArrayList::toArray (57 bytes)
Event: 9.187 Thread 0x000001ac31b73800 nmethod 4857 0x000001ac169fe490 code [0x000001ac169fe640, 0x000001ac169fe9b8]
Event: 9.187 Thread 0x000001ac31b73800 4856       1       java.net.AbstractPlainSocketImpl::isConnectionReset (5 bytes)
Event: 9.187 Thread 0x000001ac31b73800 nmethod 4856 0x000001ac1d78ac10 code [0x000001ac1d78ada0, 0x000001ac1d78ae58]
Event: 9.188 Thread 0x000001ac31b73800 4858   !   3       java.security.Security::getSpiClass (72 bytes)

GC Heap History (10 events):
Event: 0.437 GC heap before
{Heap before GC invocations=0 (full 0):
 garbage-first heap   total 258048K, used 23552K [0x0000000704600000, 0x0000000800000000)
  region size 1024K, 24 young (24576K), 0 survivors (0K)
 Metaspace       used 13104K, capacity 13355K, committed 13440K, reserved 1060864K
  class space    used 1330K, capacity 1408K, committed 1408K, reserved 1048576K
}
Event: 0.439 GC heap after
{Heap after GC invocations=1 (full 0):
 garbage-first heap   total 258048K, used 5061K [0x0000000704600000, 0x0000000800000000)
  region size 1024K, 3 young (3072K), 3 survivors (3072K)
 Metaspace       used 13104K, capacity 13355K, committed 13440K, reserved 1060864K
  class space    used 1330K, capacity 1408K, committed 1408K, reserved 1048576K
}
Event: 0.776 GC heap before
{Heap before GC invocations=1 (full 0):
 garbage-first heap   total 258048K, used 40901K [0x0000000704600000, 0x0000000800000000)
  region size 1024K, 39 young (39936K), 3 survivors (3072K)
 Metaspace       used 20667K, capacity 21105K, committed 21248K, reserved 1069056K
  class space    used 2309K, capacity 2479K, committed 2560K, reserved 1048576K
}
Event: 0.779 GC heap after
{Heap after GC invocations=2 (full 0):
 garbage-first heap   total 258048K, used 6833K [0x0000000704600000, 0x0000000800000000)
  region size 1024K, 5 young (5120K), 5 survivors (5120K)
 Metaspace       used 20667K, capacity 21105K, committed 21248K, reserved 1069056K
  class space    used 2309K, capacity 2479K, committed 2560K, reserved 1048576K
}
Event: 0.999 GC heap before
{Heap before GC invocations=3 (full 0):
 garbage-first heap   total 258048K, used 50865K [0x0000000704600000, 0x0000000800000000)
  region size 1024K, 49 young (50176K), 5 survivors (5120K)
 Metaspace       used 27531K, capacity 28112K, committed 28288K, reserved 1075200K
  class space    used 3199K, capacity 3404K, committed 3456K, reserved 1048576K
}
Event: 1.002 GC heap after
{Heap after GC invocations=4 (full 0):
 garbage-first heap   total 258048K, used 9078K [0x0000000704600000, 0x0000000800000000)
  region size 1024K, 4 young (4096K), 4 survivors (4096K)
 Metaspace       used 27531K, capacity 28112K, committed 28288K, reserved 1075200K
  class space    used 3199K, capacity 3404K, committed 3456K, reserved 1048576K
}
Event: 1.575 GC heap before
{Heap before GC invocations=4 (full 0):
 garbage-first heap   total 258048K, used 74614K [0x0000000704600000, 0x0000000800000000)
  region size 1024K, 69 young (70656K), 4 survivors (4096K)
 Metaspace       used 34960K, capacity 35811K, committed 35840K, reserved 1081344K
  class space    used 4145K, capacity 4451K, committed 4480K, reserved 1048576K
}
Event: 1.579 GC heap after
{Heap after GC invocations=5 (full 0):
 garbage-first heap   total 258048K, used 12154K [0x0000000704600000, 0x0000000800000000)
  region size 1024K, 7 young (7168K), 7 survivors (7168K)
 Metaspace       used 34960K, capacity 35811K, committed 35840K, reserved 1081344K
  class space    used 4145K, capacity 4451K, committed 4480K, reserved 1048576K
}
Event: 8.779 GC heap before
{Heap before GC invocations=6 (full 0):
 garbage-first heap   total 258048K, used 106362K [0x0000000704600000, 0x0000000800000000)
  region size 1024K, 99 young (101376K), 7 survivors (7168K)
 Metaspace       used 47872K, capacity 49160K, committed 49408K, reserved 1091584K
  class space    used 5798K, capacity 6310K, committed 6400K, reserved 1048576K
}
Event: 8.786 GC heap after
{Heap after GC invocations=7 (full 0):
 garbage-first heap   total 310272K, used 18590K [0x0000000704600000, 0x0000000800000000)
  region size 1024K, 12 young (12288K), 12 survivors (12288K)
 Metaspace       used 47872K, capacity 49160K, committed 49408K, reserved 1091584K
  class space    used 5798K, capacity 6310K, committed 6400K, reserved 1048576K
}

Deoptimization events (10 events):
Event: 8.991 Thread 0x000001ac36708800 Uncommon trap: reason=bimorphic_or_optimized_type_check action=maybe_recompile pc=0x000001ac1d74b674 method=java.util.regex.Pattern$SliceI.match(Ljava/util/regex/Matcher;ILjava/lang/CharSequence;)Z @ 92 c2
Event: 8.991 Thread 0x000001ac36708800 Uncommon trap: reason=bimorphic_or_optimized_type_check action=maybe_recompile pc=0x000001ac1d74b674 method=java.util.regex.Pattern$SliceI.match(Ljava/util/regex/Matcher;ILjava/lang/CharSequence;)Z @ 92 c2
Event: 9.036 Thread 0x000001ac36708800 Uncommon trap: reason=unstable_if action=reinterpret pc=0x000001ac1d4fa080 method=java.lang.CharacterDataLatin1.isWhitespace(I)Z @ 14 c2
Event: 9.061 Thread 0x000001ac36708800 Uncommon trap: reason=unstable_if action=reinterpret pc=0x000001ac1d4f2204 method=java.lang.AbstractStringBuilder.append(Ljava/lang/String;)Ljava/lang/AbstractStringBuilder; @ 1 c2
Event: 9.061 Thread 0x000001ac36708800 Uncommon trap: reason=unstable_if action=reinterpret pc=0x000001ac1d4b5eec method=java.lang.AbstractStringBuilder.append(Ljava/lang/String;)Ljava/lang/AbstractStringBuilder; @ 1 c2
Event: 9.065 Thread 0x000001ac36708800 Uncommon trap: reason=unstable_if action=reinterpret pc=0x000001ac1d74a0f0 method=java.lang.String.equals(Ljava/lang/Object;)Z @ 27 c2
Event: 9.144 Thread 0x000001ac36708800 Uncommon trap: reason=unstable_if action=reinterpret pc=0x000001ac1d782b94 method=org.thymeleaf.engine.AttributeName.equals(Ljava/lang/Object;)Z @ 2 c2
Event: 9.144 Thread 0x000001ac36708800 Uncommon trap: reason=unstable_if action=reinterpret pc=0x000001ac1d7826b8 method=org.thymeleaf.engine.AttributeName.equals(Ljava/lang/Object;)Z @ 2 c2
Event: 9.148 Thread 0x000001ac39338800 Uncommon trap: reason=loop_limit_check action=maybe_recompile pc=0x000001ac1d75d224 method=java.math.BigInteger.implMulAdd([I[IIII)I @ 26 c2
Event: 9.160 Thread 0x000001ac36708800 Uncommon trap: reason=loop_limit_check action=maybe_recompile pc=0x000001ac1d76ee60 method=java.util.regex.Pattern$Start.match(Ljava/util/regex/Matcher;ILjava/lang/CharSequence;)Z @ 34 c2

Classes redefined (0 events):
No events

Internal exceptions (10 events):
Event: 2.322 Thread 0x000001ac32560000 Exception <a 'java/lang/IncompatibleClassChangeError'{0x000000071002a960}: Found class java.lang.Object, but interface was expected> (0x000000071002a960) thrown at [./open/src/hotspot/share/interpreter/linkResolver.cpp, line 838]
Event: 2.346 Thread 0x000001ac32560000 Exception <a 'java/lang/NoSuchMethodError'{0x000000070ffbfb10}: java.lang.invoke.DirectMethodHandle$Holder.invokeStaticInit(Ljava/lang/Object;Ljava/lang/Object;Ljava/lang/Object;Ljava/lang/Object;)I> (0x000000070ffbfb10) thrown at [./open/src/hotspot/shar
Event: 2.461 Thread 0x000001ac32560000 Exception <a 'java/lang/NoSuchMethodError'{0x000000070ef9b4d8}: java.lang.invoke.DirectMethodHandle$Holder.invokeSpecial(Ljava/lang/Object;Ljava/lang/Object;ILjava/lang/Object;ILjava/lang/Object;)Ljava/lang/Object;> (0x000000070ef9b4d8) thrown at [./open/
Event: 2.461 Thread 0x000001ac32560000 Exception <a 'java/lang/NoSuchMethodError'{0x000000070efa2c60}: java.lang.invoke.DirectMethodHandle$Holder.invokeStatic(Ljava/lang/Object;Ljava/lang/Object;ILjava/lang/Object;I)Ljava/lang/Object;> (0x000000070efa2c60) thrown at [./open/src/hotspot/share/i
Event: 2.462 Thread 0x000001ac32560000 Exception <a 'java/lang/NoSuchMethodError'{0x000000070efa6438}: java.lang.invoke.DirectMethodHandle$Holder.invokeSpecial(Ljava/lang/Object;Ljava/lang/Object;Ljava/lang/Object;ILjava/lang/Object;I)Ljava/lang/Object;> (0x000000070efa6438) thrown at [./open/
Event: 2.463 Thread 0x000001ac32560000 Exception <a 'java/lang/NoSuchMethodError'{0x000000070efb2d60}: java.lang.invoke.DirectMethodHandle$Holder.invokeVirtual(Ljava/lang/Object;Ljava/lang/Object;)V> (0x000000070efb2d60) thrown at [./open/src/hotspot/share/interpreter/linkResolver.cpp, line 77
Event: 8.918 Thread 0x000001ac36708800 Exception <a 'sun/nio/fs/WindowsException'{0x0000000716a96508}> (0x0000000716a96508) thrown at [./open/src/hotspot/share/prims/jni.cpp, line 611]
Event: 9.061 Thread 0x000001ac36708800 Implicit null exception at 0x000001ac1d4f1bf4 to 0x000001ac1d4f21ec
Event: 9.061 Thread 0x000001ac36708800 Implicit null exception at 0x000001ac1d4b58f4 to 0x000001ac1d4b5ed4
Event: 9.071 Thread 0x000001ac36708800 Exception <a 'java/lang/NoSuchMethodError'{0x000000071646a2d8}: java.lang.invoke.DirectMethodHandle$Holder.invokeStaticInit(Ljava/lang/Object;Ljava/lang/Object;Ljava/lang/Object;Ljava/lang/Object;)Ljava/lang/Object;> (0x000000071646a2d8) thrown at [./open

Events (10 events):
Event: 9.185 loading class org/thymeleaf/standard/inline/OutputExpressionInlinePreProcessorHandler
Event: 9.185 loading class org/thymeleaf/standard/inline/OutputExpressionInlinePreProcessorHandler done
Event: 9.186 loading class org/thymeleaf/templateparser/markup/InlinedOutputExpressionMarkupHandler$InlineMarkupAdapterPreProcessorHandler
Event: 9.186 loading class org/thymeleaf/templateparser/markup/InlinedOutputExpressionMarkupHandler$InlineMarkupAdapterPreProcessorHandler done
Event: 9.187 loading class org/thymeleaf/templateparser/reader/BlockAwareReader$BlockAction
Event: 9.187 loading class org/thymeleaf/templateparser/reader/BlockAwareReader$BlockAction done
Event: 9.187 loading class org/attoparser/HtmlMarkupHandler
Event: 9.187 loading class org/attoparser/HtmlMarkupHandler done
Event: 9.188 loading class org/attoparser/MarkupEventProcessorHandler
Event: 9.188 loading class org/attoparser/MarkupEventProcessorHandler done


Dynamic libraries:
0x00007ff7a1c20000 - 0x00007ff7a1c30000 	C:\Program Files\Java\jdk-11\bin\java.exe
0x00007ff855470000 - 0x00007ff855687000 	C:\windows\SYSTEM32\ntdll.dll
0x00007ff854250000 - 0x00007ff854314000 	C:\windows\System32\KERNEL32.DLL
0x00007ff8527d0000 - 0x00007ff852b7d000 	C:\windows\System32\KERNELBASE.dll
0x00007ff852f20000 - 0x00007ff853031000 	C:\windows\System32\ucrtbase.dll
0x00007ff84f570000 - 0x00007ff84f589000 	C:\Program Files\Java\jdk-11\bin\jli.dll
0x00007ff854e10000 - 0x00007ff854ec2000 	C:\windows\System32\ADVAPI32.dll
0x00007ff84eca0000 - 0x00007ff84ecbb000 	C:\Program Files\Java\jdk-11\bin\VCRUNTIME140.dll
0x00007ff853fb0000 - 0x00007ff854057000 	C:\windows\System32\msvcrt.dll
0x00007ff853230000 - 0x00007ff8532d9000 	C:\windows\System32\sechost.dll
0x00007ff852e00000 - 0x00007ff852e28000 	C:\windows\System32\bcrypt.dll
0x00007ff853920000 - 0x00007ff853a34000 	C:\windows\System32\RPCRT4.dll
0x00007ff853af0000 - 0x00007ff853c9e000 	C:\windows\System32\USER32.dll
0x00007ff8527a0000 - 0x00007ff8527c6000 	C:\windows\System32\win32u.dll
0x00007ff8538f0000 - 0x00007ff853919000 	C:\windows\System32\GDI32.dll
0x00007ff852ce0000 - 0x00007ff852df9000 	C:\windows\System32\gdi32full.dll
0x00007ff8371d0000 - 0x00007ff837463000 	C:\windows\WinSxS\amd64_microsoft.windows.common-controls_6595b64144ccf1df_6.0.22621.3672_none_2713b9d173822955\COMCTL32.dll
0x00007ff852c40000 - 0x00007ff852cda000 	C:\windows\System32\msvcp_win.dll
0x00007ff8418e0000 - 0x00007ff8418ea000 	C:\windows\SYSTEM32\VERSION.dll
0x00007ff853ca0000 - 0x00007ff853cd1000 	C:\windows\System32\IMM32.DLL
0x00007ff84f9b0000 - 0x00007ff84f9bc000 	C:\Program Files\Java\jdk-11\bin\vcruntime140_1.dll
0x00007ff847390000 - 0x00007ff84741e000 	C:\Program Files\Java\jdk-11\bin\msvcp140.dll
0x00007ff814830000 - 0x00007ff81538e000 	C:\Program Files\Java\jdk-11\bin\server\jvm.dll
0x00007ff855030000 - 0x00007ff855038000 	C:\windows\System32\PSAPI.DLL
0x00007ff8403d0000 - 0x00007ff840404000 	C:\windows\SYSTEM32\WINMM.dll
0x00007ff8476d0000 - 0x00007ff8476d9000 	C:\windows\SYSTEM32\WSOCK32.dll
0x00007ff853870000 - 0x00007ff8538e1000 	C:\windows\System32\WS2_32.dll
0x00007ff851800000 - 0x00007ff851818000 	C:\windows\SYSTEM32\kernel.appcore.dll
0x00007ff84f990000 - 0x00007ff84f9a0000 	C:\Program Files\Java\jdk-11\bin\verify.dll
0x00007ff83ea80000 - 0x00007ff83ecb2000 	C:\windows\SYSTEM32\DBGHELP.DLL
0x00007ff8550a0000 - 0x00007ff855428000 	C:\windows\System32\combase.dll
0x00007ff854160000 - 0x00007ff854237000 	C:\windows\System32\OLEAUT32.dll
0x00007ff83d7f0000 - 0x00007ff83d822000 	C:\windows\SYSTEM32\dbgcore.DLL
0x00007ff852e30000 - 0x00007ff852eab000 	C:\windows\System32\bcryptPrimitives.dll
0x00007ff847cc0000 - 0x00007ff847ce8000 	C:\Program Files\Java\jdk-11\bin\java.dll
0x00007ff84f970000 - 0x00007ff84f97a000 	C:\Program Files\Java\jdk-11\bin\jimage.dll
0x00007ff84d960000 - 0x00007ff84d96e000 	C:\Program Files\Java\jdk-11\bin\instrument.dll
0x00007ff84ec80000 - 0x00007ff84ec97000 	C:\Program Files\Java\jdk-11\bin\zip.dll
0x00007ff854320000 - 0x00007ff854b7f000 	C:\windows\System32\SHELL32.dll
0x00007ff8506a0000 - 0x00007ff850f9c000 	C:\windows\SYSTEM32\windows.storage.dll
0x00007ff850560000 - 0x00007ff85069f000 	C:\windows\SYSTEM32\wintypes.dll
0x00007ff853ce0000 - 0x00007ff853dd4000 	C:\windows\System32\SHCORE.dll
0x00007ff855040000 - 0x00007ff85509e000 	C:\windows\System32\shlwapi.dll
0x00007ff8526d0000 - 0x00007ff8526f1000 	C:\windows\SYSTEM32\profapi.dll
0x00007ff84be70000 - 0x00007ff84be89000 	C:\Program Files\Java\jdk-11\bin\net.dll
0x00007ff84d500000 - 0x00007ff84d636000 	C:\windows\SYSTEM32\WINHTTP.dll
0x00007ff851ce0000 - 0x00007ff851d49000 	C:\windows\system32\mswsock.dll
0x00007ff847450000 - 0x00007ff847462000 	C:\Program Files\Java\jdk-11\bin\nio.dll
0x00007ff847150000 - 0x00007ff84716a000 	C:\Users\user\Desktop\course\intelij\ideaIC-2024.1.4.win\bin\breakgen64.dll
0x00007ff84f560000 - 0x00007ff84f569000 	C:\Program Files\Java\jdk-11\bin\management.dll
0x00007ff84f530000 - 0x00007ff84f53b000 	C:\Program Files\Java\jdk-11\bin\management_ext.dll
0x00007ff842dd0000 - 0x00007ff842de7000 	C:\windows\system32\napinsp.dll
0x00007ff842db0000 - 0x00007ff842dcb000 	C:\windows\system32\pnrpnsp.dll
0x00007ff851270000 - 0x00007ff851368000 	C:\windows\SYSTEM32\DNSAPI.dll
0x00007ff851240000 - 0x00007ff85126d000 	C:\windows\SYSTEM32\IPHLPAPI.DLL
0x00007ff854240000 - 0x00007ff854249000 	C:\windows\System32\NSI.dll
0x00007ff842d70000 - 0x00007ff842d81000 	C:\windows\System32\winrnr.dll
0x00007ff842c00000 - 0x00007ff842c15000 	C:\windows\system32\wshbth.dll
0x00007ff842bd0000 - 0x00007ff842bf7000 	C:\windows\system32\nlansp_c.dll
0x00007ff8426b0000 - 0x00007ff8426ba000 	C:\Windows\System32\rasadhlp.dll
0x00007ff84c7b0000 - 0x00007ff84c833000 	C:\windows\System32\fwpuclnt.dll
0x00007ff852030000 - 0x00007ff85204b000 	C:\windows\SYSTEM32\CRYPTSP.dll
0x00007ff851760000 - 0x00007ff851795000 	C:\windows\system32\rsaenh.dll
0x00007ff851d80000 - 0x00007ff851da8000 	C:\windows\SYSTEM32\USERENV.dll
0x00007ff852010000 - 0x00007ff85201c000 	C:\windows\SYSTEM32\CRYPTBASE.dll
0x00007ff84d710000 - 0x00007ff84d729000 	C:\windows\SYSTEM32\dhcpcsvc6.DLL
0x00007ff84d230000 - 0x00007ff84d24f000 	C:\windows\SYSTEM32\dhcpcsvc.DLL
0x00007ff847440000 - 0x00007ff84744e000 	C:\Program Files\Java\jdk-11\bin\sunmscapi.dll
0x00007ff853040000 - 0x00007ff8531a7000 	C:\windows\System32\CRYPT32.dll
0x00007ff852150000 - 0x00007ff85217e000 	C:\windows\SYSTEM32\ncrypt.dll
0x00007ff852110000 - 0x00007ff852147000 	C:\windows\SYSTEM32\NTASN1.dll
0x00007ff8451d0000 - 0x00007ff8451f7000 	C:\Program Files\Java\jdk-11\bin\sunec.dll

dbghelp: loaded successfully - version: 4.0.5 - missing functions: none
symbol engine: initialized successfully - sym options: 0x614 - pdb path: .;C:\Program Files\Java\jdk-11\bin;C:\windows\SYSTEM32;C:\windows\WinSxS\amd64_microsoft.windows.common-controls_6595b64144ccf1df_6.0.22621.3672_none_2713b9d173822955;C:\Program Files\Java\jdk-11\bin\server;C:\Users\user\Desktop\course\intelij\ideaIC-2024.1.4.win\bin

VM Arguments:
jvm_args: -javaagent:C:\Users\user\Desktop\course\intelij\ideaIC-2024.1.4.win\lib\idea_rt.jar=58692:C:\Users\user\Desktop\course\intelij\ideaIC-2024.1.4.win\bin -Dfile.encoding=UTF-8 
java_command: com.coding404.myweb.BootMyWebApplication
java_class_path (initial): C:\Users\user\Desktop\course\spring\Spring\BootMyWeb\BootMyWeb\out\production\classes;C:\Users\user\Desktop\course\spring\Spring\BootMyWeb\BootMyWeb\out\production\resources;C:\Users\user\.gradle\caches\modules-2\files-2.1\org.springframework.boot\spring-boot-starter-thymeleaf\2.7.18\c87a27e30720c43372ceb0476b5b00c6f5296df3\spring-boot-starter-thymeleaf-2.7.18.jar;C:\Users\user\.gradle\caches\modules-2\files-2.1\org.springframework.boot\spring-boot-starter-web\2.7.18\dd62ea85098187b4604e78dc15a7ff87dba173d\spring-boot-starter-web-2.7.18.jar;C:\Users\user\.gradle\caches\modules-2\files-2.1\org.springframework.boot\spring-boot-starter-validation\2.7.18\5c37e1806f7b09b2c0efc7317fbe16be65ced66e\spring-boot-starter-validation-2.7.18.jar;C:\Users\user\.gradle\caches\modules-2\files-2.1\org.mybatis.spring.boot\mybatis-spring-boot-starter\2.2.0\1543d9566e2acaa7230cd8996237a291603ac21f\mybatis-spring-boot-starter-2.2.0.jar;C:\Users\user\.gradle\caches\modules-2\files-2.1\com.mysql\mysql-connector-j\8.0.33\9e64d997873abc4318620264703d3fdb6b02dd5a\mysql-connector-j-8.0.33.jar;C:\Users\user\.gradle\caches\modules-2\files-2.1\org.bgee.log4jdbc-log4j2\log4jdbc-log4j2-jdbc4.1\1.16\ce7cd831b2e3e5d428e659a6fdae0fb6b89f3cc7\log4jdbc-log4j2-jdbc4.1-1.16.jar;C:\Users\user\.gradle\caches\modules-2\files-2.1\org.springframework.boot\spring-boot-starter\2.7.18\e56b75105f9ace6df154fd47eeeeadc2f5791e56\spring-boot-starter-2.7.18.jar;C:\Users\user\.gradle\caches\modules-2\files-2.1\org.thymeleaf\thymeleaf-spring5\3.0.15.RELEASE\7170e1bcd1588d38c139f7048ebcc262676441c3\thymeleaf-spring5-3.0.15.RELEASE.jar;C:\Users\user\.gradle\caches\modules-2\files-2.1\org.thymeleaf.extras\thymeleaf-extras-java8time\3.0.4.RELEASE\36e7175ddce36c486fff4578b5af7bb32f54f5df\thymeleaf-extras-java8time-3.0.4.RELEASE.jar;C:\Users\user\.gradle\caches\modules-2\files-2.1\org.springframework.boot\spring-boot-starter-json\2.7.18\b6d9ed5cae0c1929a9e561bf4799a3dc93a10db1\spring-boot-starter-j
Launcher Type: SUN_STANDARD

[Global flags]
     intx CICompilerCount                          = 4                                         {product} {ergonomic}
     uint ConcGCThreads                            = 3                                         {product} {ergonomic}
     uint G1ConcRefinementThreads                  = 10                                        {product} {ergonomic}
   size_t G1HeapRegionSize                         = 1048576                                   {product} {ergonomic}
    uintx GCDrainStackTargetSize                   = 64                                        {product} {ergonomic}
   size_t InitialHeapSize                          = 264241152                                 {product} {ergonomic}
   size_t MarkStackSize                            = 4194304                                   {product} {ergonomic}
   size_t MaxHeapSize                              = 4221566976                                {product} {ergonomic}
   size_t MaxNewSize                               = 2532311040                                {product} {ergonomic}
   size_t MinHeapDeltaBytes                        = 1048576                                   {product} {ergonomic}
    uintx NonNMethodCodeHeapSize                   = 5836300                                {pd product} {ergonomic}
    uintx NonProfiledCodeHeapSize                  = 122910970                              {pd product} {ergonomic}
    uintx ProfiledCodeHeapSize                     = 122910970                              {pd product} {ergonomic}
    uintx ReservedCodeCacheSize                    = 251658240                              {pd product} {ergonomic}
     bool SegmentedCodeCache                       = true                                      {product} {ergonomic}
     bool UseCompressedClassPointers               = true                                 {lp64_product} {ergonomic}
     bool UseCompressedOops                        = true                                 {lp64_product} {ergonomic}
     bool UseG1GC                                  = true                                      {product} {ergonomic}
     bool UseLargePagesIndividualAllocation        = false                                  {pd product} {ergonomic}

Logging:
Log output configuration:
 #0: stdout all=warning uptime,level,tags
 #1: stderr all=off uptime,level,tags

Environment Variables:
PATH=C:\oraclexe\app\oracle\product\11.2.0\server\bin;;C:\Program Files\Common Files\Oracle\Java\javapath;C:\Program Files\Eclipse Adoptium\jdk-21.0.3.9-hotspot\bin;C:\windows\system32;C:\windows;C:\windows\System32\Wbem;C:\windows\System32\WindowsPowerShell\v1.0\;C:\windows\System32\OpenSSH\;C:\Program Files\Bandizip\;C:\Program Files\Git\cmd;C:\Users\user\AppData\Local\Microsoft\WindowsApps;C:\Users\user\AppData\Local\Programs\Microsoft VS Code\bin
USERNAME=user
OS=Windows_NT
PROCESSOR_IDENTIFIER=Intel64 Family 6 Model 151 Stepping 2, GenuineIntel



---------------  S Y S T E M  ---------------

OS: Windows 11 , 64 bit Build 22621 (10.0.22621.3672)
Hyper-V role detected

CPU:total 12 (initial active 12) (6 cores per cpu, 2 threads per core) family 6 model 151 stepping 2 microcode 0x1e, cmov, cx8, fxsr, mmx, sse, sse2, sse3, ssse3, sse4.1, sse4.2, popcnt, avx, avx2, aes, clmul, erms, 3dnowpref, lzcnt, ht, tsc, tscinvbit, bmi1, bmi2, adx, sha, fma

Memory: 4k page, system-wide physical 16099M (1922M free)
TotalPageFile size 44470M (AvailPageFile size 4M)
current process WorkingSet (physical memory assigned to process): 317M, peak: 317M
current process commit charge ("private bytes"): 520M, peak: 521M

vm_info: Java HotSpot(TM) 64-Bit Server VM (11.0.23+7-LTS-222) for windows-amd64 JRE (11.0.23+7-LTS-222), built on Mar 11 2024 22:13:52 by "mach5one" with MS VC++ 17.6 (VS2022)

END.
