#
# There is insufficient memory for the Java Runtime Environment to continue.
# Native memory allocation (mmap) failed to map 65536 bytes. Error detail: Failed to commit metaspace.
# Possible reasons:
#   The system is out of physical RAM or swap space
#   This process is running with CompressedOops enabled, and the Java Heap may be blocking the growth of the native heap
# Possible solutions:
#   Reduce memory load on the system
#   Increase physical memory or swap space
#   Check if swap backing store is full
#   Decrease Java heap size (-Xmx/-Xms)
#   Decrease number of Java threads
#   Decrease Java thread stack sizes (-Xss)
#   Set larger code cache with -XX:ReservedCodeCacheSize=
#   JVM is running with Zero Based Compressed Oops mode in which the Java heap is
#     placed in the first 32GB address space. The Java Heap base address is the
#     maximum limit for the native heap growth. Please use -XX:HeapBaseMinAddress
#     to set the Java Heap base and to place the Java Heap above 32GB virtual address.
# This output file may be truncated or incomplete.
#
#  Out of Memory Error (virtualSpaceNode.cpp:112), pid=11716, tid=13040
#
# JRE version: OpenJDK Runtime Environment Temurin-21.0.3+9 (21.0.3+9) (build 21.0.3+9-LTS)
# Java VM: OpenJDK 64-Bit Server VM Temurin-21.0.3+9 (21.0.3+9-LTS, mixed mode, sharing, tiered, compressed oops, compressed class ptrs, g1 gc, windows-amd64)
# No core dump will be written. Minidumps are not enabled by default on client versions of Windows
#

---------------  S U M M A R Y ------------

Command Line: -Dfile.encoding=x-windows-949 -Duser.country=KR -Duser.language=ko -Duser.variant com.simple.basic.BootBasicApplication

Host: 12th Gen Intel(R) Core(TM) i5-12400, 12 cores, 15G,  Windows 11 , 64 bit Build 22621 (10.0.22621.3672)
Time: Wed Aug  7 12:43:55 2024  Windows 11 , 64 bit Build 22621 (10.0.22621.3672) elapsed time: 0.208237 seconds (0d 0h 0m 0s)

---------------  T H R E A D  ---------------

Current thread (0x0000016597690b00):  JavaThread "main"             [_thread_in_vm, id=13040, stack(0x00000005b4300000,0x00000005b4400000) (1024K)]

Stack: [0x00000005b4300000,0x00000005b4400000]
Native frames: (J=compiled Java code, j=interpreted, Vv=VM code, C=native code)
V  [jvm.dll+0x6c8699]
V  [jvm.dll+0x8a2061]
V  [jvm.dll+0x8a458e]
V  [jvm.dll+0x8a4c63]
V  [jvm.dll+0x27e476]
V  [jvm.dll+0x89ddae]
V  [jvm.dll+0x66b525]
V  [jvm.dll+0x1e3f8c]
V  [jvm.dll+0x1e3d5e]
V  [jvm.dll+0x66de22]
V  [jvm.dll+0x66dc42]
V  [jvm.dll+0x66befe]
V  [jvm.dll+0x6761a7]
V  [jvm.dll+0x214dbd]
V  [jvm.dll+0x21533a]
V  [jvm.dll+0x215d65]
V  [jvm.dll+0x20b32e]
V  [jvm.dll+0x5a9c8c]
V  [jvm.dll+0x81b766]
V  [jvm.dll+0x46d560]
V  [jvm.dll+0x473408]
C  [java.dll+0x17ec]

Java frames: (J=compiled Java code, j=interpreted, Vv=VM code)
j  java.lang.ClassLoader.defineClass1(Ljava/lang/ClassLoader;Ljava/lang/String;[BIILjava/security/ProtectionDomain;Ljava/lang/String;)Ljava/lang/Class;+0 java.base@21.0.3
j  java.lang.ClassLoader.defineClass(Ljava/lang/String;[BIILjava/security/ProtectionDomain;)Ljava/lang/Class;+27 java.base@21.0.3
j  java.security.SecureClassLoader.defineClass(Ljava/lang/String;[BIILjava/security/CodeSource;)Ljava/lang/Class;+12 java.base@21.0.3
j  jdk.internal.loader.BuiltinClassLoader.defineClass(Ljava/lang/String;Ljdk/internal/loader/Resource;)Ljava/lang/Class;+117 java.base@21.0.3
j  jdk.internal.loader.BuiltinClassLoader.findClassOnClassPathOrNull(Ljava/lang/String;)Ljava/lang/Class;+37 java.base@21.0.3
J 425 c1 jdk.internal.loader.BuiltinClassLoader.loadClassOrNull(Ljava/lang/String;Z)Ljava/lang/Class; java.base@21.0.3 (143 bytes) @ 0x00000165a1f57254 [0x00000165a1f567e0+0x0000000000000a74]
j  jdk.internal.loader.BuiltinClassLoader.loadClass(Ljava/lang/String;Z)Ljava/lang/Class;+3 java.base@21.0.3
j  jdk.internal.loader.ClassLoaders$AppClassLoader.loadClass(Ljava/lang/String;Z)Ljava/lang/Class;+36 java.base@21.0.3
j  java.lang.ClassLoader.loadClass(Ljava/lang/String;)Ljava/lang/Class;+3 java.base@21.0.3
v  ~StubRoutines::call_stub 0x00000165a93e100d
j  org.springframework.boot.WebApplicationType.deduceFromClasspath()Lorg/springframework/boot/WebApplicationType;+3
j  org.springframework.boot.SpringApplication.<init>(Lorg/springframework/core/io/ResourceLoader;[Ljava/lang/Class;)V+105
j  org.springframework.boot.SpringApplication.<init>([Ljava/lang/Class;)V+3
j  org.springframework.boot.SpringApplication.run([Ljava/lang/Class;[Ljava/lang/String;)Lorg/springframework/context/ConfigurableApplicationContext;+5
j  org.springframework.boot.SpringApplication.run(Ljava/lang/Class;[Ljava/lang/String;)Lorg/springframework/context/ConfigurableApplicationContext;+9
j  com.simple.basic.BootBasicApplication.main([Ljava/lang/String;)V+3
v  ~StubRoutines::call_stub 0x00000165a93e100d

Compiled method (c1)     216  425   !   3       jdk.internal.loader.BuiltinClassLoader::loadClassOrNull (143 bytes)
 total in heap  [0x00000165a1f56510,0x00000165a1f57d58] = 6216
 relocation     [0x00000165a1f56670,0x00000165a1f567d8] = 360
 main code      [0x00000165a1f567e0,0x00000165a1f576a8] = 3784
 stub code      [0x00000165a1f576a8,0x00000165a1f57768] = 192
 metadata       [0x00000165a1f57768,0x00000165a1f577c8] = 96
 scopes data    [0x00000165a1f577c8,0x00000165a1f579f0] = 552
 scopes pcs     [0x00000165a1f579f0,0x00000165a1f57bd0] = 480
 dependencies   [0x00000165a1f57bd0,0x00000165a1f57be0] = 16
 handler table  [0x00000165a1f57be0,0x00000165a1f57d30] = 336
 nul chk table  [0x00000165a1f57d30,0x00000165a1f57d58] = 40

[Constant Pool (empty)]

[MachCode]
[Entry Point]
  # {method} {0x00000165b9069580} 'loadClassOrNull' '(Ljava/lang/String;Z)Ljava/lang/Class;' in 'jdk/internal/loader/BuiltinClassLoader'
  # this:     rdx:rdx   = 'jdk/internal/loader/BuiltinClassLoader'
  # parm0:    r8:r8     = 'java/lang/String'
  # parm1:    r9        = boolean
  #           [sp+0xd0]  (sp of caller)
  0x00000165a1f567e0: 448b 5208 | 49bb 0000 | 00b9 6501 | 0000 4d03 | d34c 3bd0 

  0x00000165a1f567f4: ;   {runtime_call ic_miss_stub}
  0x00000165a1f567f4: 0f85 867f | 4d07 660f | 1f44 0000 
[Verified Entry Point]
  0x00000165a1f56800: 8984 2400 | 80ff ff55 | 4881 ecc0 | 0000 0090 | 4181 7f20 | 0100 0000 

  0x00000165a1f56818: ;   {runtime_call StubRoutines (final stubs)}
  0x00000165a1f56818: 7405 e841 | e54b 0748 | 8954 2468 

  0x00000165a1f56824: ;   {metadata(method data for {method} {0x00000165b9069580} 'loadClassOrNull' '(Ljava/lang/String;Z)Ljava/lang/Class;' in 'jdk/internal/loader/BuiltinClassLoader')}
  0x00000165a1f56824: 48be 70fb | 11fa 6501 | 0000 8bbe | cc00 0000 | 83c7 0289 | becc 0000 | 0081 e7fe | 0700 0085 
  0x00000165a1f56844: ff0f 8439 | 0c00 0044 | 894c 2478 

  0x00000165a1f56850: ;   {metadata(method data for {method} {0x00000165b9069580} 'loadClassOrNull' '(Ljava/lang/String;Z)Ljava/lang/Class;' in 'jdk/internal/loader/BuiltinClassLoader')}
  0x00000165a1f56850: 488b f248 | bf70 fb11 | fa65 0100 | 008b 7608 | 49ba 0000 | 00b9 6501 | 0000 4903 | f248 3bb7 
  0x00000165a1f56870: 2001 0000 | 750d 4883 | 8728 0100 | 0001 e960 | 0000 0048 | 3bb7 3001 | 0000 750d | 4883 8738 
  0x00000165a1f56890: 0100 0001 | e94a 0000 | 0048 83bf | 2001 0000 | 0075 1748 | 89b7 2001 | 0000 48c7 | 8728 0100 
  0x00000165a1f568b0: 0001 0000 | 00e9 2900 | 0000 4883 | bf30 0100 | 0000 7517 | 4889 b730 | 0100 0048 | c787 3801 
  0x00000165a1f568d0: 0000 0100 | 0000 e908 | 0000 0048 | 8387 1001 | 0000 0149 | 8bf0 4c8b | c648 8bfa | 488b d748 
  0x00000165a1f568f0: 8974 2470 

  0x00000165a1f568f4: ;   {optimized virtual_call}
  0x00000165a1f568f4: 6666 90e8 

  0x00000165a1f568f8: ; ImmutableOopMap {[104]=Oop [112]=Oop }
                      ;*invokevirtual getClassLoadingLock {reexecute=0 rethrow=0 return_oop=0}
                      ; - jdk.internal.loader.BuiltinClassLoader::loadClassOrNull@2 (line 651)
  0x00000165a1f568f8: 8416 0000 

  0x00000165a1f568fc: ;   {other}
  0x00000165a1f568fc: 0f1f 8400 | ec03 0000 | 4889 8424 | 8000 0000 | 488d 9424 | a000 0000 | 488b f048 | 8972 0848 
  0x00000165a1f5691c: 8b06 4883 | c801 4889 | 02f0 480f | b116 0f84 | 1200 0000 | 482b c448 | 2507 f0ff | ff48 8902 
  0x00000165a1f5693c: 0f85 680b | 0000 49ff | 8750 0500 | 0048 8b54 

  0x00000165a1f5694c: ;   {metadata(method data for {method} {0x00000165b9069580} 'loadClassOrNull' '(Ljava/lang/String;Z)Ljava/lang/Class;' in 'jdk/internal/loader/BuiltinClassLoader')}
  0x00000165a1f5694c: 2468 48be | 70fb 11fa | 6501 0000 | 4883 8648 | 0100 0001 

  0x00000165a1f56960: ;   {metadata(method data for {method} {0x00000165b943bd78} 'findLoadedClass' '(Ljava/lang/String;)Ljava/lang/Class;' in 'java/lang/ClassLoader')}
  0x00000165a1f56960: 48ba 7002 | 12fa 6501 | 0000 8bb2 | cc00 0000 | 83c6 0289 | b2cc 0000 | 0081 e6fe | ff1f 0085 
  0x00000165a1f56980: f60f 8436 

  0x00000165a1f56984: ;   {metadata(method data for {method} {0x00000165b943bd78} 'findLoadedClass' '(Ljava/lang/String;)Ljava/lang/Class;' in 'java/lang/ClassLoader')}
  0x00000165a1f56984: 0b00 0048 | ba70 0212 | fa65 0100 | 0048 8382 | 1001 0000 | 0148 8b54 

  0x00000165a1f5699c: ;   {static_call}
  0x00000165a1f5699c: 2470 90e8 

  0x00000165a1f569a0: ; ImmutableOopMap {[104]=Oop [112]=Oop [128]=Oop [168]=Oop }
                      ;*invokestatic checkName {reexecute=0 rethrow=0 return_oop=0}
                      ; - java.lang.ClassLoader::findLoadedClass@1 (line 1298)
                      ; - jdk.internal.loader.BuiltinClassLoader::loadClassOrNull@10 (line 653)
  0x00000165a1f569a0: 9cfb fbff 

  0x00000165a1f569a4: ;   {other}
  0x00000165a1f569a4: 0f1f 8400 | 9404 0001 

  0x00000165a1f569ac: ;   {metadata(method data for {method} {0x00000165b943bd78} 'findLoadedClass' '(Ljava/lang/String;)Ljava/lang/Class;' in 'java/lang/ClassLoader')}
  0x00000165a1f569ac: 85c0 49b8 | 7002 12fa | 6501 0000 | 48ba 2001 | 0000 0000 | 0000 750a | 48ba 3001 | 0000 0000 
  0x00000165a1f569cc: 0000 498b | 3410 488d | 7601 4989 | 3410 0f85 | 0f00 0000 

  0x00000165a1f569e0: ;   {oop(nullptr)}
  0x00000165a1f569e0: 48be 0000 | 0000 0000 | 0000 e938 | 0000 0048 | 8b54 2468 

  0x00000165a1f569f4: ;   {metadata(method data for {method} {0x00000165b943bd78} 'findLoadedClass' '(Ljava/lang/String;)Ljava/lang/Class;' in 'java/lang/ClassLoader')}
  0x00000165a1f569f4: 49b8 7002 | 12fa 6501 | 0000 4983 | 8040 0100 | 0001 4c8b | 4424 7048 | 8b54 2468 | 0f1f 8000 
  0x00000165a1f56a14: ;   {optimized virtual_call}
  0x00000165a1f56a14: 0000 00e8 

  0x00000165a1f56a18: ; ImmutableOopMap {[104]=Oop [112]=Oop [128]=Oop [168]=Oop }
                      ;*invokevirtual findLoadedClass0 {reexecute=0 rethrow=0 return_oop=0}
                      ; - java.lang.ClassLoader::findLoadedClass@11 (line 1300)
                      ; - jdk.internal.loader.BuiltinClassLoader::loadClassOrNull@10 (line 653)
  0x00000165a1f56a18: c4be a407 

  0x00000165a1f56a1c: ;   {other}
  0x00000165a1f56a1c: 0f1f 8400 | 0c05 0002 | 488b f048 

  0x00000165a1f56a28: ;   {metadata(method data for {method} {0x00000165b9069580} 'loadClassOrNull' '(Ljava/lang/String;Z)Ljava/lang/Class;' in 'jdk/internal/loader/BuiltinClassLoader')}
  0x00000165a1f56a28: 85f6 49b8 | 70fb 11fa | 6501 0000 | 48ba 8001 | 0000 0000 | 0000 750a | 48ba 9001 | 0000 0000 
  0x00000165a1f56a48: 0000 498b | 3c10 488d | 7f01 4989 | 3c10 0f85 | 0308 0000 | 4889 b424 | 8800 0000 | 488b 5424 
  0x00000165a1f56a68: ;   {metadata(method data for {method} {0x00000165b9069580} 'loadClassOrNull' '(Ljava/lang/String;Z)Ljava/lang/Class;' in 'jdk/internal/loader/BuiltinClassLoader')}
  0x00000165a1f56a68: 6849 b870 | fb11 fa65 | 0100 0049 | 8380 a001 | 0000 014c | 8b44 2470 | 488b 5424 

  0x00000165a1f56a84: ;   {optimized virtual_call}
  0x00000165a1f56a84: 6866 90e8 

  0x00000165a1f56a88: ; ImmutableOopMap {[104]=Oop [112]=Oop [128]=Oop [136]=Oop [168]=Oop }
                      ;*invokevirtual findLoadedModule {reexecute=0 rethrow=0 return_oop=0}
                      ; - jdk.internal.loader.BuiltinClassLoader::loadClassOrNull@22 (line 658)
  0x00000165a1f56a88: d41b 0000 

  0x00000165a1f56a8c: ;   {other}
  0x00000165a1f56a8c: 0f1f 8400 | 7c05 0003 

  0x00000165a1f56a94: ;   {metadata(method data for {method} {0x00000165b9069580} 'loadClassOrNull' '(Ljava/lang/String;Z)Ljava/lang/Class;' in 'jdk/internal/loader/BuiltinClassLoader')}
  0x00000165a1f56a94: 4885 c049 | b870 fb11 | fa65 0100 | 0049 b9d8 | 0100 0000 | 0000 0074 | 0a49 b9e8 | 0100 0000 
  0x00000165a1f56ab4: 0000 004b | 8b14 0848 | 8d52 014b | 8914 0848 | 8b54 2468 | 0f84 a703 | 0000 483b | 004c 8bc0 
  0x00000165a1f56ad4: ;   {metadata(method data for {method} {0x00000165b9069580} 'loadClassOrNull' '(Ljava/lang/String;Z)Ljava/lang/Class;' in 'jdk/internal/loader/BuiltinClassLoader')}
  0x00000165a1f56ad4: 49b9 70fb | 11fa 6501 

  0x00000165a1f56adc: ;   {metadata('jdk/internal/loader/BuiltinClassLoader$LoadedModule')}
  0x00000165a1f56adc: 0000 49ba | 2056 17b9 | 6501 0000 | 4d89 9108 | 0200 0049 | 8381 1002 | 0000 018b | 700c 48c1 
  0x00000165a1f56afc: e603 483b 

  0x00000165a1f56b00: ;   {metadata(method data for {method} {0x00000165b9069580} 'loadClassOrNull' '(Ljava/lang/String;Z)Ljava/lang/Class;' in 'jdk/internal/loader/BuiltinClassLoader')}
  0x00000165a1f56b00: f249 b870 | fb11 fa65 | 0100 0049 | b930 0200 | 0000 0000 | 0075 0a49 | b940 0200 | 0000 0000 
  0x00000165a1f56b20: 004b 8b3c | 0848 8d7f | 014b 893c | 080f 852a 

  0x00000165a1f56b30: ;   {metadata(method data for {method} {0x00000165b9069580} 'loadClassOrNull' '(Ljava/lang/String;Z)Ljava/lang/Class;' in 'jdk/internal/loader/BuiltinClassLoader')}
  0x00000165a1f56b30: 0200 0049 | b870 fb11 | fa65 0100 | 0049 8380 | 5002 0000 

  0x00000165a1f56b44: ;   {metadata(method data for {method} {0x00000165b9455d60} 'isModuleSystemInited' '()Z' in 'jdk/internal/misc/VM')}
  0x00000165a1f56b44: 0149 b888 | 0612 fa65 | 0100 0045 | 8b88 cc00 | 0000 4183 | c102 4589 | 88cc 0000 | 0041 81e1 
  0x00000165a1f56b64: feff 1f00 | 4585 c90f | 8472 0900 

  0x00000165a1f56b70: ;   {oop(a 'java/lang/Class'{0x0000000714009b08} = 'jdk/internal/misc/VM')}
  0x00000165a1f56b70: 0049 b808 | 9b00 1407 | 0000 0045 | 8b80 9400 | 0000 4183 

  0x00000165a1f56b84: ;   {metadata(method data for {method} {0x00000165b9455d60} 'isModuleSystemInited' '()Z' in 'jdk/internal/misc/VM')}
  0x00000165a1f56b84: f802 49b8 | 8806 12fa | 6501 0000 | 49b9 1001 | 0000 0000 | 0000 7c0a | 49b9 2001 | 0000 0000 
  0x00000165a1f56ba4: 0000 4b8b | 3408 488d | 7601 4b89 | 3408 0f8c | 1c00 0000 

  0x00000165a1f56bb8: ;   {metadata(method data for {method} {0x00000165b9455d60} 'isModuleSystemInited' '()Z' in 'jdk/internal/misc/VM')}
  0x00000165a1f56bb8: 49b8 8806 | 12fa 6501 | 0000 41ff | 8030 0100 | 0041 b801 | 0000 00e9 | 0600 0000 | 41b8 0000 
  0x00000165a1f56bd8: 0000 4183 | e001 4585 

  0x00000165a1f56be0: ;   {metadata(method data for {method} {0x00000165b9069580} 'loadClassOrNull' '(Ljava/lang/String;Z)Ljava/lang/Class;' in 'jdk/internal/loader/BuiltinClassLoader')}
  0x00000165a1f56be0: c049 b870 | fb11 fa65 | 0100 0049 | b970 0200 | 0000 0000 | 0075 0a49 | b960 0200 | 0000 0000 
  0x00000165a1f56c00: 004b 8b34 | 0848 8d76 | 014b 8934 | 080f 850d | 0000 0048 | 8bb4 2488 | 0000 00e9 | 3f02 0000 
  0x00000165a1f56c20: ;   {metadata(method data for {method} {0x00000165b9069580} 'loadClassOrNull' '(Ljava/lang/String;Z)Ljava/lang/Class;' in 'jdk/internal/loader/BuiltinClassLoader')}
  0x00000165a1f56c20: 4c8b c249 | b970 fb11 | fa65 0100 | 0049 8381 | 8002 0000 

  0x00000165a1f56c34: ;   {metadata(method data for {method} {0x00000165b9069cb8} 'findClassInModuleOrNull' '(Ljdk/internal/loader/BuiltinClassLoader$LoadedModule;Ljava/lang/String;)Ljava/lang/Class;' in 'jdk/internal/loader/BuiltinClassLoader')}
  0x00000165a1f56c34: 0149 b8e8 | 0712 fa65 | 0100 0045 | 8b88 cc00 | 0000 4183 | c102 4589 | 88cc 0000 | 0041 81e1 
  0x00000165a1f56c54: feff 1f00 | 4585 c90f | 84a3 0800 

  0x00000165a1f56c60: ;   {metadata(method data for {method} {0x00000165b9069cb8} 'findClassInModuleOrNull' '(Ljdk/internal/loader/BuiltinClassLoader$LoadedModule;Ljava/lang/String;)Ljava/lang/Class;' in 'jdk/internal/loader/BuiltinClassLoader')}
  0x00000165a1f56c60: 0049 b8e8 | 0712 fa65 | 0100 0049 | 8380 1001 

  0x00000165a1f56c70: ;   {metadata(method data for {method} {0x00000165b901b078} 'getSecurityManager' '()Ljava/lang/SecurityManager;' in 'java/lang/System')}
  0x00000165a1f56c70: 0000 0149 | b8e0 7203 | fa65 0100 | 0045 8b88 | cc00 0000 | 4183 c102 | 4589 88cc | 0000 0041 
  0x00000165a1f56c90: 81e1 feff | 1f00 4585 | c90f 8486 

  0x00000165a1f56c9c: ;   {metadata(method data for {method} {0x00000165b901b078} 'getSecurityManager' '()Ljava/lang/SecurityManager;' in 'java/lang/System')}
  0x00000165a1f56c9c: 0800 0049 | b8e0 7203 | fa65 0100 | 0049 8380 | 1001 0000 

  0x00000165a1f56cb0: ;   {metadata(method data for {method} {0x00000165b901b190} 'allowSecurityManager' '()Z' in 'java/lang/System')}
  0x00000165a1f56cb0: 0149 b858 | 7403 fa65 | 0100 0045 | 8b88 cc00 | 0000 4183 | c102 4589 | 88cc 0000 | 0041 81e1 
  0x00000165a1f56cd0: feff 1f00 | 4585 c90f | 8469 0800 

  0x00000165a1f56cdc: ;   {metadata(method data for {method} {0x00000165b901b190} 'allowSecurityManager' '()Z' in 'java/lang/System')}
  0x00000165a1f56cdc: 0049 b858 | 7403 fa65 | 0100 0041 | ff80 1001 

  0x00000165a1f56cec: ;   {metadata(method data for {method} {0x00000165b901b078} 'getSecurityManager' '()Ljava/lang/SecurityManager;' in 'java/lang/System')}
  0x00000165a1f56cec: 0000 49b8 | e072 03fa | 6501 0000 | 41ff 8020 

  0x00000165a1f56cfc: ;   {metadata(method data for {method} {0x00000165b9069cb8} 'findClassInModuleOrNull' '(Ljdk/internal/loader/BuiltinClassLoader$LoadedModule;Ljava/lang/String;)Ljava/lang/Class;' in 'jdk/internal/loader/BuiltinClassLoader')}
  0x00000165a1f56cfc: 0100 0049 | b8e8 0712 | fa65 0100 | 0041 ff80 | 3001 0000 

  0x00000165a1f56d10: ;   {metadata(method data for {method} {0x00000165b9069cb8} 'findClassInModuleOrNull' '(Ljdk/internal/loader/BuiltinClassLoader$LoadedModule;Ljava/lang/String;)Ljava/lang/Class;' in 'jdk/internal/loader/BuiltinClassLoader')}
  0x00000165a1f56d10: 4c8b c249 | b9e8 0712 | fa65 0100 | 0049 8381 | 4001 0000 | 014c 8b44 | 2470 4c8b | c848 8bf2 
  0x00000165a1f56d30: 488b d60f 

  0x00000165a1f56d34: ;   {optimized virtual_call}
  0x00000165a1f56d34: 1f40 00e8 

  0x00000165a1f56d38: ; ImmutableOopMap {[104]=Oop [128]=Oop [168]=Oop }
                      ;*invokevirtual defineClass {reexecute=0 rethrow=0 return_oop=0}
                      ; - jdk.internal.loader.BuiltinClassLoader::findClassInModuleOrNull@9 (line 741)
                      ; - jdk.internal.loader.BuiltinClassLoader::loadClassOrNull@55 (line 665)
  0x00000165a1f56d38: 447d 4d07 

  0x00000165a1f56d3c: ;   {other}
  0x00000165a1f56d3c: 0f1f 8400 | 2c08 0004 

  0x00000165a1f56d44: ;   {metadata(method data for {method} {0x00000165b9069580} 'loadClassOrNull' '(Ljava/lang/String;Z)Ljava/lang/Class;' in 'jdk/internal/loader/BuiltinClassLoader')}
  0x00000165a1f56d44: 49b8 70fb | 11fa 6501 | 0000 41ff | 80b8 0200 | 0048 8bf0 | e902 0100 | 0048 3b06 

  0x00000165a1f56d60: ;   {metadata(method data for {method} {0x00000165b9069580} 'loadClassOrNull' '(Ljava/lang/String;Z)Ljava/lang/Class;' in 'jdk/internal/loader/BuiltinClassLoader')}
  0x00000165a1f56d60: 4c8b c649 | b970 fb11 | fa65 0100 | 0049 8381 | d002 0000 

  0x00000165a1f56d74: ;   {metadata(method data for {method} {0x00000165b9069d68} 'loadClassOrNull' '(Ljava/lang/String;)Ljava/lang/Class;' in 'jdk/internal/loader/BuiltinClassLoader')}
  0x00000165a1f56d74: 0149 b8d8 | 0f12 fa65 | 0100 0045 | 8b88 cc00 | 0000 4183 | c102 4589 | 88cc 0000 | 0041 81e1 
  0x00000165a1f56d94: feff 1f00 | 4585 c90f | 84cb 0700 | 004c 8bc6 

  0x00000165a1f56da4: ;   {metadata(method data for {method} {0x00000165b9069d68} 'loadClassOrNull' '(Ljava/lang/String;)Ljava/lang/Class;' in 'jdk/internal/loader/BuiltinClassLoader')}
  0x00000165a1f56da4: 49b9 d80f | 12fa 6501 | 0000 458b | 4008 49ba | 0000 00b9 | 6501 0000 | 4d03 c24d | 3b81 2001 
  0x00000165a1f56dc4: 0000 750d | 4983 8128 | 0100 0001 | e960 0000 | 004d 3b81 | 3001 0000 | 750d 4983 | 8138 0100 
  0x00000165a1f56de4: 0001 e94a | 0000 0049 | 83b9 2001 | 0000 0075 | 174d 8981 | 2001 0000 | 49c7 8128 | 0100 0001 
  0x00000165a1f56e04: 0000 00e9 | 2900 0000 | 4983 b930 | 0100 0000 | 7517 4d89 | 8130 0100 | 0049 c781 | 3801 0000 
  0x00000165a1f56e24: 0100 0000 | e908 0000 | 0049 8381 | 1001 0000 | 014c 8b44 | 2470 41b9 | 0000 0000 | 488b d666 
  0x00000165a1f56e44: 9048 b8ff | ffff ffff 

  0x00000165a1f56e4c: ;   {virtual_call}
  0x00000165a1f56e4c: ffff ffe8 

  0x00000165a1f56e50: ; ImmutableOopMap {[104]=Oop [128]=Oop [168]=Oop }
                      ;*invokevirtual loadClassOrNull {reexecute=0 rethrow=0 return_oop=0}
                      ; - jdk.internal.loader.BuiltinClassLoader::loadClassOrNull@3 (line 700)
                      ; - jdk.internal.loader.BuiltinClassLoader::loadClassOrNull@66 (line 669)
  0x00000165a1f56e50: 8c50 4d07 

  0x00000165a1f56e54: ;   {other}
  0x00000165a1f56e54: 0f1f 8400 | 4409 0005 

  0x00000165a1f56e5c: ;   {metadata(method data for {method} {0x00000165b9069580} 'loadClassOrNull' '(Ljava/lang/String;Z)Ljava/lang/Class;' in 'jdk/internal/loader/BuiltinClassLoader')}
  0x00000165a1f56e5c: 488b f049 | b870 fb11 | fa65 0100 | 0041 ff80 | 0803 0000 | e9ea 0300 | 008b 7254 | 48c1 e603 
  0x00000165a1f56e7c: ;   {metadata(method data for {method} {0x00000165b9069580} 'loadClassOrNull' '(Ljava/lang/String;Z)Ljava/lang/Class;' in 'jdk/internal/loader/BuiltinClassLoader')}
  0x00000165a1f56e7c: 4885 f649 | b870 fb11 | fa65 0100 | 0049 b930 | 0300 0000 | 0000 0075 | 0a49 b920 | 0300 0000 
  0x00000165a1f56e9c: 0000 004b | 8b3c 0848 | 8d7f 014b | 893c 080f | 850d 0000 | 0048 8bb4 | 2488 0000 | 00e9 0101 
  0x00000165a1f56ebc: 0000 483b | 064c 8bc6 

  0x00000165a1f56ec4: ;   {metadata(method data for {method} {0x00000165b9069580} 'loadClassOrNull' '(Ljava/lang/String;Z)Ljava/lang/Class;' in 'jdk/internal/loader/BuiltinClassLoader')}
  0x00000165a1f56ec4: 49b9 70fb | 11fa 6501 | 0000 4983 | 8140 0300 

  0x00000165a1f56ed4: ;   {metadata(method data for {method} {0x00000165b9069d68} 'loadClassOrNull' '(Ljava/lang/String;)Ljava/lang/Class;' in 'jdk/internal/loader/BuiltinClassLoader')}
  0x00000165a1f56ed4: 0001 49b8 | d80f 12fa | 6501 0000 | 458b 88cc | 0000 0041 | 83c1 0245 | 8988 cc00 | 0000 4181 
  0x00000165a1f56ef4: e1fe ff1f | 0045 85c9 | 0f84 9006 | 0000 4c8b 

  0x00000165a1f56f04: ;   {metadata(method data for {method} {0x00000165b9069d68} 'loadClassOrNull' '(Ljava/lang/String;)Ljava/lang/Class;' in 'jdk/internal/loader/BuiltinClassLoader')}
  0x00000165a1f56f04: c649 b9d8 | 0f12 fa65 | 0100 0045 | 8b40 0849 | ba00 0000 | b965 0100 | 004d 03c2 | 4d3b 8120 
  0x00000165a1f56f24: 0100 0075 | 0d49 8381 | 2801 0000 | 01e9 6000 | 0000 4d3b | 8130 0100 | 0075 0d49 | 8381 3801 
  0x00000165a1f56f44: 0000 01e9 | 4a00 0000 | 4983 b920 | 0100 0000 | 7517 4d89 | 8120 0100 | 0049 c781 | 2801 0000 
  0x00000165a1f56f64: 0100 0000 | e929 0000 | 0049 83b9 | 3001 0000 | 0075 174d | 8981 3001 | 0000 49c7 | 8138 0100 
  0x00000165a1f56f84: 0001 0000 | 00e9 0800 | 0000 4983 | 8110 0100 | 0001 4c8b | 4424 7041 | b900 0000 | 0048 8bd6 
  0x00000165a1f56fa4: 9048 b8c0 | a706 b965 

  0x00000165a1f56fac: ;   {virtual_call}
  0x00000165a1f56fac: 0100 00e8 

  0x00000165a1f56fb0: ; ImmutableOopMap {[104]=Oop [112]=Oop [128]=Oop [168]=Oop }
                      ;*invokevirtual loadClassOrNull {reexecute=0 rethrow=0 return_oop=0}
                      ; - jdk.internal.loader.BuiltinClassLoader::loadClassOrNull@3 (line 700)
                      ; - jdk.internal.loader.BuiltinClassLoader::loadClassOrNull@86 (line 676)
  0x00000165a1f56fb0: ec4e 4d07 

  0x00000165a1f56fb4: ;   {other}
  0x00000165a1f56fb4: 0f1f 8400 | a40a 0006 | 488b f048 

  0x00000165a1f56fc0: ;   {metadata(method data for {method} {0x00000165b9069580} 'loadClassOrNull' '(Ljava/lang/String;Z)Ljava/lang/Class;' in 'jdk/internal/loader/BuiltinClassLoader')}
  0x00000165a1f56fc0: 85f6 49b8 | 70fb 11fa | 6501 0000 | 48ba 7803 | 0000 0000 | 0000 750a | 48ba 8803 | 0000 0000 
  0x00000165a1f56fe0: 0000 498b | 3c10 488d | 7f01 4989 | 3c10 0f85 | 6b02 0000 | 488b 5424 | 684c 8bc2 

  0x00000165a1f56ffc: ;   {metadata(method data for {method} {0x00000165b9069580} 'loadClassOrNull' '(Ljava/lang/String;Z)Ljava/lang/Class;' in 'jdk/internal/loader/BuiltinClassLoader')}
  0x00000165a1f56ffc: 48bf 70fb | 11fa 6501 | 0000 458b | 4008 49ba | 0000 00b9 | 6501 0000 | 4d03 c24c | 3b87 a803 
  0x00000165a1f5701c: 0000 750d | 4883 87b0 | 0300 0001 | e960 0000 | 004c 3b87 | b803 0000 | 750d 4883 | 87c0 0300 
  0x00000165a1f5703c: 0001 e94a | 0000 0048 | 83bf a803 | 0000 0075 | 174c 8987 | a803 0000 | 48c7 87b0 | 0300 0001 
  0x00000165a1f5705c: 0000 00e9 | 2900 0000 | 4883 bfb8 | 0300 0000 | 7517 4c89 | 87b8 0300 | 0048 c787 | c003 0000 
  0x00000165a1f5707c: 0100 0000 | e908 0000 | 0048 8387 | 9803 0000 

  0x00000165a1f5708c: ;   {metadata(method data for {method} {0x00000165b9069528} 'hasClassPath' '()Z' in 'jdk/internal/loader/BuiltinClassLoader')}
  0x00000165a1f5708c: 0149 b868 | 1112 fa65 | 0100 0041 | 8bb8 cc00 | 0000 83c7 | 0241 89b8 | cc00 0000 | 81e7 feff 
  0x00000165a1f570ac: 1f00 85ff | 0f84 fd04 | 0000 448b | 4258 49c1 | e003 4d85 

  0x00000165a1f570c0: ;   {metadata(method data for {method} {0x00000165b9069528} 'hasClassPath' '()Z' in 'jdk/internal/loader/BuiltinClassLoader')}
  0x00000165a1f570c0: c049 b868 | 1112 fa65 | 0100 0048 | bf10 0100 | 0000 0000 | 0074 0a48 | bf20 0100 | 0000 0000 
  0x00000165a1f570e0: 0049 8b1c | 3848 8d5b | 0149 891c | 380f 841c 

  0x00000165a1f570f0: ;   {metadata(method data for {method} {0x00000165b9069528} 'hasClassPath' '()Z' in 'jdk/internal/loader/BuiltinClassLoader')}
  0x00000165a1f570f0: 0000 0049 | b868 1112 | fa65 0100 | 0041 ff80 | 3001 0000 | 41b8 0100 | 0000 e906 | 0000 0041 
  0x00000165a1f57110: b800 0000 | 0041 83e0 | 0145 85c0 

  0x00000165a1f5711c: ;   {metadata(method data for {method} {0x00000165b9069580} 'loadClassOrNull' '(Ljava/lang/String;Z)Ljava/lang/Class;' in 'jdk/internal/loader/BuiltinClassLoader')}
  0x00000165a1f5711c: 49b8 70fb | 11fa 6501 | 0000 48bf | d003 0000 | 0000 0000 | 740a 48bf | e003 0000 | 0000 0000 
  0x00000165a1f5713c: 498b 1c38 | 488d 5b01 | 4989 1c38 | 0f84 1101 

  0x00000165a1f5714c: ;   {metadata(method data for {method} {0x00000165b9069580} 'loadClassOrNull' '(Ljava/lang/String;Z)Ljava/lang/Class;' in 'jdk/internal/loader/BuiltinClassLoader')}
  0x00000165a1f5714c: 0000 49b8 | 70fb 11fa | 6501 0000 | 4983 80f0 | 0300 0001 

  0x00000165a1f57160: ;   {metadata(method data for {method} {0x00000165b9455d60} 'isModuleSystemInited' '()Z' in 'jdk/internal/misc/VM')}
  0x00000165a1f57160: 49b8 8806 | 12fa 6501 | 0000 418b | b8cc 0000 | 0083 c702 | 4189 b8cc | 0000 0081 | e7fe ff1f 
  0x00000165a1f57180: 0085 ff0f | 844b 0400 

  0x00000165a1f57188: ;   {oop(a 'java/lang/Class'{0x0000000714009b08} = 'jdk/internal/misc/VM')}
  0x00000165a1f57188: 0049 b808 | 9b00 1407 | 0000 0045 | 8b80 9400 | 0000 4183 

  0x00000165a1f5719c: ;   {metadata(method data for {method} {0x00000165b9455d60} 'isModuleSystemInited' '()Z' in 'jdk/internal/misc/VM')}
  0x00000165a1f5719c: f802 49b8 | 8806 12fa | 6501 0000 | 48bf 1001 | 0000 0000 | 0000 7c0a | 48bf 2001 | 0000 0000 
  0x00000165a1f571bc: 0000 498b | 1c38 488d | 5b01 4989 | 1c38 0f8c | 1c00 0000 

  0x00000165a1f571d0: ;   {metadata(method data for {method} {0x00000165b9455d60} 'isModuleSystemInited' '()Z' in 'jdk/internal/misc/VM')}
  0x00000165a1f571d0: 49b8 8806 | 12fa 6501 | 0000 41ff | 8030 0100 | 0041 b801 | 0000 00e9 | 0600 0000 | 41b8 0000 
  0x00000165a1f571f0: 0000 4183 | e001 4585 

  0x00000165a1f571f8: ;   {metadata(method data for {method} {0x00000165b9069580} 'loadClassOrNull' '(Ljava/lang/String;Z)Ljava/lang/Class;' in 'jdk/internal/loader/BuiltinClassLoader')}
  0x00000165a1f571f8: c049 b870 | fb11 fa65 | 0100 0048 | bf00 0400 | 0000 0000 | 0074 0a48 | bf10 0400 | 0000 0000 
  0x00000165a1f57218: 0049 8b1c | 3848 8d5b | 0149 891c | 380f 8434 | 0000 004c | 8b44 2470 

  0x00000165a1f57230: ;   {metadata(method data for {method} {0x00000165b9069580} 'loadClassOrNull' '(Ljava/lang/String;Z)Ljava/lang/Class;' in 'jdk/internal/loader/BuiltinClassLoader')}
  0x00000165a1f57230: 488b f248 | bf70 fb11 | fa65 0100 | 0048 8387 | 2004 0000 | 0148 8bf2 | 488b d60f 

  0x00000165a1f5724c: ;   {optimized virtual_call}
  0x00000165a1f5724c: 1f40 00e8 

  0x00000165a1f57250: ; ImmutableOopMap {[104]=Oop [128]=Oop [168]=Oop }
                      ;*invokevirtual findClassOnClassPathOrNull {reexecute=0 rethrow=0 return_oop=0}
                      ; - jdk.internal.loader.BuiltinClassLoader::loadClassOrNull@111 (line 681)
  0x00000165a1f57250: b504 0000 

  0x00000165a1f57254: ;   {other}
  0x00000165a1f57254: 0f1f 8400 | 440d 0007 | 488b f044 | 8b4c 2478 

  0x00000165a1f57264: ;   {metadata(method data for {method} {0x00000165b9069580} 'loadClassOrNull' '(Ljava/lang/String;Z)Ljava/lang/Class;' in 'jdk/internal/loader/BuiltinClassLoader')}
  0x00000165a1f57264: 4585 c948 | b870 fb11 | fa65 0100 | 0048 ba58 | 0400 0000 | 0000 0074 | 0a48 ba68 | 0400 0000 
  0x00000165a1f57284: 0000 0048 | 8b3c 1048 | 8d7f 0148 | 893c 100f | 84a8 0000 | 0048 85f6 

  0x00000165a1f5729c: ;   {metadata(method data for {method} {0x00000165b9069580} 'loadClassOrNull' '(Ljava/lang/String;Z)Ljava/lang/Class;' in 'jdk/internal/loader/BuiltinClassLoader')}
  0x00000165a1f5729c: 48b8 70fb | 11fa 6501 | 0000 48ba | 7804 0000 | 0000 0000 | 740a 48ba | 8804 0000 | 0000 0000 
  0x00000165a1f572bc: 488b 3c10 | 488d 7f01 | 4889 3c10 | 0f84 7300 | 0000 488b 

  0x00000165a1f572d0: ;   {metadata(method data for {method} {0x00000165b9069580} 'loadClassOrNull' '(Ljava/lang/String;Z)Ljava/lang/Class;' in 'jdk/internal/loader/BuiltinClassLoader')}
  0x00000165a1f572d0: 5424 6848 | b870 fb11 | fa65 0100 | 0048 8380 | 9804 0000 

  0x00000165a1f572e4: ;   {metadata(method data for {method} {0x00000165b943bcc8} 'resolveClass' '(Ljava/lang/Class;)V' in 'java/lang/ClassLoader')}
  0x00000165a1f572e4: 0148 b8d0 | 1512 fa65 | 0100 008b | 90cc 0000 | 0083 c202 | 8990 cc00 | 0000 81e2 | feff 1f00 
  0x00000165a1f57304: 85d2 0f84 | e902 0000 

  0x00000165a1f5730c: ;   {metadata(method data for {method} {0x00000165b943bcc8} 'resolveClass' '(Ljava/lang/Class;)V' in 'java/lang/ClassLoader')}
  0x00000165a1f5730c: 4885 f648 | b8d0 1512 | fa65 0100 | 0048 ba20 | 0100 0000 | 0000 0074 | 0a48 ba10 | 0100 0000 
  0x00000165a1f5732c: 0000 0048 | 8b3c 1048 | 8d7f 0148 | 893c 100f | 8443 0000 | 0048 8d84 | 24a0 0000 | 0048 8b10 
  0x00000165a1f5734c: 4885 d20f | 840f 0000 | 0048 8b78 | 08f0 480f | b117 0f85 | b202 0000 | 49ff 8f50 | 0500 0048 
  0x00000165a1f5736c: 8bc6 4881 | c4c0 0000 

  0x00000165a1f57374: ;   {poll_return}
  0x00000165a1f57374: 005d 493b | a750 0400 | 000f 87a9 | 0200 00c3 | 4889 b424 | 9800 0000 | 0f1f 4000 

  0x00000165a1f57390: ;   {no_reloc}
  0x00000165a1f57390: e9bc 0200 | 0000 0000 | 0000 498b | 87b8 0100 | 0048 8d78 | 3049 3bbf | c801 0000 | 0f87 a902 
  0x00000165a1f573b0: 0000 4989 | bfb8 0100 | 0048 c700 | 0100 0000 | 488b ca49 | ba00 0000 | b965 0100 | 0049 2bca 
  0x00000165a1f573d0: 8948 0848 | 33c9 8948 | 0c48 33c9 | 4889 4810 | 4889 4818 | 4889 4820 | 4889 4828 

  0x00000165a1f573ec: ;   {metadata(method data for {method} {0x00000165b943bcc8} 'resolveClass' '(Ljava/lang/Class;)V' in 'java/lang/ClassLoader')}
  0x00000165a1f573ec: 488b d048 | bed0 1512 | fa65 0100 | 0048 8386 | 3001 0000 | 0148 8bd0 | 4889 8424 | 9000 0000 
  0x00000165a1f5740c: ;   {optimized virtual_call}
  0x00000165a1f5740c: 6666 90e8 

  0x00000165a1f57410: ; ImmutableOopMap {[128]=Oop [144]=Oop [152]=Oop [168]=Oop }
                      ;*invokespecial <init> {reexecute=0 rethrow=0 return_oop=0}
                      ; - java.lang.ClassLoader::resolveClass@8 (line 1238)
                      ; - jdk.internal.loader.BuiltinClassLoader::loadClassOrNull@128 (line 688)
  0x00000165a1f57410: 6c76 4d07 

  0x00000165a1f57414: ;   {other}
  0x00000165a1f57414: 0f1f 8400 | 040f 0008 | 488b 8424 

  0x00000165a1f57420: ; ImmutableOopMap {rax=Oop [128]=Oop [152]=Oop [168]=Oop }
                      ;*athrow {reexecute=1 rethrow=0 return_oop=0}
                      ; - (reexecute) java.lang.ClassLoader::resolveClass@11 (line 1238)
                      ; - jdk.internal.loader.BuiltinClassLoader::loadClassOrNull@128 (line 688)
  0x00000165a1f57420: 9000 0000 

  0x00000165a1f57424: ;   {section_word}
  0x00000165a1f57424: 48ba 2474 | f5a1 6501 

  0x00000165a1f5742c: ;   {runtime_call handle_exception_nofpu Runtime1 stub}
  0x00000165a1f5742c: 0000 e8cd | fa59 0790 | 498b 8700 | 0500 004d | 33d2 4d89 | 9700 0500 | 004d 33d2 | 4d89 9708 
  0x00000165a1f5744c: 0500 0048 | 8bf0 488d | 8424 a000 | 0000 488b | 3848 85ff | 0f84 0f00 | 0000 488b | 5808 f048 
  0x00000165a1f5746c: 0fb1 3b0f | 85f3 0100 | 0049 ff8f | 5005 0000 | 488b c6e9 | 1702 0000 

  0x00000165a1f57484: ;   {metadata({method} {0x00000165b9069580} 'loadClassOrNull' '(Ljava/lang/String;Z)Ljava/lang/Class;' in 'jdk/internal/loader/BuiltinClassLoader')}
  0x00000165a1f57484: 49ba 7895 | 06b9 6501 | 0000 4c89 | 5424 0848 | c704 24ff 

  0x00000165a1f57498: ;   {runtime_call counter_overflow Runtime1 stub}
  0x00000165a1f57498: ffff ffe8 

  0x00000165a1f5749c: ; ImmutableOopMap {rdx=Oop r8=Oop [104]=Oop }
                      ;*synchronization entry
                      ; - jdk.internal.loader.BuiltinClassLoader::loadClassOrNull@-1 (line 651)
  0x00000165a1f5749c: e037 5a07 | e9a6 f3ff 

  0x00000165a1f574a4: ;   {runtime_call throw_null_pointer_exception Runtime1 stub}
  0x00000165a1f574a4: ffe8 56cf 

  0x00000165a1f574a8: ; ImmutableOopMap {rsi=Oop [104]=Oop [112]=Oop [128]=Oop }
                      ;*monitorenter {reexecute=0 rethrow=0 return_oop=0}
                      ; - jdk.internal.loader.BuiltinClassLoader::loadClassOrNull@7 (line 651)
  0x00000165a1f574a8: 5907 4889 | 7424 0848 

  0x00000165a1f574b0: ;   {runtime_call monitorenter_nofpu Runtime1 stub}
  0x00000165a1f574b0: 8914 24e8 

  0x00000165a1f574b4: ; ImmutableOopMap {rsi=Oop [104]=Oop [112]=Oop [128]=Oop [168]=Oop }
                      ;*monitorenter {reexecute=0 rethrow=0 return_oop=0}
                      ; - jdk.internal.loader.BuiltinClassLoader::loadClassOrNull@7 (line 651)
  0x00000165a1f574b4: 4812 5a07 | e98c f4ff 

  0x00000165a1f574bc: ;   {metadata({method} {0x00000165b943bd78} 'findLoadedClass' '(Ljava/lang/String;)Ljava/lang/Class;' in 'java/lang/ClassLoader')}
  0x00000165a1f574bc: ff49 ba70 | bd43 b965 | 0100 004c | 8954 2408 | 48c7 0424 | ffff ffff 

  0x00000165a1f574d4: ;   {runtime_call counter_overflow Runtime1 stub}
  0x00000165a1f574d4: e8a7 375a 

  0x00000165a1f574d8: ; ImmutableOopMap {[104]=Oop [112]=Oop [128]=Oop [168]=Oop }
                      ;*synchronization entry
                      ; - java.lang.ClassLoader::findLoadedClass@-1 (line 1298)
                      ; - jdk.internal.loader.BuiltinClassLoader::loadClassOrNull@10 (line 653)
  0x00000165a1f574d8: 07e9 a9f4 

  0x00000165a1f574dc: ;   {runtime_call throw_null_pointer_exception Runtime1 stub}
  0x00000165a1f574dc: ffff e81d 

  0x00000165a1f574e0: ; ImmutableOopMap {rax=Oop rdx=Oop [104]=Oop [112]=Oop [128]=Oop [136]=Oop [168]=Oop }
                      ;*invokevirtual loader {reexecute=0 rethrow=0 return_oop=0}
                      ; - jdk.internal.loader.BuiltinClassLoader::loadClassOrNull@34 (line 662)
                      ;   {metadata({method} {0x00000165b9455d60} 'isModuleSystemInited' '()Z' in 'jdk/internal/misc/VM')}
  0x00000165a1f574e0: cf59 0749 | ba58 5d45 | b965 0100 | 004c 8954 | 2408 48c7 | 0424 ffff 

  0x00000165a1f574f8: ;   {runtime_call counter_overflow Runtime1 stub}
  0x00000165a1f574f8: ffff e881 

  0x00000165a1f574fc: ; ImmutableOopMap {rax=Oop rdx=Oop [104]=Oop [112]=Oop [128]=Oop [136]=Oop [168]=Oop }
                      ;*synchronization entry
                      ; - jdk.internal.misc.VM::isModuleSystemInited@-1 (line 91)
                      ; - jdk.internal.loader.BuiltinClassLoader::loadClassOrNull@45 (line 664)
  0x00000165a1f574fc: 375a 07e9 | 6df6 ffff 

  0x00000165a1f57504: ;   {metadata({method} {0x00000165b9069cb8} 'findClassInModuleOrNull' '(Ljdk/internal/loader/BuiltinClassLoader$LoadedModule;Ljava/lang/String;)Ljava/lang/Class;' in 'jdk/internal/loader/BuiltinClassLoader')}
  0x00000165a1f57504: 49ba b09c | 06b9 6501 | 0000 4c89 | 5424 0848 | c704 24ff 

  0x00000165a1f57518: ;   {runtime_call counter_overflow Runtime1 stub}
  0x00000165a1f57518: ffff ffe8 

  0x00000165a1f5751c: ; ImmutableOopMap {rdx=Oop rax=Oop [104]=Oop [112]=Oop [128]=Oop [168]=Oop }
                      ;*synchronization entry
                      ; - jdk.internal.loader.BuiltinClassLoader::findClassInModuleOrNull@-1 (line 740)
                      ; - jdk.internal.loader.BuiltinClassLoader::loadClassOrNull@55 (line 665)
  0x00000165a1f5751c: 6037 5a07 | e93c f7ff 

  0x00000165a1f57524: ;   {metadata({method} {0x00000165b901b078} 'getSecurityManager' '()Ljava/lang/SecurityManager;' in 'java/lang/System')}
  0x00000165a1f57524: ff49 ba70 | b001 b965 | 0100 004c | 8954 2408 | 48c7 0424 | ffff ffff 

  0x00000165a1f5753c: ;   {runtime_call counter_overflow Runtime1 stub}
  0x00000165a1f5753c: e83f 375a 

  0x00000165a1f57540: ; ImmutableOopMap {rdx=Oop rax=Oop [104]=Oop [112]=Oop [128]=Oop [168]=Oop }
                      ;*synchronization entry
                      ; - java.lang.System::getSecurityManager@-1 (line 504)
                      ; - jdk.internal.loader.BuiltinClassLoader::findClassInModuleOrNull@0 (line 740)
                      ; - jdk.internal.loader.BuiltinClassLoader::loadClassOrNull@55 (line 665)
  0x00000165a1f57540: 07e9 59f7 

  0x00000165a1f57544: ;   {metadata({method} {0x00000165b901b190} 'allowSecurityManager' '()Z' in 'java/lang/System')}
  0x00000165a1f57544: ffff 49ba | 88b1 01b9 | 6501 0000 | 4c89 5424 | 0848 c704 | 24ff ffff 

  0x00000165a1f5755c: ;   {runtime_call counter_overflow Runtime1 stub}
  0x00000165a1f5755c: ffe8 1e37 

  0x00000165a1f57560: ; ImmutableOopMap {rdx=Oop rax=Oop [104]=Oop [112]=Oop [128]=Oop [168]=Oop }
                      ;*synchronization entry
                      ; - java.lang.System::allowSecurityManager@-1 (line 212)
                      ; - java.lang.System::getSecurityManager@0 (line 504)
                      ; - jdk.internal.loader.BuiltinClassLoader::findClassInModuleOrNull@0 (line 740)
                      ; - jdk.internal.loader.BuiltinClassLoader::loadClassOrNull@55 (line 665)
  0x00000165a1f57560: 5a07 e976 

  0x00000165a1f57564: ;   {runtime_call throw_null_pointer_exception Runtime1 stub}
  0x00000165a1f57564: f7ff ffe8 

  0x00000165a1f57568: ; ImmutableOopMap {rsi=Oop [104]=Oop [112]=Oop [128]=Oop [168]=Oop }
                      ;*invokevirtual loadClassOrNull {reexecute=0 rethrow=0 return_oop=0}
                      ; - jdk.internal.loader.BuiltinClassLoader::loadClassOrNull@66 (line 669)
  0x00000165a1f57568: 94ce 5907 

  0x00000165a1f5756c: ;   {metadata({method} {0x00000165b9069d68} 'loadClassOrNull' '(Ljava/lang/String;)Ljava/lang/Class;' in 'jdk/internal/loader/BuiltinClassLoader')}
  0x00000165a1f5756c: 49ba 609d | 06b9 6501 | 0000 4c89 | 5424 0848 | c704 24ff 

  0x00000165a1f57580: ;   {runtime_call counter_overflow Runtime1 stub}
  0x00000165a1f57580: ffff ffe8 

  0x00000165a1f57584: ; ImmutableOopMap {rsi=Oop [104]=Oop [112]=Oop [128]=Oop [168]=Oop }
                      ;*synchronization entry
                      ; - jdk.internal.loader.BuiltinClassLoader::loadClassOrNull@-1 (line 700)
                      ; - jdk.internal.loader.BuiltinClassLoader::loadClassOrNull@66 (line 669)
  0x00000165a1f57584: f836 5a07 | e914 f8ff 

  0x00000165a1f5758c: ;   {runtime_call throw_null_pointer_exception Runtime1 stub}
  0x00000165a1f5758c: ffe8 6ece 

  0x00000165a1f57590: ; ImmutableOopMap {rsi=Oop [104]=Oop [112]=Oop [128]=Oop [168]=Oop }
                      ;*invokevirtual loadClassOrNull {reexecute=0 rethrow=0 return_oop=0}
                      ; - jdk.internal.loader.BuiltinClassLoader::loadClassOrNull@86 (line 676)
                      ;   {metadata({method} {0x00000165b9069d68} 'loadClassOrNull' '(Ljava/lang/String;)Ljava/lang/Class;' in 'jdk/internal/loader/BuiltinClassLoader')}
  0x00000165a1f57590: 5907 49ba | 609d 06b9 | 6501 0000 | 4c89 5424 | 0848 c704 | 24ff ffff 

  0x00000165a1f575a8: ;   {runtime_call counter_overflow Runtime1 stub}
  0x00000165a1f575a8: ffe8 d236 

  0x00000165a1f575ac: ; ImmutableOopMap {rsi=Oop [104]=Oop [112]=Oop [128]=Oop [168]=Oop }
                      ;*synchronization entry
                      ; - jdk.internal.loader.BuiltinClassLoader::loadClassOrNull@-1 (line 700)
                      ; - jdk.internal.loader.BuiltinClassLoader::loadClassOrNull@86 (line 676)
  0x00000165a1f575ac: 5a07 e94f 

  0x00000165a1f575b0: ;   {metadata({method} {0x00000165b9069528} 'hasClassPath' '()Z' in 'jdk/internal/loader/BuiltinClassLoader')}
  0x00000165a1f575b0: f9ff ff49 | ba20 9506 | b965 0100 | 004c 8954 | 2408 48c7 | 0424 ffff 

  0x00000165a1f575c8: ;   {runtime_call counter_overflow Runtime1 stub}
  0x00000165a1f575c8: ffff e8b1 

  0x00000165a1f575cc: ; ImmutableOopMap {rdx=Oop rsi=Oop [104]=Oop [112]=Oop [128]=Oop [168]=Oop }
                      ;*synchronization entry
                      ; - jdk.internal.loader.BuiltinClassLoader::hasClassPath@-1 (line 223)
                      ; - jdk.internal.loader.BuiltinClassLoader::loadClassOrNull@97 (line 680)
  0x00000165a1f575cc: 365a 07e9 | e2fa ffff 

  0x00000165a1f575d4: ;   {metadata({method} {0x00000165b9455d60} 'isModuleSystemInited' '()Z' in 'jdk/internal/misc/VM')}
  0x00000165a1f575d4: 49ba 585d | 45b9 6501 | 0000 4c89 | 5424 0848 | c704 24ff 

  0x00000165a1f575e8: ;   {runtime_call counter_overflow Runtime1 stub}
  0x00000165a1f575e8: ffff ffe8 

  0x00000165a1f575ec: ; ImmutableOopMap {rdx=Oop rsi=Oop [104]=Oop [112]=Oop [128]=Oop [168]=Oop }
                      ;*synchronization entry
                      ; - jdk.internal.misc.VM::isModuleSystemInited@-1 (line 91)
                      ; - jdk.internal.loader.BuiltinClassLoader::loadClassOrNull@103 (line 680)
  0x00000165a1f575ec: 9036 5a07 | e994 fbff 

  0x00000165a1f575f4: ;   {metadata({method} {0x00000165b943bcc8} 'resolveClass' '(Ljava/lang/Class;)V' in 'java/lang/ClassLoader')}
  0x00000165a1f575f4: ff49 bac0 | bc43 b965 | 0100 004c | 8954 2408 | 48c7 0424 | ffff ffff 

  0x00000165a1f5760c: ;   {runtime_call counter_overflow Runtime1 stub}
  0x00000165a1f5760c: e86f 365a 

  0x00000165a1f57610: ; ImmutableOopMap {rsi=Oop [128]=Oop [168]=Oop }
                      ;*synchronization entry
                      ; - java.lang.ClassLoader::resolveClass@-1 (line 1237)
                      ; - jdk.internal.loader.BuiltinClassLoader::loadClassOrNull@128 (line 688)
  0x00000165a1f57610: 07e9 f6fc | ffff 488d | 8424 a000 | 0000 4889 

  0x00000165a1f57620: ;   {runtime_call monitorexit_nofpu Runtime1 stub}
  0x00000165a1f57620: 0424 e8d9 | 165a 07e9 | 3ffd ffff 

  0x00000165a1f5762c: ;   {internal_word}
  0x00000165a1f5762c: 49ba 7673 | f5a1 6501 | 0000 4d89 | 9768 0400 

  0x00000165a1f5763c: ;   {runtime_call SafepointBlob}
  0x00000165a1f5763c: 00e9 bee0 

  0x00000165a1f57640: ;   {metadata(nullptr)}
  0x00000165a1f57640: 4d07 48ba | 0000 0000 | 0000 0000 | b800 0f05 

  0x00000165a1f57650: ;   {runtime_call load_klass_patching Runtime1 stub}
  0x00000165a1f57650: 0ae8 2a21 

  0x00000165a1f57654: ; ImmutableOopMap {[128]=Oop [152]=Oop [168]=Oop }
                      ;*new {reexecute=1 rethrow=0 return_oop=0}
                      ; - (reexecute) java.lang.ClassLoader::resolveClass@4 (line 1238)
                      ; - jdk.internal.loader.BuiltinClassLoader::loadClassOrNull@128 (line 688)
  0x00000165a1f57654: 5a07 e935 | fdff ff48 

  0x00000165a1f5765c: ;   {runtime_call fast_new_instance Runtime1 stub}
  0x00000165a1f5765c: 8bd2 e81d 

  0x00000165a1f57660: ; ImmutableOopMap {[128]=Oop [152]=Oop [168]=Oop }
                      ;*new {reexecute=0 rethrow=0 return_oop=0}
                      ; - java.lang.ClassLoader::resolveClass@4 (line 1238)
                      ; - jdk.internal.loader.BuiltinClassLoader::loadClassOrNull@128 (line 688)
  0x00000165a1f57660: e559 07e9 | 84fd ffff | 488d 8424 | a000 0000 | 4889 0424 

  0x00000165a1f57674: ;   {runtime_call monitorexit_nofpu Runtime1 stub}
  0x00000165a1f57674: e887 165a | 07e9 fefd | ffff 498b | 8700 0500 | 0049 c787 | 0005 0000 | 0000 0000 | 49c7 8708 
  0x00000165a1f57694: 0500 0000 | 0000 0048 | 81c4 c000 

  0x00000165a1f576a0: ;   {runtime_call unwind_exception Runtime1 stub}
  0x00000165a1f576a0: 0000 5de9 | 58b5 5907 
[Stub Code]
  0x00000165a1f576a8: ;   {no_reloc}
  0x00000165a1f576a8: 0f1f 4400 

  0x00000165a1f576ac: ;   {static_stub}
  0x00000165a1f576ac: 0048 bb00 | 0000 0000 

  0x00000165a1f576b4: ;   {runtime_call}
  0x00000165a1f576b4: 0000 00e9 | fbff ffff 

  0x00000165a1f576bc: ;   {static_stub}
  0x00000165a1f576bc: 9048 bb00 | 0000 0000 

  0x00000165a1f576c4: ;   {runtime_call}
  0x00000165a1f576c4: 0000 00e9 | fbff ffff 

  0x00000165a1f576cc: ;   {static_stub}
  0x00000165a1f576cc: 9048 bb00 | 0000 0000 

  0x00000165a1f576d4: ;   {runtime_call}
  0x00000165a1f576d4: 0000 00e9 | fbff ffff 

  0x00000165a1f576dc: ;   {static_stub}
  0x00000165a1f576dc: 48bb 0000 | 0000 0000 

  0x00000165a1f576e4: ;   {runtime_call}
  0x00000165a1f576e4: 0000 e9fb 

  0x00000165a1f576e8: ;   {static_stub}
  0x00000165a1f576e8: ffff ff48 | bb98 9906 | b965 0100 

  0x00000165a1f576f4: ;   {runtime_call I2C/C2I adapters}
  0x00000165a1f576f4: 00e9 edca 

  0x00000165a1f576f8: ;   {static_stub}
  0x00000165a1f576f8: 4d07 48bb | 0000 0000 | 0000 0000 

  0x00000165a1f57704: ;   {runtime_call}
  0x00000165a1f57704: e9fb ffff 

  0x00000165a1f57708: ;   {static_stub}
  0x00000165a1f57708: ff48 bb08 | 9d06 b965 

  0x00000165a1f57710: ;   {runtime_call I2C/C2I adapters}
  0x00000165a1f57710: 0100 00e9 | cfca 4d07 

  0x00000165a1f57718: ;   {static_stub}
  0x00000165a1f57718: 48bb 0000 | 0000 0000 

  0x00000165a1f57720: ;   {runtime_call}
  0x00000165a1f57720: 0000 e9fb 

  0x00000165a1f57724: ;   {static_stub}
  0x00000165a1f57724: ffff ff48 | bb00 0000 | 0000 0000 

  0x00000165a1f57730: ;   {runtime_call}
  0x00000165a1f57730: 00e9 fbff 

  0x00000165a1f57734: ;   {runtime_call handle_exception_from_callee Runtime1 stub}
  0x00000165a1f57734: ffff e8c5 

  0x00000165a1f57738: ;   {external_word}
  0x00000165a1f57738: fd59 0748 | b970 e019 | 16f9 7f00 | 0048 83e4 

  0x00000165a1f57748: ;   {runtime_call}
  0x00000165a1f57748: f048 b860 | f6dc 15f9 | 7f00 00ff 

  0x00000165a1f57754: ;   {section_word}
  0x00000165a1f57754: d0f4 49ba | 5677 f5a1 | 6501 0000 

  0x00000165a1f57760: ;   {runtime_call DeoptimizationBlob}
  0x00000165a1f57760: 4152 e939 | d24d 07f4 
[/MachCode]


---------------  P R O C E S S  ---------------

Threads class SMR info:
_java_thread_list=0x00000165fe23ed60, length=13, elements={
0x0000016597690b00, 0x00000165b86bff10, 0x00000165b86c0b70, 0x00000165b86c1de0,
0x00000165b86c4bb0, 0x00000165b86cdef0, 0x00000165b86d44e0, 0x00000165b86dde60,
0x00000165b86de510, 0x00000165b86d37c0, 0x00000165b86d5200, 0x00000165fe51dd80,
0x00000165fe51e430
}

Java Threads: ( => current thread )
=>0x0000016597690b00 JavaThread "main"                              [_thread_in_vm, id=13040, stack(0x00000005b4300000,0x00000005b4400000) (1024K)]
  0x00000165b86bff10 JavaThread "Reference Handler"          daemon [_thread_blocked, id=21088, stack(0x00000005b4b00000,0x00000005b4c00000) (1024K)]
  0x00000165b86c0b70 JavaThread "Finalizer"                  daemon [_thread_blocked, id=6676, stack(0x00000005b4c00000,0x00000005b4d00000) (1024K)]
  0x00000165b86c1de0 JavaThread "Signal Dispatcher"          daemon [_thread_blocked, id=11456, stack(0x00000005b4d00000,0x00000005b4e00000) (1024K)]
  0x00000165b86c4bb0 JavaThread "Attach Listener"            daemon [_thread_blocked, id=18184, stack(0x00000005b4e00000,0x00000005b4f00000) (1024K)]
  0x00000165b86cdef0 JavaThread "Service Thread"             daemon [_thread_blocked, id=10588, stack(0x00000005b4f00000,0x00000005b5000000) (1024K)]
  0x00000165b86d44e0 JavaThread "Monitor Deflation Thread"   daemon [_thread_blocked, id=13448, stack(0x00000005b5000000,0x00000005b5100000) (1024K)]
  0x00000165b86dde60 JavaThread "C2 CompilerThread0"         daemon [_thread_blocked, id=15496, stack(0x00000005b5100000,0x00000005b5200000) (1024K)]
  0x00000165b86de510 JavaThread "C1 CompilerThread0"         daemon [_thread_blocked, id=15188, stack(0x00000005b5200000,0x00000005b5300000) (1024K)]
  0x00000165b86d37c0 JavaThread "Notification Thread"        daemon [_thread_blocked, id=21008, stack(0x00000005b5300000,0x00000005b5400000) (1024K)]
  0x00000165b86d5200 JavaThread "Common-Cleaner"             daemon [_thread_blocked, id=20248, stack(0x00000005b5400000,0x00000005b5500000) (1024K)]
  0x00000165fe51dd80 JavaThread "C2 CompilerThread1"         daemon [_thread_blocked, id=3488, stack(0x00000005b5500000,0x00000005b5600000) (1024K)]
  0x00000165fe51e430 JavaThread "C2 CompilerThread2"         daemon [_thread_blocked, id=17240, stack(0x00000005b5600000,0x00000005b5700000) (1024K)]
Total: 13

Other Threads:
  0x00000165b869bf80 VMThread "VM Thread"                           [id=3756, stack(0x00000005b4a00000,0x00000005b4b00000) (1024K)]
  0x00000165b86825d0 WatcherThread "VM Periodic Task Thread"        [id=21324, stack(0x00000005b4900000,0x00000005b4a00000) (1024K)]
  0x00000165998479e0 WorkerThread "GC Thread#0"                     [id=10528, stack(0x00000005b4400000,0x00000005b4500000) (1024K)]
  0x0000016599859710 ConcurrentGCThread "G1 Main Marker"            [id=17320, stack(0x00000005b4500000,0x00000005b4600000) (1024K)]
  0x000001659985a9b0 WorkerThread "G1 Conc#0"                       [id=16040, stack(0x00000005b4600000,0x00000005b4700000) (1024K)]
  0x000001659989b5a0 ConcurrentGCThread "G1 Refine#0"               [id=6596, stack(0x00000005b4700000,0x00000005b4800000) (1024K)]
  0x000001659989c110 ConcurrentGCThread "G1 Service"                [id=17068, stack(0x00000005b4800000,0x00000005b4900000) (1024K)]
Total: 7

Threads with active compile tasks:
Total: 0

VM state: not at safepoint (normal execution)

VM Mutex/Monitor currently owned by a thread:  ([mutex/lock_event])
[0x00007ff9164500a8] Metaspace_lock - owner thread: 0x0000016597690b00

Heap address: 0x0000000704600000, size: 4026 MB, Compressed Oops mode: Zero based, Oop shift amount: 3

CDS archive(s) mapped at: [0x00000165b9000000-0x00000165b9c90000-0x00000165b9c90000), size 13172736, SharedBaseAddress: 0x00000165b9000000, ArchiveRelocationMode: 1.
Compressed class space mapped at: 0x00000165ba000000-0x00000165fa000000, reserved size: 1073741824
Narrow klass base: 0x00000165b9000000, Narrow klass shift: 0, Narrow klass range: 0x100000000

GC Precious Log:
 CardTable entry size: 512
 Card Set container configuration: InlinePtr #cards 4 size 8 Array Of Cards #cards 16 size 48 Howl #buckets 8 coarsen threshold 3686 Howl Bitmap #cards 512 size 80 coarsen threshold 460 Card regions per heap region 1 cards per card region 4096
 CPUs: 12 total, 12 available
 Memory: 16099M
 Large Page Support: Disabled
 NUMA Support: Disabled
 Compressed Oops: Enabled (Zero based)
 Heap Region Size: 2M
 Heap Min Capacity: 8M
 Heap Initial Capacity: 252M
 Heap Max Capacity: 4026M
 Pre-touch: Disabled
 Parallel Workers: 10
 Concurrent Workers: 3
 Concurrent Refinement Workers: 10
 Periodic GC: Disabled

Heap:
 garbage-first heap   total 258048K, used 8192K [0x0000000704600000, 0x0000000800000000)
  region size 2048K, 5 young (10240K), 0 survivors (0K)
 Metaspace       used 2236K, committed 2368K, reserved 1114112K
  class space    used 193K, committed 256K, reserved 1048576K

Heap Regions: E=young(eden), S=young(survivor), O=old, HS=humongous(starts), HC=humongous(continues), CS=collection set, F=free, TAMS=top-at-mark-start, PB=parsable bottom
|   0|0x0000000704600000, 0x0000000704600000, 0x0000000704800000|  0%| F|  |TAMS 0x0000000704600000| PB 0x0000000704600000| Untracked 
|   1|0x0000000704800000, 0x0000000704800000, 0x0000000704a00000|  0%| F|  |TAMS 0x0000000704800000| PB 0x0000000704800000| Untracked 
|   2|0x0000000704a00000, 0x0000000704a00000, 0x0000000704c00000|  0%| F|  |TAMS 0x0000000704a00000| PB 0x0000000704a00000| Untracked 
|   3|0x0000000704c00000, 0x0000000704c00000, 0x0000000704e00000|  0%| F|  |TAMS 0x0000000704c00000| PB 0x0000000704c00000| Untracked 
|   4|0x0000000704e00000, 0x0000000704e00000, 0x0000000705000000|  0%| F|  |TAMS 0x0000000704e00000| PB 0x0000000704e00000| Untracked 
|   5|0x0000000705000000, 0x0000000705000000, 0x0000000705200000|  0%| F|  |TAMS 0x0000000705000000| PB 0x0000000705000000| Untracked 
|   6|0x0000000705200000, 0x0000000705200000, 0x0000000705400000|  0%| F|  |TAMS 0x0000000705200000| PB 0x0000000705200000| Untracked 
|   7|0x0000000705400000, 0x0000000705400000, 0x0000000705600000|  0%| F|  |TAMS 0x0000000705400000| PB 0x0000000705400000| Untracked 
|   8|0x0000000705600000, 0x0000000705600000, 0x0000000705800000|  0%| F|  |TAMS 0x0000000705600000| PB 0x0000000705600000| Untracked 
|   9|0x0000000705800000, 0x0000000705800000, 0x0000000705a00000|  0%| F|  |TAMS 0x0000000705800000| PB 0x0000000705800000| Untracked 
|  10|0x0000000705a00000, 0x0000000705a00000, 0x0000000705c00000|  0%| F|  |TAMS 0x0000000705a00000| PB 0x0000000705a00000| Untracked 
|  11|0x0000000705c00000, 0x0000000705c00000, 0x0000000705e00000|  0%| F|  |TAMS 0x0000000705c00000| PB 0x0000000705c00000| Untracked 
|  12|0x0000000705e00000, 0x0000000705e00000, 0x0000000706000000|  0%| F|  |TAMS 0x0000000705e00000| PB 0x0000000705e00000| Untracked 
|  13|0x0000000706000000, 0x0000000706000000, 0x0000000706200000|  0%| F|  |TAMS 0x0000000706000000| PB 0x0000000706000000| Untracked 
|  14|0x0000000706200000, 0x0000000706200000, 0x0000000706400000|  0%| F|  |TAMS 0x0000000706200000| PB 0x0000000706200000| Untracked 
|  15|0x0000000706400000, 0x0000000706400000, 0x0000000706600000|  0%| F|  |TAMS 0x0000000706400000| PB 0x0000000706400000| Untracked 
|  16|0x0000000706600000, 0x0000000706600000, 0x0000000706800000|  0%| F|  |TAMS 0x0000000706600000| PB 0x0000000706600000| Untracked 
|  17|0x0000000706800000, 0x0000000706800000, 0x0000000706a00000|  0%| F|  |TAMS 0x0000000706800000| PB 0x0000000706800000| Untracked 
|  18|0x0000000706a00000, 0x0000000706a00000, 0x0000000706c00000|  0%| F|  |TAMS 0x0000000706a00000| PB 0x0000000706a00000| Untracked 
|  19|0x0000000706c00000, 0x0000000706c00000, 0x0000000706e00000|  0%| F|  |TAMS 0x0000000706c00000| PB 0x0000000706c00000| Untracked 
|  20|0x0000000706e00000, 0x0000000706e00000, 0x0000000707000000|  0%| F|  |TAMS 0x0000000706e00000| PB 0x0000000706e00000| Untracked 
|  21|0x0000000707000000, 0x0000000707000000, 0x0000000707200000|  0%| F|  |TAMS 0x0000000707000000| PB 0x0000000707000000| Untracked 
|  22|0x0000000707200000, 0x0000000707200000, 0x0000000707400000|  0%| F|  |TAMS 0x0000000707200000| PB 0x0000000707200000| Untracked 
|  23|0x0000000707400000, 0x0000000707400000, 0x0000000707600000|  0%| F|  |TAMS 0x0000000707400000| PB 0x0000000707400000| Untracked 
|  24|0x0000000707600000, 0x0000000707600000, 0x0000000707800000|  0%| F|  |TAMS 0x0000000707600000| PB 0x0000000707600000| Untracked 
|  25|0x0000000707800000, 0x0000000707800000, 0x0000000707a00000|  0%| F|  |TAMS 0x0000000707800000| PB 0x0000000707800000| Untracked 
|  26|0x0000000707a00000, 0x0000000707a00000, 0x0000000707c00000|  0%| F|  |TAMS 0x0000000707a00000| PB 0x0000000707a00000| Untracked 
|  27|0x0000000707c00000, 0x0000000707c00000, 0x0000000707e00000|  0%| F|  |TAMS 0x0000000707c00000| PB 0x0000000707c00000| Untracked 
|  28|0x0000000707e00000, 0x0000000707e00000, 0x0000000708000000|  0%| F|  |TAMS 0x0000000707e00000| PB 0x0000000707e00000| Untracked 
|  29|0x0000000708000000, 0x0000000708000000, 0x0000000708200000|  0%| F|  |TAMS 0x0000000708000000| PB 0x0000000708000000| Untracked 
|  30|0x0000000708200000, 0x0000000708200000, 0x0000000708400000|  0%| F|  |TAMS 0x0000000708200000| PB 0x0000000708200000| Untracked 
|  31|0x0000000708400000, 0x0000000708400000, 0x0000000708600000|  0%| F|  |TAMS 0x0000000708400000| PB 0x0000000708400000| Untracked 
|  32|0x0000000708600000, 0x0000000708600000, 0x0000000708800000|  0%| F|  |TAMS 0x0000000708600000| PB 0x0000000708600000| Untracked 
|  33|0x0000000708800000, 0x0000000708800000, 0x0000000708a00000|  0%| F|  |TAMS 0x0000000708800000| PB 0x0000000708800000| Untracked 
|  34|0x0000000708a00000, 0x0000000708a00000, 0x0000000708c00000|  0%| F|  |TAMS 0x0000000708a00000| PB 0x0000000708a00000| Untracked 
|  35|0x0000000708c00000, 0x0000000708c00000, 0x0000000708e00000|  0%| F|  |TAMS 0x0000000708c00000| PB 0x0000000708c00000| Untracked 
|  36|0x0000000708e00000, 0x0000000708e00000, 0x0000000709000000|  0%| F|  |TAMS 0x0000000708e00000| PB 0x0000000708e00000| Untracked 
|  37|0x0000000709000000, 0x0000000709000000, 0x0000000709200000|  0%| F|  |TAMS 0x0000000709000000| PB 0x0000000709000000| Untracked 
|  38|0x0000000709200000, 0x0000000709200000, 0x0000000709400000|  0%| F|  |TAMS 0x0000000709200000| PB 0x0000000709200000| Untracked 
|  39|0x0000000709400000, 0x0000000709400000, 0x0000000709600000|  0%| F|  |TAMS 0x0000000709400000| PB 0x0000000709400000| Untracked 
|  40|0x0000000709600000, 0x0000000709600000, 0x0000000709800000|  0%| F|  |TAMS 0x0000000709600000| PB 0x0000000709600000| Untracked 
|  41|0x0000000709800000, 0x0000000709800000, 0x0000000709a00000|  0%| F|  |TAMS 0x0000000709800000| PB 0x0000000709800000| Untracked 
|  42|0x0000000709a00000, 0x0000000709a00000, 0x0000000709c00000|  0%| F|  |TAMS 0x0000000709a00000| PB 0x0000000709a00000| Untracked 
|  43|0x0000000709c00000, 0x0000000709c00000, 0x0000000709e00000|  0%| F|  |TAMS 0x0000000709c00000| PB 0x0000000709c00000| Untracked 
|  44|0x0000000709e00000, 0x0000000709e00000, 0x000000070a000000|  0%| F|  |TAMS 0x0000000709e00000| PB 0x0000000709e00000| Untracked 
|  45|0x000000070a000000, 0x000000070a000000, 0x000000070a200000|  0%| F|  |TAMS 0x000000070a000000| PB 0x000000070a000000| Untracked 
|  46|0x000000070a200000, 0x000000070a200000, 0x000000070a400000|  0%| F|  |TAMS 0x000000070a200000| PB 0x000000070a200000| Untracked 
|  47|0x000000070a400000, 0x000000070a400000, 0x000000070a600000|  0%| F|  |TAMS 0x000000070a400000| PB 0x000000070a400000| Untracked 
|  48|0x000000070a600000, 0x000000070a600000, 0x000000070a800000|  0%| F|  |TAMS 0x000000070a600000| PB 0x000000070a600000| Untracked 
|  49|0x000000070a800000, 0x000000070a800000, 0x000000070aa00000|  0%| F|  |TAMS 0x000000070a800000| PB 0x000000070a800000| Untracked 
|  50|0x000000070aa00000, 0x000000070aa00000, 0x000000070ac00000|  0%| F|  |TAMS 0x000000070aa00000| PB 0x000000070aa00000| Untracked 
|  51|0x000000070ac00000, 0x000000070ac00000, 0x000000070ae00000|  0%| F|  |TAMS 0x000000070ac00000| PB 0x000000070ac00000| Untracked 
|  52|0x000000070ae00000, 0x000000070ae00000, 0x000000070b000000|  0%| F|  |TAMS 0x000000070ae00000| PB 0x000000070ae00000| Untracked 
|  53|0x000000070b000000, 0x000000070b000000, 0x000000070b200000|  0%| F|  |TAMS 0x000000070b000000| PB 0x000000070b000000| Untracked 
|  54|0x000000070b200000, 0x000000070b200000, 0x000000070b400000|  0%| F|  |TAMS 0x000000070b200000| PB 0x000000070b200000| Untracked 
|  55|0x000000070b400000, 0x000000070b400000, 0x000000070b600000|  0%| F|  |TAMS 0x000000070b400000| PB 0x000000070b400000| Untracked 
|  56|0x000000070b600000, 0x000000070b600000, 0x000000070b800000|  0%| F|  |TAMS 0x000000070b600000| PB 0x000000070b600000| Untracked 
|  57|0x000000070b800000, 0x000000070b800000, 0x000000070ba00000|  0%| F|  |TAMS 0x000000070b800000| PB 0x000000070b800000| Untracked 
|  58|0x000000070ba00000, 0x000000070ba00000, 0x000000070bc00000|  0%| F|  |TAMS 0x000000070ba00000| PB 0x000000070ba00000| Untracked 
|  59|0x000000070bc00000, 0x000000070bc00000, 0x000000070be00000|  0%| F|  |TAMS 0x000000070bc00000| PB 0x000000070bc00000| Untracked 
|  60|0x000000070be00000, 0x000000070be00000, 0x000000070c000000|  0%| F|  |TAMS 0x000000070be00000| PB 0x000000070be00000| Untracked 
|  61|0x000000070c000000, 0x000000070c000000, 0x000000070c200000|  0%| F|  |TAMS 0x000000070c000000| PB 0x000000070c000000| Untracked 
|  62|0x000000070c200000, 0x000000070c200000, 0x000000070c400000|  0%| F|  |TAMS 0x000000070c200000| PB 0x000000070c200000| Untracked 
|  63|0x000000070c400000, 0x000000070c400000, 0x000000070c600000|  0%| F|  |TAMS 0x000000070c400000| PB 0x000000070c400000| Untracked 
|  64|0x000000070c600000, 0x000000070c600000, 0x000000070c800000|  0%| F|  |TAMS 0x000000070c600000| PB 0x000000070c600000| Untracked 
|  65|0x000000070c800000, 0x000000070c800000, 0x000000070ca00000|  0%| F|  |TAMS 0x000000070c800000| PB 0x000000070c800000| Untracked 
|  66|0x000000070ca00000, 0x000000070ca00000, 0x000000070cc00000|  0%| F|  |TAMS 0x000000070ca00000| PB 0x000000070ca00000| Untracked 
|  67|0x000000070cc00000, 0x000000070cc00000, 0x000000070ce00000|  0%| F|  |TAMS 0x000000070cc00000| PB 0x000000070cc00000| Untracked 
|  68|0x000000070ce00000, 0x000000070ce00000, 0x000000070d000000|  0%| F|  |TAMS 0x000000070ce00000| PB 0x000000070ce00000| Untracked 
|  69|0x000000070d000000, 0x000000070d000000, 0x000000070d200000|  0%| F|  |TAMS 0x000000070d000000| PB 0x000000070d000000| Untracked 
|  70|0x000000070d200000, 0x000000070d200000, 0x000000070d400000|  0%| F|  |TAMS 0x000000070d200000| PB 0x000000070d200000| Untracked 
|  71|0x000000070d400000, 0x000000070d400000, 0x000000070d600000|  0%| F|  |TAMS 0x000000070d400000| PB 0x000000070d400000| Untracked 
|  72|0x000000070d600000, 0x000000070d600000, 0x000000070d800000|  0%| F|  |TAMS 0x000000070d600000| PB 0x000000070d600000| Untracked 
|  73|0x000000070d800000, 0x000000070d800000, 0x000000070da00000|  0%| F|  |TAMS 0x000000070d800000| PB 0x000000070d800000| Untracked 
|  74|0x000000070da00000, 0x000000070da00000, 0x000000070dc00000|  0%| F|  |TAMS 0x000000070da00000| PB 0x000000070da00000| Untracked 
|  75|0x000000070dc00000, 0x000000070dc00000, 0x000000070de00000|  0%| F|  |TAMS 0x000000070dc00000| PB 0x000000070dc00000| Untracked 
|  76|0x000000070de00000, 0x000000070de00000, 0x000000070e000000|  0%| F|  |TAMS 0x000000070de00000| PB 0x000000070de00000| Untracked 
|  77|0x000000070e000000, 0x000000070e000000, 0x000000070e200000|  0%| F|  |TAMS 0x000000070e000000| PB 0x000000070e000000| Untracked 
|  78|0x000000070e200000, 0x000000070e200000, 0x000000070e400000|  0%| F|  |TAMS 0x000000070e200000| PB 0x000000070e200000| Untracked 
|  79|0x000000070e400000, 0x000000070e400000, 0x000000070e600000|  0%| F|  |TAMS 0x000000070e400000| PB 0x000000070e400000| Untracked 
|  80|0x000000070e600000, 0x000000070e600000, 0x000000070e800000|  0%| F|  |TAMS 0x000000070e600000| PB 0x000000070e600000| Untracked 
|  81|0x000000070e800000, 0x000000070e800000, 0x000000070ea00000|  0%| F|  |TAMS 0x000000070e800000| PB 0x000000070e800000| Untracked 
|  82|0x000000070ea00000, 0x000000070ea00000, 0x000000070ec00000|  0%| F|  |TAMS 0x000000070ea00000| PB 0x000000070ea00000| Untracked 
|  83|0x000000070ec00000, 0x000000070ec00000, 0x000000070ee00000|  0%| F|  |TAMS 0x000000070ec00000| PB 0x000000070ec00000| Untracked 
|  84|0x000000070ee00000, 0x000000070ee00000, 0x000000070f000000|  0%| F|  |TAMS 0x000000070ee00000| PB 0x000000070ee00000| Untracked 
|  85|0x000000070f000000, 0x000000070f000000, 0x000000070f200000|  0%| F|  |TAMS 0x000000070f000000| PB 0x000000070f000000| Untracked 
|  86|0x000000070f200000, 0x000000070f200000, 0x000000070f400000|  0%| F|  |TAMS 0x000000070f200000| PB 0x000000070f200000| Untracked 
|  87|0x000000070f400000, 0x000000070f400000, 0x000000070f600000|  0%| F|  |TAMS 0x000000070f400000| PB 0x000000070f400000| Untracked 
|  88|0x000000070f600000, 0x000000070f600000, 0x000000070f800000|  0%| F|  |TAMS 0x000000070f600000| PB 0x000000070f600000| Untracked 
|  89|0x000000070f800000, 0x000000070f800000, 0x000000070fa00000|  0%| F|  |TAMS 0x000000070f800000| PB 0x000000070f800000| Untracked 
|  90|0x000000070fa00000, 0x000000070fa00000, 0x000000070fc00000|  0%| F|  |TAMS 0x000000070fa00000| PB 0x000000070fa00000| Untracked 
|  91|0x000000070fc00000, 0x000000070fc00000, 0x000000070fe00000|  0%| F|  |TAMS 0x000000070fc00000| PB 0x000000070fc00000| Untracked 
|  92|0x000000070fe00000, 0x000000070fe00000, 0x0000000710000000|  0%| F|  |TAMS 0x000000070fe00000| PB 0x000000070fe00000| Untracked 
|  93|0x0000000710000000, 0x0000000710000000, 0x0000000710200000|  0%| F|  |TAMS 0x0000000710000000| PB 0x0000000710000000| Untracked 
|  94|0x0000000710200000, 0x0000000710200000, 0x0000000710400000|  0%| F|  |TAMS 0x0000000710200000| PB 0x0000000710200000| Untracked 
|  95|0x0000000710400000, 0x0000000710400000, 0x0000000710600000|  0%| F|  |TAMS 0x0000000710400000| PB 0x0000000710400000| Untracked 
|  96|0x0000000710600000, 0x0000000710600000, 0x0000000710800000|  0%| F|  |TAMS 0x0000000710600000| PB 0x0000000710600000| Untracked 
|  97|0x0000000710800000, 0x0000000710800000, 0x0000000710a00000|  0%| F|  |TAMS 0x0000000710800000| PB 0x0000000710800000| Untracked 
|  98|0x0000000710a00000, 0x0000000710a00000, 0x0000000710c00000|  0%| F|  |TAMS 0x0000000710a00000| PB 0x0000000710a00000| Untracked 
|  99|0x0000000710c00000, 0x0000000710c00000, 0x0000000710e00000|  0%| F|  |TAMS 0x0000000710c00000| PB 0x0000000710c00000| Untracked 
| 100|0x0000000710e00000, 0x0000000710e00000, 0x0000000711000000|  0%| F|  |TAMS 0x0000000710e00000| PB 0x0000000710e00000| Untracked 
| 101|0x0000000711000000, 0x0000000711000000, 0x0000000711200000|  0%| F|  |TAMS 0x0000000711000000| PB 0x0000000711000000| Untracked 
| 102|0x0000000711200000, 0x0000000711200000, 0x0000000711400000|  0%| F|  |TAMS 0x0000000711200000| PB 0x0000000711200000| Untracked 
| 103|0x0000000711400000, 0x0000000711400000, 0x0000000711600000|  0%| F|  |TAMS 0x0000000711400000| PB 0x0000000711400000| Untracked 
| 104|0x0000000711600000, 0x0000000711600000, 0x0000000711800000|  0%| F|  |TAMS 0x0000000711600000| PB 0x0000000711600000| Untracked 
| 105|0x0000000711800000, 0x0000000711800000, 0x0000000711a00000|  0%| F|  |TAMS 0x0000000711800000| PB 0x0000000711800000| Untracked 
| 106|0x0000000711a00000, 0x0000000711a00000, 0x0000000711c00000|  0%| F|  |TAMS 0x0000000711a00000| PB 0x0000000711a00000| Untracked 
| 107|0x0000000711c00000, 0x0000000711c00000, 0x0000000711e00000|  0%| F|  |TAMS 0x0000000711c00000| PB 0x0000000711c00000| Untracked 
| 108|0x0000000711e00000, 0x0000000711e00000, 0x0000000712000000|  0%| F|  |TAMS 0x0000000711e00000| PB 0x0000000711e00000| Untracked 
| 109|0x0000000712000000, 0x0000000712000000, 0x0000000712200000|  0%| F|  |TAMS 0x0000000712000000| PB 0x0000000712000000| Untracked 
| 110|0x0000000712200000, 0x0000000712200000, 0x0000000712400000|  0%| F|  |TAMS 0x0000000712200000| PB 0x0000000712200000| Untracked 
| 111|0x0000000712400000, 0x0000000712400000, 0x0000000712600000|  0%| F|  |TAMS 0x0000000712400000| PB 0x0000000712400000| Untracked 
| 112|0x0000000712600000, 0x0000000712600000, 0x0000000712800000|  0%| F|  |TAMS 0x0000000712600000| PB 0x0000000712600000| Untracked 
| 113|0x0000000712800000, 0x0000000712800000, 0x0000000712a00000|  0%| F|  |TAMS 0x0000000712800000| PB 0x0000000712800000| Untracked 
| 114|0x0000000712a00000, 0x0000000712a00000, 0x0000000712c00000|  0%| F|  |TAMS 0x0000000712a00000| PB 0x0000000712a00000| Untracked 
| 115|0x0000000712c00000, 0x0000000712c00000, 0x0000000712e00000|  0%| F|  |TAMS 0x0000000712c00000| PB 0x0000000712c00000| Untracked 
| 116|0x0000000712e00000, 0x0000000712e00000, 0x0000000713000000|  0%| F|  |TAMS 0x0000000712e00000| PB 0x0000000712e00000| Untracked 
| 117|0x0000000713000000, 0x0000000713000000, 0x0000000713200000|  0%| F|  |TAMS 0x0000000713000000| PB 0x0000000713000000| Untracked 
| 118|0x0000000713200000, 0x0000000713200000, 0x0000000713400000|  0%| F|  |TAMS 0x0000000713200000| PB 0x0000000713200000| Untracked 
| 119|0x0000000713400000, 0x0000000713400000, 0x0000000713600000|  0%| F|  |TAMS 0x0000000713400000| PB 0x0000000713400000| Untracked 
| 120|0x0000000713600000, 0x0000000713600000, 0x0000000713800000|  0%| F|  |TAMS 0x0000000713600000| PB 0x0000000713600000| Untracked 
| 121|0x0000000713800000, 0x00000007138e2548, 0x0000000713a00000| 44%| E|  |TAMS 0x0000000713800000| PB 0x0000000713800000| Complete 
| 122|0x0000000713a00000, 0x0000000713c00000, 0x0000000713c00000|100%| E|CS|TAMS 0x0000000713a00000| PB 0x0000000713a00000| Complete 
| 123|0x0000000713c00000, 0x0000000713e00000, 0x0000000713e00000|100%| E|CS|TAMS 0x0000000713c00000| PB 0x0000000713c00000| Complete 
| 124|0x0000000713e00000, 0x0000000714000000, 0x0000000714000000|100%| E|CS|TAMS 0x0000000713e00000| PB 0x0000000713e00000| Complete 
| 125|0x0000000714000000, 0x0000000714200000, 0x0000000714200000|100%| E|CS|TAMS 0x0000000714000000| PB 0x0000000714000000| Complete 

Card table byte_map: [0x00000165b1bf0000,0x00000165b23d0000] _byte_map_base: 0x00000165ae3cd000

Marking Bits: (CMBitMap*) 0x00000165998480e0
 Bits: [0x00000165b23d0000, 0x00000165b62b8000)

Polling page: 0x0000016598fa0000

Metaspace:

Usage:
  Non-class:      2.00 MB used.
      Class:    193.16 KB used.
       Both:      2.18 MB used.

Virtual space:
  Non-class space:       64.00 MB reserved,       2.06 MB (  3%) committed,  1 nodes.
      Class space:        1.00 GB reserved,     256.00 KB ( <1%) committed,  1 nodes.
             Both:        1.06 GB reserved,       2.31 MB ( <1%) committed. 

Chunk freelists:
   Non-Class:  11.30 MB
       Class:  15.66 MB
        Both:  26.95 MB

MaxMetaspaceSize: unlimited
CompressedClassSpaceSize: 1.00 GB
Initial GC threshold: 21.00 MB
Current GC threshold: 21.00 MB
CDS: on
 - commit_granule_bytes: 65536.
 - commit_granule_words: 8192.
 - virtual_space_node_default_size: 8388608.
 - enlarge_chunks_in_place: 1.
 - use_allocation_guard: 0.


Internal statistics:

num_allocs_failed_limit: 0.
num_arena_births: 14.
num_arena_deaths: 0.
num_vsnodes_births: 2.
num_vsnodes_deaths: 0.
num_space_committed: 37.
num_space_uncommitted: 0.
num_chunks_returned_to_freelist: 0.
num_chunks_taken_from_freelist: 53.
num_chunk_merges: 0.
num_chunk_splits: 34.
num_chunks_enlarged: 23.
num_inconsistent_stats: 0.

CodeHeap 'non-profiled nmethods': size=120000Kb used=193Kb max_used=193Kb free=119806Kb
 bounds [0x00000165a9980000, 0x00000165a9bf0000, 0x00000165b0eb0000]
CodeHeap 'profiled nmethods': size=120000Kb used=1053Kb max_used=1053Kb free=118946Kb
 bounds [0x00000165a1eb0000, 0x00000165a2120000, 0x00000165a93e0000]
CodeHeap 'non-nmethods': size=5760Kb used=1335Kb max_used=1350Kb free=4424Kb
 bounds [0x00000165a93e0000, 0x00000165a9650000, 0x00000165a9980000]
 total_blobs=1034 nmethods=590 adapters=349
 compilation: enabled
              stopped_count=0, restarted_count=0
 full_count=0

Compilation events (20 events):
Event: 0.201 Thread 0x00000165b86de510 nmethod 578 0x00000165a1fa2390 code [0x00000165a1fa3720, 0x00000165a1fafd28]
Event: 0.202 Thread 0x00000165b86de510  582       3       java.util.WeakHashMap::indexFor (6 bytes)
Event: 0.202 Thread 0x00000165b86de510 nmethod 582 0x00000165a1fb4a10 code [0x00000165a1fb4ba0, 0x00000165a1fb4c98]
Event: 0.202 Thread 0x00000165b86de510  585   !   3       java.net.URL::set (114 bytes)
Event: 0.202 Thread 0x00000165b86de510 nmethod 585 0x00000165a1fb4d10 code [0x00000165a1fb4f60, 0x00000165a1fb59e0]
Event: 0.202 Thread 0x00000165b86de510  584       3       sun.net.util.IPAddressUtil::checkHostString (64 bytes)
Event: 0.202 Thread 0x00000165b86de510 nmethod 584 0x00000165a1fb5d90 code [0x00000165a1fb5f60, 0x00000165a1fb6170]
Event: 0.202 Thread 0x00000165b86de510  581   !   3       java.io.RandomAccessFile::seek (42 bytes)
Event: 0.202 Thread 0x00000165b86de510 nmethod 581 0x00000165a1fb6210 code [0x00000165a1fb6400, 0x00000165a1fb6740]
Event: 0.202 Thread 0x00000165b86de510  579       3       jdk.internal.access.SharedSecrets::javaUtilJarAccess (19 bytes)
Event: 0.203 Thread 0x00000165b86de510 nmethod 579 0x00000165a1fb6910 code [0x00000165a1fb6b20, 0x00000165a1fb6fb8]
Event: 0.203 Thread 0x00000165b86de510  587       1       java.util.jar.Manifest::getEntries (5 bytes)
Event: 0.203 Thread 0x00000165b86de510 nmethod 587 0x00000165a99af810 code [0x00000165a99af9a0, 0x00000165a99afa70]
Event: 0.203 Thread 0x00000165b86de510  588       1       java.util.jar.Manifest::getMainAttributes (5 bytes)
Event: 0.203 Thread 0x00000165b86de510 nmethod 588 0x00000165a99afb10 code [0x00000165a99afca0, 0x00000165a99afd70]
Event: 0.203 Thread 0x00000165b86de510  589       1       java.util.zip.ZipEntry::getCrc (5 bytes)
Event: 0.203 Thread 0x00000165b86de510 nmethod 589 0x00000165a99afe10 code [0x00000165a99affa0, 0x00000165a99b0068]
Event: 0.203 Thread 0x00000165fe51e430 nmethod 586 0x00000165a99b0110 code [0x00000165a99b02a0, 0x00000165a99b0508]
Event: 0.203 Thread 0x00000165b86de510  590       3       java.lang.StringCoding::hasNegatives (16 bytes)
Event: 0.203 Thread 0x00000165b86de510 nmethod 590 0x00000165a1fb7290 code [0x00000165a1fb7440, 0x00000165a1fb75b8]

GC Heap History (0 events):
No events

Dll operation events (7 events):
Event: 0.008 Loaded shared library C:\Program Files\Eclipse Adoptium\jdk-21.0.3.9-hotspot\bin\java.dll
Event: 0.037 Loaded shared library C:\Program Files\Eclipse Adoptium\jdk-21.0.3.9-hotspot\bin\jsvml.dll
Event: 0.067 Loaded shared library C:\Program Files\Eclipse Adoptium\jdk-21.0.3.9-hotspot\bin\net.dll
Event: 0.068 Loaded shared library C:\Program Files\Eclipse Adoptium\jdk-21.0.3.9-hotspot\bin\nio.dll
Event: 0.071 Loaded shared library C:\Program Files\Eclipse Adoptium\jdk-21.0.3.9-hotspot\bin\zip.dll
Event: 0.112 Loaded shared library C:\Program Files\Eclipse Adoptium\jdk-21.0.3.9-hotspot\bin\verify.dll
Event: 0.116 Loaded shared library C:\Program Files\Eclipse Adoptium\jdk-21.0.3.9-hotspot\bin\jimage.dll

Deoptimization events (20 events):
Event: 0.146 Thread 0x0000016597690b00 Uncommon trap: trap_request=0xffffff45 fr.pc=0x00000165a998b090 relative=0x0000000000000070
Event: 0.146 Thread 0x0000016597690b00 Uncommon trap: reason=unstable_if action=reinterpret pc=0x00000165a998b090 method=java.io.WinNTFileSystem.isSlash(C)Z @ 9 c2
Event: 0.146 Thread 0x0000016597690b00 DEOPT PACKING pc=0x00000165a998b090 sp=0x00000005b43fc2e0
Event: 0.146 Thread 0x0000016597690b00 DEOPT UNPACKING pc=0x00000165a94346a2 sp=0x00000005b43fc268 mode 2
Event: 0.148 Thread 0x0000016597690b00 Uncommon trap: trap_request=0xffffff45 fr.pc=0x00000165a998aa0c relative=0x000000000000006c
Event: 0.148 Thread 0x0000016597690b00 Uncommon trap: reason=unstable_if action=reinterpret pc=0x00000165a998aa0c method=java.lang.AbstractStringBuilder.isLatin1()Z @ 10 c2
Event: 0.148 Thread 0x0000016597690b00 DEOPT PACKING pc=0x00000165a998aa0c sp=0x00000005b43fb900
Event: 0.148 Thread 0x0000016597690b00 DEOPT UNPACKING pc=0x00000165a94346a2 sp=0x00000005b43fb890 mode 2
Event: 0.159 Thread 0x0000016597690b00 DEOPT PACKING pc=0x00000165a1edea55 sp=0x00000005b43fb010
Event: 0.159 Thread 0x0000016597690b00 DEOPT UNPACKING pc=0x00000165a9434e42 sp=0x00000005b43fa460 mode 0
Event: 0.185 Thread 0x0000016597690b00 Uncommon trap: trap_request=0xffffff45 fr.pc=0x00000165a99aba28 relative=0x0000000000000588
Event: 0.185 Thread 0x0000016597690b00 Uncommon trap: reason=unstable_if action=reinterpret pc=0x00000165a99aba28 method=java.util.regex.Matcher.search(I)Z @ 30 c2
Event: 0.185 Thread 0x0000016597690b00 DEOPT PACKING pc=0x00000165a99aba28 sp=0x00000005b43fceb0
Event: 0.185 Thread 0x0000016597690b00 DEOPT UNPACKING pc=0x00000165a94346a2 sp=0x00000005b43fce80 mode 2
Event: 0.189 Thread 0x0000016597690b00 Uncommon trap: trap_request=0xffffff45 fr.pc=0x00000165a9989688 relative=0x00000000000004a8
Event: 0.189 Thread 0x0000016597690b00 Uncommon trap: reason=unstable_if action=reinterpret pc=0x00000165a9989688 method=java.lang.StringLatin1.canEncode(I)Z @ 4 c2
Event: 0.189 Thread 0x0000016597690b00 DEOPT PACKING pc=0x00000165a9989688 sp=0x00000005b43fd4d0
Event: 0.189 Thread 0x0000016597690b00 DEOPT UNPACKING pc=0x00000165a94346a2 sp=0x00000005b43fd408 mode 2
Event: 0.200 Thread 0x0000016597690b00 DEOPT PACKING pc=0x00000165a1ed9e49 sp=0x00000005b43fe030
Event: 0.200 Thread 0x0000016597690b00 DEOPT UNPACKING pc=0x00000165a9434e42 sp=0x00000005b43fd4a8 mode 0

Classes loaded (20 events):
Event: 0.186 Loading class sun/util/resources/LocaleData$CommonResourceBundleProvider
Event: 0.186 Loading class sun/util/resources/LocaleData$LocaleDataResourceBundleProvider
Event: 0.186 Loading class java/util/spi/ResourceBundleProvider
Event: 0.186 Loading class java/util/spi/ResourceBundleProvider done
Event: 0.186 Loading class sun/util/resources/LocaleData$LocaleDataResourceBundleProvider done
Event: 0.186 Loading class sun/util/resources/LocaleData$CommonResourceBundleProvider done
Event: 0.187 Loading class sun/util/resources/Bundles$2
Event: 0.187 Loading class sun/util/resources/Bundles$2 done
Event: 0.187 Loading class java/lang/InstantiationException
Event: 0.187 Loading class java/lang/InstantiationException done
Event: 0.195 Loading class java/lang/NumberFormatException
Event: 0.195 Loading class java/lang/NumberFormatException done
Event: 0.199 Loading class java/util/EventListener
Event: 0.199 Loading class java/util/EventListener done
Event: 0.199 Loading class java/lang/InterruptedException
Event: 0.199 Loading class java/lang/InterruptedException done
Event: 0.199 Loading class java/util/concurrent/TimeoutException
Event: 0.199 Loading class java/util/concurrent/TimeoutException done
Event: 0.203 Loading class java/util/Arrays$ArrayItr
Event: 0.203 Loading class java/util/Arrays$ArrayItr done

Classes unloaded (0 events):
No events

Classes redefined (0 events):
No events

Internal exceptions (2 events):
Event: 0.145 Thread 0x0000016597690b00 Exception <a 'java/lang/ClassNotFoundException'{0x0000000713a27250}: javax/smartcardio/CardPermission> (0x0000000713a27250) 
thrown [s\src\hotspot\share\classfile\systemDictionary.cpp, line 312]
Event: 0.148 Thread 0x0000016597690b00 Exception <a 'java/io/FileNotFoundException'{0x0000000713a35e58}> (0x0000000713a35e58) 
thrown [s\src\hotspot\share\prims\jni.cpp, line 520]

ZGC Phase Switch (0 events):
No events

VM Operations (4 events):
Event: 0.077 Executing VM operation: HandshakeAllThreads (Deoptimize)
Event: 0.077 Executing VM operation: HandshakeAllThreads (Deoptimize) done
Event: 0.184 Executing VM operation: HandshakeAllThreads (Deoptimize)
Event: 0.184 Executing VM operation: HandshakeAllThreads (Deoptimize) done

Events (13 events):
Event: 0.022 Thread 0x0000016597690b00 Thread added: 0x0000016597690b00
Event: 0.035 Thread 0x00000165b86bff10 Thread added: 0x00000165b86bff10
Event: 0.035 Thread 0x00000165b86c0b70 Thread added: 0x00000165b86c0b70
Event: 0.035 Thread 0x00000165b86c1de0 Thread added: 0x00000165b86c1de0
Event: 0.035 Thread 0x00000165b86c4bb0 Thread added: 0x00000165b86c4bb0
Event: 0.035 Thread 0x00000165b86cdef0 Thread added: 0x00000165b86cdef0
Event: 0.035 Thread 0x00000165b86d44e0 Thread added: 0x00000165b86d44e0
Event: 0.036 Thread 0x00000165b86dde60 Thread added: 0x00000165b86dde60
Event: 0.036 Thread 0x00000165b86de510 Thread added: 0x00000165b86de510
Event: 0.062 Thread 0x00000165b86d37c0 Thread added: 0x00000165b86d37c0
Event: 0.063 Thread 0x00000165b86d5200 Thread added: 0x00000165b86d5200
Event: 0.141 Thread 0x00000165fe51dd80 Thread added: 0x00000165fe51dd80
Event: 0.141 Thread 0x00000165fe51e430 Thread added: 0x00000165fe51e430


Dynamic libraries:
0x00007ff775b60000 - 0x00007ff775b6e000 	C:\Program Files\Eclipse Adoptium\jdk-21.0.3.9-hotspot\bin\java.exe
0x00007ff9cb650000 - 0x00007ff9cb867000 	C:\windows\SYSTEM32\ntdll.dll
0x00007ff9c9830000 - 0x00007ff9c98f4000 	C:\windows\System32\KERNEL32.DLL
0x00007ff9c8be0000 - 0x00007ff9c8f8d000 	C:\windows\System32\KERNELBASE.dll
0x00007ff9c8ac0000 - 0x00007ff9c8bd1000 	C:\windows\System32\ucrtbase.dll
0x00007ff9b2e30000 - 0x00007ff9b2e4b000 	C:\Program Files\Eclipse Adoptium\jdk-21.0.3.9-hotspot\bin\VCRUNTIME140.dll
0x00007ff9b2e50000 - 0x00007ff9b2e68000 	C:\Program Files\Eclipse Adoptium\jdk-21.0.3.9-hotspot\bin\jli.dll
0x00007ff9caeb0000 - 0x00007ff9cb05e000 	C:\windows\System32\USER32.dll
0x00007ff9c9170000 - 0x00007ff9c9196000 	C:\windows\System32\win32u.dll
0x00007ff9cb5e0000 - 0x00007ff9cb609000 	C:\windows\System32\GDI32.dll
0x00007ff9aed90000 - 0x00007ff9af023000 	C:\windows\WinSxS\amd64_microsoft.windows.common-controls_6595b64144ccf1df_6.0.22621.3672_none_2713b9d173822955\COMCTL32.dll
0x00007ff9c8f90000 - 0x00007ff9c90a9000 	C:\windows\System32\gdi32full.dll
0x00007ff9cb070000 - 0x00007ff9cb117000 	C:\windows\System32\msvcrt.dll
0x00007ff9c8a20000 - 0x00007ff9c8aba000 	C:\windows\System32\msvcp_win.dll
0x00007ff9c9390000 - 0x00007ff9c93c1000 	C:\windows\System32\IMM32.DLL
0x00007ff9c64b0000 - 0x00007ff9c64bc000 	C:\Program Files\Eclipse Adoptium\jdk-21.0.3.9-hotspot\bin\vcruntime140_1.dll
0x00007ff9b2da0000 - 0x00007ff9b2e2e000 	C:\Program Files\Eclipse Adoptium\jdk-21.0.3.9-hotspot\bin\msvcp140.dll
0x00007ff9157b0000 - 0x00007ff916532000 	C:\Program Files\Eclipse Adoptium\jdk-21.0.3.9-hotspot\bin\server\jvm.dll
0x00007ff9c9620000 - 0x00007ff9c96d2000 	C:\windows\System32\ADVAPI32.dll
0x00007ff9c9900000 - 0x00007ff9c99a9000 	C:\windows\System32\sechost.dll
0x00007ff9c8980000 - 0x00007ff9c89a8000 	C:\windows\System32\bcrypt.dll
0x00007ff9c9700000 - 0x00007ff9c9814000 	C:\windows\System32\RPCRT4.dll
0x00007ff9c95a0000 - 0x00007ff9c9611000 	C:\windows\System32\WS2_32.dll
0x00007ff9b6420000 - 0x00007ff9b6454000 	C:\windows\SYSTEM32\WINMM.dll
0x00007ff9c7870000 - 0x00007ff9c78bd000 	C:\windows\SYSTEM32\POWRPROF.dll
0x00007ff9c6470000 - 0x00007ff9c647a000 	C:\windows\SYSTEM32\VERSION.dll
0x00007ff9c7850000 - 0x00007ff9c7863000 	C:\windows\SYSTEM32\UMPDC.dll
0x00007ff9c7a00000 - 0x00007ff9c7a18000 	C:\windows\SYSTEM32\kernel.appcore.dll
0x00007ff9b2d90000 - 0x00007ff9b2d9a000 	C:\Program Files\Eclipse Adoptium\jdk-21.0.3.9-hotspot\bin\jimage.dll
0x00007ff9af830000 - 0x00007ff9afa62000 	C:\windows\SYSTEM32\DBGHELP.DLL
0x00007ff9cb120000 - 0x00007ff9cb4a8000 	C:\windows\System32\combase.dll
0x00007ff9ca510000 - 0x00007ff9ca5e7000 	C:\windows\System32\OLEAUT32.dll
0x00007ff9b1ce0000 - 0x00007ff9b1d12000 	C:\windows\SYSTEM32\dbgcore.DLL
0x00007ff9c91a0000 - 0x00007ff9c921b000 	C:\windows\System32\bcryptPrimitives.dll
0x00007ff998ff0000 - 0x00007ff99900f000 	C:\Program Files\Eclipse Adoptium\jdk-21.0.3.9-hotspot\bin\java.dll
0x00007ff9ca650000 - 0x00007ff9caeaf000 	C:\windows\System32\SHELL32.dll
0x00007ff9c6880000 - 0x00007ff9c717c000 	C:\windows\SYSTEM32\windows.storage.dll
0x00007ff9c6740000 - 0x00007ff9c687f000 	C:\windows\SYSTEM32\wintypes.dll
0x00007ff9c9b80000 - 0x00007ff9c9c74000 	C:\windows\System32\SHCORE.dll
0x00007ff9c9540000 - 0x00007ff9c959e000 	C:\windows\System32\shlwapi.dll
0x00007ff9c88b0000 - 0x00007ff9c88d1000 	C:\windows\SYSTEM32\profapi.dll
0x00007ff974260000 - 0x00007ff974337000 	C:\Program Files\Eclipse Adoptium\jdk-21.0.3.9-hotspot\bin\jsvml.dll
0x00007ff9b1fa0000 - 0x00007ff9b1fb0000 	C:\Program Files\Eclipse Adoptium\jdk-21.0.3.9-hotspot\bin\net.dll
0x00007ff9c32d0000 - 0x00007ff9c3406000 	C:\windows\SYSTEM32\WINHTTP.dll
0x00007ff9c7ec0000 - 0x00007ff9c7f29000 	C:\windows\system32\mswsock.dll
0x00007ff994360000 - 0x00007ff994376000 	C:\Program Files\Eclipse Adoptium\jdk-21.0.3.9-hotspot\bin\nio.dll
0x00007ff995880000 - 0x00007ff995898000 	C:\Program Files\Eclipse Adoptium\jdk-21.0.3.9-hotspot\bin\zip.dll
0x00007ff9b1b80000 - 0x00007ff9b1b90000 	C:\Program Files\Eclipse Adoptium\jdk-21.0.3.9-hotspot\bin\verify.dll

dbghelp: loaded successfully - version: 4.0.5 - missing functions: none
symbol engine: initialized successfully - sym options: 0x614 - pdb path: .;C:\Program Files\Eclipse Adoptium\jdk-21.0.3.9-hotspot\bin;C:\windows\SYSTEM32;C:\windows\WinSxS\amd64_microsoft.windows.common-controls_6595b64144ccf1df_6.0.22621.3672_none_2713b9d173822955;C:\Program Files\Eclipse Adoptium\jdk-21.0.3.9-hotspot\bin\server

VM Arguments:
jvm_args: -Dfile.encoding=x-windows-949 -Duser.country=KR -Duser.language=ko -Duser.variant 
java_command: com.simple.basic.BootBasicApplication
java_class_path (initial): C:\Users\user\Desktop\course\intelij\workspace\BootBasic\build\classes\java\main;C:\Users\user\Desktop\course\intelij\workspace\BootBasic\build\resources\main;C:\Users\user\.gradle\caches\modules-2\files-2.1\org.springframework.boot\spring-boot-devtools\2.7.18\5712c8ec27cd0fec5e9de494bac71a07fa404ac4\spring-boot-devtools-2.7.18.jar;C:\Users\user\.gradle\caches\modules-2\files-2.1\org.springframework.boot\spring-boot-starter-thymeleaf\2.7.18\c87a27e30720c43372ceb0476b5b00c6f5296df3\spring-boot-starter-thymeleaf-2.7.18.jar;C:\Users\user\.gradle\caches\modules-2\files-2.1\org.springframework.boot\spring-boot-starter-web\2.7.18\dd62ea85098187b4604e78dc15a7ff87dba173d\spring-boot-starter-web-2.7.18.jar;C:\Users\user\.gradle\caches\modules-2\files-2.1\org.springframework.boot\spring-boot-starter-json\2.7.18\b6d9ed5cae0c1929a9e561bf4799a3dc93a10db1\spring-boot-starter-json-2.7.18.jar;C:\Users\user\.gradle\caches\modules-2\files-2.1\org.springframework.boot\spring-boot-starter\2.7.18\e56b75105f9ace6df154fd47eeeeadc2f5791e56\spring-boot-starter-2.7.18.jar;C:\Users\user\.gradle\caches\modules-2\files-2.1\org.springframework.boot\spring-boot-autoconfigure\2.7.18\9cf147c6ca274c75b32556acdcba5a1de081ebcd\spring-boot-autoconfigure-2.7.18.jar;C:\Users\user\.gradle\caches\modules-2\files-2.1\org.springframework.boot\spring-boot\2.7.18\f6dbdd8da7c2bded63dff9b1f48d01a4923f20a0\spring-boot-2.7.18.jar;C:\Users\user\.gradle\caches\modules-2\files-2.1\org.thymeleaf\thymeleaf-spring5\3.0.15.RELEASE\7170e1bcd1588d38c139f7048ebcc262676441c3\thymeleaf-spring5-3.0.15.RELEASE.jar;C:\Users\user\.gradle\caches\modules-2\files-2.1\org.thymeleaf.extras\thymeleaf-extras-java8time\3.0.4.RELEASE\36e7175ddce36c486fff4578b5af7bb32f54f5df\thymeleaf-extras-java8time-3.0.4.RELEASE.jar;C:\Users\user\.gradle\caches\modules-2\files-2.1\org.springframework.boot\spring-boot-starter-tomcat\2.7.18\c56e50e006448e75a8bde595dbc754ba294389af\spring-boot-starter-tomcat-2.7.18.jar;C:\Users\user\.gradle\caches\modules-2\files-2.1\org.springframework\spring-webmvc\5.3.31\45754d056effe8257a012f6b98ed5454cf1e8960\spring-webmvc-5.3.31.jar;C:\Users\user\.gradle\caches\modules-2\files-2.1\org.springframework\spring-web\5.3.31\3bf73c385a1f2f4a0d482149d6a205e854cec497\spring-web-5.3.31.jar;C:\Users\user\.gradle\caches\modules-2\files-2.1\org.springframework\spring-context\5.3.31\a2d6e76507f037ad835e8c2288dfedf28981999f\spring-context-5.3.31.jar;C:\Users\user\.gradle\caches\modules-2\files-2.1\org.springframework\spring-aop\5.3.31\3be929dbdb5f4516919ad09a3d3720d779bb65d9\spring-aop-5.3.31.jar;C:\Users\user\.gradle\caches\modules-2\files-2.1\org.springframework\spring-beans\5.3.31\d27258849071b3b268ecc388eca35bbfcc586448\spring-beans-5.3.31.jar;C:\Users\user\.gradle\caches\modules-2\files-2.1\org.springframework\spring-expression\5.3.31\55637af1b186d1008890980c2876c5fc83599756\spring-expression-5.3.31.jar;C:\Users\user\.gradle\caches\modules-2\files-2.1\org.springframework\spring-core\5.3.31\368e76f732a3c331b970f69cafec1525d27b34d3\spring-core-5.3.31.jar;C:\Users\user\.gradle\caches\modules-2\files-2.1\org.springframework.boot\spring-boot-starter-logging\2.7.18\19f7c255ba5255116f58c3bbaf52c7b88ea6af3e\spring-boot-starter-logging-2.7.18.jar;C:\Users\user\.gradle\caches\modules-2\files-2.1\jakarta.annotation\jakarta.annotation-api\1.3.5\59eb84ee0d616332ff44aba065f3888cf002cd2d\jakarta.annotation-api-1.3.5.jar;C:\Users\user\.gradle\caches\modules-2\files-2.1\org.yaml\snakeyaml\1.30\8fde7fe2586328ac3c68db92045e1c8759125000\snakeyaml-1.30.jar;C:\Users\user\.gradle\caches\modules-2\files-2.1\org.thymeleaf\thymeleaf\3.0.15.RELEASE\13e3296a03d8a597b734d832ed8656139bf9cdd8\thymeleaf-3.0.15.RELEASE.jar;C:\Users\user\.gradle\caches\modules-2\files-2.1\ch.qos.logback\logback-classic\1.2.12\d4dee19148dccb177a0736eb2027bd195341da78\logback-classic-1.2.12.jar;C:\Users\user\.gradle\caches\modules-2\files-2.1\org.apache.logging.log4j\log4j-to-slf4j\2.17.2\17dd0fae2747d9a28c67bc9534108823d2376b46\log4j-to-slf4j-2.17.2.jar;C:\Users\user\.gradle\caches\modules-2\files-2.1\org.slf4j\jul-to-slf4j\1.7.36\ed46d81cef9c412a88caef405b58f93a678ff2ca\jul-to-slf4j-1.7.36.jar;C:\Users\user\.gradle\caches\modules-2\files-2.1\org.slf4j\slf4j-api\1.7.36\6c62681a2f655b49963a5983b8b0950a6120ae14\slf4j-api-1.7.36.jar;C:\Users\user\.gradle\caches\modules-2\files-2.1\com.fasterxml.jackson.datatype\jackson-datatype-jsr310\2.13.5\8ba3b868e81d7fc6ead686bd2353859b111d9eaf\jackson-datatype-jsr310-2.13.5.jar;C:\Users\user\.gradle\caches\modules-2\files-2.1\com.fasterxml.jackson.module\jackson-module-parameter-names\2.13.5\a401a99e7a45450fd3ef76e82ba39005fd1a8c22\jackson-module-parameter-names-2.13.5.jar;C:\Users\user\.gradle\caches\modules-2\files-2.1\com.fasterxml.jackson.core\jackson-annotations\2.13.5\136f77ab424f302c9e27230b4482e8000e142edf\jackson-annotations-2.13.5.jar;C:\Users\user\.gradle\caches\modules-2\files-2.1\com.fasterxml.jackson.core\jackson-core\2.13.5\d07c97d3de9ea658caf1ff1809fd9de930a286a\jackson-core-2.13.5.jar;C:\Users\user\.gradle\caches\modules-2\files-2.1\com.fasterxml.jackson.datatype\jackson-datatype-jdk8\2.13.5\1278f38160812811c56eb77f67213662ed1c7a2e\jackson-datatype-jdk8-2.13.5.jar;C:\Users\user\.gradle\caches\modules-2\files-2.1\com.fasterxml.jackson.core\jackson-databind\2.13.5\aa95e46dbc32454f3983221d420e78ef19ddf844\jackson-databind-2.13.5.jar;C:\Users\user\.gradle\caches\modules-2\files-2.1\org.apache.tomcat.embed\tomcat-embed-websocket\9.0.83\9af4b7450296bb4eff93b2ee3e52ab69d07512e4\tomcat-embed-websocket-9.0.83.jar;C:\Users\user\.gradle\caches\modules-2\files-2.1\org.apache.tomcat.embed\tomcat-embed-core\9.0.83\d771e4343b0515c67dab2a09fe02f5d47550153f\tomcat-embed-core-9.0.83.jar;C:\Users\user\.gradle\caches\modules-2\files-2.1\org.apache.tomcat.embed\tomcat-embed-el\9.0.83\b0cdada70099c25f45fceb48e1ebce60d138a5ce\tomcat-embed-el-9.0.83.jar;C:\Users\user\.gradle\caches\modules-2\files-2.1\org.springframework\spring-jcl\5.3.31\e7ab9ee590a195415dd6b898440d776b4c8db78c\spring-jcl-5.3.31.jar;C:\Users\user\.gradle\caches\modules-2\files-2.1\org.attoparser\attoparser\2.0.5.RELEASE\a93ad36df9560de3a5312c1d14f69d938099fa64\attoparser-2.0.5.RELEASE.jar;C:\Users\user\.gradle\caches\modules-2\files-2.1\org.unbescape\unbescape\1.1.6.RELEASE\7b90360afb2b860e09e8347112800d12c12b2a13\unbescape-1.1.6.RELEASE.jar;C:\Users\user\.gradle\caches\modules-2\files-2.1\ch.qos.logback\logback-core\1.2.12\1d8e51a698b138065d73baefb4f94531faa323cb\logback-core-1.2.12.jar;C:\Users\user\.gradle\caches\modules-2\files-2.1\org.apache.logging.log4j\log4j-api\2.17.2\f42d6afa111b4dec5d2aea0fe2197240749a4ea6\log4j-api-2.17.2.jar
Launcher Type: SUN_STANDARD

[Global flags]
     intx CICompilerCount                          = 4                                         {product} {ergonomic}
     uint ConcGCThreads                            = 3                                         {product} {ergonomic}
     uint G1ConcRefinementThreads                  = 10                                        {product} {ergonomic}
   size_t G1HeapRegionSize                         = 2097152                                   {product} {ergonomic}
    uintx GCDrainStackTargetSize                   = 64                                        {product} {ergonomic}
   size_t InitialHeapSize                          = 264241152                                 {product} {ergonomic}
   size_t MarkStackSize                            = 4194304                                   {product} {ergonomic}
   size_t MaxHeapSize                              = 4221566976                                {product} {ergonomic}
   size_t MaxNewSize                               = 2531262464                                {product} {ergonomic}
   size_t MinHeapDeltaBytes                        = 2097152                                   {product} {ergonomic}
   size_t MinHeapSize                              = 8388608                                   {product} {ergonomic}
    uintx NonNMethodCodeHeapSize                   = 5839372                                {pd product} {ergonomic}
    uintx NonProfiledCodeHeapSize                  = 122909434                              {pd product} {ergonomic}
    uintx ProfiledCodeHeapSize                     = 122909434                              {pd product} {ergonomic}
    uintx ReservedCodeCacheSize                    = 251658240                              {pd product} {ergonomic}
     bool SegmentedCodeCache                       = true                                      {product} {ergonomic}
   size_t SoftMaxHeapSize                          = 4221566976                             {manageable} {ergonomic}
     bool UseCompressedOops                        = true                           {product lp64_product} {ergonomic}
     bool UseG1GC                                  = true                                      {product} {ergonomic}
     bool UseLargePagesIndividualAllocation        = false                                  {pd product} {ergonomic}

Logging:
Log output configuration:
 #0: stdout all=warning uptime,level,tags foldmultilines=false
 #1: stderr all=off uptime,level,tags foldmultilines=false

Environment Variables:
PATH=C:\oraclexe\app\oracle\product\11.2.0\server\bin;;C:\Program Files\Common Files\Oracle\Java\javapath;C:\Program Files\Eclipse Adoptium\jdk-21.0.3.9-hotspot\bin;C:\windows\system32;C:\windows;C:\windows\System32\Wbem;C:\windows\System32\WindowsPowerShell\v1.0\;C:\windows\System32\OpenSSH\;C:\Program Files\Bandizip\;C:\Program Files\Git\cmd;C:\Users\user\AppData\Local\Microsoft\WindowsApps;C:\Users\user\AppData\Local\Programs\Microsoft VS Code\bin
USERNAME=user
OS=Windows_NT
PROCESSOR_IDENTIFIER=Intel64 Family 6 Model 151 Stepping 2, GenuineIntel
TMP=C:\Users\user\AppData\Local\Temp
TEMP=C:\Users\user\AppData\Local\Temp




Periodic native trim disabled

---------------  S Y S T E M  ---------------

OS:
 Windows 11 , 64 bit Build 22621 (10.0.22621.3672)
OS uptime: 1 days 18:11 hours
Hyper-V role detected

CPU: total 12 (initial active 12) (6 cores per cpu, 2 threads per core) family 6 model 151 stepping 2 microcode 0x1e, cx8, cmov, fxsr, ht, mmx, 3dnowpref, sse, sse2, sse3, ssse3, sse4.1, sse4.2, popcnt, lzcnt, tsc, tscinvbit, avx, avx2, aes, erms, clmul, bmi1, bmi2, adx, sha, fma, vzeroupper, clflush, clflushopt, clwb, hv, serialize, rdtscp, rdpid, fsrm, f16c, cet_ibt, cet_ss
Processor Information for all 12 processors :
  Max Mhz: 2500, Current Mhz: 2500, Mhz Limit: 2500

Memory: 4k page, system-wide physical 16099M (1450M free)
TotalPageFile size 44470M (AvailPageFile size 4M)
current process WorkingSet (physical memory assigned to process): 56M, peak: 56M
current process commit charge ("private bytes"): 350M, peak: 350M

vm_info: OpenJDK 64-Bit Server VM (21.0.3+9-LTS) for windows-amd64 JRE (21.0.3+9-LTS), built on 2024-04-16T00:00:00Z by "admin" with MS VC++ 17.7 (VS2022)

END.
